                              1 ;--------------------------------------------------------
                              2 ; File Created by SDCC : free open source ANSI-C Compiler
                              3 ; Version 2.9.4 #5595 (Oct 23 2013) (Mac OS X ppc)
                              4 ; This file was generated Wed Oct 23 12:26:11 2013
                              5 ;--------------------------------------------------------
                              6 	.module _divulong
                              7 	.optsdcc -mgbz80
                              8 	
                              9 ;--------------------------------------------------------
                             10 ; Public variables in this module
                             11 ;--------------------------------------------------------
                             12 	.globl __divulong
                             13 ;--------------------------------------------------------
                             14 ;  ram data
                             15 ;--------------------------------------------------------
                             16 	.area _DATA
                             17 ;--------------------------------------------------------
                             18 ; overlayable items in  ram 
                             19 ;--------------------------------------------------------
                             20 	.area _OVERLAY
                             21 ;--------------------------------------------------------
                             22 ; external initialized ram data
                             23 ;--------------------------------------------------------
                             24 ;--------------------------------------------------------
                             25 ; global & static initialisations
                             26 ;--------------------------------------------------------
                             27 	.area _HOME
                             28 	.area _GSINIT
                             29 	.area _GSFINAL
                             30 	.area _GSINIT
                             31 ;--------------------------------------------------------
                             32 ; Home
                             33 ;--------------------------------------------------------
                             34 	.area _HOME
                             35 	.area _HOME
                             36 ;--------------------------------------------------------
                             37 ; code
                             38 ;--------------------------------------------------------
                             39 	.area _CODE
                             40 ;../_divulong.c:327: _divulong (unsigned long x, unsigned long y)
                             41 ;	---------------------------------
                             42 ; Function _divulong
                             43 ; ---------------------------------
   0000                      44 __divulong_start::
   0000                      45 __divulong:
   0000 E8 F8                46 	lda	sp,-8(sp)
                             47 ;../_divulong.c:329: unsigned long reste = 0L;
   0002 AF                   48 	xor	a,a
   0003 F8 04                49 	lda	hl,4(sp)
   0005 22                   50 	ld	(hl+),a
   0006 22                   51 	ld	(hl+),a
   0007 22                   52 	ld	(hl+),a
   0008 77                   53 	ld	(hl),a
                             54 ;../_divulong.c:333: do
   0009 06 20                55 	ld	b,#0x20
   000B                      56 00105$:
                             57 ;../_divulong.c:336: c = MSB_SET(x);
   000B F8 0D                58 	lda	hl,13(sp)
   000D 7E                   59 	ld	a,(hl)
   000E CB 07                60 	rlc	a
   0010 E6 01                61 	and	a,#0x01
   0012 4F                   62 	ld	c,a
                             63 ;../_divulong.c:337: x <<= 1;
   0013 C5                   64 	push	bc
   0014 3E 01                65 	ld	a,#0x01
   0016 F5                   66 	push	af
   0017 33                   67 	inc	sp
   0018 2B                   68 	dec	hl
   0019 2A                   69 	ld	a,(hl+)
   001A 66                   70 	ld	h,(hl)
   001B 6F                   71 	ld	l,a
   001C E5                   72 	push	hl
   001D F8 0F                73 	lda	hl,15(sp)
   001F 2A                   74 	ld	a,(hl+)
   0020 66                   75 	ld	h,(hl)
   0021 6F                   76 	ld	l,a
   0022 E5                   77 	push	hl
   0023 CDr00s00             78 	call	__rlulong_rrx_s
   0026 E8 05                79 	lda	sp,5(sp)
   0028 E5                   80 	push	hl
   0029 F8 04                81 	lda	hl,4(sp)
   002B 73                   82 	ld	(hl),e
   002C 23                   83 	inc	hl
   002D 72                   84 	ld	(hl),d
   002E D1                   85 	pop	de
   002F 23                   86 	inc	hl
   0030 73                   87 	ld	(hl),e
   0031 23                   88 	inc	hl
   0032 72                   89 	ld	(hl),d
   0033 C1                   90 	pop	bc
   0034 F8 00                91 	lda	hl,0(sp)
   0036 54                   92 	ld	d,h
   0037 5D                   93 	ld	e,l
   0038 F8 0A                94 	lda	hl,10(sp)
   003A 1A                   95 	ld	a,(de)
   003B 22                   96 	ld	(hl+),a
   003C 13                   97 	inc	de
   003D 1A                   98 	ld	a,(de)
   003E 22                   99 	ld	(hl+),a
   003F 13                  100 	inc	de
   0040 1A                  101 	ld	a,(de)
   0041 22                  102 	ld	(hl+),a
   0042 13                  103 	inc	de
   0043 1A                  104 	ld	a,(de)
   0044 77                  105 	ld	(hl),a
                            106 ;../_divulong.c:338: reste <<= 1;
   0045 C5                  107 	push	bc
   0046 3E 01               108 	ld	a,#0x01
   0048 F5                  109 	push	af
   0049 33                  110 	inc	sp
   004A F8 09               111 	lda	hl,9(sp)
   004C 2A                  112 	ld	a,(hl+)
   004D 66                  113 	ld	h,(hl)
   004E 6F                  114 	ld	l,a
   004F E5                  115 	push	hl
   0050 F8 09               116 	lda	hl,9(sp)
   0052 2A                  117 	ld	a,(hl+)
   0053 66                  118 	ld	h,(hl)
   0054 6F                  119 	ld	l,a
   0055 E5                  120 	push	hl
   0056 CDr00s00            121 	call	__rlulong_rrx_s
   0059 E8 05               122 	lda	sp,5(sp)
   005B E5                  123 	push	hl
   005C F8 04               124 	lda	hl,4(sp)
   005E 73                  125 	ld	(hl),e
   005F 23                  126 	inc	hl
   0060 72                  127 	ld	(hl),d
   0061 D1                  128 	pop	de
   0062 23                  129 	inc	hl
   0063 73                  130 	ld	(hl),e
   0064 23                  131 	inc	hl
   0065 72                  132 	ld	(hl),d
   0066 C1                  133 	pop	bc
   0067 F8 00               134 	lda	hl,0(sp)
   0069 54                  135 	ld	d,h
   006A 5D                  136 	ld	e,l
   006B F8 04               137 	lda	hl,4(sp)
   006D 1A                  138 	ld	a,(de)
   006E 22                  139 	ld	(hl+),a
   006F 13                  140 	inc	de
   0070 1A                  141 	ld	a,(de)
   0071 22                  142 	ld	(hl+),a
   0072 13                  143 	inc	de
   0073 1A                  144 	ld	a,(de)
   0074 22                  145 	ld	(hl+),a
   0075 13                  146 	inc	de
   0076 1A                  147 	ld	a,(de)
   0077 77                  148 	ld	(hl),a
                            149 ;../_divulong.c:339: if (c)
   0078 AF                  150 	xor	a,a
   0079 B1                  151 	or	a,c
   007A CAr83s00            152 	jp	Z,00102$
                            153 ;../_divulong.c:340: reste |= 1L;
   007D F8 04               154 	lda	hl,4(sp)
   007F 7E                  155 	ld	a,(hl)
   0080 F6 01               156 	or	a,#0x01
   0082 77                  157 	ld	(hl),a
   0083                     158 00102$:
                            159 ;../_divulong.c:342: if (reste >= y)
   0083 F8 04               160 	lda	hl,4(sp)
   0085 54                  161 	ld	d,h
   0086 5D                  162 	ld	e,l
   0087 F8 0E               163 	lda	hl,14(sp)
   0089 1A                  164 	ld	a,(de)
   008A 96                  165 	sub	a,(hl)
   008B 23                  166 	inc	hl
   008C 13                  167 	inc	de
   008D 1A                  168 	ld	a,(de)
   008E 9E                  169 	sbc	a,(hl)
   008F 23                  170 	inc	hl
   0090 13                  171 	inc	de
   0091 1A                  172 	ld	a,(de)
   0092 9E                  173 	sbc	a,(hl)
   0093 23                  174 	inc	hl
   0094 13                  175 	inc	de
   0095 1A                  176 	ld	a,(de)
   0096 9E                  177 	sbc	a,(hl)
   0097 DArC6s00            178 	jp	C,00106$
                            179 ;../_divulong.c:344: reste -= y;
   009A F8 05               180 	lda	hl,5(sp)
   009C 2B                  181 	dec	hl
   009D 5E                  182 	ld	e,(hl)
   009E 23                  183 	inc	hl
   009F 56                  184 	ld	d,(hl)
   00A0 7B                  185 	ld	a,e
   00A1 F8 0E               186 	lda	hl,14(sp)
   00A3 96                  187 	sub	a,(hl)
   00A4 5F                  188 	ld	e,a
   00A5 7A                  189 	ld	a,d
   00A6 23                  190 	inc	hl
   00A7 9E                  191 	sbc	a,(hl)
   00A8 F5                  192 	push	af
   00A9 F8 07               193 	lda	hl,7(sp)
   00AB 32                  194 	ld	(hl-),a
   00AC 73                  195 	ld	(hl),e
   00AD F8 09               196 	lda	hl,9(sp)
   00AF 2B                  197 	dec	hl
   00B0 5E                  198 	ld	e,(hl)
   00B1 23                  199 	inc	hl
   00B2 56                  200 	ld	d,(hl)
   00B3 F8 12               201 	lda	hl,18(sp)
   00B5 F1                  202 	pop	af
   00B6 7B                  203 	ld	a,e
   00B7 9E                  204 	sbc	a,(hl)
   00B8 5F                  205 	ld	e,a
   00B9 7A                  206 	ld	a,d
   00BA 23                  207 	inc	hl
   00BB 9E                  208 	sbc	a,(hl)
   00BC F8 07               209 	lda	hl,7(sp)
   00BE 32                  210 	ld	(hl-),a
   00BF 73                  211 	ld	(hl),e
                            212 ;../_divulong.c:346: x |= 1L;
   00C0 F8 0A               213 	lda	hl,10(sp)
   00C2 7E                  214 	ld	a,(hl)
   00C3 F6 01               215 	or	a,#0x01
   00C5 77                  216 	ld	(hl),a
   00C6                     217 00106$:
                            218 ;../_divulong.c:349: while (--count);
   00C6 05                  219 	dec	b
   00C7 AF                  220 	xor	a,a
   00C8 B0                  221 	or	a,b
   00C9 C2r0Bs00            222 	jp	NZ,00105$
                            223 ;../_divulong.c:350: return x;
   00CC F8 0B               224 	lda	hl,11(sp)
   00CE 2B                  225 	dec	hl
   00CF 5E                  226 	ld	e,(hl)
   00D0 23                  227 	inc	hl
   00D1 56                  228 	ld	d,(hl)
   00D2 23                  229 	inc	hl
   00D3 2A                  230 	ld	a,(hl+)
   00D4 66                  231 	ld	h,(hl)
   00D5 6F                  232 	ld	l,a
   00D6                     233 00108$:
   00D6 E8 08               234 	lda	sp,8(sp)
   00D8 C9                  235 	ret
   00D9                     236 __divulong_end::
                            237 	.area _CODE
                            238 	.area _CABS
