                              1 ;--------------------------------------------------------
                              2 ; File Created by SDCC : free open source ANSI-C Compiler
                              3 ; Version 2.9.4 #5595 (Oct 23 2013) (Mac OS X ppc)
                              4 ; This file was generated Wed Oct 23 12:26:10 2013
                              5 ;--------------------------------------------------------
                              6 	.module _fs2uchar
                              7 	.optsdcc -mgbz80
                              8 	
                              9 ;--------------------------------------------------------
                             10 ; Public variables in this module
                             11 ;--------------------------------------------------------
                             12 	.globl ___fs2uchar
                             13 ;--------------------------------------------------------
                             14 ;  ram data
                             15 ;--------------------------------------------------------
                             16 	.area _DATA
                             17 ;--------------------------------------------------------
                             18 ; overlayable items in  ram 
                             19 ;--------------------------------------------------------
                             20 	.area _OVERLAY
                             21 ;--------------------------------------------------------
                             22 ; external initialized ram data
                             23 ;--------------------------------------------------------
                             24 ;--------------------------------------------------------
                             25 ; global & static initialisations
                             26 ;--------------------------------------------------------
                             27 	.area _HOME
                             28 	.area _GSINIT
                             29 	.area _GSFINAL
                             30 	.area _GSINIT
                             31 ;--------------------------------------------------------
                             32 ; Home
                             33 ;--------------------------------------------------------
                             34 	.area _HOME
                             35 	.area _HOME
                             36 ;--------------------------------------------------------
                             37 ; code
                             38 ;--------------------------------------------------------
                             39 	.area _CODE
                             40 ;../_fs2uchar.c:41: unsigned char __fs2uchar (float f)
                             41 ;	---------------------------------
                             42 ; Function __fs2uchar
                             43 ; ---------------------------------
   0000                      44 ___fs2uchar_start::
   0000                      45 ___fs2uchar:
                             46 	
   0000 F5                   47 	push	af
   0001 F5                   48 	push	af
                             49 ;../_fs2uchar.c:43: unsigned long ul=__fs2ulong(f);
   0002 F8 08                50 	lda	hl,8(sp)
   0004 2A                   51 	ld	a,(hl+)
   0005 66                   52 	ld	h,(hl)
   0006 6F                   53 	ld	l,a
   0007 E5                   54 	push	hl
   0008 F8 08                55 	lda	hl,8(sp)
   000A 2A                   56 	ld	a,(hl+)
   000B 66                   57 	ld	h,(hl)
   000C 6F                   58 	ld	l,a
   000D E5                   59 	push	hl
   000E CDr00s00             60 	call	___fs2ulong
   0011 E8 04                61 	lda	sp,4(sp)
   0013 E5                   62 	push	hl
   0014 F8 02                63 	lda	hl,2(sp)
   0016 73                   64 	ld	(hl),e
   0017 23                   65 	inc	hl
   0018 72                   66 	ld	(hl),d
   0019 D1                   67 	pop	de
   001A 23                   68 	inc	hl
   001B 73                   69 	ld	(hl),e
   001C 23                   70 	inc	hl
   001D 72                   71 	ld	(hl),d
                             72 ;../_fs2uchar.c:44: if (ul>=UCHAR_MAX) return UCHAR_MAX;
   001E F8 00                73 	lda	hl,0(sp)
   0020 7E                   74 	ld	a,(hl)
   0021 D6 FF                75 	sub	a,#0xFF
   0023 23                   76 	inc	hl
   0024 7E                   77 	ld	a,(hl)
   0025 DE 00                78 	sbc	a,#0x00
   0027 23                   79 	inc	hl
   0028 7E                   80 	ld	a,(hl)
   0029 DE 00                81 	sbc	a,#0x00
   002B 23                   82 	inc	hl
   002C 7E                   83 	ld	a,(hl)
   002D DE 00                84 	sbc	a,#0x00
   002F DAr37s00             85 	jp	C,00102$
   0032 1E FF                86 	ld	e,#0xFF
   0034 C3r3As00             87 	jp	00103$
   0037                      88 00102$:
                             89 ;../_fs2uchar.c:45: return ul;
   0037 F8 00                90 	lda	hl,0(sp)
   0039 5E                   91 	ld	e,(hl)
   003A                      92 00103$:
   003A E8 04                93 	lda	sp,4(sp)
   003C C9                   94 	ret
   003D                      95 ___fs2uchar_end::
                             96 	.area _CODE
                             97 	.area _CABS
