                              1 ;--------------------------------------------------------
                              2 ; File Created by SDCC : free open source ANSI-C Compiler
                              3 ; Version 2.9.4 #5595 (Oct 23 2013) (Mac OS X ppc)
                              4 ; This file was generated Wed Oct 23 12:26:11 2013
                              5 ;--------------------------------------------------------
                              6 	.module _fssub
                              7 	.optsdcc -mgbz80
                              8 	
                              9 ;--------------------------------------------------------
                             10 ; Public variables in this module
                             11 ;--------------------------------------------------------
                             12 	.globl ___fssub
                             13 ;--------------------------------------------------------
                             14 ;  ram data
                             15 ;--------------------------------------------------------
                             16 	.area _DATA
                             17 ;--------------------------------------------------------
                             18 ; overlayable items in  ram 
                             19 ;--------------------------------------------------------
                             20 	.area _OVERLAY
                             21 ;--------------------------------------------------------
                             22 ; external initialized ram data
                             23 ;--------------------------------------------------------
                             24 ;--------------------------------------------------------
                             25 ; global & static initialisations
                             26 ;--------------------------------------------------------
                             27 	.area _HOME
                             28 	.area _GSINIT
                             29 	.area _GSFINAL
                             30 	.area _GSINIT
                             31 ;--------------------------------------------------------
                             32 ; Home
                             33 ;--------------------------------------------------------
                             34 	.area _HOME
                             35 	.area _HOME
                             36 ;--------------------------------------------------------
                             37 ; code
                             38 ;--------------------------------------------------------
                             39 	.area _CODE
                             40 ;../_fssub.c:63: float __fssub (float a1, float a2)
                             41 ;	---------------------------------
                             42 ; Function __fssub
                             43 ; ---------------------------------
   0000                      44 ___fssub_start::
   0000                      45 ___fssub:
   0000 E8 F8                46 	lda	sp,-8(sp)
                             47 ;../_fssub.c:65: float neg = -a1;
   0002 F8 0D                48 	lda	hl,13(sp)
   0004 7E                   49 	ld	a,(hl)
   0005 EE 80                50 	xor	a,#0x80
   0007 F8 07                51 	lda	hl,7(sp)
   0009 77                   52 	ld	(hl),a
   000A F8 0A                53 	lda	hl,10(sp)
   000C 7E                   54 	ld	a,(hl)
   000D F8 04                55 	lda	hl,4(sp)
   000F 77                   56 	ld	(hl),a
   0010 F8 0B                57 	lda	hl,11(sp)
   0012 7E                   58 	ld	a,(hl)
   0013 F8 05                59 	lda	hl,5(sp)
   0015 77                   60 	ld	(hl),a
   0016 F8 0C                61 	lda	hl,12(sp)
   0018 7E                   62 	ld	a,(hl)
   0019 F8 06                63 	lda	hl,6(sp)
   001B 77                   64 	ld	(hl),a
                             65 ;../_fssub.c:66: return -(neg + a2);
   001C F8 10                66 	lda	hl,16(sp)
   001E 2A                   67 	ld	a,(hl+)
   001F 66                   68 	ld	h,(hl)
   0020 6F                   69 	ld	l,a
   0021 E5                   70 	push	hl
   0022 F8 10                71 	lda	hl,16(sp)
   0024 2A                   72 	ld	a,(hl+)
   0025 66                   73 	ld	h,(hl)
   0026 6F                   74 	ld	l,a
   0027 E5                   75 	push	hl
   0028 F8 0A                76 	lda	hl,10(sp)
   002A 2A                   77 	ld	a,(hl+)
   002B 66                   78 	ld	h,(hl)
   002C 6F                   79 	ld	l,a
   002D E5                   80 	push	hl
   002E F8 0A                81 	lda	hl,10(sp)
   0030 2A                   82 	ld	a,(hl+)
   0031 66                   83 	ld	h,(hl)
   0032 6F                   84 	ld	l,a
   0033 E5                   85 	push	hl
   0034 CDr00s00             86 	call	___fsadd
   0037 E8 08                87 	lda	sp,8(sp)
   0039 E5                   88 	push	hl
   003A F8 02                89 	lda	hl,2(sp)
   003C 73                   90 	ld	(hl),e
   003D 23                   91 	inc	hl
   003E 72                   92 	ld	(hl),d
   003F D1                   93 	pop	de
   0040 23                   94 	inc	hl
   0041 73                   95 	ld	(hl),e
   0042 23                   96 	inc	hl
   0043 72                   97 	ld	(hl),d
   0044 F8 03                98 	lda	hl,3(sp)
   0046 7E                   99 	ld	a,(hl)
   0047 EE 80               100 	xor	a,#0x80
   0049 77                  101 	ld	(hl),a
   004A F8 00               102 	lda	hl,0(sp)
   004C 7E                  103 	ld	a,(hl)
   004D 22                  104 	ld	(hl+),a
   004E 7E                  105 	ld	a,(hl)
   004F 22                  106 	ld	(hl+),a
   0050 7E                  107 	ld	a,(hl)
   0051 32                  108 	ld	(hl-),a
   0052 2B                  109 	dec	hl
   0053 5E                  110 	ld	e,(hl)
   0054 23                  111 	inc	hl
   0055 56                  112 	ld	d,(hl)
   0056 23                  113 	inc	hl
   0057 2A                  114 	ld	a,(hl+)
   0058 66                  115 	ld	h,(hl)
   0059 6F                  116 	ld	l,a
   005A                     117 00101$:
   005A E8 08               118 	lda	sp,8(sp)
   005C C9                  119 	ret
   005D                     120 ___fssub_end::
                            121 	.area _CODE
                            122 	.area _CABS
