                              1 ;--------------------------------------------------------
                              2 ; File Created by SDCC : free open source ANSI-C Compiler
                              3 ; Version 2.9.4 #5595 (Oct 23 2013) (Mac OS X ppc)
                              4 ; This file was generated Wed Oct 23 12:26:12 2013
                              5 ;--------------------------------------------------------
                              6 	.module _iscntrl
                              7 	.optsdcc -mgbz80
                              8 	
                              9 ;--------------------------------------------------------
                             10 ; Public variables in this module
                             11 ;--------------------------------------------------------
                             12 	.globl _iscntrl
                             13 ;--------------------------------------------------------
                             14 ;  ram data
                             15 ;--------------------------------------------------------
                             16 	.area _DATA
                             17 ;--------------------------------------------------------
                             18 ; overlayable items in  ram 
                             19 ;--------------------------------------------------------
                             20 	.area _OVERLAY
                             21 ;--------------------------------------------------------
                             22 ; external initialized ram data
                             23 ;--------------------------------------------------------
                             24 ;--------------------------------------------------------
                             25 ; global & static initialisations
                             26 ;--------------------------------------------------------
                             27 	.area _HOME
                             28 	.area _GSINIT
                             29 	.area _GSFINAL
                             30 	.area _GSINIT
                             31 ;--------------------------------------------------------
                             32 ; Home
                             33 ;--------------------------------------------------------
                             34 	.area _HOME
                             35 	.area _HOME
                             36 ;--------------------------------------------------------
                             37 ; code
                             38 ;--------------------------------------------------------
                             39 	.area _CODE
                             40 ;../_iscntrl.c:27: char iscntrl (unsigned char c)
                             41 ;	---------------------------------
                             42 ; Function iscntrl
                             43 ; ---------------------------------
   0000                      44 _iscntrl_start::
   0000                      45 _iscntrl:
                             46 	
                             47 ;../_iscntrl.c:29: if  ( c <= 0x1F || c == 0x7f )
   0000 3E 1F                48 	ld	a,#0x1F
   0002 F8 02                49 	lda	hl,2(sp)
   0004 96                   50 	sub	a,(hl)
   0005 D2r13s00             51 	jp	NC,00101$
   0008 7E                   52 	ld	a,(hl)
   0009 D6 7F                53 	sub	a,#0x7F
   000B C2r18s00             54 	jp	NZ,00102$
   000E 18 03                55 	jr	00108$
   0010                      56 00107$:
   0010 C3r18s00             57 	jp	00102$
   0013                      58 00108$:
   0013                      59 00101$:
                             60 ;../_iscntrl.c:30: return 1;
   0013 1E 01                61 	ld	e,#0x01
   0015 C3r1As00             62 	jp	00104$
   0018                      63 00102$:
                             64 ;../_iscntrl.c:31: return 0;
   0018 1E 00                65 	ld	e,#0x00
   001A                      66 00104$:
                             67 	
   001A C9                   68 	ret
   001B                      69 _iscntrl_end::
                             70 	.area _CODE
                             71 	.area _CABS
