                              1 ;--------------------------------------------------------
                              2 ; File Created by SDCC : free open source ANSI-C Compiler
                              3 ; Version 2.9.4 #5595 (Oct 23 2013) (Mac OS X ppc)
                              4 ; This file was generated Wed Oct 23 12:26:12 2013
                              5 ;--------------------------------------------------------
                              6 	.module _islower
                              7 	.optsdcc -mgbz80
                              8 	
                              9 ;--------------------------------------------------------
                             10 ; Public variables in this module
                             11 ;--------------------------------------------------------
                             12 	.globl _islower
                             13 ;--------------------------------------------------------
                             14 ;  ram data
                             15 ;--------------------------------------------------------
                             16 	.area _DATA
                             17 ;--------------------------------------------------------
                             18 ; overlayable items in  ram 
                             19 ;--------------------------------------------------------
                             20 	.area _OVERLAY
                             21 ;--------------------------------------------------------
                             22 ; external initialized ram data
                             23 ;--------------------------------------------------------
                             24 ;--------------------------------------------------------
                             25 ; global & static initialisations
                             26 ;--------------------------------------------------------
                             27 	.area _HOME
                             28 	.area _GSINIT
                             29 	.area _GSFINAL
                             30 	.area _GSINIT
                             31 ;--------------------------------------------------------
                             32 ; Home
                             33 ;--------------------------------------------------------
                             34 	.area _HOME
                             35 	.area _HOME
                             36 ;--------------------------------------------------------
                             37 ; code
                             38 ;--------------------------------------------------------
                             39 	.area _CODE
                             40 ;../_islower.c:29: char islower (unsigned char c)
                             41 ;	---------------------------------
                             42 ; Function islower
                             43 ; ---------------------------------
   0000                      44 _islower_start::
   0000                      45 _islower:
                             46 	
                             47 ;../_islower.c:31: if  ( c >= UC('a') && c <= UC('z') )
   0000 F8 02                48 	lda	hl,2(sp)
   0002 7E                   49 	ld	a,(hl)
   0003 D6 61                50 	sub	a,#0x61
   0005 DAr13s00             51 	jp	C,00102$
   0008 3E 7A                52 	ld	a,#0x7A
   000A 96                   53 	sub	a,(hl)
   000B DAr13s00             54 	jp	C,00102$
                             55 ;../_islower.c:32: return 1;
   000E 1E 01                56 	ld	e,#0x01
   0010 C3r15s00             57 	jp	00104$
   0013                      58 00102$:
                             59 ;../_islower.c:33: return 0;
   0013 1E 00                60 	ld	e,#0x00
   0015                      61 00104$:
                             62 	
   0015 C9                   63 	ret
   0016                      64 _islower_end::
                             65 	.area _CODE
                             66 	.area _CABS
