                              1 ;--------------------------------------------------------
                              2 ; File Created by SDCC : free open source ANSI-C Compiler
                              3 ; Version 2.9.4 #5595 (Oct 23 2013) (Mac OS X ppc)
                              4 ; This file was generated Wed Oct 23 12:26:12 2013
                              5 ;--------------------------------------------------------
                              6 	.module _isspace
                              7 	.optsdcc -mgbz80
                              8 	
                              9 ;--------------------------------------------------------
                             10 ; Public variables in this module
                             11 ;--------------------------------------------------------
                             12 	.globl _isspace
                             13 ;--------------------------------------------------------
                             14 ;  ram data
                             15 ;--------------------------------------------------------
                             16 	.area _DATA
                             17 ;--------------------------------------------------------
                             18 ; overlayable items in  ram 
                             19 ;--------------------------------------------------------
                             20 	.area _OVERLAY
                             21 ;--------------------------------------------------------
                             22 ; external initialized ram data
                             23 ;--------------------------------------------------------
                             24 ;--------------------------------------------------------
                             25 ; global & static initialisations
                             26 ;--------------------------------------------------------
                             27 	.area _HOME
                             28 	.area _GSINIT
                             29 	.area _GSFINAL
                             30 	.area _GSINIT
                             31 ;--------------------------------------------------------
                             32 ; Home
                             33 ;--------------------------------------------------------
                             34 	.area _HOME
                             35 	.area _HOME
                             36 ;--------------------------------------------------------
                             37 ; code
                             38 ;--------------------------------------------------------
                             39 	.area _CODE
                             40 ;../_isspace.c:29: char isspace (unsigned char c)
                             41 ;	---------------------------------
                             42 ; Function isspace
                             43 ; ---------------------------------
   0000                      44 _isspace_start::
   0000                      45 _isspace:
                             46 	
                             47 ;../_isspace.c:31: if ( c == UC(' ')  ||
   0000 F8 02                48 	lda	hl,2(sp)
   0002 7E                   49 	ld	a,(hl)
   0003 D6 20                50 	sub	a,#0x20
   0005 CAr2Bs00             51 	jp	Z,00101$
   0008                      52 00115$:
                             53 ;../_isspace.c:32: c == UC('\f') ||
   0008 7E                   54 	ld	a,(hl)
   0009 D6 0C                55 	sub	a,#0x0C
   000B CAr2Bs00             56 	jp	Z,00101$
   000E                      57 00116$:
                             58 ;../_isspace.c:33: c == UC('\n') ||
   000E 7E                   59 	ld	a,(hl)
   000F D6 0A                60 	sub	a,#0x0A
   0011 CAr2Bs00             61 	jp	Z,00101$
   0014                      62 00117$:
                             63 ;../_isspace.c:34: c == UC('\r') ||
   0014 7E                   64 	ld	a,(hl)
   0015 D6 0D                65 	sub	a,#0x0D
   0017 CAr2Bs00             66 	jp	Z,00101$
   001A                      67 00118$:
                             68 ;../_isspace.c:35: c == UC('\t') ||
   001A 7E                   69 	ld	a,(hl)
   001B D6 09                70 	sub	a,#0x09
   001D CAr2Bs00             71 	jp	Z,00101$
   0020                      72 00119$:
                             73 ;../_isspace.c:36: c == UC('\v') )
   0020 7E                   74 	ld	a,(hl)
   0021 D6 0B                75 	sub	a,#0x0B
   0023 C2r30s00             76 	jp	NZ,00102$
   0026 18 03                77 	jr	00121$
   0028                      78 00120$:
   0028 C3r30s00             79 	jp	00102$
   002B                      80 00121$:
   002B                      81 00101$:
                             82 ;../_isspace.c:37: return 1;
   002B 1E 01                83 	ld	e,#0x01
   002D C3r32s00             84 	jp	00108$
   0030                      85 00102$:
                             86 ;../_isspace.c:38: return 0;
   0030 1E 00                87 	ld	e,#0x00
   0032                      88 00108$:
                             89 	
   0032 C9                   90 	ret
   0033                      91 _isspace_end::
                             92 	.area _CODE
                             93 	.area _CABS
