                              1 ;--------------------------------------------------------
                              2 ; File Created by SDCC : free open source ANSI-C Compiler
                              3 ; Version 2.9.4 #5595 (Oct 23 2013) (Mac OS X ppc)
                              4 ; This file was generated Wed Oct 23 12:26:12 2013
                              5 ;--------------------------------------------------------
                              6 	.module _isxdigit
                              7 	.optsdcc -mgbz80
                              8 	
                              9 ;--------------------------------------------------------
                             10 ; Public variables in this module
                             11 ;--------------------------------------------------------
                             12 	.globl _isxdigit
                             13 ;--------------------------------------------------------
                             14 ;  ram data
                             15 ;--------------------------------------------------------
                             16 	.area _DATA
                             17 ;--------------------------------------------------------
                             18 ; overlayable items in  ram 
                             19 ;--------------------------------------------------------
                             20 	.area _OVERLAY
                             21 ;--------------------------------------------------------
                             22 ; external initialized ram data
                             23 ;--------------------------------------------------------
                             24 ;--------------------------------------------------------
                             25 ; global & static initialisations
                             26 ;--------------------------------------------------------
                             27 	.area _HOME
                             28 	.area _GSINIT
                             29 	.area _GSFINAL
                             30 	.area _GSINIT
                             31 ;--------------------------------------------------------
                             32 ; Home
                             33 ;--------------------------------------------------------
                             34 	.area _HOME
                             35 	.area _HOME
                             36 ;--------------------------------------------------------
                             37 ; code
                             38 ;--------------------------------------------------------
                             39 	.area _CODE
                             40 ;../_isxdigit.c:28: char isxdigit (unsigned char c)
                             41 ;	---------------------------------
                             42 ; Function isxdigit
                             43 ; ---------------------------------
   0000                      44 _isxdigit_start::
   0000                      45 _isxdigit:
                             46 	
                             47 ;../_isxdigit.c:30: if ( ( c >= UC('0') && c <= UC('9')) ||
   0000 F8 02                48 	lda	hl,2(sp)
   0002 7E                   49 	ld	a,(hl)
   0003 D6 30                50 	sub	a,#0x30
   0005 DAr0Es00             51 	jp	C,00105$
   0008 3E 39                52 	ld	a,#0x39
   000A 96                   53 	sub	a,(hl)
   000B D2r2As00             54 	jp	NC,00101$
   000E                      55 00105$:
                             56 ;../_isxdigit.c:31: ( c >= UC('a') && c <= UC('f')) ||
   000E F8 02                57 	lda	hl,2(sp)
   0010 7E                   58 	ld	a,(hl)
   0011 D6 61                59 	sub	a,#0x61
   0013 DAr1Cs00             60 	jp	C,00107$
   0016 3E 66                61 	ld	a,#0x66
   0018 96                   62 	sub	a,(hl)
   0019 D2r2As00             63 	jp	NC,00101$
   001C                      64 00107$:
                             65 ;../_isxdigit.c:32: ( c >= UC('A') && c <= UC('F')) )
   001C F8 02                66 	lda	hl,2(sp)
   001E 7E                   67 	ld	a,(hl)
   001F D6 41                68 	sub	a,#0x41
   0021 DAr2Fs00             69 	jp	C,00102$
   0024 3E 46                70 	ld	a,#0x46
   0026 96                   71 	sub	a,(hl)
   0027 DAr2Fs00             72 	jp	C,00102$
   002A                      73 00101$:
                             74 ;../_isxdigit.c:33: return 1;
   002A 1E 01                75 	ld	e,#0x01
   002C C3r31s00             76 	jp	00108$
   002F                      77 00102$:
                             78 ;../_isxdigit.c:34: return 0;
   002F 1E 00                79 	ld	e,#0x00
   0031                      80 00108$:
                             81 	
   0031 C9                   82 	ret
   0032                      83 _isxdigit_end::
                             84 	.area _CODE
                             85 	.area _CABS
