                              1 ;--------------------------------------------------------
                              2 ; File Created by SDCC : free open source ANSI-C Compiler
                              3 ; Version 2.9.4 #5595 (Oct 23 2013) (Mac OS X ppc)
                              4 ; This file was generated Wed Oct 23 12:26:12 2013
                              5 ;--------------------------------------------------------
                              6 	.module _memcmp
                              7 	.optsdcc -mgbz80
                              8 	
                              9 ;--------------------------------------------------------
                             10 ; Public variables in this module
                             11 ;--------------------------------------------------------
                             12 	.globl _memcmp
                             13 ;--------------------------------------------------------
                             14 ;  ram data
                             15 ;--------------------------------------------------------
                             16 	.area _DATA
                             17 ;--------------------------------------------------------
                             18 ; overlayable items in  ram 
                             19 ;--------------------------------------------------------
                             20 	.area _OVERLAY
                             21 ;--------------------------------------------------------
                             22 ; external initialized ram data
                             23 ;--------------------------------------------------------
                             24 ;--------------------------------------------------------
                             25 ; global & static initialisations
                             26 ;--------------------------------------------------------
                             27 	.area _HOME
                             28 	.area _GSINIT
                             29 	.area _GSFINAL
                             30 	.area _GSINIT
                             31 ;--------------------------------------------------------
                             32 ; Home
                             33 ;--------------------------------------------------------
                             34 	.area _HOME
                             35 	.area _HOME
                             36 ;--------------------------------------------------------
                             37 ; code
                             38 ;--------------------------------------------------------
                             39 	.area _CODE
                             40 ;../_memcmp.c:26: int memcmp (
                             41 ;	---------------------------------
                             42 ; Function memcmp
                             43 ; ---------------------------------
   0000                      44 _memcmp_start::
   0000                      45 _memcmp:
                             46 	
   0000 F5                   47 	push	af
                             48 ;../_memcmp.c:32: if (!count)
   0001 F8 08                49 	lda	hl,8(sp)
   0003 2A                   50 	ld	a,(hl+)
   0004 B6                   51 	or	a,(hl)
   0005 C2r0Es00             52 	jp	NZ,00112$
                             53 ;../_memcmp.c:33: return(0);
   0008 11 00 00             54 	ld	de,#0x0000
   000B C3r88s00             55 	jp	00107$
                             56 ;../_memcmp.c:35: while ( --count && *((char *)buf1) == *((char *)buf2) ) {
   000E                      57 00112$:
   000E F8 08                58 	lda	hl,8(sp)
   0010 2A                   59 	ld	a,(hl+)
   0011 5E                   60 	ld	e,(hl)
   0012 F8 00                61 	lda	hl,0(sp)
   0014 22                   62 	ld	(hl+),a
   0015 73                   63 	ld	(hl),e
   0016                      64 00104$:
   0016 F8 01                65 	lda	hl,1(sp)
   0018 2B                   66 	dec	hl
   0019 5E                   67 	ld	e,(hl)
   001A 23                   68 	inc	hl
   001B 56                   69 	ld	d,(hl)
   001C 1B                   70 	dec	de
   001D 2B                   71 	dec	hl
   001E 73                   72 	ld	(hl),e
   001F 23                   73 	inc	hl
   0020 72                   74 	ld	(hl),d
   0021 2B                   75 	dec	hl
   0022 2A                   76 	ld	a,(hl+)
   0023 B6                   77 	or	a,(hl)
   0024 CAr64s00             78 	jp	Z,00106$
   0027 F8 05                79 	lda	hl,5(sp)
   0029 2B                   80 	dec	hl
   002A 5E                   81 	ld	e,(hl)
   002B 23                   82 	inc	hl
   002C 56                   83 	ld	d,(hl)
   002D 1A                   84 	ld	a,(de)
   002E 47                   85 	ld	b,a
   002F 23                   86 	inc	hl
   0030 23                   87 	inc	hl
   0031 2B                   88 	dec	hl
   0032 5E                   89 	ld	e,(hl)
   0033 23                   90 	inc	hl
   0034 56                   91 	ld	d,(hl)
   0035 1A                   92 	ld	a,(de)
   0036 4F                   93 	ld	c,a
   0037 78                   94 	ld	a,b
   0038 91                   95 	sub	a,c
   0039 C2r64s00             96 	jp	NZ,00106$
   003C 18 03                97 	jr	00115$
   003E                      98 00114$:
   003E C3r64s00             99 	jp	00106$
   0041                     100 00115$:
                            101 ;../_memcmp.c:36: buf1 = (char *)buf1 + 1;
   0041 2B                  102 	dec	hl
   0042 2B                  103 	dec	hl
   0043 2B                  104 	dec	hl
   0044 4E                  105 	ld	c,(hl)
   0045 23                  106 	inc	hl
   0046 46                  107 	ld	b,(hl)
   0047 21 01 00            108 	ld	hl,#0x0001
   004A 09                  109 	add	hl,bc
   004B 7D                  110 	ld	a,l
   004C 54                  111 	ld	d,h
   004D F8 04               112 	lda	hl,4(sp)
   004F 22                  113 	ld	(hl+),a
   0050 72                  114 	ld	(hl),d
                            115 ;../_memcmp.c:37: buf2 = (char *)buf2 + 1;
   0051 23                  116 	inc	hl
   0052 23                  117 	inc	hl
   0053 2B                  118 	dec	hl
   0054 4E                  119 	ld	c,(hl)
   0055 23                  120 	inc	hl
   0056 46                  121 	ld	b,(hl)
   0057 21 01 00            122 	ld	hl,#0x0001
   005A 09                  123 	add	hl,bc
   005B 7D                  124 	ld	a,l
   005C 54                  125 	ld	d,h
   005D F8 06               126 	lda	hl,6(sp)
   005F 22                  127 	ld	(hl+),a
   0060 72                  128 	ld	(hl),d
   0061 C3r16s00            129 	jp	00104$
   0064                     130 00106$:
                            131 ;../_memcmp.c:40: return( *((unsigned char *)buf1) - *((unsigned char *)buf2) );
   0064 F8 05               132 	lda	hl,5(sp)
   0066 2B                  133 	dec	hl
   0067 4E                  134 	ld	c,(hl)
   0068 23                  135 	inc	hl
   0069 46                  136 	ld	b,(hl)
   006A 0A                  137 	ld	a,(bc)
   006B 4F                  138 	ld	c,a
   006C F8 00               139 	lda	hl,0(sp)
   006E 71                  140 	ld	(hl),c
   006F 23                  141 	inc	hl
   0070 36 00               142 	ld	(hl),#0x00
   0072 F8 07               143 	lda	hl,7(sp)
   0074 2B                  144 	dec	hl
   0075 4E                  145 	ld	c,(hl)
   0076 23                  146 	inc	hl
   0077 46                  147 	ld	b,(hl)
   0078 0A                  148 	ld	a,(bc)
   0079 4F                  149 	ld	c,a
   007A 06 00               150 	ld	b,#0x00
   007C F8 01               151 	lda	hl,1(sp)
   007E 2B                  152 	dec	hl
   007F 5E                  153 	ld	e,(hl)
   0080 23                  154 	inc	hl
   0081 56                  155 	ld	d,(hl)
   0082 7B                  156 	ld	a,e
   0083 91                  157 	sub	a,c
   0084 5F                  158 	ld	e,a
   0085 7A                  159 	ld	a,d
   0086 98                  160 	sbc	a,b
   0087 57                  161 	ld	d,a
   0088                     162 00107$:
   0088 E8 02               163 	lda	sp,2(sp)
   008A C9                  164 	ret
   008B                     165 _memcmp_end::
                            166 	.area _CODE
                            167 	.area _CABS
