                              1 ;--------------------------------------------------------
                              2 ; File Created by SDCC : free open source ANSI-C Compiler
                              3 ; Version 2.9.4 #5595 (Oct 23 2013) (Mac OS X ppc)
                              4 ; This file was generated Wed Oct 23 12:26:11 2013
                              5 ;--------------------------------------------------------
                              6 	.module _modulong
                              7 	.optsdcc -mgbz80
                              8 	
                              9 ;--------------------------------------------------------
                             10 ; Public variables in this module
                             11 ;--------------------------------------------------------
                             12 	.globl __modulong
                             13 ;--------------------------------------------------------
                             14 ;  ram data
                             15 ;--------------------------------------------------------
                             16 	.area _DATA
                             17 ;--------------------------------------------------------
                             18 ; overlayable items in  ram 
                             19 ;--------------------------------------------------------
                             20 	.area _OVERLAY
                             21 ;--------------------------------------------------------
                             22 ; external initialized ram data
                             23 ;--------------------------------------------------------
                             24 ;--------------------------------------------------------
                             25 ; global & static initialisations
                             26 ;--------------------------------------------------------
                             27 	.area _HOME
                             28 	.area _GSINIT
                             29 	.area _GSFINAL
                             30 	.area _GSINIT
                             31 ;--------------------------------------------------------
                             32 ; Home
                             33 ;--------------------------------------------------------
                             34 	.area _HOME
                             35 	.area _HOME
                             36 ;--------------------------------------------------------
                             37 ; code
                             38 ;--------------------------------------------------------
                             39 	.area _CODE
                             40 ;../_modulong.c:337: _modulong (unsigned long a, unsigned long b)
                             41 ;	---------------------------------
                             42 ; Function _modulong
                             43 ; ---------------------------------
   0000                      44 __modulong_start::
   0000                      45 __modulong:
   0000 E8 F8                46 	lda	sp,-8(sp)
                             47 ;../_modulong.c:339: unsigned char count = 0;
                             48 ;../_modulong.c:341: while (!MSB_SET(b))
   0002 01 00 00             49 	ld	bc,#0x0000
   0005                      50 00103$:
   0005 F8 11                51 	lda	hl,17(sp)
   0007 7E                   52 	ld	a,(hl)
   0008 CB 07                53 	rlc	a
   000A E6 01                54 	and	a,#0x01
   000C C2r93s00             55 	jp	NZ,00117$
                             56 ;../_modulong.c:343: b <<= 1;
   000F C5                   57 	push	bc
   0010 3E 01                58 	ld	a,#0x01
   0012 F5                   59 	push	af
   0013 33                   60 	inc	sp
   0014 2B                   61 	dec	hl
   0015 2A                   62 	ld	a,(hl+)
   0016 66                   63 	ld	h,(hl)
   0017 6F                   64 	ld	l,a
   0018 E5                   65 	push	hl
   0019 F8 13                66 	lda	hl,19(sp)
   001B 2A                   67 	ld	a,(hl+)
   001C 66                   68 	ld	h,(hl)
   001D 6F                   69 	ld	l,a
   001E E5                   70 	push	hl
   001F CDr00s00             71 	call	__rlulong_rrx_s
   0022 E8 05                72 	lda	sp,5(sp)
   0024 E5                   73 	push	hl
   0025 F8 08                74 	lda	hl,8(sp)
   0027 73                   75 	ld	(hl),e
   0028 23                   76 	inc	hl
   0029 72                   77 	ld	(hl),d
   002A D1                   78 	pop	de
   002B 23                   79 	inc	hl
   002C 73                   80 	ld	(hl),e
   002D 23                   81 	inc	hl
   002E 72                   82 	ld	(hl),d
   002F C1                   83 	pop	bc
   0030 F8 04                84 	lda	hl,4(sp)
   0032 54                   85 	ld	d,h
   0033 5D                   86 	ld	e,l
   0034 F8 0E                87 	lda	hl,14(sp)
   0036 1A                   88 	ld	a,(de)
   0037 22                   89 	ld	(hl+),a
   0038 13                   90 	inc	de
   0039 1A                   91 	ld	a,(de)
   003A 22                   92 	ld	(hl+),a
   003B 13                   93 	inc	de
   003C 1A                   94 	ld	a,(de)
   003D 22                   95 	ld	(hl+),a
   003E 13                   96 	inc	de
   003F 1A                   97 	ld	a,(de)
   0040 77                   98 	ld	(hl),a
                             99 ;../_modulong.c:344: if (b > a)
   0041 F8 0A               100 	lda	hl,10(sp)
   0043 54                  101 	ld	d,h
   0044 5D                  102 	ld	e,l
   0045 F8 0E               103 	lda	hl,14(sp)
   0047 1A                  104 	ld	a,(de)
   0048 96                  105 	sub	a,(hl)
   0049 23                  106 	inc	hl
   004A 13                  107 	inc	de
   004B 1A                  108 	ld	a,(de)
   004C 9E                  109 	sbc	a,(hl)
   004D 23                  110 	inc	hl
   004E 13                  111 	inc	de
   004F 1A                  112 	ld	a,(de)
   0050 9E                  113 	sbc	a,(hl)
   0051 23                  114 	inc	hl
   0052 13                  115 	inc	de
   0053 1A                  116 	ld	a,(de)
   0054 9E                  117 	sbc	a,(hl)
   0055 D2r8Es00            118 	jp	NC,00102$
                            119 ;../_modulong.c:346: b >>=1;
   0058 C5                  120 	push	bc
   0059 3E 01               121 	ld	a,#0x01
   005B F5                  122 	push	af
   005C 33                  123 	inc	sp
   005D F8 13               124 	lda	hl,19(sp)
   005F 2A                  125 	ld	a,(hl+)
   0060 66                  126 	ld	h,(hl)
   0061 6F                  127 	ld	l,a
   0062 E5                  128 	push	hl
   0063 F8 13               129 	lda	hl,19(sp)
   0065 2A                  130 	ld	a,(hl+)
   0066 66                  131 	ld	h,(hl)
   0067 6F                  132 	ld	l,a
   0068 E5                  133 	push	hl
   0069 CDr00s00            134 	call	__rrulong_rrx_s
   006C E8 05               135 	lda	sp,5(sp)
   006E E5                  136 	push	hl
   006F F8 08               137 	lda	hl,8(sp)
   0071 73                  138 	ld	(hl),e
   0072 23                  139 	inc	hl
   0073 72                  140 	ld	(hl),d
   0074 D1                  141 	pop	de
   0075 23                  142 	inc	hl
   0076 73                  143 	ld	(hl),e
   0077 23                  144 	inc	hl
   0078 72                  145 	ld	(hl),d
   0079 C1                  146 	pop	bc
   007A F8 04               147 	lda	hl,4(sp)
   007C 54                  148 	ld	d,h
   007D 5D                  149 	ld	e,l
   007E F8 0E               150 	lda	hl,14(sp)
   0080 1A                  151 	ld	a,(de)
   0081 22                  152 	ld	(hl+),a
   0082 13                  153 	inc	de
   0083 1A                  154 	ld	a,(de)
   0084 22                  155 	ld	(hl+),a
   0085 13                  156 	inc	de
   0086 1A                  157 	ld	a,(de)
   0087 22                  158 	ld	(hl+),a
   0088 13                  159 	inc	de
   0089 1A                  160 	ld	a,(de)
   008A 77                  161 	ld	(hl),a
                            162 ;../_modulong.c:347: break;
   008B C3r93s00            163 	jp	00117$
   008E                     164 00102$:
                            165 ;../_modulong.c:349: count++;
   008E 04                  166 	inc	b
   008F 48                  167 	ld	c,b
   0090 C3r05s00            168 	jp	00103$
                            169 ;../_modulong.c:351: do
   0093                     170 00117$:
   0093 41                  171 	ld	b,c
   0094                     172 00108$:
                            173 ;../_modulong.c:353: if (a >= b)
   0094 F8 0A               174 	lda	hl,10(sp)
   0096 54                  175 	ld	d,h
   0097 5D                  176 	ld	e,l
   0098 F8 0E               177 	lda	hl,14(sp)
   009A 1A                  178 	ld	a,(de)
   009B 96                  179 	sub	a,(hl)
   009C 23                  180 	inc	hl
   009D 13                  181 	inc	de
   009E 1A                  182 	ld	a,(de)
   009F 9E                  183 	sbc	a,(hl)
   00A0 23                  184 	inc	hl
   00A1 13                  185 	inc	de
   00A2 1A                  186 	ld	a,(de)
   00A3 9E                  187 	sbc	a,(hl)
   00A4 23                  188 	inc	hl
   00A5 13                  189 	inc	de
   00A6 1A                  190 	ld	a,(de)
   00A7 9E                  191 	sbc	a,(hl)
   00A8 DArD1s00            192 	jp	C,00107$
                            193 ;../_modulong.c:354: a -= b;
   00AB F8 0B               194 	lda	hl,11(sp)
   00AD 2B                  195 	dec	hl
   00AE 5E                  196 	ld	e,(hl)
   00AF 23                  197 	inc	hl
   00B0 56                  198 	ld	d,(hl)
   00B1 7B                  199 	ld	a,e
   00B2 F8 0E               200 	lda	hl,14(sp)
   00B4 96                  201 	sub	a,(hl)
   00B5 5F                  202 	ld	e,a
   00B6 7A                  203 	ld	a,d
   00B7 23                  204 	inc	hl
   00B8 9E                  205 	sbc	a,(hl)
   00B9 F5                  206 	push	af
   00BA F8 0D               207 	lda	hl,13(sp)
   00BC 32                  208 	ld	(hl-),a
   00BD 73                  209 	ld	(hl),e
   00BE F8 0F               210 	lda	hl,15(sp)
   00C0 2B                  211 	dec	hl
   00C1 5E                  212 	ld	e,(hl)
   00C2 23                  213 	inc	hl
   00C3 56                  214 	ld	d,(hl)
   00C4 F8 12               215 	lda	hl,18(sp)
   00C6 F1                  216 	pop	af
   00C7 7B                  217 	ld	a,e
   00C8 9E                  218 	sbc	a,(hl)
   00C9 5F                  219 	ld	e,a
   00CA 7A                  220 	ld	a,d
   00CB 23                  221 	inc	hl
   00CC 9E                  222 	sbc	a,(hl)
   00CD F8 0D               223 	lda	hl,13(sp)
   00CF 32                  224 	ld	(hl-),a
   00D0 73                  225 	ld	(hl),e
   00D1                     226 00107$:
                            227 ;../_modulong.c:355: b >>= 1;
   00D1 C5                  228 	push	bc
   00D2 3E 01               229 	ld	a,#0x01
   00D4 F5                  230 	push	af
   00D5 33                  231 	inc	sp
   00D6 F8 13               232 	lda	hl,19(sp)
   00D8 2A                  233 	ld	a,(hl+)
   00D9 66                  234 	ld	h,(hl)
   00DA 6F                  235 	ld	l,a
   00DB E5                  236 	push	hl
   00DC F8 13               237 	lda	hl,19(sp)
   00DE 2A                  238 	ld	a,(hl+)
   00DF 66                  239 	ld	h,(hl)
   00E0 6F                  240 	ld	l,a
   00E1 E5                  241 	push	hl
   00E2 CDr00s00            242 	call	__rrulong_rrx_s
   00E5 E8 05               243 	lda	sp,5(sp)
   00E7 E5                  244 	push	hl
   00E8 F8 04               245 	lda	hl,4(sp)
   00EA 73                  246 	ld	(hl),e
   00EB 23                  247 	inc	hl
   00EC 72                  248 	ld	(hl),d
   00ED D1                  249 	pop	de
   00EE 23                  250 	inc	hl
   00EF 73                  251 	ld	(hl),e
   00F0 23                  252 	inc	hl
   00F1 72                  253 	ld	(hl),d
   00F2 C1                  254 	pop	bc
   00F3 F8 00               255 	lda	hl,0(sp)
   00F5 54                  256 	ld	d,h
   00F6 5D                  257 	ld	e,l
   00F7 F8 0E               258 	lda	hl,14(sp)
   00F9 1A                  259 	ld	a,(de)
   00FA 22                  260 	ld	(hl+),a
   00FB 13                  261 	inc	de
   00FC 1A                  262 	ld	a,(de)
   00FD 22                  263 	ld	(hl+),a
   00FE 13                  264 	inc	de
   00FF 1A                  265 	ld	a,(de)
   0100 22                  266 	ld	(hl+),a
   0101 13                  267 	inc	de
   0102 1A                  268 	ld	a,(de)
   0103 77                  269 	ld	(hl),a
                            270 ;../_modulong.c:357: while (count--);
   0104 48                  271 	ld	c,b
   0105 05                  272 	dec	b
   0106 AF                  273 	xor	a,a
   0107 B1                  274 	or	a,c
   0108 C2r94s00            275 	jp	NZ,00108$
                            276 ;../_modulong.c:359: return a;
   010B F8 0B               277 	lda	hl,11(sp)
   010D 2B                  278 	dec	hl
   010E 5E                  279 	ld	e,(hl)
   010F 23                  280 	inc	hl
   0110 56                  281 	ld	d,(hl)
   0111 23                  282 	inc	hl
   0112 2A                  283 	ld	a,(hl+)
   0113 66                  284 	ld	h,(hl)
   0114 6F                  285 	ld	l,a
   0115                     286 00111$:
   0115 E8 08               287 	lda	sp,8(sp)
   0117 C9                  288 	ret
   0118                     289 __modulong_end::
                            290 	.area _CODE
                            291 	.area _CABS
