                              1 ;--------------------------------------------------------
                              2 ; File Created by SDCC : free open source ANSI-C Compiler
                              3 ; Version 2.9.4 #5595 (Oct 23 2013) (Mac OS X ppc)
                              4 ; This file was generated Wed Oct 23 12:26:11 2013
                              5 ;--------------------------------------------------------
                              6 	.module _modslong
                              7 	.optsdcc -mgbz80
                              8 	
                              9 ;--------------------------------------------------------
                             10 ; Public variables in this module
                             11 ;--------------------------------------------------------
                             12 	.globl __modslong
                             13 ;--------------------------------------------------------
                             14 ;  ram data
                             15 ;--------------------------------------------------------
                             16 	.area _DATA
                             17 ;--------------------------------------------------------
                             18 ; overlayable items in  ram 
                             19 ;--------------------------------------------------------
                             20 	.area _OVERLAY
                             21 ;--------------------------------------------------------
                             22 ; external initialized ram data
                             23 ;--------------------------------------------------------
                             24 ;--------------------------------------------------------
                             25 ; global & static initialisations
                             26 ;--------------------------------------------------------
                             27 	.area _HOME
                             28 	.area _GSINIT
                             29 	.area _GSFINAL
                             30 	.area _GSINIT
                             31 ;--------------------------------------------------------
                             32 ; Home
                             33 ;--------------------------------------------------------
                             34 	.area _HOME
                             35 	.area _HOME
                             36 ;--------------------------------------------------------
                             37 ; code
                             38 ;--------------------------------------------------------
                             39 	.area _CODE
                             40 ;../_modslong.c:255: _modslong (long a, long b)
                             41 ;	---------------------------------
                             42 ; Function _modslong
                             43 ; ---------------------------------
   0000                      44 __modslong_start::
   0000                      45 __modslong:
   0000 E8 F4                46 	lda	sp,-12(sp)
                             47 ;../_modslong.c:260: (b < 0 ? -b : b));
   0002 F8 15                48 	lda	hl,21(sp)
   0004 7E                   49 	ld	a,(hl)
   0005 CB 7F                50 	bit	7,a
   0007 CAr2Ds00             51 	jp	Z,00106$
   000A 11 00 00             52 	ld	de,#0x0000
   000D 7B                   53 	ld	a,e
   000E F8 12                54 	lda	hl,18(sp)
   0010 96                   55 	sub	a,(hl)
   0011 5F                   56 	ld	e,a
   0012 7A                   57 	ld	a,d
   0013 23                   58 	inc	hl
   0014 9E                   59 	sbc	a,(hl)
   0015 F5                   60 	push	af
   0016 F8 07                61 	lda	hl,7(sp)
   0018 32                   62 	ld	(hl-),a
   0019 73                   63 	ld	(hl),e
   001A 11 00 00             64 	ld	de,#0x0000
   001D F8 16                65 	lda	hl,22(sp)
   001F F1                   66 	pop	af
   0020 7B                   67 	ld	a,e
   0021 9E                   68 	sbc	a,(hl)
   0022 5F                   69 	ld	e,a
   0023 7A                   70 	ld	a,d
   0024 23                   71 	inc	hl
   0025 9E                   72 	sbc	a,(hl)
   0026 F8 07                73 	lda	hl,7(sp)
   0028 32                   74 	ld	(hl-),a
   0029 73                   75 	ld	(hl),e
   002A C3r3Es00             76 	jp	00107$
   002D                      77 00106$:
   002D F8 12                78 	lda	hl,18(sp)
   002F 54                   79 	ld	d,h
   0030 5D                   80 	ld	e,l
   0031 F8 04                81 	lda	hl,4(sp)
   0033 1A                   82 	ld	a,(de)
   0034 22                   83 	ld	(hl+),a
   0035 13                   84 	inc	de
   0036 1A                   85 	ld	a,(de)
   0037 22                   86 	ld	(hl+),a
   0038 13                   87 	inc	de
   0039 1A                   88 	ld	a,(de)
   003A 22                   89 	ld	(hl+),a
   003B 13                   90 	inc	de
   003C 1A                   91 	ld	a,(de)
   003D 77                   92 	ld	(hl),a
   003E                      93 00107$:
                             94 ;../_modslong.c:259: r = _modulong((a < 0 ? -a : a),
   003E F8 11                95 	lda	hl,17(sp)
   0040 7E                   96 	ld	a,(hl)
   0041 07                   97 	rlca
   0042 E6 01                98 	and	a,#0x01
   0044 4F                   99 	ld	c,a
   0045 B7                  100 	or	a,a
   0046 CAr6Cs00            101 	jp	Z,00108$
   0049 11 00 00            102 	ld	de,#0x0000
   004C 7B                  103 	ld	a,e
   004D F8 0E               104 	lda	hl,14(sp)
   004F 96                  105 	sub	a,(hl)
   0050 5F                  106 	ld	e,a
   0051 7A                  107 	ld	a,d
   0052 23                  108 	inc	hl
   0053 9E                  109 	sbc	a,(hl)
   0054 F5                  110 	push	af
   0055 F8 03               111 	lda	hl,3(sp)
   0057 32                  112 	ld	(hl-),a
   0058 73                  113 	ld	(hl),e
   0059 11 00 00            114 	ld	de,#0x0000
   005C F8 12               115 	lda	hl,18(sp)
   005E F1                  116 	pop	af
   005F 7B                  117 	ld	a,e
   0060 9E                  118 	sbc	a,(hl)
   0061 5F                  119 	ld	e,a
   0062 7A                  120 	ld	a,d
   0063 23                  121 	inc	hl
   0064 9E                  122 	sbc	a,(hl)
   0065 F8 03               123 	lda	hl,3(sp)
   0067 32                  124 	ld	(hl-),a
   0068 73                  125 	ld	(hl),e
   0069 C3r7Ds00            126 	jp	00109$
   006C                     127 00108$:
   006C F8 0E               128 	lda	hl,14(sp)
   006E 54                  129 	ld	d,h
   006F 5D                  130 	ld	e,l
   0070 F8 00               131 	lda	hl,0(sp)
   0072 1A                  132 	ld	a,(de)
   0073 22                  133 	ld	(hl+),a
   0074 13                  134 	inc	de
   0075 1A                  135 	ld	a,(de)
   0076 22                  136 	ld	(hl+),a
   0077 13                  137 	inc	de
   0078 1A                  138 	ld	a,(de)
   0079 22                  139 	ld	(hl+),a
   007A 13                  140 	inc	de
   007B 1A                  141 	ld	a,(de)
   007C 77                  142 	ld	(hl),a
   007D                     143 00109$:
   007D C5                  144 	push	bc
   007E F8 08               145 	lda	hl,8(sp)
   0080 2A                  146 	ld	a,(hl+)
   0081 66                  147 	ld	h,(hl)
   0082 6F                  148 	ld	l,a
   0083 E5                  149 	push	hl
   0084 F8 08               150 	lda	hl,8(sp)
   0086 2A                  151 	ld	a,(hl+)
   0087 66                  152 	ld	h,(hl)
   0088 6F                  153 	ld	l,a
   0089 E5                  154 	push	hl
   008A F8 08               155 	lda	hl,8(sp)
   008C 2A                  156 	ld	a,(hl+)
   008D 66                  157 	ld	h,(hl)
   008E 6F                  158 	ld	l,a
   008F E5                  159 	push	hl
   0090 F8 08               160 	lda	hl,8(sp)
   0092 2A                  161 	ld	a,(hl+)
   0093 66                  162 	ld	h,(hl)
   0094 6F                  163 	ld	l,a
   0095 E5                  164 	push	hl
   0096 CDr00s00            165 	call	__modulong
   0099 E8 08               166 	lda	sp,8(sp)
   009B E5                  167 	push	hl
   009C F8 04               168 	lda	hl,4(sp)
   009E 73                  169 	ld	(hl),e
   009F 23                  170 	inc	hl
   00A0 72                  171 	ld	(hl),d
   00A1 D1                  172 	pop	de
   00A2 23                  173 	inc	hl
   00A3 73                  174 	ld	(hl),e
   00A4 23                  175 	inc	hl
   00A5 72                  176 	ld	(hl),d
   00A6 C1                  177 	pop	bc
   00A7 F8 00               178 	lda	hl,0(sp)
   00A9 54                  179 	ld	d,h
   00AA 5D                  180 	ld	e,l
   00AB F8 08               181 	lda	hl,8(sp)
   00AD 1A                  182 	ld	a,(de)
   00AE 22                  183 	ld	(hl+),a
   00AF 13                  184 	inc	de
   00B0 1A                  185 	ld	a,(de)
   00B1 22                  186 	ld	(hl+),a
   00B2 13                  187 	inc	de
   00B3 1A                  188 	ld	a,(de)
   00B4 22                  189 	ld	(hl+),a
   00B5 13                  190 	inc	de
   00B6 1A                  191 	ld	a,(de)
   00B7 77                  192 	ld	(hl),a
                            193 ;../_modslong.c:261: if (a < 0)
   00B8 AF                  194 	xor	a,a
   00B9 B1                  195 	or	a,c
   00BA CArE9s00            196 	jp	Z,00102$
                            197 ;../_modslong.c:262: return -r;
   00BD 11 00 00            198 	ld	de,#0x0000
   00C0 7B                  199 	ld	a,e
   00C1 F8 08               200 	lda	hl,8(sp)
   00C3 96                  201 	sub	a,(hl)
   00C4 5F                  202 	ld	e,a
   00C5 7A                  203 	ld	a,d
   00C6 23                  204 	inc	hl
   00C7 9E                  205 	sbc	a,(hl)
   00C8 F5                  206 	push	af
   00C9 F8 03               207 	lda	hl,3(sp)
   00CB 32                  208 	ld	(hl-),a
   00CC 73                  209 	ld	(hl),e
   00CD 11 00 00            210 	ld	de,#0x0000
   00D0 F8 0C               211 	lda	hl,12(sp)
   00D2 F1                  212 	pop	af
   00D3 7B                  213 	ld	a,e
   00D4 9E                  214 	sbc	a,(hl)
   00D5 5F                  215 	ld	e,a
   00D6 7A                  216 	ld	a,d
   00D7 23                  217 	inc	hl
   00D8 9E                  218 	sbc	a,(hl)
   00D9 F8 03               219 	lda	hl,3(sp)
   00DB 32                  220 	ld	(hl-),a
   00DC 73                  221 	ld	(hl),e
   00DD 2B                  222 	dec	hl
   00DE 2B                  223 	dec	hl
   00DF 5E                  224 	ld	e,(hl)
   00E0 23                  225 	inc	hl
   00E1 56                  226 	ld	d,(hl)
   00E2 23                  227 	inc	hl
   00E3 2A                  228 	ld	a,(hl+)
   00E4 66                  229 	ld	h,(hl)
   00E5 6F                  230 	ld	l,a
   00E6 C3rF3s00            231 	jp	00104$
   00E9                     232 00102$:
                            233 ;../_modslong.c:264: return r;
   00E9 F8 09               234 	lda	hl,9(sp)
   00EB 2B                  235 	dec	hl
   00EC 5E                  236 	ld	e,(hl)
   00ED 23                  237 	inc	hl
   00EE 56                  238 	ld	d,(hl)
   00EF 23                  239 	inc	hl
   00F0 2A                  240 	ld	a,(hl+)
   00F1 66                  241 	ld	h,(hl)
   00F2 6F                  242 	ld	l,a
   00F3                     243 00104$:
   00F3 E8 0C               244 	lda	sp,12(sp)
   00F5 C9                  245 	ret
   00F6                     246 __modslong_end::
                            247 	.area _CODE
                            248 	.area _CABS
