                              1 ;--------------------------------------------------------
                              2 ; File Created by SDCC : free open source ANSI-C Compiler
                              3 ; Version 2.9.4 #5595 (Oct 23 2013) (Mac OS X ppc)
                              4 ; This file was generated Wed Oct 23 12:26:10 2013
                              5 ;--------------------------------------------------------
                              6 	.module _schar2fs
                              7 	.optsdcc -mgbz80
                              8 	
                              9 ;--------------------------------------------------------
                             10 ; Public variables in this module
                             11 ;--------------------------------------------------------
                             12 	.globl ___schar2fs
                             13 ;--------------------------------------------------------
                             14 ;  ram data
                             15 ;--------------------------------------------------------
                             16 	.area _DATA
                             17 ;--------------------------------------------------------
                             18 ; overlayable items in  ram 
                             19 ;--------------------------------------------------------
                             20 	.area _OVERLAY
                             21 ;--------------------------------------------------------
                             22 ; external initialized ram data
                             23 ;--------------------------------------------------------
                             24 ;--------------------------------------------------------
                             25 ; global & static initialisations
                             26 ;--------------------------------------------------------
                             27 	.area _HOME
                             28 	.area _GSINIT
                             29 	.area _GSFINAL
                             30 	.area _GSINIT
                             31 ;--------------------------------------------------------
                             32 ; Home
                             33 ;--------------------------------------------------------
                             34 	.area _HOME
                             35 	.area _HOME
                             36 ;--------------------------------------------------------
                             37 ; code
                             38 ;--------------------------------------------------------
                             39 	.area _CODE
                             40 ;../_schar2fs.c:45: float __schar2fs (signed char sc) {
                             41 ;	---------------------------------
                             42 ; Function __schar2fs
                             43 ; ---------------------------------
   0000                      44 ___schar2fs_start::
   0000                      45 ___schar2fs:
                             46 	
   0000 F5                   47 	push	af
   0001 F5                   48 	push	af
                             49 ;../_schar2fs.c:46: return __slong2fs(sc);
   0002 F8 06                50 	lda	hl,6(sp)
   0004 7E                   51 	ld	a,(hl)
   0005 F8 00                52 	lda	hl,0(sp)
   0007 77                   53 	ld	(hl),a
   0008 F8 06                54 	lda	hl,6(sp)
   000A 7E                   55 	ld	a,(hl)
   000B 17                   56 	rla	
   000C 9F                   57 	sbc	a,a
   000D F8 01                58 	lda	hl,1(sp)
   000F 22                   59 	ld	(hl+),a
   0010 22                   60 	ld	(hl+),a
   0011 32                   61 	ld	(hl-),a
   0012 2A                   62 	ld	a,(hl+)
   0013 66                   63 	ld	h,(hl)
   0014 6F                   64 	ld	l,a
   0015 E5                   65 	push	hl
   0016 F8 02                66 	lda	hl,2(sp)
   0018 2A                   67 	ld	a,(hl+)
   0019 66                   68 	ld	h,(hl)
   001A 6F                   69 	ld	l,a
   001B E5                   70 	push	hl
   001C CDr00s00             71 	call	___slong2fs
   001F E8 04                72 	lda	sp,4(sp)
   0021 E5                   73 	push	hl
   0022 F8 02                74 	lda	hl,2(sp)
   0024 73                   75 	ld	(hl),e
   0025 23                   76 	inc	hl
   0026 72                   77 	ld	(hl),d
   0027 D1                   78 	pop	de
   0028 23                   79 	inc	hl
   0029 73                   80 	ld	(hl),e
   002A 23                   81 	inc	hl
   002B 72                   82 	ld	(hl),d
   002C F8 01                83 	lda	hl,1(sp)
   002E 2B                   84 	dec	hl
   002F 5E                   85 	ld	e,(hl)
   0030 23                   86 	inc	hl
   0031 56                   87 	ld	d,(hl)
   0032 23                   88 	inc	hl
   0033 2A                   89 	ld	a,(hl+)
   0034 66                   90 	ld	h,(hl)
   0035 6F                   91 	ld	l,a
   0036                      92 00101$:
   0036 E8 04                93 	lda	sp,4(sp)
   0038 C9                   94 	ret
   0039                      95 ___schar2fs_end::
                             96 	.area _CODE
                             97 	.area _CABS
