                              1 ;--------------------------------------------------------
                              2 ; File Created by SDCC : free open source ANSI-C Compiler
                              3 ; Version 2.9.4 #5595 (Oct 23 2013) (Mac OS X ppc)
                              4 ; This file was generated Wed Oct 23 12:26:10 2013
                              5 ;--------------------------------------------------------
                              6 	.module _sint2fs
                              7 	.optsdcc -mgbz80
                              8 	
                              9 ;--------------------------------------------------------
                             10 ; Public variables in this module
                             11 ;--------------------------------------------------------
                             12 	.globl ___sint2fs
                             13 ;--------------------------------------------------------
                             14 ;  ram data
                             15 ;--------------------------------------------------------
                             16 	.area _DATA
                             17 ;--------------------------------------------------------
                             18 ; overlayable items in  ram 
                             19 ;--------------------------------------------------------
                             20 	.area _OVERLAY
                             21 ;--------------------------------------------------------
                             22 ; external initialized ram data
                             23 ;--------------------------------------------------------
                             24 ;--------------------------------------------------------
                             25 ; global & static initialisations
                             26 ;--------------------------------------------------------
                             27 	.area _HOME
                             28 	.area _GSINIT
                             29 	.area _GSFINAL
                             30 	.area _GSINIT
                             31 ;--------------------------------------------------------
                             32 ; Home
                             33 ;--------------------------------------------------------
                             34 	.area _HOME
                             35 	.area _HOME
                             36 ;--------------------------------------------------------
                             37 ; code
                             38 ;--------------------------------------------------------
                             39 	.area _CODE
                             40 ;../_sint2fs.c:44: float __sint2fs (signed int si) {
                             41 ;	---------------------------------
                             42 ; Function __sint2fs
                             43 ; ---------------------------------
   0000                      44 ___sint2fs_start::
   0000                      45 ___sint2fs:
                             46 	
   0000 F5                   47 	push	af
   0001 F5                   48 	push	af
                             49 ;../_sint2fs.c:45: return __slong2fs(si);
   0002 F8 06                50 	lda	hl,6(sp)
   0004 7E                   51 	ld	a,(hl)
   0005 F8 00                52 	lda	hl,0(sp)
   0007 77                   53 	ld	(hl),a
   0008 F8 07                54 	lda	hl,7(sp)
   000A 7E                   55 	ld	a,(hl)
   000B F8 01                56 	lda	hl,1(sp)
   000D 77                   57 	ld	(hl),a
   000E F8 07                58 	lda	hl,7(sp)
   0010 7E                   59 	ld	a,(hl)
   0011 17                   60 	rla	
   0012 9F                   61 	sbc	a,a
   0013 F8 02                62 	lda	hl,2(sp)
   0015 22                   63 	ld	(hl+),a
   0016 32                   64 	ld	(hl-),a
   0017 2A                   65 	ld	a,(hl+)
   0018 66                   66 	ld	h,(hl)
   0019 6F                   67 	ld	l,a
   001A E5                   68 	push	hl
   001B F8 02                69 	lda	hl,2(sp)
   001D 2A                   70 	ld	a,(hl+)
   001E 66                   71 	ld	h,(hl)
   001F 6F                   72 	ld	l,a
   0020 E5                   73 	push	hl
   0021 CDr00s00             74 	call	___slong2fs
   0024 E8 04                75 	lda	sp,4(sp)
   0026 E5                   76 	push	hl
   0027 F8 02                77 	lda	hl,2(sp)
   0029 73                   78 	ld	(hl),e
   002A 23                   79 	inc	hl
   002B 72                   80 	ld	(hl),d
   002C D1                   81 	pop	de
   002D 23                   82 	inc	hl
   002E 73                   83 	ld	(hl),e
   002F 23                   84 	inc	hl
   0030 72                   85 	ld	(hl),d
   0031 F8 01                86 	lda	hl,1(sp)
   0033 2B                   87 	dec	hl
   0034 5E                   88 	ld	e,(hl)
   0035 23                   89 	inc	hl
   0036 56                   90 	ld	d,(hl)
   0037 23                   91 	inc	hl
   0038 2A                   92 	ld	a,(hl+)
   0039 66                   93 	ld	h,(hl)
   003A 6F                   94 	ld	l,a
   003B                      95 00101$:
   003B E8 04                96 	lda	sp,4(sp)
   003D C9                   97 	ret
   003E                      98 ___sint2fs_end::
                             99 	.area _CODE
                            100 	.area _CABS
