                              1 ;--------------------------------------------------------
                              2 ; File Created by SDCC : free open source ANSI-C Compiler
                              3 ; Version 2.9.4 #5595 (Oct 23 2013) (Mac OS X ppc)
                              4 ; This file was generated Wed Oct 23 12:26:13 2013
                              5 ;--------------------------------------------------------
                              6 	.module _startup
                              7 	.optsdcc -mgbz80
                              8 	
                              9 ;--------------------------------------------------------
                             10 ; Public variables in this module
                             11 ;--------------------------------------------------------
                             12 	.globl __sdcc_external_startup
                             13 ;--------------------------------------------------------
                             14 ;  ram data
                             15 ;--------------------------------------------------------
                             16 	.area _DATA
                             17 ;--------------------------------------------------------
                             18 ; overlayable items in  ram 
                             19 ;--------------------------------------------------------
                             20 	.area _OVERLAY
                             21 ;--------------------------------------------------------
                             22 ; external initialized ram data
                             23 ;--------------------------------------------------------
                             24 ;--------------------------------------------------------
                             25 ; global & static initialisations
                             26 ;--------------------------------------------------------
                             27 	.area _HOME
                             28 	.area _GSINIT
                             29 	.area _GSFINAL
                             30 	.area _GSINIT
                             31 ;--------------------------------------------------------
                             32 ; Home
                             33 ;--------------------------------------------------------
                             34 	.area _HOME
                             35 	.area _HOME
                             36 ;--------------------------------------------------------
                             37 ; code
                             38 ;--------------------------------------------------------
                             39 	.area _CODE
                             40 ;../_startup.c:32: unsigned char _sdcc_external_startup ()
                             41 ;	---------------------------------
                             42 ; Function _sdcc_external_startup
                             43 ; ---------------------------------
   0000                      44 __sdcc_external_startup_start::
   0000                      45 __sdcc_external_startup:
                             46 	
                             47 ;../_startup.c:34: return 0;
   0000 1E 00                48 	ld	e,#0x00
   0002                      49 00101$:
                             50 	
   0002 C9                   51 	ret
   0003                      52 __sdcc_external_startup_end::
                             53 	.area _CODE
                             54 	.area _CABS
