                              1 ;--------------------------------------------------------
                              2 ; File Created by SDCC : free open source ANSI-C Compiler
                              3 ; Version 2.9.4 #5595 (Oct 23 2013) (Mac OS X ppc)
                              4 ; This file was generated Wed Oct 23 12:26:12 2013
                              5 ;--------------------------------------------------------
                              6 	.module _strcmp
                              7 	.optsdcc -mgbz80
                              8 	
                              9 ;--------------------------------------------------------
                             10 ; Public variables in this module
                             11 ;--------------------------------------------------------
                             12 	.globl _strcmp
                             13 ;--------------------------------------------------------
                             14 ;  ram data
                             15 ;--------------------------------------------------------
                             16 	.area _DATA
                             17 ;--------------------------------------------------------
                             18 ; overlayable items in  ram 
                             19 ;--------------------------------------------------------
                             20 	.area _OVERLAY
                             21 ;--------------------------------------------------------
                             22 ; external initialized ram data
                             23 ;--------------------------------------------------------
                             24 ;--------------------------------------------------------
                             25 ; global & static initialisations
                             26 ;--------------------------------------------------------
                             27 	.area _HOME
                             28 	.area _GSINIT
                             29 	.area _GSFINAL
                             30 	.area _GSINIT
                             31 ;--------------------------------------------------------
                             32 ; Home
                             33 ;--------------------------------------------------------
                             34 	.area _HOME
                             35 	.area _HOME
                             36 ;--------------------------------------------------------
                             37 ; code
                             38 ;--------------------------------------------------------
                             39 	.area _CODE
                             40 ;../_strcmp.c:29: int strcmp (
                             41 ;	---------------------------------
                             42 ; Function strcmp
                             43 ; ---------------------------------
   0000                      44 _strcmp_start::
   0000                      45 _strcmp:
   0000 E8 F9                46 	lda	sp,-7(sp)
                             47 ;../_strcmp.c:38: const char * src = asrc;
   0002 F8 09                48 	lda	hl,9(sp)
   0004 2A                   49 	ld	a,(hl+)
   0005 5E                   50 	ld	e,(hl)
   0006 F8 05                51 	lda	hl,5(sp)
   0008 22                   52 	ld	(hl+),a
   0009 73                   53 	ld	(hl),e
                             54 ;../_strcmp.c:39: const char * dst = adst;
   000A F8 0B                55 	lda	hl,11(sp)
   000C 2A                   56 	ld	a,(hl+)
   000D 5E                   57 	ld	e,(hl)
   000E F8 03                58 	lda	hl,3(sp)
   0010 22                   59 	ld	(hl+),a
   0011 73                   60 	ld	(hl),e
                             61 ;../_strcmp.c:41: while( ! (*src - *dst) && *dst)
   0012                      62 00102$:
   0012 F8 06                63 	lda	hl,6(sp)
   0014 2B                   64 	dec	hl
   0015 5E                   65 	ld	e,(hl)
   0016 23                   66 	inc	hl
   0017 56                   67 	ld	d,(hl)
   0018 1A                   68 	ld	a,(de)
   0019 4F                   69 	ld	c,a
   001A F8 00                70 	lda	hl,0(sp)
   001C 71                   71 	ld	(hl),c
   001D 79                   72 	ld	a,c
   001E 17                   73 	rla	
   001F 9F                   74 	sbc	a,a
   0020 23                   75 	inc	hl
   0021 77                   76 	ld	(hl),a
   0022 F8 04                77 	lda	hl,4(sp)
   0024 2B                   78 	dec	hl
   0025 5E                   79 	ld	e,(hl)
   0026 23                   80 	inc	hl
   0027 56                   81 	ld	d,(hl)
   0028 1A                   82 	ld	a,(de)
   0029 2B                   83 	dec	hl
   002A 2B                   84 	dec	hl
   002B 77                   85 	ld	(hl),a
   002C 4F                   86 	ld	c,a
   002D 7E                   87 	ld	a,(hl)
   002E 17                   88 	rla	
   002F 9F                   89 	sbc	a,a
   0030 47                   90 	ld	b,a
   0031 2B                   91 	dec	hl
   0032 2B                   92 	dec	hl
   0033 5E                   93 	ld	e,(hl)
   0034 23                   94 	inc	hl
   0035 56                   95 	ld	d,(hl)
   0036 7B                   96 	ld	a,e
   0037 91                   97 	sub	a,c
   0038 5F                   98 	ld	e,a
   0039 7A                   99 	ld	a,d
   003A 98                  100 	sbc	a,b
   003B 47                  101 	ld	b,a
   003C 4B                  102 	ld	c,e
   003D 79                  103 	ld	a,c
   003E B0                  104 	or	a,b
   003F C2r59s00            105 	jp	NZ,00104$
   0042 AF                  106 	xor	a,a
   0043 23                  107 	inc	hl
   0044 B6                  108 	or	a,(hl)
   0045 CAr59s00            109 	jp	Z,00104$
                            110 ;../_strcmp.c:42: ++src, ++dst;
   0048 F8 05               111 	lda	hl,5(sp)
   004A 34                  112 	inc	(hl)
   004B 20 02               113 	jr	NZ,00110$
   004D 23                  114 	inc	hl
   004E 34                  115 	inc	(hl)
   004F                     116 00110$:
   004F F8 03               117 	lda	hl,3(sp)
   0051 34                  118 	inc	(hl)
   0052 20 02               119 	jr	NZ,00111$
   0054 23                  120 	inc	hl
   0055 34                  121 	inc	(hl)
   0056                     122 00111$:
   0056 C3r12s00            123 	jp	00102$
   0059                     124 00104$:
                            125 ;../_strcmp.c:44: return *src - *dst;
   0059 F8 06               126 	lda	hl,6(sp)
   005B 2B                  127 	dec	hl
   005C 5E                  128 	ld	e,(hl)
   005D 23                  129 	inc	hl
   005E 56                  130 	ld	d,(hl)
   005F 1A                  131 	ld	a,(de)
   0060 4F                  132 	ld	c,a
   0061 F8 00               133 	lda	hl,0(sp)
   0063 71                  134 	ld	(hl),c
   0064 79                  135 	ld	a,c
   0065 17                  136 	rla	
   0066 9F                  137 	sbc	a,a
   0067 23                  138 	inc	hl
   0068 77                  139 	ld	(hl),a
   0069 F8 04               140 	lda	hl,4(sp)
   006B 2B                  141 	dec	hl
   006C 5E                  142 	ld	e,(hl)
   006D 23                  143 	inc	hl
   006E 56                  144 	ld	d,(hl)
   006F 1A                  145 	ld	a,(de)
   0070 4F                  146 	ld	c,a
   0071 17                  147 	rla	
   0072 9F                  148 	sbc	a,a
   0073 47                  149 	ld	b,a
   0074 F8 01               150 	lda	hl,1(sp)
   0076 2B                  151 	dec	hl
   0077 5E                  152 	ld	e,(hl)
   0078 23                  153 	inc	hl
   0079 56                  154 	ld	d,(hl)
   007A 7B                  155 	ld	a,e
   007B 91                  156 	sub	a,c
   007C 5F                  157 	ld	e,a
   007D 7A                  158 	ld	a,d
   007E 98                  159 	sbc	a,b
   007F 57                  160 	ld	d,a
   0080                     161 00105$:
   0080 E8 07               162 	lda	sp,7(sp)
   0082 C9                  163 	ret
   0083                     164 _strcmp_end::
                            165 	.area _CODE
                            166 	.area _CABS
