                              1 ;--------------------------------------------------------
                              2 ; File Created by SDCC : free open source ANSI-C Compiler
                              3 ; Version 2.9.4 #5595 (Oct 23 2013) (Mac OS X ppc)
                              4 ; This file was generated Wed Oct 23 12:26:12 2013
                              5 ;--------------------------------------------------------
                              6 	.module _strcspn
                              7 	.optsdcc -mgbz80
                              8 	
                              9 ;--------------------------------------------------------
                             10 ; Public variables in this module
                             11 ;--------------------------------------------------------
                             12 	.globl _strcspn
                             13 ;--------------------------------------------------------
                             14 ;  ram data
                             15 ;--------------------------------------------------------
                             16 	.area _DATA
                             17 ;--------------------------------------------------------
                             18 ; overlayable items in  ram 
                             19 ;--------------------------------------------------------
                             20 	.area _OVERLAY
                             21 ;--------------------------------------------------------
                             22 ; external initialized ram data
                             23 ;--------------------------------------------------------
                             24 ;--------------------------------------------------------
                             25 ; global & static initialisations
                             26 ;--------------------------------------------------------
                             27 	.area _HOME
                             28 	.area _GSINIT
                             29 	.area _GSFINAL
                             30 	.area _GSINIT
                             31 ;--------------------------------------------------------
                             32 ; Home
                             33 ;--------------------------------------------------------
                             34 	.area _HOME
                             35 	.area _HOME
                             36 ;--------------------------------------------------------
                             37 ; code
                             38 ;--------------------------------------------------------
                             39 	.area _CODE
                             40 ;../_strcspn.c:35: size_t strcspn ( 
                             41 ;	---------------------------------
                             42 ; Function strcspn
                             43 ; ---------------------------------
   0000                      44 _strcspn_start::
   0000                      45 _strcspn:
                             46 	
   0000 F5                   47 	push	af
   0001 F5                   48 	push	af
                             49 ;../_strcspn.c:43: while (ch = *string) {
   0002 F8 02                50 	lda	hl,2(sp)
   0004 36 00                51 	ld	(hl),#0x00
   0006 23                   52 	inc	hl
   0007 36 00                53 	ld	(hl),#0x00
   0009 F8 06                54 	lda	hl,6(sp)
   000B 2A                   55 	ld	a,(hl+)
   000C 5E                   56 	ld	e,(hl)
   000D F8 00                57 	lda	hl,0(sp)
   000F 22                   58 	ld	(hl+),a
   0010 73                   59 	ld	(hl),e
   0011                      60 00104$:
   0011 F8 01                61 	lda	hl,1(sp)
   0013 2B                   62 	dec	hl
   0014 5E                   63 	ld	e,(hl)
   0015 23                   64 	inc	hl
   0016 56                   65 	ld	d,(hl)
   0017 1A                   66 	ld	a,(de)
   0018 4F                   67 	ld	c,a
   0019 41                   68 	ld	b,c
   001A AF                   69 	xor	a,a
   001B B1                   70 	or	a,c
   001C CAr44s00             71 	jp	Z,00106$
                             72 ;../_strcspn.c:44: if (strchr(control,ch))
   001F C5                   73 	push	bc
   0020 33                   74 	inc	sp
   0021 F8 09                75 	lda	hl,9(sp)
   0023 2A                   76 	ld	a,(hl+)
   0024 66                   77 	ld	h,(hl)
   0025 6F                   78 	ld	l,a
   0026 E5                   79 	push	hl
   0027 CDr00s00             80 	call	_strchr
   002A E8 03                81 	lda	sp,3(sp)
   002C 42                   82 	ld	b,d
   002D 4B                   83 	ld	c,e
   002E 79                   84 	ld	a,c
   002F B0                   85 	or	a,b
   0030 C2r44s00             86 	jp	NZ,00106$
                             87 ;../_strcspn.c:47: count++ ;
   0033 F8 02                88 	lda	hl,2(sp)
   0035 34                   89 	inc	(hl)
   0036 20 02                90 	jr	NZ,00113$
   0038 23                   91 	inc	hl
   0039 34                   92 	inc	(hl)
   003A                      93 00113$:
                             94 ;../_strcspn.c:48: string++ ;
   003A F8 00                95 	lda	hl,0(sp)
   003C 34                   96 	inc	(hl)
   003D 20 02                97 	jr	NZ,00114$
   003F 23                   98 	inc	hl
   0040 34                   99 	inc	(hl)
   0041                     100 00114$:
   0041 C3r11s00            101 	jp	00104$
   0044                     102 00106$:
                            103 ;../_strcspn.c:51: return count ;
   0044 F8 03               104 	lda	hl,3(sp)
   0046 2B                  105 	dec	hl
   0047 5E                  106 	ld	e,(hl)
   0048 23                  107 	inc	hl
   0049 56                  108 	ld	d,(hl)
   004A                     109 00107$:
   004A E8 04               110 	lda	sp,4(sp)
   004C C9                  111 	ret
   004D                     112 _strcspn_end::
                            113 	.area _CODE
                            114 	.area _CABS
