                              1 ;--------------------------------------------------------
                              2 ; File Created by SDCC : free open source ANSI-C Compiler
                              3 ; Version 2.9.4 #5595 (Oct 23 2013) (Mac OS X ppc)
                              4 ; This file was generated Wed Oct 23 12:26:12 2013
                              5 ;--------------------------------------------------------
                              6 	.module _strncpy
                              7 	.optsdcc -mgbz80
                              8 	
                              9 ;--------------------------------------------------------
                             10 ; Public variables in this module
                             11 ;--------------------------------------------------------
                             12 	.globl _strncpy
                             13 ;--------------------------------------------------------
                             14 ;  ram data
                             15 ;--------------------------------------------------------
                             16 	.area _DATA
                             17 ;--------------------------------------------------------
                             18 ; overlayable items in  ram 
                             19 ;--------------------------------------------------------
                             20 	.area _OVERLAY
                             21 ;--------------------------------------------------------
                             22 ; external initialized ram data
                             23 ;--------------------------------------------------------
                             24 ;--------------------------------------------------------
                             25 ; global & static initialisations
                             26 ;--------------------------------------------------------
                             27 	.area _HOME
                             28 	.area _GSINIT
                             29 	.area _GSFINAL
                             30 	.area _GSINIT
                             31 ;--------------------------------------------------------
                             32 ; Home
                             33 ;--------------------------------------------------------
                             34 	.area _HOME
                             35 	.area _HOME
                             36 ;--------------------------------------------------------
                             37 ; code
                             38 ;--------------------------------------------------------
                             39 	.area _CODE
                             40 ;../_strncpy.c:26: char *strncpy (
                             41 ;	---------------------------------
                             42 ; Function strncpy
                             43 ; ---------------------------------
   0000                      44 _strncpy_start::
   0000                      45 _strncpy:
   0000 E8 F9                46 	lda	sp,-7(sp)
                             47 ;../_strncpy.c:31: register char * d1 =  d;
   0002 F8 09                48 	lda	hl,9(sp)
   0004 2A                   49 	ld	a,(hl+)
   0005 5E                   50 	ld	e,(hl)
   0006 F8 05                51 	lda	hl,5(sp)
   0008 22                   52 	ld	(hl+),a
   0009 73                   53 	ld	(hl),e
                             54 ;../_strncpy.c:33: while ( n && *s )
   000A F8 0E                55 	lda	hl,14(sp)
   000C 2B                   56 	dec	hl
   000D 4E                   57 	ld	c,(hl)
   000E 23                   58 	inc	hl
   000F 46                   59 	ld	b,(hl)
   0010 F8 0B                60 	lda	hl,11(sp)
   0012 2A                   61 	ld	a,(hl+)
   0013 5E                   62 	ld	e,(hl)
   0014 F8 03                63 	lda	hl,3(sp)
   0016 22                   64 	ld	(hl+),a
   0017 73                   65 	ld	(hl),e
   0018 23                   66 	inc	hl
   0019 2A                   67 	ld	a,(hl+)
   001A 5E                   68 	ld	e,(hl)
   001B F8 01                69 	lda	hl,1(sp)
   001D 22                   70 	ld	(hl+),a
   001E 73                   71 	ld	(hl),e
   001F                      72 00102$:
   001F 79                   73 	ld	a,c
   0020 B0                   74 	or	a,b
   0021 CAr4Bs00             75 	jp	Z,00114$
   0024 F8 04                76 	lda	hl,4(sp)
   0026 2B                   77 	dec	hl
   0027 5E                   78 	ld	e,(hl)
   0028 23                   79 	inc	hl
   0029 56                   80 	ld	d,(hl)
   002A 1A                   81 	ld	a,(de)
   002B F8 00                82 	lda	hl,0(sp)
   002D 77                   83 	ld	(hl),a
   002E B7                   84 	or	a,a
   002F CAr4Bs00             85 	jp	Z,00114$
                             86 ;../_strncpy.c:35: n-- ;
   0032 0B                   87 	dec	bc
                             88 ;../_strncpy.c:36: *d++ = *s++ ;
   0033 7E                   89 	ld	a,(hl)
   0034 F8 03                90 	lda	hl,3(sp)
   0036 34                   91 	inc	(hl)
   0037 20 02                92 	jr	NZ,00117$
   0039 23                   93 	inc	hl
   003A 34                   94 	inc	(hl)
   003B                      95 00117$:
   003B 2B                   96 	dec	hl
   003C 2B                   97 	dec	hl
   003D 2B                   98 	dec	hl
   003E 5E                   99 	ld	e,(hl)
   003F 23                  100 	inc	hl
   0040 56                  101 	ld	d,(hl)
   0041 12                  102 	ld	(de),a
   0042 2B                  103 	dec	hl
   0043 34                  104 	inc	(hl)
   0044 20 02               105 	jr	NZ,00118$
   0046 23                  106 	inc	hl
   0047 34                  107 	inc	(hl)
   0048                     108 00118$:
   0048 C3r1Fs00            109 	jp	00102$
                            110 ;../_strncpy.c:38: while ( n-- )
   004B                     111 00114$:
   004B F8 03               112 	lda	hl,3(sp)
   004D 71                  113 	ld	(hl),c
   004E 23                  114 	inc	hl
   004F 70                  115 	ld	(hl),b
   0050                     116 00105$:
   0050 F8 04               117 	lda	hl,4(sp)
   0052 2B                  118 	dec	hl
   0053 4E                  119 	ld	c,(hl)
   0054 23                  120 	inc	hl
   0055 46                  121 	ld	b,(hl)
   0056 2B                  122 	dec	hl
   0057 5E                  123 	ld	e,(hl)
   0058 23                  124 	inc	hl
   0059 56                  125 	ld	d,(hl)
   005A 1B                  126 	dec	de
   005B 2B                  127 	dec	hl
   005C 73                  128 	ld	(hl),e
   005D 23                  129 	inc	hl
   005E 72                  130 	ld	(hl),d
   005F 79                  131 	ld	a,c
   0060 B0                  132 	or	a,b
   0061 CAr76s00            133 	jp	Z,00107$
                            134 ;../_strncpy.c:40: *d++ = '\0' ;
   0064 2B                  135 	dec	hl
   0065 2B                  136 	dec	hl
   0066 2B                  137 	dec	hl
   0067 5E                  138 	ld	e,(hl)
   0068 23                  139 	inc	hl
   0069 56                  140 	ld	d,(hl)
   006A 3E 00               141 	ld	a,#0x00
   006C 12                  142 	ld	(de),a
   006D 2B                  143 	dec	hl
   006E 34                  144 	inc	(hl)
   006F 20 02               145 	jr	NZ,00119$
   0071 23                  146 	inc	hl
   0072 34                  147 	inc	(hl)
   0073                     148 00119$:
   0073 C3r50s00            149 	jp	00105$
   0076                     150 00107$:
                            151 ;../_strncpy.c:42: return d1;
   0076 F8 06               152 	lda	hl,6(sp)
   0078 2B                  153 	dec	hl
   0079 5E                  154 	ld	e,(hl)
   007A 23                  155 	inc	hl
   007B 56                  156 	ld	d,(hl)
   007C                     157 00108$:
   007C E8 07               158 	lda	sp,7(sp)
   007E C9                  159 	ret
   007F                     160 _strncpy_end::
                            161 	.area _CODE
                            162 	.area _CABS
