                              1 ;--------------------------------------------------------
                              2 ; File Created by SDCC : free open source ANSI-C Compiler
                              3 ; Version 2.9.4 #5595 (Oct 23 2013) (Mac OS X ppc)
                              4 ; This file was generated Wed Oct 23 12:26:12 2013
                              5 ;--------------------------------------------------------
                              6 	.module _strpbrk
                              7 	.optsdcc -mgbz80
                              8 	
                              9 ;--------------------------------------------------------
                             10 ; Public variables in this module
                             11 ;--------------------------------------------------------
                             12 	.globl _strpbrk
                             13 ;--------------------------------------------------------
                             14 ;  ram data
                             15 ;--------------------------------------------------------
                             16 	.area _DATA
                             17 ;--------------------------------------------------------
                             18 ; overlayable items in  ram 
                             19 ;--------------------------------------------------------
                             20 	.area _OVERLAY
                             21 ;--------------------------------------------------------
                             22 ; external initialized ram data
                             23 ;--------------------------------------------------------
                             24 ;--------------------------------------------------------
                             25 ; global & static initialisations
                             26 ;--------------------------------------------------------
                             27 	.area _HOME
                             28 	.area _GSINIT
                             29 	.area _GSFINAL
                             30 	.area _GSINIT
                             31 ;--------------------------------------------------------
                             32 ; Home
                             33 ;--------------------------------------------------------
                             34 	.area _HOME
                             35 	.area _HOME
                             36 ;--------------------------------------------------------
                             37 ; code
                             38 ;--------------------------------------------------------
                             39 	.area _CODE
                             40 ;../_strpbrk.c:26: char * strpbrk ( 
                             41 ;	---------------------------------
                             42 ; Function strpbrk
                             43 ; ---------------------------------
   0000                      44 _strpbrk_start::
   0000                      45 _strpbrk:
                             46 	
   0000 F5                   47 	push	af
                             48 ;../_strpbrk.c:33: while ( ch = *string ) {
   0001 F8 04                49 	lda	hl,4(sp)
   0003 2A                   50 	ld	a,(hl+)
   0004 5E                   51 	ld	e,(hl)
   0005 F8 00                52 	lda	hl,0(sp)
   0007 22                   53 	ld	(hl+),a
   0008 73                   54 	ld	(hl),e
   0009                      55 00103$:
   0009 F8 01                56 	lda	hl,1(sp)
   000B 2B                   57 	dec	hl
   000C 5E                   58 	ld	e,(hl)
   000D 23                   59 	inc	hl
   000E 56                   60 	ld	d,(hl)
   000F 1A                   61 	ld	a,(de)
   0010 4F                   62 	ld	c,a
   0011 41                   63 	ld	b,c
   0012 AF                   64 	xor	a,a
   0013 B1                   65 	or	a,c
   0014 CAr34s00             66 	jp	Z,00105$
                             67 ;../_strpbrk.c:34: if (strchr (control, ch ))
   0017 C5                   68 	push	bc
   0018 33                   69 	inc	sp
   0019 F8 07                70 	lda	hl,7(sp)
   001B 2A                   71 	ld	a,(hl+)
   001C 66                   72 	ld	h,(hl)
   001D 6F                   73 	ld	l,a
   001E E5                   74 	push	hl
   001F CDr00s00             75 	call	_strchr
   0022 E8 03                76 	lda	sp,3(sp)
   0024 42                   77 	ld	b,d
   0025 4B                   78 	ld	c,e
   0026 79                   79 	ld	a,c
   0027 B0                   80 	or	a,b
   0028 CAr09s00             81 	jp	Z,00103$
                             82 ;../_strpbrk.c:35: return string ;
   002B F8 01                83 	lda	hl,1(sp)
   002D 2B                   84 	dec	hl
   002E 5E                   85 	ld	e,(hl)
   002F 23                   86 	inc	hl
   0030 56                   87 	ld	d,(hl)
   0031 C3r37s00             88 	jp	00106$
   0034                      89 00105$:
                             90 ;../_strpbrk.c:38: return (NULL);
   0034 11 00 00             91 	ld	de,#0x0000
   0037                      92 00106$:
   0037 E8 02                93 	lda	sp,2(sp)
   0039 C9                   94 	ret
   003A                      95 _strpbrk_end::
                             96 	.area _CODE
                             97 	.area _CABS
