                              1 ;--------------------------------------------------------
                              2 ; File Created by SDCC : free open source ANSI-C Compiler
                              3 ; Version 2.9.4 #5595 (Oct 23 2013) (Mac OS X ppc)
                              4 ; This file was generated Wed Oct 23 12:26:10 2013
                              5 ;--------------------------------------------------------
                              6 	.module _uchar2fs
                              7 	.optsdcc -mgbz80
                              8 	
                              9 ;--------------------------------------------------------
                             10 ; Public variables in this module
                             11 ;--------------------------------------------------------
                             12 	.globl ___uchar2fs
                             13 ;--------------------------------------------------------
                             14 ;  ram data
                             15 ;--------------------------------------------------------
                             16 	.area _DATA
                             17 ;--------------------------------------------------------
                             18 ; overlayable items in  ram 
                             19 ;--------------------------------------------------------
                             20 	.area _OVERLAY
                             21 ;--------------------------------------------------------
                             22 ; external initialized ram data
                             23 ;--------------------------------------------------------
                             24 ;--------------------------------------------------------
                             25 ; global & static initialisations
                             26 ;--------------------------------------------------------
                             27 	.area _HOME
                             28 	.area _GSINIT
                             29 	.area _GSFINAL
                             30 	.area _GSINIT
                             31 ;--------------------------------------------------------
                             32 ; Home
                             33 ;--------------------------------------------------------
                             34 	.area _HOME
                             35 	.area _HOME
                             36 ;--------------------------------------------------------
                             37 ; code
                             38 ;--------------------------------------------------------
                             39 	.area _CODE
                             40 ;../_uchar2fs.c:45: float __uchar2fs (unsigned char uc) {
                             41 ;	---------------------------------
                             42 ; Function __uchar2fs
                             43 ; ---------------------------------
   0000                      44 ___uchar2fs_start::
   0000                      45 ___uchar2fs:
                             46 	
   0000 F5                   47 	push	af
   0001 F5                   48 	push	af
                             49 ;../_uchar2fs.c:46: return __ulong2fs(uc);
   0002 F8 06                50 	lda	hl,6(sp)
   0004 7E                   51 	ld	a,(hl)
   0005 F8 00                52 	lda	hl,0(sp)
   0007 22                   53 	ld	(hl+),a
   0008 36 00                54 	ld	(hl),#0x00
   000A 23                   55 	inc	hl
   000B 36 00                56 	ld	(hl),#0x00
   000D 23                   57 	inc	hl
   000E 36 00                58 	ld	(hl),#0x00
   0010 2B                   59 	dec	hl
   0011 2A                   60 	ld	a,(hl+)
   0012 66                   61 	ld	h,(hl)
   0013 6F                   62 	ld	l,a
   0014 E5                   63 	push	hl
   0015 F8 02                64 	lda	hl,2(sp)
   0017 2A                   65 	ld	a,(hl+)
   0018 66                   66 	ld	h,(hl)
   0019 6F                   67 	ld	l,a
   001A E5                   68 	push	hl
   001B CDr00s00             69 	call	___ulong2fs
   001E E8 04                70 	lda	sp,4(sp)
   0020 E5                   71 	push	hl
   0021 F8 02                72 	lda	hl,2(sp)
   0023 73                   73 	ld	(hl),e
   0024 23                   74 	inc	hl
   0025 72                   75 	ld	(hl),d
   0026 D1                   76 	pop	de
   0027 23                   77 	inc	hl
   0028 73                   78 	ld	(hl),e
   0029 23                   79 	inc	hl
   002A 72                   80 	ld	(hl),d
   002B F8 01                81 	lda	hl,1(sp)
   002D 2B                   82 	dec	hl
   002E 5E                   83 	ld	e,(hl)
   002F 23                   84 	inc	hl
   0030 56                   85 	ld	d,(hl)
   0031 23                   86 	inc	hl
   0032 2A                   87 	ld	a,(hl+)
   0033 66                   88 	ld	h,(hl)
   0034 6F                   89 	ld	l,a
   0035                      90 00101$:
   0035 E8 04                91 	lda	sp,4(sp)
   0037 C9                   92 	ret
   0038                      93 ___uchar2fs_end::
                             94 	.area _CODE
                             95 	.area _CABS
