                              1 ;--------------------------------------------------------
                              2 ; File Created by SDCC : free open source ANSI-C Compiler
                              3 ; Version 2.9.4 #5595 (Oct 23 2013) (Mac OS X ppc)
                              4 ; This file was generated Wed Oct 23 12:26:10 2013
                              5 ;--------------------------------------------------------
                              6 	.module _uint2fs
                              7 	.optsdcc -mgbz80
                              8 	
                              9 ;--------------------------------------------------------
                             10 ; Public variables in this module
                             11 ;--------------------------------------------------------
                             12 	.globl ___uint2fs
                             13 ;--------------------------------------------------------
                             14 ;  ram data
                             15 ;--------------------------------------------------------
                             16 	.area _DATA
                             17 ;--------------------------------------------------------
                             18 ; overlayable items in  ram 
                             19 ;--------------------------------------------------------
                             20 	.area _OVERLAY
                             21 ;--------------------------------------------------------
                             22 ; external initialized ram data
                             23 ;--------------------------------------------------------
                             24 ;--------------------------------------------------------
                             25 ; global & static initialisations
                             26 ;--------------------------------------------------------
                             27 	.area _HOME
                             28 	.area _GSINIT
                             29 	.area _GSFINAL
                             30 	.area _GSINIT
                             31 ;--------------------------------------------------------
                             32 ; Home
                             33 ;--------------------------------------------------------
                             34 	.area _HOME
                             35 	.area _HOME
                             36 ;--------------------------------------------------------
                             37 ; code
                             38 ;--------------------------------------------------------
                             39 	.area _CODE
                             40 ;../_uint2fs.c:44: float __uint2fs (unsigned int ui) {
                             41 ;	---------------------------------
                             42 ; Function __uint2fs
                             43 ; ---------------------------------
   0000                      44 ___uint2fs_start::
   0000                      45 ___uint2fs:
                             46 	
   0000 F5                   47 	push	af
   0001 F5                   48 	push	af
                             49 ;../_uint2fs.c:45: return __ulong2fs(ui);
   0002 F8 06                50 	lda	hl,6(sp)
   0004 7E                   51 	ld	a,(hl)
   0005 F8 00                52 	lda	hl,0(sp)
   0007 77                   53 	ld	(hl),a
   0008 F8 07                54 	lda	hl,7(sp)
   000A 7E                   55 	ld	a,(hl)
   000B F8 01                56 	lda	hl,1(sp)
   000D 22                   57 	ld	(hl+),a
   000E 36 00                58 	ld	(hl),#0x00
   0010 23                   59 	inc	hl
   0011 36 00                60 	ld	(hl),#0x00
   0013 2B                   61 	dec	hl
   0014 2A                   62 	ld	a,(hl+)
   0015 66                   63 	ld	h,(hl)
   0016 6F                   64 	ld	l,a
   0017 E5                   65 	push	hl
   0018 F8 02                66 	lda	hl,2(sp)
   001A 2A                   67 	ld	a,(hl+)
   001B 66                   68 	ld	h,(hl)
   001C 6F                   69 	ld	l,a
   001D E5                   70 	push	hl
   001E CDr00s00             71 	call	___ulong2fs
   0021 E8 04                72 	lda	sp,4(sp)
   0023 E5                   73 	push	hl
   0024 F8 02                74 	lda	hl,2(sp)
   0026 73                   75 	ld	(hl),e
   0027 23                   76 	inc	hl
   0028 72                   77 	ld	(hl),d
   0029 D1                   78 	pop	de
   002A 23                   79 	inc	hl
   002B 73                   80 	ld	(hl),e
   002C 23                   81 	inc	hl
   002D 72                   82 	ld	(hl),d
   002E F8 01                83 	lda	hl,1(sp)
   0030 2B                   84 	dec	hl
   0031 5E                   85 	ld	e,(hl)
   0032 23                   86 	inc	hl
   0033 56                   87 	ld	d,(hl)
   0034 23                   88 	inc	hl
   0035 2A                   89 	ld	a,(hl+)
   0036 66                   90 	ld	h,(hl)
   0037 6F                   91 	ld	l,a
   0038                      92 00101$:
   0038 E8 04                93 	lda	sp,4(sp)
   003A C9                   94 	ret
   003B                      95 ___uint2fs_end::
                             96 	.area _CODE
                             97 	.area _CABS
