                              1 ;--------------------------------------------------------
                              2 ; File Created by SDCC : free open source ANSI-C Compiler
                              3 ; Version 2.9.4 #5595 (Oct 23 2013) (Mac OS X ppc)
                              4 ; This file was generated Wed Oct 23 12:26:11 2013
                              5 ;--------------------------------------------------------
                              6 	.module atan2f
                              7 	.optsdcc -mgbz80
                              8 	
                              9 ;--------------------------------------------------------
                             10 ; Public variables in this module
                             11 ;--------------------------------------------------------
                             12 	.globl _atan2f
                             13 ;--------------------------------------------------------
                             14 ;  ram data
                             15 ;--------------------------------------------------------
                             16 	.area _DATA
                             17 ;--------------------------------------------------------
                             18 ; overlayable items in  ram 
                             19 ;--------------------------------------------------------
                             20 	.area _OVERLAY
                             21 ;--------------------------------------------------------
                             22 ; external initialized ram data
                             23 ;--------------------------------------------------------
                             24 ;--------------------------------------------------------
                             25 ; global & static initialisations
                             26 ;--------------------------------------------------------
                             27 	.area _HOME
                             28 	.area _GSINIT
                             29 	.area _GSFINAL
                             30 	.area _GSINIT
                             31 ;--------------------------------------------------------
                             32 ; Home
                             33 ;--------------------------------------------------------
                             34 	.area _HOME
                             35 	.area _HOME
                             36 ;--------------------------------------------------------
                             37 ; code
                             38 ;--------------------------------------------------------
                             39 	.area _CODE
                             40 ;../atan2f.c:24: float atan2f(const float x, const float y)
                             41 ;	---------------------------------
                             42 ; Function atan2f
                             43 ; ---------------------------------
   0000                      44 _atan2f_start::
   0000                      45 _atan2f:
   0000 E8 F4                46 	lda	sp,-12(sp)
                             47 ;../atan2f.c:28: if ((x==0.0) && (y==0.0))
   0002 F8 0E                48 	lda	hl,14(sp)
   0004 2A                   49 	ld	a,(hl+)
   0005 B6                   50 	or	a,(hl)
   0006 23                   51 	inc	hl
   0007 B6                   52 	or	a,(hl)
   0008 23                   53 	inc	hl
   0009 B6                   54 	or	a,(hl)
   000A C2r2As00             55 	jp	NZ,00102$
   000D 23                   56 	inc	hl
   000E 2A                   57 	ld	a,(hl+)
   000F B6                   58 	or	a,(hl)
   0010 23                   59 	inc	hl
   0011 B6                   60 	or	a,(hl)
   0012 23                   61 	inc	hl
   0013 B6                   62 	or	a,(hl)
   0014 C2r2As00             63 	jp	NZ,00102$
                             64 ;../atan2f.c:30: errno=EDOM;
   0017 21r00s00             65 	ld	hl,#_errno
   001A 36 21                66 	ld	(hl),#0x21
   001C 21r01s00             67 	ld	hl,#_errno + 1
   001F 36 00                68 	ld	(hl),#0x00
                             69 ;../atan2f.c:31: return 0.0;
   0021 11 00 00             70 	ld	de,#0x0000
   0024 21 00 00             71 	ld	hl,#0x0000
   0027 C3r48s02             72 	jp	00109$
   002A                      73 00102$:
                             74 ;../atan2f.c:34: if(fabsf(y)>=fabsf(x))
   002A F8 14                75 	lda	hl,20(sp)
   002C 2A                   76 	ld	a,(hl+)
   002D 66                   77 	ld	h,(hl)
   002E 6F                   78 	ld	l,a
   002F E5                   79 	push	hl
   0030 F8 14                80 	lda	hl,20(sp)
   0032 2A                   81 	ld	a,(hl+)
   0033 66                   82 	ld	h,(hl)
   0034 6F                   83 	ld	l,a
   0035 E5                   84 	push	hl
   0036 CDr00s00             85 	call	_fabsf
   0039 E8 04                86 	lda	sp,4(sp)
   003B E5                   87 	push	hl
   003C F8 06                88 	lda	hl,6(sp)
   003E 73                   89 	ld	(hl),e
   003F 23                   90 	inc	hl
   0040 72                   91 	ld	(hl),d
   0041 D1                   92 	pop	de
   0042 23                   93 	inc	hl
   0043 73                   94 	ld	(hl),e
   0044 23                   95 	inc	hl
   0045 72                   96 	ld	(hl),d
   0046 F8 10                97 	lda	hl,16(sp)
   0048 2A                   98 	ld	a,(hl+)
   0049 66                   99 	ld	h,(hl)
   004A 6F                  100 	ld	l,a
   004B E5                  101 	push	hl
   004C F8 10               102 	lda	hl,16(sp)
   004E 2A                  103 	ld	a,(hl+)
   004F 66                  104 	ld	h,(hl)
   0050 6F                  105 	ld	l,a
   0051 E5                  106 	push	hl
   0052 CDr00s00            107 	call	_fabsf
   0055 E8 04               108 	lda	sp,4(sp)
   0057 E5                  109 	push	hl
   0058 F8 02               110 	lda	hl,2(sp)
   005A 73                  111 	ld	(hl),e
   005B 23                  112 	inc	hl
   005C 72                  113 	ld	(hl),d
   005D D1                  114 	pop	de
   005E 23                  115 	inc	hl
   005F 73                  116 	ld	(hl),e
   0060 23                  117 	inc	hl
   0061 72                  118 	ld	(hl),d
   0062 F8 02               119 	lda	hl,2(sp)
   0064 2A                  120 	ld	a,(hl+)
   0065 66                  121 	ld	h,(hl)
   0066 6F                  122 	ld	l,a
   0067 E5                  123 	push	hl
   0068 F8 02               124 	lda	hl,2(sp)
   006A 2A                  125 	ld	a,(hl+)
   006B 66                  126 	ld	h,(hl)
   006C 6F                  127 	ld	l,a
   006D E5                  128 	push	hl
   006E F8 0A               129 	lda	hl,10(sp)
   0070 2A                  130 	ld	a,(hl+)
   0071 66                  131 	ld	h,(hl)
   0072 6F                  132 	ld	l,a
   0073 E5                  133 	push	hl
   0074 F8 0A               134 	lda	hl,10(sp)
   0076 2A                  135 	ld	a,(hl+)
   0077 66                  136 	ld	h,(hl)
   0078 6F                  137 	ld	l,a
   0079 E5                  138 	push	hl
   007A CDr00s00            139 	call	___fslt
   007D E8 08               140 	lda	sp,8(sp)
   007F 4B                  141 	ld	c,e
   0080 AF                  142 	xor	a,a
   0081 B1                  143 	or	a,c
   0082 C2r67s01            144 	jp	NZ,00107$
                            145 ;../atan2f.c:36: r=atanf(x/y);
   0085 F8 14               146 	lda	hl,20(sp)
   0087 2A                  147 	ld	a,(hl+)
   0088 66                  148 	ld	h,(hl)
   0089 6F                  149 	ld	l,a
   008A E5                  150 	push	hl
   008B F8 14               151 	lda	hl,20(sp)
   008D 2A                  152 	ld	a,(hl+)
   008E 66                  153 	ld	h,(hl)
   008F 6F                  154 	ld	l,a
   0090 E5                  155 	push	hl
   0091 F8 14               156 	lda	hl,20(sp)
   0093 2A                  157 	ld	a,(hl+)
   0094 66                  158 	ld	h,(hl)
   0095 6F                  159 	ld	l,a
   0096 E5                  160 	push	hl
   0097 F8 14               161 	lda	hl,20(sp)
   0099 2A                  162 	ld	a,(hl+)
   009A 66                  163 	ld	h,(hl)
   009B 6F                  164 	ld	l,a
   009C E5                  165 	push	hl
   009D CDr00s00            166 	call	___fsdiv
   00A0 E8 08               167 	lda	sp,8(sp)
   00A2 E5                  168 	push	hl
   00A3 F8 02               169 	lda	hl,2(sp)
   00A5 73                  170 	ld	(hl),e
   00A6 23                  171 	inc	hl
   00A7 72                  172 	ld	(hl),d
   00A8 D1                  173 	pop	de
   00A9 23                  174 	inc	hl
   00AA 73                  175 	ld	(hl),e
   00AB 23                  176 	inc	hl
   00AC 72                  177 	ld	(hl),d
   00AD F8 02               178 	lda	hl,2(sp)
   00AF 2A                  179 	ld	a,(hl+)
   00B0 66                  180 	ld	h,(hl)
   00B1 6F                  181 	ld	l,a
   00B2 E5                  182 	push	hl
   00B3 F8 02               183 	lda	hl,2(sp)
   00B5 2A                  184 	ld	a,(hl+)
   00B6 66                  185 	ld	h,(hl)
   00B7 6F                  186 	ld	l,a
   00B8 E5                  187 	push	hl
   00B9 CDr00s00            188 	call	_atanf
   00BC E8 04               189 	lda	sp,4(sp)
   00BE E5                  190 	push	hl
   00BF F8 0A               191 	lda	hl,10(sp)
   00C1 73                  192 	ld	(hl),e
   00C2 23                  193 	inc	hl
   00C3 72                  194 	ld	(hl),d
   00C4 D1                  195 	pop	de
   00C5 23                  196 	inc	hl
   00C6 73                  197 	ld	(hl),e
   00C7 23                  198 	inc	hl
   00C8 72                  199 	ld	(hl),d
                            200 ;../atan2f.c:37: if(y<0.0) r+=(x>=0?PI:-PI);
   00C9 21 00 00            201 	ld	hl,#0x0000
   00CC E5                  202 	push	hl
   00CD 21 00 00            203 	ld	hl,#0x0000
   00D0 E5                  204 	push	hl
   00D1 F8 18               205 	lda	hl,24(sp)
   00D3 2A                  206 	ld	a,(hl+)
   00D4 66                  207 	ld	h,(hl)
   00D5 6F                  208 	ld	l,a
   00D6 E5                  209 	push	hl
   00D7 F8 18               210 	lda	hl,24(sp)
   00D9 2A                  211 	ld	a,(hl+)
   00DA 66                  212 	ld	h,(hl)
   00DB 6F                  213 	ld	l,a
   00DC E5                  214 	push	hl
   00DD CDr00s00            215 	call	___fslt
   00E0 E8 08               216 	lda	sp,8(sp)
   00E2 4B                  217 	ld	c,e
   00E3 AF                  218 	xor	a,a
   00E4 B1                  219 	or	a,c
   00E5 CAr3Es02            220 	jp	Z,00108$
   00E8 21 00 00            221 	ld	hl,#0x0000
   00EB E5                  222 	push	hl
   00EC 21 00 00            223 	ld	hl,#0x0000
   00EF E5                  224 	push	hl
   00F0 F8 14               225 	lda	hl,20(sp)
   00F2 2A                  226 	ld	a,(hl+)
   00F3 66                  227 	ld	h,(hl)
   00F4 6F                  228 	ld	l,a
   00F5 E5                  229 	push	hl
   00F6 F8 14               230 	lda	hl,20(sp)
   00F8 2A                  231 	ld	a,(hl+)
   00F9 66                  232 	ld	h,(hl)
   00FA 6F                  233 	ld	l,a
   00FB E5                  234 	push	hl
   00FC CDr00s00            235 	call	___fslt
   00FF E8 08               236 	lda	sp,8(sp)
   0101 4B                  237 	ld	c,e
   0102 AF                  238 	xor	a,a
   0103 B1                  239 	or	a,c
   0104 D6 01               240 	sub	a,#0x01
   0106 3E 00               241 	ld	a,#0x00
   0108 17                  242 	rla
   0109 4F                  243 	ld	c,a
   010A B7                  244 	or	a,a
   010B CAr1Es01            245 	jp	Z,00111$
   010E F8 00               246 	lda	hl,0(sp)
   0110 36 DB               247 	ld	(hl),#0xDB
   0112 23                  248 	inc	hl
   0113 36 0F               249 	ld	(hl),#0x0F
   0115 23                  250 	inc	hl
   0116 36 49               251 	ld	(hl),#0x49
   0118 23                  252 	inc	hl
   0119 36 40               253 	ld	(hl),#0x40
   011B C3r2Bs01            254 	jp	00112$
   011E                     255 00111$:
   011E F8 00               256 	lda	hl,0(sp)
   0120 36 DB               257 	ld	(hl),#0xDB
   0122 23                  258 	inc	hl
   0123 36 0F               259 	ld	(hl),#0x0F
   0125 23                  260 	inc	hl
   0126 36 49               261 	ld	(hl),#0x49
   0128 23                  262 	inc	hl
   0129 36 C0               263 	ld	(hl),#0xC0
   012B                     264 00112$:
   012B F8 02               265 	lda	hl,2(sp)
   012D 2A                  266 	ld	a,(hl+)
   012E 66                  267 	ld	h,(hl)
   012F 6F                  268 	ld	l,a
   0130 E5                  269 	push	hl
   0131 F8 02               270 	lda	hl,2(sp)
   0133 2A                  271 	ld	a,(hl+)
   0134 66                  272 	ld	h,(hl)
   0135 6F                  273 	ld	l,a
   0136 E5                  274 	push	hl
   0137 F8 0E               275 	lda	hl,14(sp)
   0139 2A                  276 	ld	a,(hl+)
   013A 66                  277 	ld	h,(hl)
   013B 6F                  278 	ld	l,a
   013C E5                  279 	push	hl
   013D F8 0E               280 	lda	hl,14(sp)
   013F 2A                  281 	ld	a,(hl+)
   0140 66                  282 	ld	h,(hl)
   0141 6F                  283 	ld	l,a
   0142 E5                  284 	push	hl
   0143 CDr00s00            285 	call	___fsadd
   0146 E8 08               286 	lda	sp,8(sp)
   0148 E5                  287 	push	hl
   0149 F8 02               288 	lda	hl,2(sp)
   014B 73                  289 	ld	(hl),e
   014C 23                  290 	inc	hl
   014D 72                  291 	ld	(hl),d
   014E D1                  292 	pop	de
   014F 23                  293 	inc	hl
   0150 73                  294 	ld	(hl),e
   0151 23                  295 	inc	hl
   0152 72                  296 	ld	(hl),d
   0153 F8 00               297 	lda	hl,0(sp)
   0155 54                  298 	ld	d,h
   0156 5D                  299 	ld	e,l
   0157 F8 08               300 	lda	hl,8(sp)
   0159 1A                  301 	ld	a,(de)
   015A 22                  302 	ld	(hl+),a
   015B 13                  303 	inc	de
   015C 1A                  304 	ld	a,(de)
   015D 22                  305 	ld	(hl+),a
   015E 13                  306 	inc	de
   015F 1A                  307 	ld	a,(de)
   0160 22                  308 	ld	(hl+),a
   0161 13                  309 	inc	de
   0162 1A                  310 	ld	a,(de)
   0163 77                  311 	ld	(hl),a
   0164 C3r3Es02            312 	jp	00108$
   0167                     313 00107$:
                            314 ;../atan2f.c:41: r=-atanf(y/x);
   0167 F8 10               315 	lda	hl,16(sp)
   0169 2A                  316 	ld	a,(hl+)
   016A 66                  317 	ld	h,(hl)
   016B 6F                  318 	ld	l,a
   016C E5                  319 	push	hl
   016D F8 10               320 	lda	hl,16(sp)
   016F 2A                  321 	ld	a,(hl+)
   0170 66                  322 	ld	h,(hl)
   0171 6F                  323 	ld	l,a
   0172 E5                  324 	push	hl
   0173 F8 18               325 	lda	hl,24(sp)
   0175 2A                  326 	ld	a,(hl+)
   0176 66                  327 	ld	h,(hl)
   0177 6F                  328 	ld	l,a
   0178 E5                  329 	push	hl
   0179 F8 18               330 	lda	hl,24(sp)
   017B 2A                  331 	ld	a,(hl+)
   017C 66                  332 	ld	h,(hl)
   017D 6F                  333 	ld	l,a
   017E E5                  334 	push	hl
   017F CDr00s00            335 	call	___fsdiv
   0182 E8 08               336 	lda	sp,8(sp)
   0184 E5                  337 	push	hl
   0185 F8 02               338 	lda	hl,2(sp)
   0187 73                  339 	ld	(hl),e
   0188 23                  340 	inc	hl
   0189 72                  341 	ld	(hl),d
   018A D1                  342 	pop	de
   018B 23                  343 	inc	hl
   018C 73                  344 	ld	(hl),e
   018D 23                  345 	inc	hl
   018E 72                  346 	ld	(hl),d
   018F F8 02               347 	lda	hl,2(sp)
   0191 2A                  348 	ld	a,(hl+)
   0192 66                  349 	ld	h,(hl)
   0193 6F                  350 	ld	l,a
   0194 E5                  351 	push	hl
   0195 F8 02               352 	lda	hl,2(sp)
   0197 2A                  353 	ld	a,(hl+)
   0198 66                  354 	ld	h,(hl)
   0199 6F                  355 	ld	l,a
   019A E5                  356 	push	hl
   019B CDr00s00            357 	call	_atanf
   019E E8 04               358 	lda	sp,4(sp)
   01A0 E5                  359 	push	hl
   01A1 F8 02               360 	lda	hl,2(sp)
   01A3 73                  361 	ld	(hl),e
   01A4 23                  362 	inc	hl
   01A5 72                  363 	ld	(hl),d
   01A6 D1                  364 	pop	de
   01A7 23                  365 	inc	hl
   01A8 73                  366 	ld	(hl),e
   01A9 23                  367 	inc	hl
   01AA 72                  368 	ld	(hl),d
   01AB F8 03               369 	lda	hl,3(sp)
   01AD 7E                  370 	ld	a,(hl)
   01AE EE 80               371 	xor	a,#0x80
   01B0 77                  372 	ld	(hl),a
   01B1 F8 00               373 	lda	hl,0(sp)
   01B3 7E                  374 	ld	a,(hl)
   01B4 22                  375 	ld	(hl+),a
   01B5 7E                  376 	ld	a,(hl)
   01B6 22                  377 	ld	(hl+),a
   01B7 7E                  378 	ld	a,(hl)
   01B8 32                  379 	ld	(hl-),a
   01B9 2B                  380 	dec	hl
   01BA 54                  381 	ld	d,h
   01BB 5D                  382 	ld	e,l
   01BC F8 08               383 	lda	hl,8(sp)
   01BE 1A                  384 	ld	a,(de)
   01BF 22                  385 	ld	(hl+),a
   01C0 13                  386 	inc	de
   01C1 1A                  387 	ld	a,(de)
   01C2 22                  388 	ld	(hl+),a
   01C3 13                  389 	inc	de
   01C4 1A                  390 	ld	a,(de)
   01C5 22                  391 	ld	(hl+),a
   01C6 13                  392 	inc	de
   01C7 1A                  393 	ld	a,(de)
   01C8 77                  394 	ld	(hl),a
                            395 ;../atan2f.c:42: r+=(x<0.0?-HALF_PI:HALF_PI);
   01C9 21 00 00            396 	ld	hl,#0x0000
   01CC E5                  397 	push	hl
   01CD 21 00 00            398 	ld	hl,#0x0000
   01D0 E5                  399 	push	hl
   01D1 F8 14               400 	lda	hl,20(sp)
   01D3 2A                  401 	ld	a,(hl+)
   01D4 66                  402 	ld	h,(hl)
   01D5 6F                  403 	ld	l,a
   01D6 E5                  404 	push	hl
   01D7 F8 14               405 	lda	hl,20(sp)
   01D9 2A                  406 	ld	a,(hl+)
   01DA 66                  407 	ld	h,(hl)
   01DB 6F                  408 	ld	l,a
   01DC E5                  409 	push	hl
   01DD CDr00s00            410 	call	___fslt
   01E0 E8 08               411 	lda	sp,8(sp)
   01E2 4B                  412 	ld	c,e
   01E3 AF                  413 	xor	a,a
   01E4 B1                  414 	or	a,c
   01E5 CArF8s01            415 	jp	Z,00113$
   01E8 F8 00               416 	lda	hl,0(sp)
   01EA 36 DB               417 	ld	(hl),#0xDB
   01EC 23                  418 	inc	hl
   01ED 36 0F               419 	ld	(hl),#0x0F
   01EF 23                  420 	inc	hl
   01F0 36 C9               421 	ld	(hl),#0xC9
   01F2 23                  422 	inc	hl
   01F3 36 BF               423 	ld	(hl),#0xBF
   01F5 C3r05s02            424 	jp	00114$
   01F8                     425 00113$:
   01F8 F8 00               426 	lda	hl,0(sp)
   01FA 36 DB               427 	ld	(hl),#0xDB
   01FC 23                  428 	inc	hl
   01FD 36 0F               429 	ld	(hl),#0x0F
   01FF 23                  430 	inc	hl
   0200 36 C9               431 	ld	(hl),#0xC9
   0202 23                  432 	inc	hl
   0203 36 3F               433 	ld	(hl),#0x3F
   0205                     434 00114$:
   0205 F8 02               435 	lda	hl,2(sp)
   0207 2A                  436 	ld	a,(hl+)
   0208 66                  437 	ld	h,(hl)
   0209 6F                  438 	ld	l,a
   020A E5                  439 	push	hl
   020B F8 02               440 	lda	hl,2(sp)
   020D 2A                  441 	ld	a,(hl+)
   020E 66                  442 	ld	h,(hl)
   020F 6F                  443 	ld	l,a
   0210 E5                  444 	push	hl
   0211 F8 0E               445 	lda	hl,14(sp)
   0213 2A                  446 	ld	a,(hl+)
   0214 66                  447 	ld	h,(hl)
   0215 6F                  448 	ld	l,a
   0216 E5                  449 	push	hl
   0217 F8 0E               450 	lda	hl,14(sp)
   0219 2A                  451 	ld	a,(hl+)
   021A 66                  452 	ld	h,(hl)
   021B 6F                  453 	ld	l,a
   021C E5                  454 	push	hl
   021D CDr00s00            455 	call	___fsadd
   0220 E8 08               456 	lda	sp,8(sp)
   0222 E5                  457 	push	hl
   0223 F8 02               458 	lda	hl,2(sp)
   0225 73                  459 	ld	(hl),e
   0226 23                  460 	inc	hl
   0227 72                  461 	ld	(hl),d
   0228 D1                  462 	pop	de
   0229 23                  463 	inc	hl
   022A 73                  464 	ld	(hl),e
   022B 23                  465 	inc	hl
   022C 72                  466 	ld	(hl),d
   022D F8 00               467 	lda	hl,0(sp)
   022F 54                  468 	ld	d,h
   0230 5D                  469 	ld	e,l
   0231 F8 08               470 	lda	hl,8(sp)
   0233 1A                  471 	ld	a,(de)
   0234 22                  472 	ld	(hl+),a
   0235 13                  473 	inc	de
   0236 1A                  474 	ld	a,(de)
   0237 22                  475 	ld	(hl+),a
   0238 13                  476 	inc	de
   0239 1A                  477 	ld	a,(de)
   023A 22                  478 	ld	(hl+),a
   023B 13                  479 	inc	de
   023C 1A                  480 	ld	a,(de)
   023D 77                  481 	ld	(hl),a
   023E                     482 00108$:
                            483 ;../atan2f.c:44: return r;
   023E F8 09               484 	lda	hl,9(sp)
   0240 2B                  485 	dec	hl
   0241 5E                  486 	ld	e,(hl)
   0242 23                  487 	inc	hl
   0243 56                  488 	ld	d,(hl)
   0244 23                  489 	inc	hl
   0245 2A                  490 	ld	a,(hl+)
   0246 66                  491 	ld	h,(hl)
   0247 6F                  492 	ld	l,a
   0248                     493 00109$:
   0248 E8 0C               494 	lda	sp,12(sp)
   024A C9                  495 	ret
   024B                     496 _atan2f_end::
                            497 	.area _CODE
                            498 	.area _CABS
