                              1 ;--------------------------------------------------------
                              2 ; File Created by SDCC : free open source ANSI-C Compiler
                              3 ; Version 2.9.4 #5595 (Oct 23 2013) (Mac OS X ppc)
                              4 ; This file was generated Wed Oct 23 12:26:11 2013
                              5 ;--------------------------------------------------------
                              6 	.module cotf
                              7 	.optsdcc -mgbz80
                              8 	
                              9 ;--------------------------------------------------------
                             10 ; Public variables in this module
                             11 ;--------------------------------------------------------
                             12 	.globl _cotf
                             13 ;--------------------------------------------------------
                             14 ;  ram data
                             15 ;--------------------------------------------------------
                             16 	.area _DATA
                             17 ;--------------------------------------------------------
                             18 ; overlayable items in  ram 
                             19 ;--------------------------------------------------------
                             20 	.area _OVERLAY
                             21 ;--------------------------------------------------------
                             22 ; external initialized ram data
                             23 ;--------------------------------------------------------
                             24 ;--------------------------------------------------------
                             25 ; global & static initialisations
                             26 ;--------------------------------------------------------
                             27 	.area _HOME
                             28 	.area _GSINIT
                             29 	.area _GSFINAL
                             30 	.area _GSINIT
                             31 ;--------------------------------------------------------
                             32 ; Home
                             33 ;--------------------------------------------------------
                             34 	.area _HOME
                             35 	.area _HOME
                             36 ;--------------------------------------------------------
                             37 ; code
                             38 ;--------------------------------------------------------
                             39 	.area _CODE
                             40 ;../cotf.c:26: float cotf(const float x) _FLOAT_FUNC_REENTRANT
                             41 ;	---------------------------------
                             42 ; Function cotf
                             43 ; ---------------------------------
   0000                      44 _cotf_start::
   0000                      45 _cotf:
   0000 E8 F8                46 	lda	sp,-8(sp)
                             47 ;../cotf.c:30: y=fabsf(x);
   0002 F8 0C                48 	lda	hl,12(sp)
   0004 2A                   49 	ld	a,(hl+)
   0005 66                   50 	ld	h,(hl)
   0006 6F                   51 	ld	l,a
   0007 E5                   52 	push	hl
   0008 F8 0C                53 	lda	hl,12(sp)
   000A 2A                   54 	ld	a,(hl+)
   000B 66                   55 	ld	h,(hl)
   000C 6F                   56 	ld	l,a
   000D E5                   57 	push	hl
   000E CDr00s00             58 	call	_fabsf
   0011 E8 04                59 	lda	sp,4(sp)
   0013 E5                   60 	push	hl
   0014 F8 06                61 	lda	hl,6(sp)
   0016 73                   62 	ld	(hl),e
   0017 23                   63 	inc	hl
   0018 72                   64 	ld	(hl),d
   0019 D1                   65 	pop	de
   001A 23                   66 	inc	hl
   001B 73                   67 	ld	(hl),e
   001C 23                   68 	inc	hl
   001D 72                   69 	ld	(hl),d
                             70 ;../cotf.c:31: if (y<1.0E-30) //This one requires more thinking...
   001E 21 A2 0D             71 	ld	hl,#0x0DA2
   0021 E5                   72 	push	hl
   0022 21 60 42             73 	ld	hl,#0x4260
   0025 E5                   74 	push	hl
   0026 F8 0A                75 	lda	hl,10(sp)
   0028 2A                   76 	ld	a,(hl+)
   0029 66                   77 	ld	h,(hl)
   002A 6F                   78 	ld	l,a
   002B E5                   79 	push	hl
   002C F8 0A                80 	lda	hl,10(sp)
   002E 2A                   81 	ld	a,(hl+)
   002F 66                   82 	ld	h,(hl)
   0030 6F                   83 	ld	l,a
   0031 E5                   84 	push	hl
   0032 CDr00s00             85 	call	___fslt
   0035 E8 08                86 	lda	sp,8(sp)
   0037 4B                   87 	ld	c,e
   0038 AF                   88 	xor	a,a
   0039 B1                   89 	or	a,c
   003A CAr78s00             90 	jp	Z,00105$
                             91 ;../cotf.c:33: errno = ERANGE;
   003D 21r00s00             92 	ld	hl,#_errno
   0040 36 22                93 	ld	(hl),#0x22
   0042 21r01s00             94 	ld	hl,#_errno + 1
   0045 36 00                95 	ld	(hl),#0x00
                             96 ;../cotf.c:34: if (x<0.0)
   0047 21 00 00             97 	ld	hl,#0x0000
   004A E5                   98 	push	hl
   004B 21 00 00             99 	ld	hl,#0x0000
   004E E5                  100 	push	hl
   004F F8 10               101 	lda	hl,16(sp)
   0051 2A                  102 	ld	a,(hl+)
   0052 66                  103 	ld	h,(hl)
   0053 6F                  104 	ld	l,a
   0054 E5                  105 	push	hl
   0055 F8 10               106 	lda	hl,16(sp)
   0057 2A                  107 	ld	a,(hl+)
   0058 66                  108 	ld	h,(hl)
   0059 6F                  109 	ld	l,a
   005A E5                  110 	push	hl
   005B CDr00s00            111 	call	___fslt
   005E E8 08               112 	lda	sp,8(sp)
   0060 4B                  113 	ld	c,e
   0061 AF                  114 	xor	a,a
   0062 B1                  115 	or	a,c
   0063 CAr6Fs00            116 	jp	Z,00102$
                            117 ;../cotf.c:35: return -HUGE_VALF;
   0066 11 FF FF            118 	ld	de,#0xFFFF
   0069 21 7F FF            119 	ld	hl,#0xFF7F
   006C C3rA2s00            120 	jp	00106$
   006F                     121 00102$:
                            122 ;../cotf.c:37: return +HUGE_VALF;
   006F 11 FF FF            123 	ld	de,#0xFFFF
   0072 21 7F 7F            124 	ld	hl,#0x7F7F
   0075 C3rA2s00            125 	jp	00106$
   0078                     126 00105$:
                            127 ;../cotf.c:39: return tancotf(x, 1);
   0078 21 01 00            128 	ld	hl,#0x0001
   007B E5                  129 	push	hl
   007C F8 0E               130 	lda	hl,14(sp)
   007E 2A                  131 	ld	a,(hl+)
   007F 66                  132 	ld	h,(hl)
   0080 6F                  133 	ld	l,a
   0081 E5                  134 	push	hl
   0082 F8 0E               135 	lda	hl,14(sp)
   0084 2A                  136 	ld	a,(hl+)
   0085 66                  137 	ld	h,(hl)
   0086 6F                  138 	ld	l,a
   0087 E5                  139 	push	hl
   0088 CDr00s00            140 	call	_tancotf
   008B E8 06               141 	lda	sp,6(sp)
   008D E5                  142 	push	hl
   008E F8 02               143 	lda	hl,2(sp)
   0090 73                  144 	ld	(hl),e
   0091 23                  145 	inc	hl
   0092 72                  146 	ld	(hl),d
   0093 D1                  147 	pop	de
   0094 23                  148 	inc	hl
   0095 73                  149 	ld	(hl),e
   0096 23                  150 	inc	hl
   0097 72                  151 	ld	(hl),d
   0098 F8 01               152 	lda	hl,1(sp)
   009A 2B                  153 	dec	hl
   009B 5E                  154 	ld	e,(hl)
   009C 23                  155 	inc	hl
   009D 56                  156 	ld	d,(hl)
   009E 23                  157 	inc	hl
   009F 2A                  158 	ld	a,(hl+)
   00A0 66                  159 	ld	h,(hl)
   00A1 6F                  160 	ld	l,a
   00A2                     161 00106$:
   00A2 E8 08               162 	lda	sp,8(sp)
   00A4 C9                  163 	ret
   00A5                     164 _cotf_end::
                            165 	.area _CODE
                            166 	.area _CABS
