                              1 ;--------------------------------------------------------
                              2 ; File Created by SDCC : free open source ANSI-C Compiler
                              3 ; Version 2.9.4 #5595 (Oct 23 2013) (Mac OS X ppc)
                              4 ; This file was generated Wed Oct 23 12:26:11 2013
                              5 ;--------------------------------------------------------
                              6 	.module log10f
                              7 	.optsdcc -mgbz80
                              8 	
                              9 ;--------------------------------------------------------
                             10 ; Public variables in this module
                             11 ;--------------------------------------------------------
                             12 	.globl _log10f
                             13 ;--------------------------------------------------------
                             14 ;  ram data
                             15 ;--------------------------------------------------------
                             16 	.area _DATA
                             17 ;--------------------------------------------------------
                             18 ; overlayable items in  ram 
                             19 ;--------------------------------------------------------
                             20 	.area _OVERLAY
                             21 ;--------------------------------------------------------
                             22 ; external initialized ram data
                             23 ;--------------------------------------------------------
                             24 ;--------------------------------------------------------
                             25 ; global & static initialisations
                             26 ;--------------------------------------------------------
                             27 	.area _HOME
                             28 	.area _GSINIT
                             29 	.area _GSFINAL
                             30 	.area _GSINIT
                             31 ;--------------------------------------------------------
                             32 ; Home
                             33 ;--------------------------------------------------------
                             34 	.area _HOME
                             35 	.area _HOME
                             36 ;--------------------------------------------------------
                             37 ; code
                             38 ;--------------------------------------------------------
                             39 	.area _CODE
                             40 ;../log10f.c:24: float log10f(const float x) _FLOAT_FUNC_REENTRANT
                             41 ;	---------------------------------
                             42 ; Function log10f
                             43 ; ---------------------------------
   0000                      44 _log10f_start::
   0000                      45 _log10f:
                             46 	
   0000 F5                   47 	push	af
   0001 F5                   48 	push	af
                             49 ;../log10f.c:26: return logf(x)*0.4342944819;
   0002 F8 08                50 	lda	hl,8(sp)
   0004 2A                   51 	ld	a,(hl+)
   0005 66                   52 	ld	h,(hl)
   0006 6F                   53 	ld	l,a
   0007 E5                   54 	push	hl
   0008 F8 08                55 	lda	hl,8(sp)
   000A 2A                   56 	ld	a,(hl+)
   000B 66                   57 	ld	h,(hl)
   000C 6F                   58 	ld	l,a
   000D E5                   59 	push	hl
   000E CDr00s00             60 	call	_logf
   0011 E8 04                61 	lda	sp,4(sp)
   0013 E5                   62 	push	hl
   0014 F8 02                63 	lda	hl,2(sp)
   0016 73                   64 	ld	(hl),e
   0017 23                   65 	inc	hl
   0018 72                   66 	ld	(hl),d
   0019 D1                   67 	pop	de
   001A 23                   68 	inc	hl
   001B 73                   69 	ld	(hl),e
   001C 23                   70 	inc	hl
   001D 72                   71 	ld	(hl),d
   001E F8 02                72 	lda	hl,2(sp)
   0020 2A                   73 	ld	a,(hl+)
   0021 66                   74 	ld	h,(hl)
   0022 6F                   75 	ld	l,a
   0023 E5                   76 	push	hl
   0024 F8 02                77 	lda	hl,2(sp)
   0026 2A                   78 	ld	a,(hl+)
   0027 66                   79 	ld	h,(hl)
   0028 6F                   80 	ld	l,a
   0029 E5                   81 	push	hl
   002A 21 DE 3E             82 	ld	hl,#0x3EDE
   002D E5                   83 	push	hl
   002E 21 D9 5B             84 	ld	hl,#0x5BD9
   0031 E5                   85 	push	hl
   0032 CDr00s00             86 	call	___fsmul
   0035 E8 08                87 	lda	sp,8(sp)
   0037 E5                   88 	push	hl
   0038 F8 02                89 	lda	hl,2(sp)
   003A 73                   90 	ld	(hl),e
   003B 23                   91 	inc	hl
   003C 72                   92 	ld	(hl),d
   003D D1                   93 	pop	de
   003E 23                   94 	inc	hl
   003F 73                   95 	ld	(hl),e
   0040 23                   96 	inc	hl
   0041 72                   97 	ld	(hl),d
   0042 F8 01                98 	lda	hl,1(sp)
   0044 2B                   99 	dec	hl
   0045 5E                  100 	ld	e,(hl)
   0046 23                  101 	inc	hl
   0047 56                  102 	ld	d,(hl)
   0048 23                  103 	inc	hl
   0049 2A                  104 	ld	a,(hl+)
   004A 66                  105 	ld	h,(hl)
   004B 6F                  106 	ld	l,a
   004C                     107 00101$:
   004C E8 04               108 	lda	sp,4(sp)
   004E C9                  109 	ret
   004F                     110 _log10f_end::
                            111 	.area _CODE
                            112 	.area _CABS
