                              1 ;--------------------------------------------------------
                              2 ; File Created by SDCC : free open source ANSI-C Compiler
                              3 ; Version 2.9.4 #5595 (Oct 23 2013) (Mac OS X ppc)
                              4 ; This file was generated Wed Oct 23 12:26:11 2013
                              5 ;--------------------------------------------------------
                              6 	.module sinf
                              7 	.optsdcc -mgbz80
                              8 	
                              9 ;--------------------------------------------------------
                             10 ; Public variables in this module
                             11 ;--------------------------------------------------------
                             12 	.globl _sinf
                             13 ;--------------------------------------------------------
                             14 ;  ram data
                             15 ;--------------------------------------------------------
                             16 	.area _DATA
                             17 ;--------------------------------------------------------
                             18 ; overlayable items in  ram 
                             19 ;--------------------------------------------------------
                             20 	.area _OVERLAY
                             21 ;--------------------------------------------------------
                             22 ; external initialized ram data
                             23 ;--------------------------------------------------------
                             24 ;--------------------------------------------------------
                             25 ; global & static initialisations
                             26 ;--------------------------------------------------------
                             27 	.area _HOME
                             28 	.area _GSINIT
                             29 	.area _GSFINAL
                             30 	.area _GSINIT
                             31 ;--------------------------------------------------------
                             32 ; Home
                             33 ;--------------------------------------------------------
                             34 	.area _HOME
                             35 	.area _HOME
                             36 ;--------------------------------------------------------
                             37 ; code
                             38 ;--------------------------------------------------------
                             39 	.area _CODE
                             40 ;../sinf.c:26: float sinf(const float x) _FLOAT_FUNC_REENTRANT
                             41 ;	---------------------------------
                             42 ; Function sinf
                             43 ; ---------------------------------
   0000                      44 _sinf_start::
   0000                      45 _sinf:
                             46 	
   0000 F5                   47 	push	af
   0001 F5                   48 	push	af
                             49 ;../sinf.c:28: if (x==0.0) return 0.0;
   0002 F8 06                50 	lda	hl,6(sp)
   0004 2A                   51 	ld	a,(hl+)
   0005 B6                   52 	or	a,(hl)
   0006 23                   53 	inc	hl
   0007 B6                   54 	or	a,(hl)
   0008 23                   55 	inc	hl
   0009 B6                   56 	or	a,(hl)
   000A C2r16s00             57 	jp	NZ,00102$
   000D 11 00 00             58 	ld	de,#0x0000
   0010 21 00 00             59 	ld	hl,#0x0000
   0013 C3r40s00             60 	jp	00103$
   0016                      61 00102$:
                             62 ;../sinf.c:29: return sincosf(x, 0);
   0016 3E 00                63 	ld	a,#0x00
   0018 F5                   64 	push	af
   0019 33                   65 	inc	sp
   001A F8 09                66 	lda	hl,9(sp)
   001C 2A                   67 	ld	a,(hl+)
   001D 66                   68 	ld	h,(hl)
   001E 6F                   69 	ld	l,a
   001F E5                   70 	push	hl
   0020 F8 09                71 	lda	hl,9(sp)
   0022 2A                   72 	ld	a,(hl+)
   0023 66                   73 	ld	h,(hl)
   0024 6F                   74 	ld	l,a
   0025 E5                   75 	push	hl
   0026 CDr00s00             76 	call	_sincosf
   0029 E8 05                77 	lda	sp,5(sp)
   002B E5                   78 	push	hl
   002C F8 02                79 	lda	hl,2(sp)
   002E 73                   80 	ld	(hl),e
   002F 23                   81 	inc	hl
   0030 72                   82 	ld	(hl),d
   0031 D1                   83 	pop	de
   0032 23                   84 	inc	hl
   0033 73                   85 	ld	(hl),e
   0034 23                   86 	inc	hl
   0035 72                   87 	ld	(hl),d
   0036 F8 01                88 	lda	hl,1(sp)
   0038 2B                   89 	dec	hl
   0039 5E                   90 	ld	e,(hl)
   003A 23                   91 	inc	hl
   003B 56                   92 	ld	d,(hl)
   003C 23                   93 	inc	hl
   003D 2A                   94 	ld	a,(hl+)
   003E 66                   95 	ld	h,(hl)
   003F 6F                   96 	ld	l,a
   0040                      97 00103$:
   0040 E8 04                98 	lda	sp,4(sp)
   0042 C9                   99 	ret
   0043                     100 _sinf_end::
                            101 	.area _CODE
                            102 	.area _CABS
