                              1         ;; Stubs to match between function names
                              2         .area   _CODE
                              3 
                              4         .globl  __mullong
                              5         .globl  __modslong
                              6         .globl  __modulong
                              7         .globl  __divslong
                              8         .globl  __divulong
                              9         .globl  __divschar_rrx_s
                             10         .globl  __divsint_rrx_s
                             11         .globl  __divuchar_rrx_s
                             12         .globl  __divuint_rrx_s
                             13         .globl  __mulschar_rrx_s
                             14         .globl  __muluchar_rrx_s
                             15         .globl  __mulint_rrx_s
                             16         .globl  __moduchar_rrx_s
                             17         .globl  __modschar_rrx_s
                             18         .globl  __moduint_rrx_s
                             19         .globl  __modsint_rrx_s
                             20         .globl  __rrulong_rrx_s
                             21         .globl  __rrslong_rrx_s
                             22         .globl  __rlulong_rrx_s
                             23         .globl  __rlslong_rrx_s
                             24 
   0000                      25 __mullong_rrx_s::
   0000                      26 __mullong_rrf_s::
   0000 C3r00s00             27         jp      __mullong
                             28 
   0003                      29 __modslong_rrx_s::
   0003                      30 __modslong_rrf_s::
   0003 C3r00s00             31         jp      __modslong
                             32 
   0006                      33 __modulong_rrx_s::
   0006                      34 __modulong_rrf_s::
   0006 C3r00s00             35         jp      __modulong
                             36 
   0009                      37 __divslong_rrx_s::
   0009                      38 __divslong_rrf_s::
   0009 C3r00s00             39         jp      __divslong
                             40 
   000C                      41 __divulong_rrx_s::
   000C                      42 __divulong_rrf_s::
   000C C3r00s00             43         jp      __divulong
                             44 
   000F                      45 __mulint_rrf_s::
   000F 3E 05                46         ld      a,#5
   0011 CF                   47         rst     0x08
   0012 C3r00s00             48         jp      __mulint_rrx_s
                             49 
   0015                      50 __divsint_rrf_s::
   0015 3E 05                51         ld      a,#5
   0017 CF                   52         rst     0x08
   0018 C3r00s00             53         jp      __divsint_rrx_s
                             54 
   001B                      55 __divuint_rrf_s::
   001B 3E 05                56         ld      a,#5
   001D CF                   57         rst     0x08
   001E C3r00s00             58         jp      __divuint_rrx_s
                             59 
   0021                      60 __mulschar_rrf_s::
   0021 3E 05                61         ld      a,#5
   0023 CF                   62         rst     0x08
   0024 C3r00s00             63         jp      __mulschar_rrx_s
                             64 
   0027                      65 __divschar_rrf_s::
   0027 3E 05                66         ld      a,#5
   0029 CF                   67         rst     0x08
   002A C3r00s00             68         jp      __divschar_rrx_s
                             69 
   002D                      70 __muluchar_rrf_s::
   002D 3E 05                71         ld      a,#5
   002F CF                   72         rst     0x08
   0030 C3r00s00             73         jp      __muluchar_rrx_s
                             74 
   0033                      75 __divuchar_rrf_s::
   0033 3E 05                76         ld      a,#5
   0035 CF                   77         rst     0x08
   0036 C3r00s00             78         jp      __divuchar_rrx_s
                             79 
   0039                      80 __modschar_rrf_s::
   0039 3E 05                81         ld      a,#5
   003B CF                   82         rst     0x08
   003C C3r00s00             83         jp      __modschar_rrx_s
                             84 
   003F                      85 __moduchar_rrf_s::
   003F 3E 05                86         ld      a,#5
   0041 CF                   87         rst     0x08
   0042 C3r00s00             88         jp      __moduchar_rrx_s
                             89 
   0045                      90 __modsint_rrf_s::
   0045 3E 05                91         ld      a,#5
   0047 CF                   92         rst     0x08
   0048 C3r00s00             93         jp      __modsint_rrx_s
                             94 
   004B                      95 __moduint_rrf_s::
   004B 3E 05                96         ld      a,#5
   004D CF                   97         rst     0x08
   004E C3r00s00             98         jp      __moduint_rrx_s
                             99 
   0051                     100 __rrulong_rrf_s::
   0051 3E 05               101         ld      a,#5
   0053 CF                  102         rst     0x08
   0054 C3r00s00            103         jp      __rrulong_rrx_s
                            104 
   0057                     105 __rrslong_rrf_s::
   0057 3E 05               106         ld      a,#5
   0059 CF                  107         rst     0x08
   005A C3r00s00            108         jp      __rrslong_rrx_s
                            109 
   005D                     110 __rlulong_rrf_s::
   005D 3E 05               111         ld      a,#5
   005F CF                  112         rst     0x08
   0060 C3r00s00            113         jp      __rlulong_rrx_s
                            114 
   0063                     115 __rlslong_rrf_s::
   0063 3E 05               116         ld      a,#5
   0065 CF                  117         rst     0x08
   0066 C3r00s00            118         jp      __rlslong_rrx_s
