                              1 ;--------------------------------------------------------
                              2 ; File Created by SDCC : free open source ANSI-C Compiler
                              3 ; Version 2.9.4 #5595 (Oct 23 2013) (Mac OS X ppc)
                              4 ; This file was generated Wed Oct 23 12:26:11 2013
                              5 ;--------------------------------------------------------
                              6 	.module tanf
                              7 	.optsdcc -mgbz80
                              8 	
                              9 ;--------------------------------------------------------
                             10 ; Public variables in this module
                             11 ;--------------------------------------------------------
                             12 	.globl _tanf
                             13 ;--------------------------------------------------------
                             14 ;  ram data
                             15 ;--------------------------------------------------------
                             16 	.area _DATA
                             17 ;--------------------------------------------------------
                             18 ; overlayable items in  ram 
                             19 ;--------------------------------------------------------
                             20 	.area _OVERLAY
                             21 ;--------------------------------------------------------
                             22 ; external initialized ram data
                             23 ;--------------------------------------------------------
                             24 ;--------------------------------------------------------
                             25 ; global & static initialisations
                             26 ;--------------------------------------------------------
                             27 	.area _HOME
                             28 	.area _GSINIT
                             29 	.area _GSFINAL
                             30 	.area _GSINIT
                             31 ;--------------------------------------------------------
                             32 ; Home
                             33 ;--------------------------------------------------------
                             34 	.area _HOME
                             35 	.area _HOME
                             36 ;--------------------------------------------------------
                             37 ; code
                             38 ;--------------------------------------------------------
                             39 	.area _CODE
                             40 ;../tanf.c:25: float tanf(const float x) _FLOAT_FUNC_REENTRANT
                             41 ;	---------------------------------
                             42 ; Function tanf
                             43 ; ---------------------------------
   0000                      44 _tanf_start::
   0000                      45 _tanf:
                             46 	
   0000 F5                   47 	push	af
   0001 F5                   48 	push	af
                             49 ;../tanf.c:27: return tancotf(x, 0);
   0002 21 00 00             50 	ld	hl,#0x0000
   0005 E5                   51 	push	hl
   0006 F8 0A                52 	lda	hl,10(sp)
   0008 2A                   53 	ld	a,(hl+)
   0009 66                   54 	ld	h,(hl)
   000A 6F                   55 	ld	l,a
   000B E5                   56 	push	hl
   000C F8 0A                57 	lda	hl,10(sp)
   000E 2A                   58 	ld	a,(hl+)
   000F 66                   59 	ld	h,(hl)
   0010 6F                   60 	ld	l,a
   0011 E5                   61 	push	hl
   0012 CDr00s00             62 	call	_tancotf
   0015 E8 06                63 	lda	sp,6(sp)
   0017 E5                   64 	push	hl
   0018 F8 02                65 	lda	hl,2(sp)
   001A 73                   66 	ld	(hl),e
   001B 23                   67 	inc	hl
   001C 72                   68 	ld	(hl),d
   001D D1                   69 	pop	de
   001E 23                   70 	inc	hl
   001F 73                   71 	ld	(hl),e
   0020 23                   72 	inc	hl
   0021 72                   73 	ld	(hl),d
   0022 F8 01                74 	lda	hl,1(sp)
   0024 2B                   75 	dec	hl
   0025 5E                   76 	ld	e,(hl)
   0026 23                   77 	inc	hl
   0027 56                   78 	ld	d,(hl)
   0028 23                   79 	inc	hl
   0029 2A                   80 	ld	a,(hl+)
   002A 66                   81 	ld	h,(hl)
   002B 6F                   82 	ld	l,a
   002C                      83 00101$:
   002C E8 04                84 	lda	sp,4(sp)
   002E C9                   85 	ret
   002F                      86 _tanf_end::
                             87 	.area _CODE
                             88 	.area _CABS
