                              1 ;--------------------------------------------------------
                              2 ; File Created by SDCC : free open source ANSI-C Compiler
                              3 ; Version 2.9.4 #5595 (Oct 23 2013) (Mac OS X ppc)
                              4 ; This file was generated Wed Oct 23 12:26:13 2013
                              5 ;--------------------------------------------------------
                              6 	.module time
                              7 	.optsdcc -mgbz80
                              8 	
                              9 ;--------------------------------------------------------
                             10 ; Public variables in this module
                             11 ;--------------------------------------------------------
                             12 	.globl _RtcRead
                             13 	.globl ___day
                             14 	.globl ___month
                             15 	.globl _time
                             16 	.globl _asctime
                             17 	.globl _ctime
                             18 	.globl _localtime
                             19 	.globl _gmtime
                             20 	.globl _mktime
                             21 ;--------------------------------------------------------
                             22 ;  ram data
                             23 ;--------------------------------------------------------
                             24 	.area _DATA
   0000                      25 _monthDays:
   0000                      26 	.ds 12
   000C                      27 ___month::
   000C                      28 	.ds 24
   0024                      29 ___day::
   0024                      30 	.ds 14
   0032                      31 _ascTimeBuffer:
   0032                      32 	.ds 32
   0052                      33 _lastTime:
   0052                      34 	.ds 12
                             35 ;--------------------------------------------------------
                             36 ; overlayable items in  ram 
                             37 ;--------------------------------------------------------
                             38 	.area _OVERLAY
                             39 ;--------------------------------------------------------
                             40 ; external initialized ram data
                             41 ;--------------------------------------------------------
                             42 ;--------------------------------------------------------
                             43 ; global & static initialisations
                             44 ;--------------------------------------------------------
                             45 	.area _HOME
                             46 	.area _GSINIT
                             47 	.area _GSFINAL
                             48 	.area _GSINIT
                             49 ;../time.c:59: static _CODE char monthDays[]={31,28,31,30,31,30,31,31,30,31,30,31};
   0000 21r00s00             50 	ld	hl,#_monthDays
   0003 CDr00s00             51 	call	__initrleblock
   0006 0C                   52 	.db	12
   0007 1F 1C 1F 1E 1F 1E    53 	.db	0x1F, 0x1C, 0x1F, 0x1E, 0x1F, 0x1E, 0x1F, 0x1F
        1F 1F
   000F 1E 1F 1E 1F          54 	.db	0x1E, 0x1F, 0x1E, 0x1F
   0013 00                   55 	.db	0
                             56 ;../time.c:61: _CODE const char * _CODE __month[]={"Jan","Feb","Mar","Apr","May","Jun",
   0014 11r0Cs00             57 	ld	de,#___month
   0017 3ErE6                58 	ld	a,#<(__str_1)
   0019 12                   59 	ld	(de),a
   001A 13                   60 	inc	de
   001B 3Es08                61 	ld	a,#>(__str_1)
   001D 12                   62 	ld	(de),a
   001E 11r0Es00             63 	ld	de,#0x0002 + ___month
   0021 3ErEA                64 	ld	a,#<(__str_2)
   0023 12                   65 	ld	(de),a
   0024 13                   66 	inc	de
   0025 3Es08                67 	ld	a,#>(__str_2)
   0027 12                   68 	ld	(de),a
   0028 11r10s00             69 	ld	de,#0x0004 + ___month
   002B 3ErEE                70 	ld	a,#<(__str_3)
   002D 12                   71 	ld	(de),a
   002E 13                   72 	inc	de
   002F 3Es08                73 	ld	a,#>(__str_3)
   0031 12                   74 	ld	(de),a
   0032 11r12s00             75 	ld	de,#0x0006 + ___month
   0035 3ErF2                76 	ld	a,#<(__str_4)
   0037 12                   77 	ld	(de),a
   0038 13                   78 	inc	de
   0039 3Es08                79 	ld	a,#>(__str_4)
   003B 12                   80 	ld	(de),a
   003C 11r14s00             81 	ld	de,#0x0008 + ___month
   003F 3ErF6                82 	ld	a,#<(__str_5)
   0041 12                   83 	ld	(de),a
   0042 13                   84 	inc	de
   0043 3Es08                85 	ld	a,#>(__str_5)
   0045 12                   86 	ld	(de),a
   0046 11r16s00             87 	ld	de,#0x000a + ___month
   0049 3ErFA                88 	ld	a,#<(__str_6)
   004B 12                   89 	ld	(de),a
   004C 13                   90 	inc	de
   004D 3Es08                91 	ld	a,#>(__str_6)
   004F 12                   92 	ld	(de),a
   0050 11r18s00             93 	ld	de,#0x000c + ___month
   0053 3ErFE                94 	ld	a,#<(__str_7)
   0055 12                   95 	ld	(de),a
   0056 13                   96 	inc	de
   0057 3Es08                97 	ld	a,#>(__str_7)
   0059 12                   98 	ld	(de),a
   005A 11r1As00             99 	ld	de,#0x000e + ___month
   005D 3Er02               100 	ld	a,#<(__str_8)
   005F 12                  101 	ld	(de),a
   0060 13                  102 	inc	de
   0061 3Es09               103 	ld	a,#>(__str_8)
   0063 12                  104 	ld	(de),a
   0064 11r1Cs00            105 	ld	de,#0x0010 + ___month
   0067 3Er06               106 	ld	a,#<(__str_9)
   0069 12                  107 	ld	(de),a
   006A 13                  108 	inc	de
   006B 3Es09               109 	ld	a,#>(__str_9)
   006D 12                  110 	ld	(de),a
   006E 11r1Es00            111 	ld	de,#0x0012 + ___month
   0071 3Er0A               112 	ld	a,#<(__str_10)
   0073 12                  113 	ld	(de),a
   0074 13                  114 	inc	de
   0075 3Es09               115 	ld	a,#>(__str_10)
   0077 12                  116 	ld	(de),a
   0078 11r20s00            117 	ld	de,#0x0014 + ___month
   007B 3Er0E               118 	ld	a,#<(__str_11)
   007D 12                  119 	ld	(de),a
   007E 13                  120 	inc	de
   007F 3Es09               121 	ld	a,#>(__str_11)
   0081 12                  122 	ld	(de),a
   0082 11r22s00            123 	ld	de,#0x0016 + ___month
   0085 3Er12               124 	ld	a,#<(__str_12)
   0087 12                  125 	ld	(de),a
   0088 13                  126 	inc	de
   0089 3Es09               127 	ld	a,#>(__str_12)
   008B 12                  128 	ld	(de),a
                            129 ;../time.c:64: _CODE const char * _CODE __day[]={"Sun","Mon","Tue","Wed","Thu","Fri","Sat"};
   008C 11r24s00            130 	ld	de,#___day
   008F 3Er16               131 	ld	a,#<(__str_13)
   0091 12                  132 	ld	(de),a
   0092 13                  133 	inc	de
   0093 3Es09               134 	ld	a,#>(__str_13)
   0095 12                  135 	ld	(de),a
   0096 11r26s00            136 	ld	de,#0x0002 + ___day
   0099 3Er1A               137 	ld	a,#<(__str_14)
   009B 12                  138 	ld	(de),a
   009C 13                  139 	inc	de
   009D 3Es09               140 	ld	a,#>(__str_14)
   009F 12                  141 	ld	(de),a
   00A0 11r28s00            142 	ld	de,#0x0004 + ___day
   00A3 3Er1E               143 	ld	a,#<(__str_15)
   00A5 12                  144 	ld	(de),a
   00A6 13                  145 	inc	de
   00A7 3Es09               146 	ld	a,#>(__str_15)
   00A9 12                  147 	ld	(de),a
   00AA 11r2As00            148 	ld	de,#0x0006 + ___day
   00AD 3Er22               149 	ld	a,#<(__str_16)
   00AF 12                  150 	ld	(de),a
   00B0 13                  151 	inc	de
   00B1 3Es09               152 	ld	a,#>(__str_16)
   00B3 12                  153 	ld	(de),a
   00B4 11r2Cs00            154 	ld	de,#0x0008 + ___day
   00B7 3Er26               155 	ld	a,#<(__str_17)
   00B9 12                  156 	ld	(de),a
   00BA 13                  157 	inc	de
   00BB 3Es09               158 	ld	a,#>(__str_17)
   00BD 12                  159 	ld	(de),a
   00BE 11r2Es00            160 	ld	de,#0x000a + ___day
   00C1 3Er2A               161 	ld	a,#<(__str_18)
   00C3 12                  162 	ld	(de),a
   00C4 13                  163 	inc	de
   00C5 3Es09               164 	ld	a,#>(__str_18)
   00C7 12                  165 	ld	(de),a
   00C8 11r30s00            166 	ld	de,#0x000c + ___day
   00CB 3Er2E               167 	ld	a,#<(__str_19)
   00CD 12                  168 	ld	(de),a
   00CE 13                  169 	inc	de
   00CF 3Es09               170 	ld	a,#>(__str_19)
   00D1 12                  171 	ld	(de),a
                            172 ;--------------------------------------------------------
                            173 ; Home
                            174 ;--------------------------------------------------------
                            175 	.area _HOME
                            176 	.area _HOME
                            177 ;--------------------------------------------------------
                            178 ; code
                            179 ;--------------------------------------------------------
                            180 	.area _CODE
                            181 ;../time.c:38: unsigned char RtcRead(struct tm *timeptr) {
                            182 ;	---------------------------------
                            183 ; Function RtcRead
                            184 ; ---------------------------------
   0000                     185 _RtcRead_start::
   0000                     186 _RtcRead:
                            187 	
                            188 ;../time.c:41: return 0;
   0000 1E 00               189 	ld	e,#0x00
   0002                     190 00101$:
                            191 	
   0002 C9                  192 	ret
   0003                     193 _RtcRead_end::
                            194 ;../time.c:46: time_t time(time_t *timeptr) {
                            195 ;	---------------------------------
                            196 ; Function time
                            197 ; ---------------------------------
   0003                     198 _time_start::
   0003                     199 _time:
   0003 E8 EC               200 	lda	sp,-20(sp)
                            201 ;../time.c:48: time_t t=-1;
   0005 F8 04               202 	lda	hl,4(sp)
   0007 36 FF               203 	ld	(hl),#0xFF
   0009 23                  204 	inc	hl
   000A 36 FF               205 	ld	(hl),#0xFF
   000C 23                  206 	inc	hl
   000D 36 FF               207 	ld	(hl),#0xFF
   000F 23                  208 	inc	hl
   0010 36 FF               209 	ld	(hl),#0xFF
                            210 ;../time.c:50: if (RtcRead(&now)) {
   0012 F8 08               211 	lda	hl,8(sp)
   0014 4D                  212 	ld	c,l
   0015 44                  213 	ld	b,h
   0016 C5                  214 	push	bc
   0017 CDr00s00            215 	call	_RtcRead
   001A E8 02               216 	lda	sp,2(sp)
   001C 4B                  217 	ld	c,e
   001D AF                  218 	xor	a,a
   001E B1                  219 	or	a,c
   001F CAr48s00            220 	jp	Z,00102$
                            221 ;../time.c:51: t=mktime(&now);
   0022 F8 08               222 	lda	hl,8(sp)
   0024 4D                  223 	ld	c,l
   0025 44                  224 	ld	b,h
   0026 C5                  225 	push	bc
   0027 CDrCAs05            226 	call	_mktime
   002A E8 02               227 	lda	sp,2(sp)
   002C E5                  228 	push	hl
   002D F8 02               229 	lda	hl,2(sp)
   002F 73                  230 	ld	(hl),e
   0030 23                  231 	inc	hl
   0031 72                  232 	ld	(hl),d
   0032 D1                  233 	pop	de
   0033 23                  234 	inc	hl
   0034 73                  235 	ld	(hl),e
   0035 23                  236 	inc	hl
   0036 72                  237 	ld	(hl),d
   0037 F8 00               238 	lda	hl,0(sp)
   0039 54                  239 	ld	d,h
   003A 5D                  240 	ld	e,l
   003B F8 04               241 	lda	hl,4(sp)
   003D 1A                  242 	ld	a,(de)
   003E 22                  243 	ld	(hl+),a
   003F 13                  244 	inc	de
   0040 1A                  245 	ld	a,(de)
   0041 22                  246 	ld	(hl+),a
   0042 13                  247 	inc	de
   0043 1A                  248 	ld	a,(de)
   0044 22                  249 	ld	(hl+),a
   0045 13                  250 	inc	de
   0046 1A                  251 	ld	a,(de)
   0047 77                  252 	ld	(hl),a
   0048                     253 00102$:
                            254 ;../time.c:53: if (timeptr) {
   0048 F8 16               255 	lda	hl,22(sp)
   004A 2A                  256 	ld	a,(hl+)
   004B B6                  257 	or	a,(hl)
   004C CAr65s00            258 	jp	Z,00104$
                            259 ;../time.c:54: *timeptr=t;
   004F 2B                  260 	dec	hl
   0050 4E                  261 	ld	c,(hl)
   0051 23                  262 	inc	hl
   0052 46                  263 	ld	b,(hl)
   0053 59                  264 	ld	e,c
   0054 50                  265 	ld	d,b
   0055 F8 04               266 	lda	hl,4(sp)
   0057 7E                  267 	ld	a,(hl)
   0058 12                  268 	ld	(de),a
   0059 13                  269 	inc	de
   005A 23                  270 	inc	hl
   005B 7E                  271 	ld	a,(hl)
   005C 12                  272 	ld	(de),a
   005D 13                  273 	inc	de
   005E 23                  274 	inc	hl
   005F 7E                  275 	ld	a,(hl)
   0060 12                  276 	ld	(de),a
   0061 13                  277 	inc	de
   0062 23                  278 	inc	hl
   0063 7E                  279 	ld	a,(hl)
   0064 12                  280 	ld	(de),a
   0065                     281 00104$:
                            282 ;../time.c:56: return t;
   0065 F8 05               283 	lda	hl,5(sp)
   0067 2B                  284 	dec	hl
   0068 5E                  285 	ld	e,(hl)
   0069 23                  286 	inc	hl
   006A 56                  287 	ld	d,(hl)
   006B 23                  288 	inc	hl
   006C 2A                  289 	ld	a,(hl+)
   006D 66                  290 	ld	h,(hl)
   006E 6F                  291 	ld	l,a
   006F                     292 00105$:
   006F E8 14               293 	lda	sp,20(sp)
   0071 C9                  294 	ret
   0072                     295 _time_end::
                            296 ;../time.c:69: static void CheckTime(struct tm *timeptr) {
                            297 ;	---------------------------------
                            298 ; Function CheckTime
                            299 ; ---------------------------------
   0072                     300 _CheckTime:
                            301 	
   0072 F5                  302 	push	af
   0073 F5                  303 	push	af
                            304 ;../time.c:80: if (timeptr->tm_sec>59) timeptr->tm_sec=59;
   0074 F8 06               305 	lda	hl,6(sp)
   0076 2A                  306 	ld	a,(hl+)
   0077 5E                  307 	ld	e,(hl)
   0078 F8 02               308 	lda	hl,2(sp)
   007A 22                  309 	ld	(hl+),a
   007B 73                  310 	ld	(hl),e
   007C 2B                  311 	dec	hl
   007D 5E                  312 	ld	e,(hl)
   007E 23                  313 	inc	hl
   007F 56                  314 	ld	d,(hl)
   0080 1A                  315 	ld	a,(de)
   0081 4F                  316 	ld	c,a
   0082 3E 3B               317 	ld	a,#0x3B
   0084 91                  318 	sub	a,c
   0085 D2r8Fs00            319 	jp	NC,00102$
   0088 2B                  320 	dec	hl
   0089 5E                  321 	ld	e,(hl)
   008A 23                  322 	inc	hl
   008B 56                  323 	ld	d,(hl)
   008C 3E 3B               324 	ld	a,#0x3B
   008E 12                  325 	ld	(de),a
   008F                     326 00102$:
                            327 ;../time.c:81: if (timeptr->tm_min>59) timeptr->tm_min=59;
   008F F8 03               328 	lda	hl,3(sp)
   0091 2B                  329 	dec	hl
   0092 5E                  330 	ld	e,(hl)
   0093 23                  331 	inc	hl
   0094 56                  332 	ld	d,(hl)
   0095 21 01 00            333 	ld	hl,#0x0001
   0098 19                  334 	add	hl,de
   0099 7D                  335 	ld	a,l
   009A 54                  336 	ld	d,h
   009B F8 00               337 	lda	hl,0(sp)
   009D 22                  338 	ld	(hl+),a
   009E 72                  339 	ld	(hl),d
   009F 5F                  340 	ld	e,a
   00A0 1A                  341 	ld	a,(de)
   00A1 4F                  342 	ld	c,a
   00A2 3E 3B               343 	ld	a,#0x3B
   00A4 91                  344 	sub	a,c
   00A5 D2rAFs00            345 	jp	NC,00104$
   00A8 2B                  346 	dec	hl
   00A9 5E                  347 	ld	e,(hl)
   00AA 23                  348 	inc	hl
   00AB 56                  349 	ld	d,(hl)
   00AC 3E 3B               350 	ld	a,#0x3B
   00AE 12                  351 	ld	(de),a
   00AF                     352 00104$:
                            353 ;../time.c:82: if (timeptr->tm_hour>23) timeptr->tm_hour=23;
   00AF F8 03               354 	lda	hl,3(sp)
   00B1 2B                  355 	dec	hl
   00B2 5E                  356 	ld	e,(hl)
   00B3 23                  357 	inc	hl
   00B4 56                  358 	ld	d,(hl)
   00B5 21 02 00            359 	ld	hl,#0x0002
   00B8 19                  360 	add	hl,de
   00B9 7D                  361 	ld	a,l
   00BA 54                  362 	ld	d,h
   00BB F8 00               363 	lda	hl,0(sp)
   00BD 22                  364 	ld	(hl+),a
   00BE 72                  365 	ld	(hl),d
   00BF 5F                  366 	ld	e,a
   00C0 1A                  367 	ld	a,(de)
   00C1 4F                  368 	ld	c,a
   00C2 3E 17               369 	ld	a,#0x17
   00C4 91                  370 	sub	a,c
   00C5 D2rCFs00            371 	jp	NC,00106$
   00C8 2B                  372 	dec	hl
   00C9 5E                  373 	ld	e,(hl)
   00CA 23                  374 	inc	hl
   00CB 56                  375 	ld	d,(hl)
   00CC 3E 17               376 	ld	a,#0x17
   00CE 12                  377 	ld	(de),a
   00CF                     378 00106$:
                            379 ;../time.c:83: if (timeptr->tm_wday>6) timeptr->tm_wday=6;
   00CF F8 03               380 	lda	hl,3(sp)
   00D1 2B                  381 	dec	hl
   00D2 5E                  382 	ld	e,(hl)
   00D3 23                  383 	inc	hl
   00D4 56                  384 	ld	d,(hl)
   00D5 21 07 00            385 	ld	hl,#0x0007
   00D8 19                  386 	add	hl,de
   00D9 7D                  387 	ld	a,l
   00DA 54                  388 	ld	d,h
   00DB F8 00               389 	lda	hl,0(sp)
   00DD 22                  390 	ld	(hl+),a
   00DE 72                  391 	ld	(hl),d
   00DF 5F                  392 	ld	e,a
   00E0 1A                  393 	ld	a,(de)
   00E1 4F                  394 	ld	c,a
   00E2 3E 06               395 	ld	a,#0x06
   00E4 91                  396 	sub	a,c
   00E5 D2rEFs00            397 	jp	NC,00108$
   00E8 2B                  398 	dec	hl
   00E9 5E                  399 	ld	e,(hl)
   00EA 23                  400 	inc	hl
   00EB 56                  401 	ld	d,(hl)
   00EC 3E 06               402 	ld	a,#0x06
   00EE 12                  403 	ld	(de),a
   00EF                     404 00108$:
                            405 ;../time.c:84: if (timeptr->tm_mday<1) timeptr->tm_mday=1;
   00EF F8 03               406 	lda	hl,3(sp)
   00F1 2B                  407 	dec	hl
   00F2 5E                  408 	ld	e,(hl)
   00F3 23                  409 	inc	hl
   00F4 56                  410 	ld	d,(hl)
   00F5 21 03 00            411 	ld	hl,#0x0003
   00F8 19                  412 	add	hl,de
   00F9 4D                  413 	ld	c,l
   00FA 44                  414 	ld	b,h
   00FB 0A                  415 	ld	a,(bc)
   00FC F8 00               416 	lda	hl,0(sp)
   00FE 77                  417 	ld	(hl),a
   00FF D6 01               418 	sub	a,#0x01
   0101 D2r0As01            419 	jp	NC,00112$
   0104 3E 01               420 	ld	a,#0x01
   0106 02                  421 	ld	(bc),a
   0107 C3r15s01            422 	jp	00113$
   010A                     423 00112$:
                            424 ;../time.c:85: else if (timeptr->tm_mday>31) timeptr->tm_mday=31;
   010A 3E 1F               425 	ld	a,#0x1F
   010C F8 00               426 	lda	hl,0(sp)
   010E 96                  427 	sub	a,(hl)
   010F D2r15s01            428 	jp	NC,00113$
   0112 3E 1F               429 	ld	a,#0x1F
   0114 02                  430 	ld	(bc),a
   0115                     431 00113$:
                            432 ;../time.c:86: if (timeptr->tm_mon>11) timeptr->tm_mon=11;
   0115 F8 03               433 	lda	hl,3(sp)
   0117 2B                  434 	dec	hl
   0118 5E                  435 	ld	e,(hl)
   0119 23                  436 	inc	hl
   011A 56                  437 	ld	d,(hl)
   011B 21 04 00            438 	ld	hl,#0x0004
   011E 19                  439 	add	hl,de
   011F 7D                  440 	ld	a,l
   0120 54                  441 	ld	d,h
   0121 F8 00               442 	lda	hl,0(sp)
   0123 22                  443 	ld	(hl+),a
   0124 72                  444 	ld	(hl),d
   0125 5F                  445 	ld	e,a
   0126 1A                  446 	ld	a,(de)
   0127 4F                  447 	ld	c,a
   0128 3E 0B               448 	ld	a,#0x0B
   012A 91                  449 	sub	a,c
   012B D2r35s01            450 	jp	NC,00115$
   012E 2B                  451 	dec	hl
   012F 5E                  452 	ld	e,(hl)
   0130 23                  453 	inc	hl
   0131 56                  454 	ld	d,(hl)
   0132 3E 0B               455 	ld	a,#0x0B
   0134 12                  456 	ld	(de),a
   0135                     457 00115$:
                            458 ;../time.c:87: if (timeptr->tm_year<0) timeptr->tm_year=0;
   0135 F8 03               459 	lda	hl,3(sp)
   0137 2B                  460 	dec	hl
   0138 5E                  461 	ld	e,(hl)
   0139 23                  462 	inc	hl
   013A 56                  463 	ld	d,(hl)
   013B 21 05 00            464 	ld	hl,#0x0005
   013E 19                  465 	add	hl,de
   013F 7D                  466 	ld	a,l
   0140 54                  467 	ld	d,h
   0141 F8 00               468 	lda	hl,0(sp)
   0143 22                  469 	ld	(hl+),a
   0144 72                  470 	ld	(hl),d
   0145 5F                  471 	ld	e,a
   0146 1A                  472 	ld	a,(de)
   0147 4F                  473 	ld	c,a
   0148 13                  474 	inc	de
   0149 1A                  475 	ld	a,(de)
   014A 47                  476 	ld	b,a
   014B CB 7F               477 	bit	7,a
   014D CAr5Bs01            478 	jp	Z,00118$
   0150 2B                  479 	dec	hl
   0151 5E                  480 	ld	e,(hl)
   0152 23                  481 	inc	hl
   0153 56                  482 	ld	d,(hl)
   0154 3E 00               483 	ld	a,#0x00
   0156 12                  484 	ld	(de),a
   0157 13                  485 	inc	de
   0158 3E 00               486 	ld	a,#0x00
   015A 12                  487 	ld	(de),a
   015B                     488 00118$:
   015B E8 04               489 	lda	sp,4(sp)
   015D C9                  490 	ret
                            491 ;../time.c:91: char *asctime(struct tm *timeptr) {
                            492 ;	---------------------------------
                            493 ; Function asctime
                            494 ; ---------------------------------
   015E                     495 _asctime_start::
   015E                     496 _asctime:
   015E E8 F2               497 	lda	sp,-14(sp)
                            498 ;../time.c:92: CheckTime(timeptr);
   0160 F8 10               499 	lda	hl,16(sp)
   0162 2A                  500 	ld	a,(hl+)
   0163 66                  501 	ld	h,(hl)
   0164 6F                  502 	ld	l,a
   0165 E5                  503 	push	hl
   0166 CDr72s00            504 	call	_CheckTime
   0169 E8 02               505 	lda	sp,2(sp)
                            506 ;../time.c:96: timeptr->tm_year+1900);
   016B F8 10               507 	lda	hl,16(sp)
   016D 2A                  508 	ld	a,(hl+)
   016E 5E                  509 	ld	e,(hl)
   016F F8 0C               510 	lda	hl,12(sp)
   0171 22                  511 	ld	(hl+),a
   0172 73                  512 	ld	(hl),e
   0173 2B                  513 	dec	hl
   0174 5E                  514 	ld	e,(hl)
   0175 23                  515 	inc	hl
   0176 56                  516 	ld	d,(hl)
   0177 21 05 00            517 	ld	hl,#0x0005
   017A 19                  518 	add	hl,de
   017B 4D                  519 	ld	c,l
   017C 44                  520 	ld	b,h
   017D 59                  521 	ld	e,c
   017E 50                  522 	ld	d,b
   017F 1A                  523 	ld	a,(de)
   0180 4F                  524 	ld	c,a
   0181 13                  525 	inc	de
   0182 1A                  526 	ld	a,(de)
   0183 47                  527 	ld	b,a
   0184 21 6C 07            528 	ld	hl,#0x076C
   0187 09                  529 	add	hl,bc
   0188 7D                  530 	ld	a,l
   0189 54                  531 	ld	d,h
   018A F8 0A               532 	lda	hl,10(sp)
   018C 22                  533 	ld	(hl+),a
   018D 72                  534 	ld	(hl),d
                            535 ;../time.c:95: timeptr->tm_hour, timeptr->tm_min, timeptr->tm_sec, 
   018E 23                  536 	inc	hl
   018F 23                  537 	inc	hl
   0190 2B                  538 	dec	hl
   0191 5E                  539 	ld	e,(hl)
   0192 23                  540 	inc	hl
   0193 56                  541 	ld	d,(hl)
   0194 1A                  542 	ld	a,(de)
   0195 4F                  543 	ld	c,a
   0196 F8 08               544 	lda	hl,8(sp)
   0198 71                  545 	ld	(hl),c
   0199 23                  546 	inc	hl
   019A 36 00               547 	ld	(hl),#0x00
   019C F8 0C               548 	lda	hl,12(sp)
   019E 4E                  549 	ld	c,(hl)
   019F 23                  550 	inc	hl
   01A0 46                  551 	ld	b,(hl)
   01A1 03                  552 	inc	bc
   01A2 0A                  553 	ld	a,(bc)
   01A3 4F                  554 	ld	c,a
   01A4 F8 06               555 	lda	hl,6(sp)
   01A6 71                  556 	ld	(hl),c
   01A7 23                  557 	inc	hl
   01A8 36 00               558 	ld	(hl),#0x00
   01AA F8 0C               559 	lda	hl,12(sp)
   01AC 4E                  560 	ld	c,(hl)
   01AD 23                  561 	inc	hl
   01AE 46                  562 	ld	b,(hl)
   01AF 03                  563 	inc	bc
   01B0 03                  564 	inc	bc
   01B1 0A                  565 	ld	a,(bc)
   01B2 4F                  566 	ld	c,a
   01B3 F8 04               567 	lda	hl,4(sp)
   01B5 71                  568 	ld	(hl),c
   01B6 23                  569 	inc	hl
   01B7 36 00               570 	ld	(hl),#0x00
                            571 ;../time.c:94: __day[timeptr->tm_wday], __month[timeptr->tm_mon], timeptr->tm_mday,
   01B9 F8 0D               572 	lda	hl,13(sp)
   01BB 2B                  573 	dec	hl
   01BC 5E                  574 	ld	e,(hl)
   01BD 23                  575 	inc	hl
   01BE 56                  576 	ld	d,(hl)
   01BF 21 03 00            577 	ld	hl,#0x0003
   01C2 19                  578 	add	hl,de
   01C3 4D                  579 	ld	c,l
   01C4 44                  580 	ld	b,h
   01C5 0A                  581 	ld	a,(bc)
   01C6 4F                  582 	ld	c,a
   01C7 F8 02               583 	lda	hl,2(sp)
   01C9 71                  584 	ld	(hl),c
   01CA 23                  585 	inc	hl
   01CB 36 00               586 	ld	(hl),#0x00
   01CD F8 0D               587 	lda	hl,13(sp)
   01CF 2B                  588 	dec	hl
   01D0 5E                  589 	ld	e,(hl)
   01D1 23                  590 	inc	hl
   01D2 56                  591 	ld	d,(hl)
   01D3 21 04 00            592 	ld	hl,#0x0004
   01D6 19                  593 	add	hl,de
   01D7 4D                  594 	ld	c,l
   01D8 44                  595 	ld	b,h
   01D9 0A                  596 	ld	a,(bc)
   01DA 87                  597 	add	a,a
   01DB C6r0C               598 	add	a,#<(___month)
   01DD 4F                  599 	ld	c,a
   01DE 3Es00               600 	ld	a,#>(___month)
   01E0 CE 00               601 	adc	a,#0x00
   01E2 47                  602 	ld	b,a
   01E3 59                  603 	ld	e,c
   01E4 50                  604 	ld	d,b
   01E5 1A                  605 	ld	a,(de)
   01E6 F8 00               606 	lda	hl,0(sp)
   01E8 22                  607 	ld	(hl+),a
   01E9 13                  608 	inc	de
   01EA 1A                  609 	ld	a,(de)
   01EB 77                  610 	ld	(hl),a
   01EC F8 0D               611 	lda	hl,13(sp)
   01EE 2B                  612 	dec	hl
   01EF 5E                  613 	ld	e,(hl)
   01F0 23                  614 	inc	hl
   01F1 56                  615 	ld	d,(hl)
   01F2 21 07 00            616 	ld	hl,#0x0007
   01F5 19                  617 	add	hl,de
   01F6 4D                  618 	ld	c,l
   01F7 44                  619 	ld	b,h
   01F8 0A                  620 	ld	a,(bc)
   01F9 87                  621 	add	a,a
   01FA C6r24               622 	add	a,#<(___day)
   01FC 4F                  623 	ld	c,a
   01FD 3Es00               624 	ld	a,#>(___day)
   01FF CE 00               625 	adc	a,#0x00
   0201 47                  626 	ld	b,a
   0202 59                  627 	ld	e,c
   0203 50                  628 	ld	d,b
   0204 1A                  629 	ld	a,(de)
   0205 4F                  630 	ld	c,a
   0206 13                  631 	inc	de
   0207 1A                  632 	ld	a,(de)
   0208 47                  633 	ld	b,a
                            634 ;../time.c:93: sprintf (ascTimeBuffer, "%s %s %2d %02d:%02d:%02d %04d\n",
   0209 F8 0A               635 	lda	hl,10(sp)
   020B 2A                  636 	ld	a,(hl+)
   020C 66                  637 	ld	h,(hl)
   020D 6F                  638 	ld	l,a
   020E E5                  639 	push	hl
   020F F8 0A               640 	lda	hl,10(sp)
   0211 2A                  641 	ld	a,(hl+)
   0212 66                  642 	ld	h,(hl)
   0213 6F                  643 	ld	l,a
   0214 E5                  644 	push	hl
   0215 F8 0A               645 	lda	hl,10(sp)
   0217 2A                  646 	ld	a,(hl+)
   0218 66                  647 	ld	h,(hl)
   0219 6F                  648 	ld	l,a
   021A E5                  649 	push	hl
   021B F8 0A               650 	lda	hl,10(sp)
   021D 2A                  651 	ld	a,(hl+)
   021E 66                  652 	ld	h,(hl)
   021F 6F                  653 	ld	l,a
   0220 E5                  654 	push	hl
   0221 F8 0A               655 	lda	hl,10(sp)
   0223 2A                  656 	ld	a,(hl+)
   0224 66                  657 	ld	h,(hl)
   0225 6F                  658 	ld	l,a
   0226 E5                  659 	push	hl
   0227 F8 0A               660 	lda	hl,10(sp)
   0229 2A                  661 	ld	a,(hl+)
   022A 66                  662 	ld	h,(hl)
   022B 6F                  663 	ld	l,a
   022C E5                  664 	push	hl
   022D C5                  665 	push	bc
   022E 21r41s02            666 	ld	hl,#__str_0
   0231 E5                  667 	push	hl
   0232 21r32s00            668 	ld	hl,#_ascTimeBuffer
   0235 E5                  669 	push	hl
   0236 CDr00s00            670 	call	_sprintf
   0239 E8 12               671 	lda	sp,18(sp)
                            672 ;../time.c:97: return ascTimeBuffer;
   023B 11r32s00            673 	ld	de,#_ascTimeBuffer
   023E                     674 00101$:
   023E E8 0E               675 	lda	sp,14(sp)
   0240 C9                  676 	ret
   0241                     677 _asctime_end::
   0241                     678 __str_0:
   0241 25 73 20 25 73 20   679 	.ascii "%s %s %2d %02d:%02d:%02d %04d"
        25 32 64 20 25 30
        32 64 3A 25 30 32
        64 3A 25 30 32 64
        20 25 30 34 64
   025E 0A                  680 	.db 0x0A
   025F 00                  681 	.db 0x00
                            682 ;../time.c:100: char *ctime(time_t *timep) {
                            683 ;	---------------------------------
                            684 ; Function ctime
                            685 ; ---------------------------------
   0260                     686 _ctime_start::
   0260                     687 _ctime:
                            688 	
                            689 ;../time.c:101: return asctime(localtime(timep));
   0260 F8 02               690 	lda	hl,2(sp)
   0262 2A                  691 	ld	a,(hl+)
   0263 66                  692 	ld	h,(hl)
   0264 6F                  693 	ld	l,a
   0265 E5                  694 	push	hl
   0266 CDr74s02            695 	call	_localtime
   0269 E8 02               696 	lda	sp,2(sp)
   026B 42                  697 	ld	b,d
   026C 4B                  698 	ld	c,e
   026D C5                  699 	push	bc
   026E CDr5Es01            700 	call	_asctime
   0271 E8 02               701 	lda	sp,2(sp)
   0273                     702 00101$:
                            703 	
   0273 C9                  704 	ret
   0274                     705 _ctime_end::
                            706 ;../time.c:117: struct tm *localtime(time_t *timep) {
                            707 ;	---------------------------------
                            708 ; Function localtime
                            709 ; ---------------------------------
   0274                     710 _localtime_start::
   0274                     711 _localtime:
                            712 	
                            713 ;../time.c:118: return gmtime(timep);
   0274 F8 02               714 	lda	hl,2(sp)
   0276 2A                  715 	ld	a,(hl+)
   0277 66                  716 	ld	h,(hl)
   0278 6F                  717 	ld	l,a
   0279 E5                  718 	push	hl
   027A CDr80s02            719 	call	_gmtime
   027D E8 02               720 	lda	sp,2(sp)
   027F                     721 00101$:
                            722 	
   027F C9                  723 	ret
   0280                     724 _localtime_end::
                            725 ;../time.c:121: struct tm *gmtime(time_t *timep) {
                            726 ;	---------------------------------
                            727 ; Function gmtime
                            728 ; ---------------------------------
   0280                     729 _gmtime_start::
   0280                     730 _gmtime:
   0280 E8 ED               731 	lda	sp,-19(sp)
                            732 ;../time.c:122: unsigned long epoch=*timep;
   0282 F8 16               733 	lda	hl,22(sp)
   0284 2B                  734 	dec	hl
   0285 4E                  735 	ld	c,(hl)
   0286 23                  736 	inc	hl
   0287 46                  737 	ld	b,(hl)
   0288 59                  738 	ld	e,c
   0289 50                  739 	ld	d,b
   028A 1A                  740 	ld	a,(de)
   028B F8 0F               741 	lda	hl,15(sp)
   028D 22                  742 	ld	(hl+),a
   028E 13                  743 	inc	de
   028F 1A                  744 	ld	a,(de)
   0290 22                  745 	ld	(hl+),a
   0291 13                  746 	inc	de
   0292 1A                  747 	ld	a,(de)
   0293 22                  748 	ld	(hl+),a
   0294 13                  749 	inc	de
   0295 1A                  750 	ld	a,(de)
   0296 77                  751 	ld	(hl),a
                            752 ;../time.c:127: lastTime.tm_sec=epoch%60;
   0297 21 00 00            753 	ld	hl,#0x0000
   029A E5                  754 	push	hl
   029B 21 3C 00            755 	ld	hl,#0x003C
   029E E5                  756 	push	hl
   029F F8 15               757 	lda	hl,21(sp)
   02A1 2A                  758 	ld	a,(hl+)
   02A2 66                  759 	ld	h,(hl)
   02A3 6F                  760 	ld	l,a
   02A4 E5                  761 	push	hl
   02A5 F8 15               762 	lda	hl,21(sp)
   02A7 2A                  763 	ld	a,(hl+)
   02A8 66                  764 	ld	h,(hl)
   02A9 6F                  765 	ld	l,a
   02AA E5                  766 	push	hl
   02AB CDr00s00            767 	call	__modulong_rrx_s
   02AE E8 08               768 	lda	sp,8(sp)
   02B0 E5                  769 	push	hl
   02B1 F8 06               770 	lda	hl,6(sp)
   02B3 73                  771 	ld	(hl),e
   02B4 23                  772 	inc	hl
   02B5 72                  773 	ld	(hl),d
   02B6 D1                  774 	pop	de
   02B7 23                  775 	inc	hl
   02B8 73                  776 	ld	(hl),e
   02B9 23                  777 	inc	hl
   02BA 72                  778 	ld	(hl),d
   02BB F8 04               779 	lda	hl,4(sp)
   02BD 7E                  780 	ld	a,(hl)
   02BE 11r52s00            781 	ld	de,#_lastTime
   02C1 12                  782 	ld	(de),a
                            783 ;../time.c:128: epoch/=60; // now it is minutes
   02C2 21 00 00            784 	ld	hl,#0x0000
   02C5 E5                  785 	push	hl
   02C6 21 3C 00            786 	ld	hl,#0x003C
   02C9 E5                  787 	push	hl
   02CA F8 15               788 	lda	hl,21(sp)
   02CC 2A                  789 	ld	a,(hl+)
   02CD 66                  790 	ld	h,(hl)
   02CE 6F                  791 	ld	l,a
   02CF E5                  792 	push	hl
   02D0 F8 15               793 	lda	hl,21(sp)
   02D2 2A                  794 	ld	a,(hl+)
   02D3 66                  795 	ld	h,(hl)
   02D4 6F                  796 	ld	l,a
   02D5 E5                  797 	push	hl
   02D6 CDr00s00            798 	call	__divulong_rrx_s
   02D9 E8 08               799 	lda	sp,8(sp)
   02DB E5                  800 	push	hl
   02DC F8 06               801 	lda	hl,6(sp)
   02DE 73                  802 	ld	(hl),e
   02DF 23                  803 	inc	hl
   02E0 72                  804 	ld	(hl),d
   02E1 D1                  805 	pop	de
   02E2 23                  806 	inc	hl
   02E3 73                  807 	ld	(hl),e
   02E4 23                  808 	inc	hl
   02E5 72                  809 	ld	(hl),d
   02E6 F8 04               810 	lda	hl,4(sp)
   02E8 54                  811 	ld	d,h
   02E9 5D                  812 	ld	e,l
   02EA F8 0F               813 	lda	hl,15(sp)
   02EC 1A                  814 	ld	a,(de)
   02ED 22                  815 	ld	(hl+),a
   02EE 13                  816 	inc	de
   02EF 1A                  817 	ld	a,(de)
   02F0 22                  818 	ld	(hl+),a
   02F1 13                  819 	inc	de
   02F2 1A                  820 	ld	a,(de)
   02F3 22                  821 	ld	(hl+),a
   02F4 13                  822 	inc	de
   02F5 1A                  823 	ld	a,(de)
   02F6 77                  824 	ld	(hl),a
                            825 ;../time.c:129: lastTime.tm_min=epoch%60;
   02F7 21 00 00            826 	ld	hl,#0x0000
   02FA E5                  827 	push	hl
   02FB 21 3C 00            828 	ld	hl,#0x003C
   02FE E5                  829 	push	hl
   02FF F8 15               830 	lda	hl,21(sp)
   0301 2A                  831 	ld	a,(hl+)
   0302 66                  832 	ld	h,(hl)
   0303 6F                  833 	ld	l,a
   0304 E5                  834 	push	hl
   0305 F8 15               835 	lda	hl,21(sp)
   0307 2A                  836 	ld	a,(hl+)
   0308 66                  837 	ld	h,(hl)
   0309 6F                  838 	ld	l,a
   030A E5                  839 	push	hl
   030B CDr00s00            840 	call	__modulong_rrx_s
   030E E8 08               841 	lda	sp,8(sp)
   0310 E5                  842 	push	hl
   0311 F8 06               843 	lda	hl,6(sp)
   0313 73                  844 	ld	(hl),e
   0314 23                  845 	inc	hl
   0315 72                  846 	ld	(hl),d
   0316 D1                  847 	pop	de
   0317 23                  848 	inc	hl
   0318 73                  849 	ld	(hl),e
   0319 23                  850 	inc	hl
   031A 72                  851 	ld	(hl),d
   031B F8 04               852 	lda	hl,4(sp)
   031D 7E                  853 	ld	a,(hl)
   031E 11r53s00            854 	ld	de,#0x0001 + _lastTime
   0321 12                  855 	ld	(de),a
                            856 ;../time.c:130: epoch/=60; // now it is hours
   0322 21 00 00            857 	ld	hl,#0x0000
   0325 E5                  858 	push	hl
   0326 21 3C 00            859 	ld	hl,#0x003C
   0329 E5                  860 	push	hl
   032A F8 15               861 	lda	hl,21(sp)
   032C 2A                  862 	ld	a,(hl+)
   032D 66                  863 	ld	h,(hl)
   032E 6F                  864 	ld	l,a
   032F E5                  865 	push	hl
   0330 F8 15               866 	lda	hl,21(sp)
   0332 2A                  867 	ld	a,(hl+)
   0333 66                  868 	ld	h,(hl)
   0334 6F                  869 	ld	l,a
   0335 E5                  870 	push	hl
   0336 CDr00s00            871 	call	__divulong_rrx_s
   0339 E8 08               872 	lda	sp,8(sp)
   033B E5                  873 	push	hl
   033C F8 06               874 	lda	hl,6(sp)
   033E 73                  875 	ld	(hl),e
   033F 23                  876 	inc	hl
   0340 72                  877 	ld	(hl),d
   0341 D1                  878 	pop	de
   0342 23                  879 	inc	hl
   0343 73                  880 	ld	(hl),e
   0344 23                  881 	inc	hl
   0345 72                  882 	ld	(hl),d
   0346 F8 04               883 	lda	hl,4(sp)
   0348 54                  884 	ld	d,h
   0349 5D                  885 	ld	e,l
   034A F8 0F               886 	lda	hl,15(sp)
   034C 1A                  887 	ld	a,(de)
   034D 22                  888 	ld	(hl+),a
   034E 13                  889 	inc	de
   034F 1A                  890 	ld	a,(de)
   0350 22                  891 	ld	(hl+),a
   0351 13                  892 	inc	de
   0352 1A                  893 	ld	a,(de)
   0353 22                  894 	ld	(hl+),a
   0354 13                  895 	inc	de
   0355 1A                  896 	ld	a,(de)
   0356 77                  897 	ld	(hl),a
                            898 ;../time.c:131: lastTime.tm_hour=epoch%24;
   0357 21 00 00            899 	ld	hl,#0x0000
   035A E5                  900 	push	hl
   035B 21 18 00            901 	ld	hl,#0x0018
   035E E5                  902 	push	hl
   035F F8 15               903 	lda	hl,21(sp)
   0361 2A                  904 	ld	a,(hl+)
   0362 66                  905 	ld	h,(hl)
   0363 6F                  906 	ld	l,a
   0364 E5                  907 	push	hl
   0365 F8 15               908 	lda	hl,21(sp)
   0367 2A                  909 	ld	a,(hl+)
   0368 66                  910 	ld	h,(hl)
   0369 6F                  911 	ld	l,a
   036A E5                  912 	push	hl
   036B CDr00s00            913 	call	__modulong_rrx_s
   036E E8 08               914 	lda	sp,8(sp)
   0370 E5                  915 	push	hl
   0371 F8 06               916 	lda	hl,6(sp)
   0373 73                  917 	ld	(hl),e
   0374 23                  918 	inc	hl
   0375 72                  919 	ld	(hl),d
   0376 D1                  920 	pop	de
   0377 23                  921 	inc	hl
   0378 73                  922 	ld	(hl),e
   0379 23                  923 	inc	hl
   037A 72                  924 	ld	(hl),d
   037B F8 04               925 	lda	hl,4(sp)
   037D 7E                  926 	ld	a,(hl)
   037E 11r54s00            927 	ld	de,#0x0002 + _lastTime
   0381 12                  928 	ld	(de),a
                            929 ;../time.c:132: epoch/=24; // now it is days
   0382 21 00 00            930 	ld	hl,#0x0000
   0385 E5                  931 	push	hl
   0386 21 18 00            932 	ld	hl,#0x0018
   0389 E5                  933 	push	hl
   038A F8 15               934 	lda	hl,21(sp)
   038C 2A                  935 	ld	a,(hl+)
   038D 66                  936 	ld	h,(hl)
   038E 6F                  937 	ld	l,a
   038F E5                  938 	push	hl
   0390 F8 15               939 	lda	hl,21(sp)
   0392 2A                  940 	ld	a,(hl+)
   0393 66                  941 	ld	h,(hl)
   0394 6F                  942 	ld	l,a
   0395 E5                  943 	push	hl
   0396 CDr00s00            944 	call	__divulong_rrx_s
   0399 E8 08               945 	lda	sp,8(sp)
   039B E5                  946 	push	hl
   039C F8 06               947 	lda	hl,6(sp)
   039E 73                  948 	ld	(hl),e
   039F 23                  949 	inc	hl
   03A0 72                  950 	ld	(hl),d
   03A1 D1                  951 	pop	de
   03A2 23                  952 	inc	hl
   03A3 73                  953 	ld	(hl),e
   03A4 23                  954 	inc	hl
   03A5 72                  955 	ld	(hl),d
   03A6 F8 04               956 	lda	hl,4(sp)
   03A8 54                  957 	ld	d,h
   03A9 5D                  958 	ld	e,l
   03AA F8 0F               959 	lda	hl,15(sp)
   03AC 1A                  960 	ld	a,(de)
   03AD 22                  961 	ld	(hl+),a
   03AE 13                  962 	inc	de
   03AF 1A                  963 	ld	a,(de)
   03B0 22                  964 	ld	(hl+),a
   03B1 13                  965 	inc	de
   03B2 1A                  966 	ld	a,(de)
   03B3 22                  967 	ld	(hl+),a
   03B4 13                  968 	inc	de
   03B5 1A                  969 	ld	a,(de)
   03B6 77                  970 	ld	(hl),a
                            971 ;../time.c:133: lastTime.tm_wday=(epoch+4)%7;
   03B7 F8 10               972 	lda	hl,16(sp)
   03B9 2B                  973 	dec	hl
   03BA 5E                  974 	ld	e,(hl)
   03BB 23                  975 	inc	hl
   03BC 56                  976 	ld	d,(hl)
   03BD 7B                  977 	ld	a,e
   03BE C6 04               978 	add	a,#0x04
   03C0 5F                  979 	ld	e,a
   03C1 7A                  980 	ld	a,d
   03C2 CE 00               981 	adc	a,#0x00
   03C4 F5                  982 	push	af
   03C5 F8 07               983 	lda	hl,7(sp)
   03C7 32                  984 	ld	(hl-),a
   03C8 73                  985 	ld	(hl),e
   03C9 F8 14               986 	lda	hl,20(sp)
   03CB 2B                  987 	dec	hl
   03CC 5E                  988 	ld	e,(hl)
   03CD 23                  989 	inc	hl
   03CE 56                  990 	ld	d,(hl)
   03CF F1                  991 	pop	af
   03D0 7B                  992 	ld	a,e
   03D1 CE 00               993 	adc	a,#0x00
   03D3 5F                  994 	ld	e,a
   03D4 7A                  995 	ld	a,d
   03D5 CE 00               996 	adc	a,#0x00
   03D7 F8 07               997 	lda	hl,7(sp)
   03D9 32                  998 	ld	(hl-),a
   03DA 73                  999 	ld	(hl),e
   03DB 21 00 00           1000 	ld	hl,#0x0000
   03DE E5                 1001 	push	hl
   03DF 21 07 00           1002 	ld	hl,#0x0007
   03E2 E5                 1003 	push	hl
   03E3 F8 0A              1004 	lda	hl,10(sp)
   03E5 2A                 1005 	ld	a,(hl+)
   03E6 66                 1006 	ld	h,(hl)
   03E7 6F                 1007 	ld	l,a
   03E8 E5                 1008 	push	hl
   03E9 F8 0A              1009 	lda	hl,10(sp)
   03EB 2A                 1010 	ld	a,(hl+)
   03EC 66                 1011 	ld	h,(hl)
   03ED 6F                 1012 	ld	l,a
   03EE E5                 1013 	push	hl
   03EF CDr00s00           1014 	call	__modulong_rrx_s
   03F2 E8 08              1015 	lda	sp,8(sp)
   03F4 E5                 1016 	push	hl
   03F5 F8 06              1017 	lda	hl,6(sp)
   03F7 73                 1018 	ld	(hl),e
   03F8 23                 1019 	inc	hl
   03F9 72                 1020 	ld	(hl),d
   03FA D1                 1021 	pop	de
   03FB 23                 1022 	inc	hl
   03FC 73                 1023 	ld	(hl),e
   03FD 23                 1024 	inc	hl
   03FE 72                 1025 	ld	(hl),d
   03FF F8 04              1026 	lda	hl,4(sp)
   0401 7E                 1027 	ld	a,(hl)
   0402 11r59s00           1028 	ld	de,#0x0007 + _lastTime
   0405 12                 1029 	ld	(de),a
                           1030 ;../time.c:136: days=0;
   0406 AF                 1031 	xor	a,a
   0407 F8 08              1032 	lda	hl,8(sp)
   0409 22                 1033 	ld	(hl+),a
   040A 22                 1034 	ld	(hl+),a
   040B 22                 1035 	ld	(hl+),a
                           1036 ;../time.c:137: while((days += (LEAP_YEAR(year) ? 366 : 365)) <= epoch) {
   040C 22                 1037 	ld	(hl+),a
   040D 23                 1038 	inc	hl
   040E 36 B2              1039 	ld	(hl),#0xB2
   0410 23                 1040 	inc	hl
   0411 36 07              1041 	ld	(hl),#0x07
   0413                    1042 00101$:
   0413 F8 0D              1043 	lda	hl,13(sp)
   0415 7E                 1044 	ld	a,(hl)
   0416 E6 03              1045 	and	a,#0x03
   0418 4F                 1046 	ld	c,a
   0419 06 00              1047 	ld	b,#0x00
   041B 79                 1048 	ld	a,c
   041C B0                 1049 	or	a,b
   041D D6 01              1050 	sub	a,#0x01
   041F 3E 00              1051 	ld	a,#0x00
   0421 17                 1052 	rla
   0422 4F                 1053 	ld	c,a
   0423 B7                 1054 	or	a,a
   0424 CAr2Ds04           1055 	jp	Z,00119$
   0427 01 6E 01           1056 	ld	bc,#0x016E
   042A C3r30s04           1057 	jp	00120$
   042D                    1058 00119$:
   042D 01 6D 01           1059 	ld	bc,#0x016D
   0430                    1060 00120$:
   0430 F8 04              1061 	lda	hl,4(sp)
   0432 71                 1062 	ld	(hl),c
   0433 23                 1063 	inc	hl
   0434 70                 1064 	ld	(hl),b
   0435 78                 1065 	ld	a,b
   0436 17                 1066 	rla	
   0437 9F                 1067 	sbc	a,a
   0438 23                 1068 	inc	hl
   0439 22                 1069 	ld	(hl+),a
   043A 22                 1070 	ld	(hl+),a
   043B 23                 1071 	inc	hl
   043C 2B                 1072 	dec	hl
   043D 5E                 1073 	ld	e,(hl)
   043E 23                 1074 	inc	hl
   043F 56                 1075 	ld	d,(hl)
   0440 7B                 1076 	ld	a,e
   0441 F8 04              1077 	lda	hl,4(sp)
   0443 86                 1078 	add	a,(hl)
   0444 5F                 1079 	ld	e,a
   0445 7A                 1080 	ld	a,d
   0446 23                 1081 	inc	hl
   0447 8E                 1082 	adc	a,(hl)
   0448 F5                 1083 	push	af
   0449 32                 1084 	ld	(hl-),a
   044A 73                 1085 	ld	(hl),e
   044B F8 0D              1086 	lda	hl,13(sp)
   044D 2B                 1087 	dec	hl
   044E 5E                 1088 	ld	e,(hl)
   044F 23                 1089 	inc	hl
   0450 56                 1090 	ld	d,(hl)
   0451 F8 08              1091 	lda	hl,8(sp)
   0453 F1                 1092 	pop	af
   0454 7B                 1093 	ld	a,e
   0455 8E                 1094 	adc	a,(hl)
   0456 5F                 1095 	ld	e,a
   0457 7A                 1096 	ld	a,d
   0458 23                 1097 	inc	hl
   0459 8E                 1098 	adc	a,(hl)
   045A 32                 1099 	ld	(hl-),a
   045B 73                 1100 	ld	(hl),e
   045C 2B                 1101 	dec	hl
   045D 2B                 1102 	dec	hl
   045E 54                 1103 	ld	d,h
   045F 5D                 1104 	ld	e,l
   0460 F8 08              1105 	lda	hl,8(sp)
   0462 1A                 1106 	ld	a,(de)
   0463 22                 1107 	ld	(hl+),a
   0464 13                 1108 	inc	de
   0465 1A                 1109 	ld	a,(de)
   0466 22                 1110 	ld	(hl+),a
   0467 13                 1111 	inc	de
   0468 1A                 1112 	ld	a,(de)
   0469 22                 1113 	ld	(hl+),a
   046A 13                 1114 	inc	de
   046B 1A                 1115 	ld	a,(de)
   046C 77                 1116 	ld	(hl),a
   046D F8 0F              1117 	lda	hl,15(sp)
   046F 54                 1118 	ld	d,h
   0470 5D                 1119 	ld	e,l
   0471 F8 04              1120 	lda	hl,4(sp)
   0473 1A                 1121 	ld	a,(de)
   0474 96                 1122 	sub	a,(hl)
   0475 23                 1123 	inc	hl
   0476 13                 1124 	inc	de
   0477 1A                 1125 	ld	a,(de)
   0478 9E                 1126 	sbc	a,(hl)
   0479 23                 1127 	inc	hl
   047A 13                 1128 	inc	de
   047B 1A                 1129 	ld	a,(de)
   047C 9E                 1130 	sbc	a,(hl)
   047D 23                 1131 	inc	hl
   047E 13                 1132 	inc	de
   047F 1A                 1133 	ld	a,(de)
   0480 9E                 1134 	sbc	a,(hl)
   0481 DAr8Es04           1135 	jp	C,00103$
                           1136 ;../time.c:138: year++;
   0484 F8 0D              1137 	lda	hl,13(sp)
   0486 34                 1138 	inc	(hl)
   0487 20 02              1139 	jr	NZ,00134$
   0489 23                 1140 	inc	hl
   048A 34                 1141 	inc	(hl)
   048B                    1142 00134$:
   048B C3r13s04           1143 	jp	00101$
   048E                    1144 00103$:
                           1145 ;../time.c:140: lastTime.tm_year=year-1900;
   048E F8 0E              1146 	lda	hl,14(sp)
   0490 2B                 1147 	dec	hl
   0491 5E                 1148 	ld	e,(hl)
   0492 23                 1149 	inc	hl
   0493 56                 1150 	ld	d,(hl)
   0494 21 6C 07           1151 	ld	hl,#0x076C
   0497 7B                 1152 	ld	a,e
   0498 95                 1153 	sub	a,l
   0499 5F                 1154 	ld	e,a
   049A 7A                 1155 	ld	a,d
   049B 9C                 1156 	sbc	a,h
   049C 47                 1157 	ld	b,a
   049D 4B                 1158 	ld	c,e
   049E 11r57s00           1159 	ld	de,#0x0005 + _lastTime
   04A1 79                 1160 	ld	a,c
   04A2 12                 1161 	ld	(de),a
   04A3 13                 1162 	inc	de
   04A4 78                 1163 	ld	a,b
   04A5 12                 1164 	ld	(de),a
                           1165 ;../time.c:142: days -= LEAP_YEAR(year) ? 366 : 365;
   04A6 F8 0D              1166 	lda	hl,13(sp)
   04A8 7E                 1167 	ld	a,(hl)
   04A9 E6 03              1168 	and	a,#0x03
   04AB F8 04              1169 	lda	hl,4(sp)
   04AD 22                 1170 	ld	(hl+),a
   04AE 36 00              1171 	ld	(hl),#0x00
   04B0 2B                 1172 	dec	hl
   04B1 2A                 1173 	ld	a,(hl+)
   04B2 B6                 1174 	or	a,(hl)
   04B3 D6 01              1175 	sub	a,#0x01
   04B5 3E 00              1176 	ld	a,#0x00
   04B7 17                 1177 	rla
   04B8 4F                 1178 	ld	c,a
   04B9 B7                 1179 	or	a,a
   04BA CArC3s04           1180 	jp	Z,00121$
   04BD 01 6E 01           1181 	ld	bc,#0x016E
   04C0 C3rC6s04           1182 	jp	00122$
   04C3                    1183 00121$:
   04C3 01 6D 01           1184 	ld	bc,#0x016D
   04C6                    1185 00122$:
   04C6 F8 00              1186 	lda	hl,0(sp)
   04C8 71                 1187 	ld	(hl),c
   04C9 23                 1188 	inc	hl
   04CA 70                 1189 	ld	(hl),b
   04CB 78                 1190 	ld	a,b
   04CC 17                 1191 	rla	
   04CD 9F                 1192 	sbc	a,a
   04CE 23                 1193 	inc	hl
   04CF 22                 1194 	ld	(hl+),a
   04D0 77                 1195 	ld	(hl),a
   04D1 F8 09              1196 	lda	hl,9(sp)
   04D3 2B                 1197 	dec	hl
   04D4 5E                 1198 	ld	e,(hl)
   04D5 23                 1199 	inc	hl
   04D6 56                 1200 	ld	d,(hl)
   04D7 7B                 1201 	ld	a,e
   04D8 F8 00              1202 	lda	hl,0(sp)
   04DA 96                 1203 	sub	a,(hl)
   04DB 5F                 1204 	ld	e,a
   04DC 7A                 1205 	ld	a,d
   04DD 23                 1206 	inc	hl
   04DE 9E                 1207 	sbc	a,(hl)
   04DF F5                 1208 	push	af
   04E0 F8 0B              1209 	lda	hl,11(sp)
   04E2 32                 1210 	ld	(hl-),a
   04E3 73                 1211 	ld	(hl),e
   04E4 F8 0D              1212 	lda	hl,13(sp)
   04E6 2B                 1213 	dec	hl
   04E7 5E                 1214 	ld	e,(hl)
   04E8 23                 1215 	inc	hl
   04E9 56                 1216 	ld	d,(hl)
   04EA F8 04              1217 	lda	hl,4(sp)
   04EC F1                 1218 	pop	af
   04ED 7B                 1219 	ld	a,e
   04EE 9E                 1220 	sbc	a,(hl)
   04EF 5F                 1221 	ld	e,a
   04F0 7A                 1222 	ld	a,d
   04F1 23                 1223 	inc	hl
   04F2 9E                 1224 	sbc	a,(hl)
   04F3 F8 0B              1225 	lda	hl,11(sp)
   04F5 32                 1226 	ld	(hl-),a
   04F6 73                 1227 	ld	(hl),e
                           1228 ;../time.c:143: epoch -= days; // now it is days in this year, starting at 0
   04F7 F8 10              1229 	lda	hl,16(sp)
   04F9 2B                 1230 	dec	hl
   04FA 5E                 1231 	ld	e,(hl)
   04FB 23                 1232 	inc	hl
   04FC 56                 1233 	ld	d,(hl)
   04FD 7B                 1234 	ld	a,e
   04FE F8 08              1235 	lda	hl,8(sp)
   0500 96                 1236 	sub	a,(hl)
   0501 5F                 1237 	ld	e,a
   0502 7A                 1238 	ld	a,d
   0503 23                 1239 	inc	hl
   0504 9E                 1240 	sbc	a,(hl)
   0505 F5                 1241 	push	af
   0506 F8 12              1242 	lda	hl,18(sp)
   0508 32                 1243 	ld	(hl-),a
   0509 73                 1244 	ld	(hl),e
   050A F8 14              1245 	lda	hl,20(sp)
   050C 2B                 1246 	dec	hl
   050D 5E                 1247 	ld	e,(hl)
   050E 23                 1248 	inc	hl
   050F 56                 1249 	ld	d,(hl)
   0510 F8 0C              1250 	lda	hl,12(sp)
   0512 F1                 1251 	pop	af
   0513 7B                 1252 	ld	a,e
   0514 9E                 1253 	sbc	a,(hl)
   0515 5F                 1254 	ld	e,a
   0516 7A                 1255 	ld	a,d
   0517 23                 1256 	inc	hl
   0518 9E                 1257 	sbc	a,(hl)
   0519 F8 12              1258 	lda	hl,18(sp)
   051B 32                 1259 	ld	(hl-),a
   051C 73                 1260 	ld	(hl),e
                           1261 ;../time.c:144: lastTime.tm_yday=epoch;
   051D 2B                 1262 	dec	hl
   051E 2B                 1263 	dec	hl
   051F 4E                 1264 	ld	c,(hl)
   0520 23                 1265 	inc	hl
   0521 46                 1266 	ld	b,(hl)
   0522 11r5As00           1267 	ld	de,#0x0008 + _lastTime
   0525 79                 1268 	ld	a,c
   0526 12                 1269 	ld	(de),a
   0527 13                 1270 	inc	de
   0528 78                 1271 	ld	a,b
   0529 12                 1272 	ld	(de),a
                           1273 ;../time.c:149: for (month=0; month<12; month++) {
   052A F8 0C              1274 	lda	hl,12(sp)
   052C 36 00              1275 	ld	(hl),#0x00
   052E                    1276 00113$:
   052E F8 0C              1277 	lda	hl,12(sp)
   0530 7E                 1278 	ld	a,(hl)
   0531 D6 0C              1279 	sub	a,#0x0C
   0533 D2rAEs05           1280 	jp	NC,00116$
                           1281 ;../time.c:150: if (month==1) { // februari
   0536 7E                 1282 	ld	a,(hl)
   0537 D6 01              1283 	sub	a,#0x01
   0539 C2r52s05           1284 	jp	NZ,00108$
   053C 18 03              1285 	jr	00136$
   053E                    1286 00135$:
   053E C3r52s05           1287 	jp	00108$
   0541                    1288 00136$:
                           1289 ;../time.c:151: if (LEAP_YEAR(year)) {
   0541 F8 04              1290 	lda	hl,4(sp)
   0543 2A                 1291 	ld	a,(hl+)
   0544 B6                 1292 	or	a,(hl)
   0545 C2r4Ds05           1293 	jp	NZ,00105$
                           1294 ;../time.c:152: monthLength=29;
   0548 06 1D              1295 	ld	b,#0x1D
   054A C3r5Fs05           1296 	jp	00109$
   054D                    1297 00105$:
                           1298 ;../time.c:154: monthLength=28;
   054D 06 1C              1299 	ld	b,#0x1C
   054F C3r5Fs05           1300 	jp	00109$
   0552                    1301 00108$:
                           1302 ;../time.c:157: monthLength = monthDays[month];
   0552 11r00s00           1303 	ld	de,#_monthDays
   0555 F8 0C              1304 	lda	hl,12(sp)
   0557 6E                 1305 	ld	l,(hl)
   0558 26 00              1306 	ld	h,#0x00
   055A 19                 1307 	add	hl,de
   055B 4D                 1308 	ld	c,l
   055C 44                 1309 	ld	b,h
   055D 0A                 1310 	ld	a,(bc)
   055E 47                 1311 	ld	b,a
   055F                    1312 00109$:
                           1313 ;../time.c:160: if (epoch>=monthLength) {
   055F F8 00              1314 	lda	hl,0(sp)
   0561 70                 1315 	ld	(hl),b
   0562 23                 1316 	inc	hl
   0563 36 00              1317 	ld	(hl),#0x00
   0565 23                 1318 	inc	hl
   0566 36 00              1319 	ld	(hl),#0x00
   0568 23                 1320 	inc	hl
   0569 36 00              1321 	ld	(hl),#0x00
   056B F8 0F              1322 	lda	hl,15(sp)
   056D 54                 1323 	ld	d,h
   056E 5D                 1324 	ld	e,l
   056F F8 00              1325 	lda	hl,0(sp)
   0571 1A                 1326 	ld	a,(de)
   0572 96                 1327 	sub	a,(hl)
   0573 23                 1328 	inc	hl
   0574 13                 1329 	inc	de
   0575 1A                 1330 	ld	a,(de)
   0576 9E                 1331 	sbc	a,(hl)
   0577 23                 1332 	inc	hl
   0578 13                 1333 	inc	de
   0579 1A                 1334 	ld	a,(de)
   057A 9E                 1335 	sbc	a,(hl)
   057B 23                 1336 	inc	hl
   057C 13                 1337 	inc	de
   057D 1A                 1338 	ld	a,(de)
   057E 9E                 1339 	sbc	a,(hl)
   057F DArAEs05           1340 	jp	C,00116$
                           1341 ;../time.c:161: epoch-=monthLength;
   0582 F8 10              1342 	lda	hl,16(sp)
   0584 2B                 1343 	dec	hl
   0585 5E                 1344 	ld	e,(hl)
   0586 23                 1345 	inc	hl
   0587 56                 1346 	ld	d,(hl)
   0588 7B                 1347 	ld	a,e
   0589 F8 00              1348 	lda	hl,0(sp)
   058B 96                 1349 	sub	a,(hl)
   058C 5F                 1350 	ld	e,a
   058D 7A                 1351 	ld	a,d
   058E 23                 1352 	inc	hl
   058F 9E                 1353 	sbc	a,(hl)
   0590 F5                 1354 	push	af
   0591 F8 12              1355 	lda	hl,18(sp)
   0593 32                 1356 	ld	(hl-),a
   0594 73                 1357 	ld	(hl),e
   0595 F8 14              1358 	lda	hl,20(sp)
   0597 2B                 1359 	dec	hl
   0598 5E                 1360 	ld	e,(hl)
   0599 23                 1361 	inc	hl
   059A 56                 1362 	ld	d,(hl)
   059B F8 04              1363 	lda	hl,4(sp)
   059D F1                 1364 	pop	af
   059E 7B                 1365 	ld	a,e
   059F 9E                 1366 	sbc	a,(hl)
   05A0 5F                 1367 	ld	e,a
   05A1 7A                 1368 	ld	a,d
   05A2 23                 1369 	inc	hl
   05A3 9E                 1370 	sbc	a,(hl)
   05A4 F8 12              1371 	lda	hl,18(sp)
   05A6 32                 1372 	ld	(hl-),a
   05A7 73                 1373 	ld	(hl),e
                           1374 ;../time.c:149: for (month=0; month<12; month++) {
   05A8 F8 0C              1375 	lda	hl,12(sp)
   05AA 34                 1376 	inc	(hl)
   05AB C3r2Es05           1377 	jp	00113$
   05AE                    1378 00116$:
                           1379 ;../time.c:166: lastTime.tm_mon=month;
   05AE 11r56s00           1380 	ld	de,#0x0004 + _lastTime
   05B1 F8 0C              1381 	lda	hl,12(sp)
   05B3 7E                 1382 	ld	a,(hl)
   05B4 12                 1383 	ld	(de),a
                           1384 ;../time.c:167: lastTime.tm_mday=epoch+1;
   05B5 F8 0F              1385 	lda	hl,15(sp)
   05B7 4E                 1386 	ld	c,(hl)
   05B8 79                 1387 	ld	a,c
   05B9 3C                 1388 	inc	a
   05BA 11r55s00           1389 	ld	de,#0x0003 + _lastTime
   05BD 12                 1390 	ld	(de),a
                           1391 ;../time.c:169: lastTime.tm_isdst=0;
   05BE 11r5Cs00           1392 	ld	de,#0x000a + _lastTime
   05C1 3E 00              1393 	ld	a,#0x00
   05C3 12                 1394 	ld	(de),a
                           1395 ;../time.c:171: return &lastTime;
   05C4 11r52s00           1396 	ld	de,#_lastTime
   05C7                    1397 00117$:
   05C7 E8 13              1398 	lda	sp,19(sp)
   05C9 C9                 1399 	ret
   05CA                    1400 _gmtime_end::
                           1401 ;../time.c:175: time_t mktime(struct tm *timeptr) {
                           1402 ;	---------------------------------
                           1403 ; Function mktime
                           1404 ; ---------------------------------
   05CA                    1405 _mktime_start::
   05CA                    1406 _mktime:
   05CA E8 EC              1407 	lda	sp,-20(sp)
                           1408 ;../time.c:176: int year=timeptr->tm_year+1900, month=timeptr->tm_mon, i;
   05CC F8 16              1409 	lda	hl,22(sp)
   05CE 2A                 1410 	ld	a,(hl+)
   05CF 5E                 1411 	ld	e,(hl)
   05D0 F8 08              1412 	lda	hl,8(sp)
   05D2 22                 1413 	ld	(hl+),a
   05D3 73                 1414 	ld	(hl),e
   05D4 2B                 1415 	dec	hl
   05D5 5E                 1416 	ld	e,(hl)
   05D6 23                 1417 	inc	hl
   05D7 56                 1418 	ld	d,(hl)
   05D8 21 05 00           1419 	ld	hl,#0x0005
   05DB 19                 1420 	add	hl,de
   05DC 4D                 1421 	ld	c,l
   05DD 44                 1422 	ld	b,h
   05DE 59                 1423 	ld	e,c
   05DF 50                 1424 	ld	d,b
   05E0 1A                 1425 	ld	a,(de)
   05E1 4F                 1426 	ld	c,a
   05E2 13                 1427 	inc	de
   05E3 1A                 1428 	ld	a,(de)
   05E4 47                 1429 	ld	b,a
   05E5 21 6C 07           1430 	ld	hl,#0x076C
   05E8 09                 1431 	add	hl,bc
   05E9 7D                 1432 	ld	a,l
   05EA 54                 1433 	ld	d,h
   05EB F8 12              1434 	lda	hl,18(sp)
   05ED 22                 1435 	ld	(hl+),a
   05EE 72                 1436 	ld	(hl),d
   05EF F8 09              1437 	lda	hl,9(sp)
   05F1 2B                 1438 	dec	hl
   05F2 5E                 1439 	ld	e,(hl)
   05F3 23                 1440 	inc	hl
   05F4 56                 1441 	ld	d,(hl)
   05F5 21 04 00           1442 	ld	hl,#0x0004
   05F8 19                 1443 	add	hl,de
   05F9 4D                 1444 	ld	c,l
   05FA 44                 1445 	ld	b,h
   05FB 0A                 1446 	ld	a,(bc)
   05FC 4F                 1447 	ld	c,a
   05FD F8 10              1448 	lda	hl,16(sp)
   05FF 71                 1449 	ld	(hl),c
   0600 23                 1450 	inc	hl
   0601 36 00              1451 	ld	(hl),#0x00
                           1452 ;../time.c:179: CheckTime(timeptr);
   0603 F8 08              1453 	lda	hl,8(sp)
   0605 2A                 1454 	ld	a,(hl+)
   0606 66                 1455 	ld	h,(hl)
   0607 6F                 1456 	ld	l,a
   0608 E5                 1457 	push	hl
   0609 CDr72s00           1458 	call	_CheckTime
   060C E8 02              1459 	lda	sp,2(sp)
                           1460 ;../time.c:182: seconds= (year-1970)*(60*60*24L*365);
   060E F8 13              1461 	lda	hl,19(sp)
   0610 2B                 1462 	dec	hl
   0611 5E                 1463 	ld	e,(hl)
   0612 23                 1464 	inc	hl
   0613 56                 1465 	ld	d,(hl)
   0614 21 B2 07           1466 	ld	hl,#0x07B2
   0617 7B                 1467 	ld	a,e
   0618 95                 1468 	sub	a,l
   0619 5F                 1469 	ld	e,a
   061A 7A                 1470 	ld	a,d
   061B 9C                 1471 	sbc	a,h
   061C 47                 1472 	ld	b,a
   061D 4B                 1473 	ld	c,e
   061E F8 04              1474 	lda	hl,4(sp)
   0620 71                 1475 	ld	(hl),c
   0621 23                 1476 	inc	hl
   0622 70                 1477 	ld	(hl),b
   0623 78                 1478 	ld	a,b
   0624 17                 1479 	rla	
   0625 9F                 1480 	sbc	a,a
   0626 23                 1481 	inc	hl
   0627 22                 1482 	ld	(hl+),a
   0628 32                 1483 	ld	(hl-),a
   0629 2A                 1484 	ld	a,(hl+)
   062A 66                 1485 	ld	h,(hl)
   062B 6F                 1486 	ld	l,a
   062C E5                 1487 	push	hl
   062D F8 06              1488 	lda	hl,6(sp)
   062F 2A                 1489 	ld	a,(hl+)
   0630 66                 1490 	ld	h,(hl)
   0631 6F                 1491 	ld	l,a
   0632 E5                 1492 	push	hl
   0633 21 E1 01           1493 	ld	hl,#0x01E1
   0636 E5                 1494 	push	hl
   0637 21 80 33           1495 	ld	hl,#0x1E13380
   063A E5                 1496 	push	hl
   063B CDr00s00           1497 	call	__mullong_rrx_s
   063E E8 08              1498 	lda	sp,8(sp)
   0640 E5                 1499 	push	hl
   0641 F8 0C              1500 	lda	hl,12(sp)
   0643 73                 1501 	ld	(hl),e
   0644 23                 1502 	inc	hl
   0645 72                 1503 	ld	(hl),d
   0646 D1                 1504 	pop	de
   0647 23                 1505 	inc	hl
   0648 73                 1506 	ld	(hl),e
   0649 23                 1507 	inc	hl
   064A 72                 1508 	ld	(hl),d
                           1509 ;../time.c:185: for (i=1970; i<year; i++) {
   064B F8 0A              1510 	lda	hl,10(sp)
   064D 54                 1511 	ld	d,h
   064E 5D                 1512 	ld	e,l
   064F F8 04              1513 	lda	hl,4(sp)
   0651 1A                 1514 	ld	a,(de)
   0652 22                 1515 	ld	(hl+),a
   0653 13                 1516 	inc	de
   0654 1A                 1517 	ld	a,(de)
   0655 22                 1518 	ld	(hl+),a
   0656 13                 1519 	inc	de
   0657 1A                 1520 	ld	a,(de)
   0658 22                 1521 	ld	(hl+),a
   0659 13                 1522 	inc	de
   065A 1A                 1523 	ld	a,(de)
   065B 77                 1524 	ld	(hl),a
   065C F8 0E              1525 	lda	hl,14(sp)
   065E 36 B2              1526 	ld	(hl),#0xB2
   0660 23                 1527 	inc	hl
   0661 36 07              1528 	ld	(hl),#0x07
   0663                    1529 00107$:
   0663 F8 0E              1530 	lda	hl,14(sp)
   0665 54                 1531 	ld	d,h
   0666 5D                 1532 	ld	e,l
   0667 F8 12              1533 	lda	hl,18(sp)
   0669 1A                 1534 	ld	a,(de)
   066A 96                 1535 	sub	a,(hl)
   066B 23                 1536 	inc	hl
   066C 13                 1537 	inc	de
   066D 1A                 1538 	ld	a,(de)
   066E 9E                 1539 	sbc	a,(hl)
   066F 07                 1540 	rlca
   0670 D2rB3s06           1541 	jp	NC,00124$
                           1542 ;../time.c:186: if (LEAP_YEAR(i)) {
   0673 21 04 00           1543 	ld	hl,#0x0004
   0676 E5                 1544 	push	hl
   0677 F8 10              1545 	lda	hl,16(sp)
   0679 2A                 1546 	ld	a,(hl+)
   067A 66                 1547 	ld	h,(hl)
   067B 6F                 1548 	ld	l,a
   067C E5                 1549 	push	hl
   067D CDr00s00           1550 	call	__modsint_rrx_s
   0680 E8 04              1551 	lda	sp,4(sp)
   0682 42                 1552 	ld	b,d
   0683 4B                 1553 	ld	c,e
   0684 79                 1554 	ld	a,c
   0685 B0                 1555 	or	a,b
   0686 C2rA9s06           1556 	jp	NZ,00109$
                           1557 ;../time.c:187: seconds+= 60*60*24L;
   0689 F8 05              1558 	lda	hl,5(sp)
   068B 2B                 1559 	dec	hl
   068C 5E                 1560 	ld	e,(hl)
   068D 23                 1561 	inc	hl
   068E 56                 1562 	ld	d,(hl)
   068F 7B                 1563 	ld	a,e
   0690 C6 80              1564 	add	a,#0x80
   0692 5F                 1565 	ld	e,a
   0693 7A                 1566 	ld	a,d
   0694 CE 51              1567 	adc	a,#0x51
   0696 F5                 1568 	push	af
   0697 32                 1569 	ld	(hl-),a
   0698 73                 1570 	ld	(hl),e
   0699 F8 09              1571 	lda	hl,9(sp)
   069B 2B                 1572 	dec	hl
   069C 5E                 1573 	ld	e,(hl)
   069D 23                 1574 	inc	hl
   069E 56                 1575 	ld	d,(hl)
   069F F1                 1576 	pop	af
   06A0 7B                 1577 	ld	a,e
   06A1 CE 01              1578 	adc	a,#0x01
   06A3 5F                 1579 	ld	e,a
   06A4 7A                 1580 	ld	a,d
   06A5 CE 00              1581 	adc	a,#0x00
   06A7 32                 1582 	ld	(hl-),a
   06A8 73                 1583 	ld	(hl),e
   06A9                    1584 00109$:
                           1585 ;../time.c:185: for (i=1970; i<year; i++) {
   06A9 F8 0E              1586 	lda	hl,14(sp)
   06AB 34                 1587 	inc	(hl)
   06AC 20 02              1588 	jr	NZ,00126$
   06AE 23                 1589 	inc	hl
   06AF 34                 1590 	inc	(hl)
   06B0                    1591 00126$:
   06B0 C3r63s06           1592 	jp	00107$
   06B3                    1593 00124$:
   06B3 F8 04              1594 	lda	hl,4(sp)
   06B5 54                 1595 	ld	d,h
   06B6 5D                 1596 	ld	e,l
   06B7 F8 0A              1597 	lda	hl,10(sp)
   06B9 1A                 1598 	ld	a,(de)
   06BA 22                 1599 	ld	(hl+),a
   06BB 13                 1600 	inc	de
   06BC 1A                 1601 	ld	a,(de)
   06BD 22                 1602 	ld	(hl+),a
   06BE 13                 1603 	inc	de
   06BF 1A                 1604 	ld	a,(de)
   06C0 22                 1605 	ld	(hl+),a
   06C1 13                 1606 	inc	de
   06C2 1A                 1607 	ld	a,(de)
   06C3 77                 1608 	ld	(hl),a
                           1609 ;../time.c:192: for (i=0; i<month; i++) {
   06C4 21 04 00           1610 	ld	hl,#0x0004
   06C7 E5                 1611 	push	hl
   06C8 F8 14              1612 	lda	hl,20(sp)
   06CA 2A                 1613 	ld	a,(hl+)
   06CB 66                 1614 	ld	h,(hl)
   06CC 6F                 1615 	ld	l,a
   06CD E5                 1616 	push	hl
   06CE CDr00s00           1617 	call	__modsint_rrx_s
   06D1 E8 04              1618 	lda	sp,4(sp)
   06D3 F8 05              1619 	lda	hl,5(sp)
   06D5 72                 1620 	ld	(hl),d
   06D6 2B                 1621 	dec	hl
   06D7 73                 1622 	ld	(hl),e
   06D8 F8 0E              1623 	lda	hl,14(sp)
   06DA 36 00              1624 	ld	(hl),#0x00
   06DC 23                 1625 	inc	hl
   06DD 36 00              1626 	ld	(hl),#0x00
   06DF                    1627 00111$:
   06DF F8 0E              1628 	lda	hl,14(sp)
   06E1 54                 1629 	ld	d,h
   06E2 5D                 1630 	ld	e,l
   06E3 23                 1631 	inc	hl
   06E4 23                 1632 	inc	hl
   06E5 1A                 1633 	ld	a,(de)
   06E6 96                 1634 	sub	a,(hl)
   06E7 23                 1635 	inc	hl
   06E8 13                 1636 	inc	de
   06E9 1A                 1637 	ld	a,(de)
   06EA 9E                 1638 	sbc	a,(hl)
   06EB 07                 1639 	rlca
   06EC D2r95s07           1640 	jp	NC,00114$
                           1641 ;../time.c:193: if (i==1 && LEAP_YEAR(year)) { 
   06EF F8 0E              1642 	lda	hl,14(sp)
   06F1 7E                 1643 	ld	a,(hl)
   06F2 D6 01              1644 	sub	a,#0x01
   06F4 C2r2Cs07           1645 	jp	NZ,00104$
   06F7 23                 1646 	inc	hl
   06F8 7E                 1647 	ld	a,(hl)
   06F9 B7                 1648 	or	a,a
   06FA C2r2Cs07           1649 	jp	NZ,00104$
   06FD 18 03              1650 	jr	00128$
   06FF                    1651 00127$:
   06FF C3r2Cs07           1652 	jp	00104$
   0702                    1653 00128$:
   0702 F8 04              1654 	lda	hl,4(sp)
   0704 2A                 1655 	ld	a,(hl+)
   0705 B6                 1656 	or	a,(hl)
   0706 C2r2Cs07           1657 	jp	NZ,00104$
                           1658 ;../time.c:194: seconds+= 60*60*24L*29;
   0709 F8 0B              1659 	lda	hl,11(sp)
   070B 2B                 1660 	dec	hl
   070C 5E                 1661 	ld	e,(hl)
   070D 23                 1662 	inc	hl
   070E 56                 1663 	ld	d,(hl)
   070F 7B                 1664 	ld	a,e
   0710 C6 80              1665 	add	a,#0x80
   0712 5F                 1666 	ld	e,a
   0713 7A                 1667 	ld	a,d
   0714 CE 3B              1668 	adc	a,#0x3B
   0716 F5                 1669 	push	af
   0717 32                 1670 	ld	(hl-),a
   0718 73                 1671 	ld	(hl),e
   0719 F8 0F              1672 	lda	hl,15(sp)
   071B 2B                 1673 	dec	hl
   071C 5E                 1674 	ld	e,(hl)
   071D 23                 1675 	inc	hl
   071E 56                 1676 	ld	d,(hl)
   071F F1                 1677 	pop	af
   0720 7B                 1678 	ld	a,e
   0721 CE 26              1679 	adc	a,#0x26
   0723 5F                 1680 	ld	e,a
   0724 7A                 1681 	ld	a,d
   0725 CE 00              1682 	adc	a,#0x00
   0727 32                 1683 	ld	(hl-),a
   0728 73                 1684 	ld	(hl),e
   0729 C3r8Bs07           1685 	jp	00113$
   072C                    1686 00104$:
                           1687 ;../time.c:196: seconds+= 60*60*24L*monthDays[i];
   072C 11r00s00           1688 	ld	de,#_monthDays
   072F F8 0E              1689 	lda	hl,14(sp)
   0731 2A                 1690 	ld	a,(hl+)
   0732 66                 1691 	ld	h,(hl)
   0733 6F                 1692 	ld	l,a
   0734 19                 1693 	add	hl,de
   0735 4D                 1694 	ld	c,l
   0736 44                 1695 	ld	b,h
   0737 0A                 1696 	ld	a,(bc)
   0738 4F                 1697 	ld	c,a
   0739 F8 00              1698 	lda	hl,0(sp)
   073B 71                 1699 	ld	(hl),c
   073C 79                 1700 	ld	a,c
   073D 17                 1701 	rla	
   073E 9F                 1702 	sbc	a,a
   073F 23                 1703 	inc	hl
   0740 22                 1704 	ld	(hl+),a
   0741 22                 1705 	ld	(hl+),a
   0742 32                 1706 	ld	(hl-),a
   0743 2A                 1707 	ld	a,(hl+)
   0744 66                 1708 	ld	h,(hl)
   0745 6F                 1709 	ld	l,a
   0746 E5                 1710 	push	hl
   0747 F8 02              1711 	lda	hl,2(sp)
   0749 2A                 1712 	ld	a,(hl+)
   074A 66                 1713 	ld	h,(hl)
   074B 6F                 1714 	ld	l,a
   074C E5                 1715 	push	hl
   074D 21 01 00           1716 	ld	hl,#0x0001
   0750 E5                 1717 	push	hl
   0751 21 80 51           1718 	ld	hl,#0x15180
   0754 E5                 1719 	push	hl
   0755 CDr00s00           1720 	call	__mullong_rrx_s
   0758 E8 08              1721 	lda	sp,8(sp)
   075A E5                 1722 	push	hl
   075B F8 02              1723 	lda	hl,2(sp)
   075D 73                 1724 	ld	(hl),e
   075E 23                 1725 	inc	hl
   075F 72                 1726 	ld	(hl),d
   0760 D1                 1727 	pop	de
   0761 23                 1728 	inc	hl
   0762 73                 1729 	ld	(hl),e
   0763 23                 1730 	inc	hl
   0764 72                 1731 	ld	(hl),d
   0765 F8 0B              1732 	lda	hl,11(sp)
   0767 2B                 1733 	dec	hl
   0768 5E                 1734 	ld	e,(hl)
   0769 23                 1735 	inc	hl
   076A 56                 1736 	ld	d,(hl)
   076B 7B                 1737 	ld	a,e
   076C F8 00              1738 	lda	hl,0(sp)
   076E 86                 1739 	add	a,(hl)
   076F 5F                 1740 	ld	e,a
   0770 7A                 1741 	ld	a,d
   0771 23                 1742 	inc	hl
   0772 8E                 1743 	adc	a,(hl)
   0773 F5                 1744 	push	af
   0774 F8 0D              1745 	lda	hl,13(sp)
   0776 32                 1746 	ld	(hl-),a
   0777 73                 1747 	ld	(hl),e
   0778 F8 0F              1748 	lda	hl,15(sp)
   077A 2B                 1749 	dec	hl
   077B 5E                 1750 	ld	e,(hl)
   077C 23                 1751 	inc	hl
   077D 56                 1752 	ld	d,(hl)
   077E F8 04              1753 	lda	hl,4(sp)
   0780 F1                 1754 	pop	af
   0781 7B                 1755 	ld	a,e
   0782 8E                 1756 	adc	a,(hl)
   0783 5F                 1757 	ld	e,a
   0784 7A                 1758 	ld	a,d
   0785 23                 1759 	inc	hl
   0786 8E                 1760 	adc	a,(hl)
   0787 F8 0D              1761 	lda	hl,13(sp)
   0789 32                 1762 	ld	(hl-),a
   078A 73                 1763 	ld	(hl),e
   078B                    1764 00113$:
                           1765 ;../time.c:192: for (i=0; i<month; i++) {
   078B F8 0E              1766 	lda	hl,14(sp)
   078D 34                 1767 	inc	(hl)
   078E 20 02              1768 	jr	NZ,00129$
   0790 23                 1769 	inc	hl
   0791 34                 1770 	inc	(hl)
   0792                    1771 00129$:
   0792 C3rDFs06           1772 	jp	00111$
   0795                    1773 00114$:
                           1774 ;../time.c:200: seconds+= (timeptr->tm_mday-1)*60*60*24L;
   0795 F8 09              1775 	lda	hl,9(sp)
   0797 2B                 1776 	dec	hl
   0798 5E                 1777 	ld	e,(hl)
   0799 23                 1778 	inc	hl
   079A 56                 1779 	ld	d,(hl)
   079B 21 03 00           1780 	ld	hl,#0x0003
   079E 19                 1781 	add	hl,de
   079F 4D                 1782 	ld	c,l
   07A0 44                 1783 	ld	b,h
   07A1 0A                 1784 	ld	a,(bc)
   07A2 4F                 1785 	ld	c,a
   07A3 06 00              1786 	ld	b,#0x00
   07A5 0B                 1787 	dec	bc
   07A6 F8 00              1788 	lda	hl,0(sp)
   07A8 71                 1789 	ld	(hl),c
   07A9 23                 1790 	inc	hl
   07AA 70                 1791 	ld	(hl),b
   07AB 78                 1792 	ld	a,b
   07AC 17                 1793 	rla	
   07AD 9F                 1794 	sbc	a,a
   07AE 23                 1795 	inc	hl
   07AF 22                 1796 	ld	(hl+),a
   07B0 32                 1797 	ld	(hl-),a
   07B1 2A                 1798 	ld	a,(hl+)
   07B2 66                 1799 	ld	h,(hl)
   07B3 6F                 1800 	ld	l,a
   07B4 E5                 1801 	push	hl
   07B5 F8 02              1802 	lda	hl,2(sp)
   07B7 2A                 1803 	ld	a,(hl+)
   07B8 66                 1804 	ld	h,(hl)
   07B9 6F                 1805 	ld	l,a
   07BA E5                 1806 	push	hl
   07BB 21 01 00           1807 	ld	hl,#0x0001
   07BE E5                 1808 	push	hl
   07BF 21 80 51           1809 	ld	hl,#0x15180
   07C2 E5                 1810 	push	hl
   07C3 CDr00s00           1811 	call	__mullong_rrx_s
   07C6 E8 08              1812 	lda	sp,8(sp)
   07C8 E5                 1813 	push	hl
   07C9 F8 02              1814 	lda	hl,2(sp)
   07CB 73                 1815 	ld	(hl),e
   07CC 23                 1816 	inc	hl
   07CD 72                 1817 	ld	(hl),d
   07CE D1                 1818 	pop	de
   07CF 23                 1819 	inc	hl
   07D0 73                 1820 	ld	(hl),e
   07D1 23                 1821 	inc	hl
   07D2 72                 1822 	ld	(hl),d
   07D3 F8 0B              1823 	lda	hl,11(sp)
   07D5 2B                 1824 	dec	hl
   07D6 5E                 1825 	ld	e,(hl)
   07D7 23                 1826 	inc	hl
   07D8 56                 1827 	ld	d,(hl)
   07D9 7B                 1828 	ld	a,e
   07DA F8 00              1829 	lda	hl,0(sp)
   07DC 86                 1830 	add	a,(hl)
   07DD 5F                 1831 	ld	e,a
   07DE 7A                 1832 	ld	a,d
   07DF 23                 1833 	inc	hl
   07E0 8E                 1834 	adc	a,(hl)
   07E1 F5                 1835 	push	af
   07E2 F8 0D              1836 	lda	hl,13(sp)
   07E4 32                 1837 	ld	(hl-),a
   07E5 73                 1838 	ld	(hl),e
   07E6 F8 0F              1839 	lda	hl,15(sp)
   07E8 2B                 1840 	dec	hl
   07E9 5E                 1841 	ld	e,(hl)
   07EA 23                 1842 	inc	hl
   07EB 56                 1843 	ld	d,(hl)
   07EC F8 04              1844 	lda	hl,4(sp)
   07EE F1                 1845 	pop	af
   07EF 7B                 1846 	ld	a,e
   07F0 8E                 1847 	adc	a,(hl)
   07F1 5F                 1848 	ld	e,a
   07F2 7A                 1849 	ld	a,d
   07F3 23                 1850 	inc	hl
   07F4 8E                 1851 	adc	a,(hl)
   07F5 F8 0D              1852 	lda	hl,13(sp)
   07F7 32                 1853 	ld	(hl-),a
   07F8 73                 1854 	ld	(hl),e
                           1855 ;../time.c:201: seconds+= timeptr->tm_hour*60*60L;
   07F9 F8 08              1856 	lda	hl,8(sp)
   07FB 4E                 1857 	ld	c,(hl)
   07FC 23                 1858 	inc	hl
   07FD 46                 1859 	ld	b,(hl)
   07FE 03                 1860 	inc	bc
   07FF 03                 1861 	inc	bc
   0800 0A                 1862 	ld	a,(bc)
   0801 4F                 1863 	ld	c,a
   0802 F8 00              1864 	lda	hl,0(sp)
   0804 71                 1865 	ld	(hl),c
   0805 23                 1866 	inc	hl
   0806 36 00              1867 	ld	(hl),#0x00
   0808 23                 1868 	inc	hl
   0809 36 00              1869 	ld	(hl),#0x00
   080B 23                 1870 	inc	hl
   080C 36 00              1871 	ld	(hl),#0x00
   080E 2B                 1872 	dec	hl
   080F 2A                 1873 	ld	a,(hl+)
   0810 66                 1874 	ld	h,(hl)
   0811 6F                 1875 	ld	l,a
   0812 E5                 1876 	push	hl
   0813 F8 02              1877 	lda	hl,2(sp)
   0815 2A                 1878 	ld	a,(hl+)
   0816 66                 1879 	ld	h,(hl)
   0817 6F                 1880 	ld	l,a
   0818 E5                 1881 	push	hl
   0819 21 00 00           1882 	ld	hl,#0x0000
   081C E5                 1883 	push	hl
   081D 21 10 0E           1884 	ld	hl,#0x0E10
   0820 E5                 1885 	push	hl
   0821 CDr00s00           1886 	call	__mullong_rrx_s
   0824 E8 08              1887 	lda	sp,8(sp)
   0826 E5                 1888 	push	hl
   0827 F8 02              1889 	lda	hl,2(sp)
   0829 73                 1890 	ld	(hl),e
   082A 23                 1891 	inc	hl
   082B 72                 1892 	ld	(hl),d
   082C D1                 1893 	pop	de
   082D 23                 1894 	inc	hl
   082E 73                 1895 	ld	(hl),e
   082F 23                 1896 	inc	hl
   0830 72                 1897 	ld	(hl),d
   0831 F8 0B              1898 	lda	hl,11(sp)
   0833 2B                 1899 	dec	hl
   0834 5E                 1900 	ld	e,(hl)
   0835 23                 1901 	inc	hl
   0836 56                 1902 	ld	d,(hl)
   0837 7B                 1903 	ld	a,e
   0838 F8 00              1904 	lda	hl,0(sp)
   083A 86                 1905 	add	a,(hl)
   083B 5F                 1906 	ld	e,a
   083C 7A                 1907 	ld	a,d
   083D 23                 1908 	inc	hl
   083E 8E                 1909 	adc	a,(hl)
   083F F5                 1910 	push	af
   0840 F8 0D              1911 	lda	hl,13(sp)
   0842 32                 1912 	ld	(hl-),a
   0843 73                 1913 	ld	(hl),e
   0844 F8 0F              1914 	lda	hl,15(sp)
   0846 2B                 1915 	dec	hl
   0847 5E                 1916 	ld	e,(hl)
   0848 23                 1917 	inc	hl
   0849 56                 1918 	ld	d,(hl)
   084A F8 04              1919 	lda	hl,4(sp)
   084C F1                 1920 	pop	af
   084D 7B                 1921 	ld	a,e
   084E 8E                 1922 	adc	a,(hl)
   084F 5F                 1923 	ld	e,a
   0850 7A                 1924 	ld	a,d
   0851 23                 1925 	inc	hl
   0852 8E                 1926 	adc	a,(hl)
   0853 F8 0D              1927 	lda	hl,13(sp)
   0855 32                 1928 	ld	(hl-),a
   0856 73                 1929 	ld	(hl),e
                           1930 ;../time.c:202: seconds+= timeptr->tm_min*60;
   0857 F8 08              1931 	lda	hl,8(sp)
   0859 4E                 1932 	ld	c,(hl)
   085A 23                 1933 	inc	hl
   085B 46                 1934 	ld	b,(hl)
   085C 03                 1935 	inc	bc
   085D 0A                 1936 	ld	a,(bc)
   085E 4F                 1937 	ld	c,a
   085F 59                 1938 	ld	e,c
   0860 16 00              1939 	ld	d,#0x00
   0862 6B                 1940 	ld	l,e
   0863 62                 1941 	ld	h,d
   0864 29                 1942 	add	hl,hl
   0865 19                 1943 	add	hl,de
   0866 29                 1944 	add	hl,hl
   0867 19                 1945 	add	hl,de
   0868 29                 1946 	add	hl,hl
   0869 19                 1947 	add	hl,de
   086A 29                 1948 	add	hl,hl
   086B 29                 1949 	add	hl,hl
   086C 4D                 1950 	ld	c,l
   086D 44                 1951 	ld	b,h
   086E F8 00              1952 	lda	hl,0(sp)
   0870 71                 1953 	ld	(hl),c
   0871 23                 1954 	inc	hl
   0872 70                 1955 	ld	(hl),b
   0873 78                 1956 	ld	a,b
   0874 17                 1957 	rla	
   0875 9F                 1958 	sbc	a,a
   0876 23                 1959 	inc	hl
   0877 22                 1960 	ld	(hl+),a
   0878 77                 1961 	ld	(hl),a
   0879 F8 0B              1962 	lda	hl,11(sp)
   087B 2B                 1963 	dec	hl
   087C 5E                 1964 	ld	e,(hl)
   087D 23                 1965 	inc	hl
   087E 56                 1966 	ld	d,(hl)
   087F 7B                 1967 	ld	a,e
   0880 F8 00              1968 	lda	hl,0(sp)
   0882 86                 1969 	add	a,(hl)
   0883 5F                 1970 	ld	e,a
   0884 7A                 1971 	ld	a,d
   0885 23                 1972 	inc	hl
   0886 8E                 1973 	adc	a,(hl)
   0887 F5                 1974 	push	af
   0888 F8 0D              1975 	lda	hl,13(sp)
   088A 32                 1976 	ld	(hl-),a
   088B 73                 1977 	ld	(hl),e
   088C F8 0F              1978 	lda	hl,15(sp)
   088E 2B                 1979 	dec	hl
   088F 5E                 1980 	ld	e,(hl)
   0890 23                 1981 	inc	hl
   0891 56                 1982 	ld	d,(hl)
   0892 F8 04              1983 	lda	hl,4(sp)
   0894 F1                 1984 	pop	af
   0895 7B                 1985 	ld	a,e
   0896 8E                 1986 	adc	a,(hl)
   0897 5F                 1987 	ld	e,a
   0898 7A                 1988 	ld	a,d
   0899 23                 1989 	inc	hl
   089A 8E                 1990 	adc	a,(hl)
   089B F8 0D              1991 	lda	hl,13(sp)
   089D 32                 1992 	ld	(hl-),a
   089E 73                 1993 	ld	(hl),e
                           1994 ;../time.c:203: seconds+= timeptr->tm_sec;
   089F F8 09              1995 	lda	hl,9(sp)
   08A1 2B                 1996 	dec	hl
   08A2 5E                 1997 	ld	e,(hl)
   08A3 23                 1998 	inc	hl
   08A4 56                 1999 	ld	d,(hl)
   08A5 1A                 2000 	ld	a,(de)
   08A6 4F                 2001 	ld	c,a
   08A7 06 00              2002 	ld	b,#0x00
   08A9 F8 00              2003 	lda	hl,0(sp)
   08AB 71                 2004 	ld	(hl),c
   08AC 23                 2005 	inc	hl
   08AD 70                 2006 	ld	(hl),b
   08AE 78                 2007 	ld	a,b
   08AF 17                 2008 	rla	
   08B0 9F                 2009 	sbc	a,a
   08B1 23                 2010 	inc	hl
   08B2 22                 2011 	ld	(hl+),a
   08B3 77                 2012 	ld	(hl),a
   08B4 F8 0B              2013 	lda	hl,11(sp)
   08B6 2B                 2014 	dec	hl
   08B7 5E                 2015 	ld	e,(hl)
   08B8 23                 2016 	inc	hl
   08B9 56                 2017 	ld	d,(hl)
   08BA 7B                 2018 	ld	a,e
   08BB F8 00              2019 	lda	hl,0(sp)
   08BD 86                 2020 	add	a,(hl)
   08BE 5F                 2021 	ld	e,a
   08BF 7A                 2022 	ld	a,d
   08C0 23                 2023 	inc	hl
   08C1 8E                 2024 	adc	a,(hl)
   08C2 F5                 2025 	push	af
   08C3 F8 0D              2026 	lda	hl,13(sp)
   08C5 32                 2027 	ld	(hl-),a
   08C6 73                 2028 	ld	(hl),e
   08C7 F8 0F              2029 	lda	hl,15(sp)
   08C9 2B                 2030 	dec	hl
   08CA 5E                 2031 	ld	e,(hl)
   08CB 23                 2032 	inc	hl
   08CC 56                 2033 	ld	d,(hl)
   08CD F8 04              2034 	lda	hl,4(sp)
   08CF F1                 2035 	pop	af
   08D0 7B                 2036 	ld	a,e
   08D1 8E                 2037 	adc	a,(hl)
   08D2 5F                 2038 	ld	e,a
   08D3 7A                 2039 	ld	a,d
   08D4 23                 2040 	inc	hl
   08D5 8E                 2041 	adc	a,(hl)
   08D6 F8 0D              2042 	lda	hl,13(sp)
   08D8 32                 2043 	ld	(hl-),a
   08D9 73                 2044 	ld	(hl),e
                           2045 ;../time.c:204: return seconds;
   08DA 2B                 2046 	dec	hl
   08DB 2B                 2047 	dec	hl
   08DC 5E                 2048 	ld	e,(hl)
   08DD 23                 2049 	inc	hl
   08DE 56                 2050 	ld	d,(hl)
   08DF 23                 2051 	inc	hl
   08E0 2A                 2052 	ld	a,(hl+)
   08E1 66                 2053 	ld	h,(hl)
   08E2 6F                 2054 	ld	l,a
   08E3                    2055 00115$:
   08E3 E8 14              2056 	lda	sp,20(sp)
   08E5 C9                 2057 	ret
   08E6                    2058 _mktime_end::
                           2059 	.area _CODE
   08E6                    2060 __str_1:
   08E6 4A 61 6E           2061 	.ascii "Jan"
   08E9 00                 2062 	.db 0x00
   08EA                    2063 __str_2:
   08EA 46 65 62           2064 	.ascii "Feb"
   08ED 00                 2065 	.db 0x00
   08EE                    2066 __str_3:
   08EE 4D 61 72           2067 	.ascii "Mar"
   08F1 00                 2068 	.db 0x00
   08F2                    2069 __str_4:
   08F2 41 70 72           2070 	.ascii "Apr"
   08F5 00                 2071 	.db 0x00
   08F6                    2072 __str_5:
   08F6 4D 61 79           2073 	.ascii "May"
   08F9 00                 2074 	.db 0x00
   08FA                    2075 __str_6:
   08FA 4A 75 6E           2076 	.ascii "Jun"
   08FD 00                 2077 	.db 0x00
   08FE                    2078 __str_7:
   08FE 4A 75 6C           2079 	.ascii "Jul"
   0901 00                 2080 	.db 0x00
   0902                    2081 __str_8:
   0902 41 75 67           2082 	.ascii "Aug"
   0905 00                 2083 	.db 0x00
   0906                    2084 __str_9:
   0906 53 65 70           2085 	.ascii "Sep"
   0909 00                 2086 	.db 0x00
   090A                    2087 __str_10:
   090A 4F 63 74           2088 	.ascii "Oct"
   090D 00                 2089 	.db 0x00
   090E                    2090 __str_11:
   090E 4E 6F 76           2091 	.ascii "Nov"
   0911 00                 2092 	.db 0x00
   0912                    2093 __str_12:
   0912 44 65 63           2094 	.ascii "Dec"
   0915 00                 2095 	.db 0x00
   0916                    2096 __str_13:
   0916 53 75 6E           2097 	.ascii "Sun"
   0919 00                 2098 	.db 0x00
   091A                    2099 __str_14:
   091A 4D 6F 6E           2100 	.ascii "Mon"
   091D 00                 2101 	.db 0x00
   091E                    2102 __str_15:
   091E 54 75 65           2103 	.ascii "Tue"
   0921 00                 2104 	.db 0x00
   0922                    2105 __str_16:
   0922 57 65 64           2106 	.ascii "Wed"
   0925 00                 2107 	.db 0x00
   0926                    2108 __str_17:
   0926 54 68 75           2109 	.ascii "Thu"
   0929 00                 2110 	.db 0x00
   092A                    2111 __str_18:
   092A 46 72 69           2112 	.ascii "Fri"
   092D 00                 2113 	.db 0x00
   092E                    2114 __str_19:
   092E 53 61 74           2115 	.ascii "Sat"
   0931 00                 2116 	.db 0x00
                           2117 	.area _CABS
