                              1 ;--------------------------------------------------------
                              2 ; File Created by SDCC : free open source ANSI-C Compiler
                              3 ; Version 2.9.4 #5595 (Oct 23 2013) (Mac OS X ppc)
                              4 ; This file was generated Wed Oct 23 12:25:33 2013
                              5 ;--------------------------------------------------------
                              6 	.module expf
                              7 	.optsdcc -mds400 --model-flat24
                              8 	
                              9 ;--------------------------------------------------------
                             10 ; CPU specific extensions
                             11 ;--------------------------------------------------------
                             12 .flat24 on		; 24 bit flat addressing
                    0084     13 dpl1	=	0x84
                    0085     14 dph1	=	0x85
                    0086     15 dps	=	0x86
                    0093     16 dpx	=	0x93
                    0095     17 dpx1	=	0x95
                    009B     18 esp	=	0x9B
                    009C     19 ap	=	0x9C
                    009C     20 _ap	=	0x9C
                    00D1     21 mcnt0	=	0xD1
                    00D2     22 mcnt1	=	0xD2
                    00D3     23 ma	=	0xD3
                    00D4     24 mb	=	0xD4
                    00D5     25 mc	=	0xD5
                    00D1     26 F1	=	0xD1	; user flag
                             27 ;--------------------------------------------------------
                             28 ; Public variables in this module
                             29 ;--------------------------------------------------------
                             30 	.globl _expf
                             31 ;--------------------------------------------------------
                             32 ; special function registers
                             33 ;--------------------------------------------------------
                             34 ;--------------------------------------------------------
                             35 ; special function bits
                             36 ;--------------------------------------------------------
                             37 ;--------------------------------------------------------
                             38 ; overlayable register banks
                             39 ;--------------------------------------------------------
                             40 	.area REG_BANK_0	(REL,OVR,DATA)
   0000                      41 	.ds 8
                             42 	.area REG_BANK_3	(REL,OVR,DATA)
   0000                      43 	.ds 8
                             44 ;--------------------------------------------------------
                             45 ; internal ram data
                             46 ;--------------------------------------------------------
                             47 	.area DSEG    (DATA)
                             48 ;--------------------------------------------------------
                             49 ; overlayable items in internal ram 
                             50 ;--------------------------------------------------------
                             51 	.area OSEG    (OVR,DATA)
                             52 ;--------------------------------------------------------
                             53 ; indirectly addressable internal ram data
                             54 ;--------------------------------------------------------
                             55 	.area ISEG    (DATA)
                             56 ;--------------------------------------------------------
                             57 ; absolute internal ram data
                             58 ;--------------------------------------------------------
                             59 	.area IABS    (ABS,DATA)
                             60 	.area IABS    (ABS,DATA)
                             61 ;--------------------------------------------------------
                             62 ; bit data
                             63 ;--------------------------------------------------------
                             64 	.area BSEG    (BIT)
   0000                      65 _expf_sign_1_1:
   0000                      66 	.ds 1
                             67 ;--------------------------------------------------------
                             68 ; paged external ram data
                             69 ;--------------------------------------------------------
                             70 	.area PSEG    (PAG,XDATA)
                             71 ;--------------------------------------------------------
                             72 ; external ram data
                             73 ;--------------------------------------------------------
                             74 	.area XSEG    (XDATA)
   0000                      75 _expf_n_1_1:
   0000                      76 	.ds 2
   0002                      77 _expf_g_1_1:
   0002                      78 	.ds 4
   0006                      79 _expf_r_1_1:
   0006                      80 	.ds 4
   000A                      81 _expf_y_1_1:
   000A                      82 	.ds 4
   000E                      83 _expf_sloc0_1_0:
   000E                      84 	.ds 4
                             85 ;--------------------------------------------------------
                             86 ; absolute external ram data
                             87 ;--------------------------------------------------------
                             88 	.area XABS    (ABS,XDATA)
                             89 ;--------------------------------------------------------
                             90 ; external initialized ram data
                             91 ;--------------------------------------------------------
                             92 	.area XISEG   (XDATA)
                             93 ;--------------------------------------------------------
                             94 ; global & static initialisations
                             95 ;--------------------------------------------------------
                             96 	.area HOME    (CODE)
                             97 	.area GSINIT  (CODE)
                             98 	.area GSFINAL (CODE)
                             99 	.area GSINIT  (CODE)
                            100 ;--------------------------------------------------------
                            101 ; Home
                            102 ;--------------------------------------------------------
                            103 	.area HOME    (CODE)
                            104 	.area HOME    (CODE)
                            105 ;--------------------------------------------------------
                            106 ; code
                            107 ;--------------------------------------------------------
                            108 	.area CSEG    (CODE)
                            109 ;------------------------------------------------------------
                            110 ;Allocation info for local variables in function 'expf'
                            111 ;------------------------------------------------------------
                            112 ;x                         Allocated to registers r2 r3 r4 r5 
                            113 ;n                         Allocated with name '_expf_n_1_1'
                            114 ;xn                        Allocated to registers r2 r3 r4 r5 
                            115 ;g                         Allocated with name '_expf_g_1_1'
                            116 ;r                         Allocated with name '_expf_r_1_1'
                            117 ;z                         Allocated to registers r2 r3 r4 r5 
                            118 ;y                         Allocated with name '_expf_y_1_1'
                            119 ;sloc0                     Allocated with name '_expf_sloc0_1_0'
                            120 ;------------------------------------------------------------
                            121 ;	expf.c:320: float expf(const float x)
                            122 ;	-----------------------------------------
                            123 ;	 function expf
                            124 ;	-----------------------------------------
   0000                     125 _expf:
                    0002    126 	ar2 = 0x02
                    0003    127 	ar3 = 0x03
                    0004    128 	ar4 = 0x04
                    0005    129 	ar5 = 0x05
                    0006    130 	ar6 = 0x06
                    0007    131 	ar7 = 0x07
                    0000    132 	ar0 = 0x00
                    0001    133 	ar1 = 0x01
   0000 AA 82               134 	mov	r2,dpl
   0002 AB 83               135 	mov	r3,dph
   0004 AC 93               136 	mov	r4,dpx
   0006 AD F0               137 	mov	r5,b
                            138 ;	expf.c:326: if(x>=0.0)
                            139 ;	genAssign: resultIsFar = TRUE
   0008 90s00r00r00         140 	mov	dptr,#___fslt_PARM_2
   000C E4                  141 	clr  a
   000D F0                  142 	movx @dptr,a
   000E A3                  143 	inc  dptr
   000F F0                  144 	movx @dptr,a
   0010 A3                  145 	inc	dptr
   0011 E4                  146 	clr  a
   0012 F0                  147 	movx @dptr,a
   0013 A3                  148 	inc  dptr
   0014 F0                  149 	movx @dptr,a
   0015 C0 02               150 	push	ar2
   0017 C0 03               151 	push	ar3
   0019 C0 04               152 	push	ar4
   001B C0 05               153 	push	ar5
   001D 8A 82               154 	mov	dpl,r2
   001F 8B 83               155 	mov	dph,r3
   0021 8C 93               156 	mov	dpx,r4
   0023 8D F0               157 	mov	b,r5
   0025 12s00r00r00         158 	lcall	___fslt
   0029 D0 05               159 	pop	ar5
   002B D0 04               160 	pop	ar4
   002D D0 03               161 	pop	ar3
   002F D0 02               162 	pop	ar2
   0031 E5 82               163 	mov	a,dpl
   0033 70 13               164 	jnz  00102$
   0035                     165 00127$:
                            166 ;	expf.c:327: { y=x;  sign=0; }
                            167 ;	genAssign: resultIsFar = TRUE
   0035 90s00r00r0A         168 	mov	dptr,#_expf_y_1_1
   0039 EA                  169 	mov	a,r2
   003A F0                  170 	movx	@dptr,a
   003B A3                  171 	inc	dptr
   003C EB                  172 	mov	a,r3
   003D F0                  173 	movx	@dptr,a
   003E A3                  174 	inc	dptr
   003F EC                  175 	mov	a,r4
   0040 F0                  176 	movx	@dptr,a
   0041 A3                  177 	inc	dptr
   0042 ED                  178 	mov	a,r5
   0043 F0                  179 	movx	@dptr,a
                            180 ;	genAssign: resultIsFar = FALSE
   0044 C2*00               181 	clr	_expf_sign_1_1
   0046 80 13               182 	sjmp 00103$
   0048                     183 00102$:
                            184 ;	expf.c:329: { y=-x; sign=1; }
   0048 90s00r00r0A         185 	mov	dptr,#_expf_y_1_1
   004C EA                  186 	mov	a,r2
   004D F0                  187 	movx	@dptr,a
   004E A3                  188 	inc	dptr
   004F EB                  189 	mov	a,r3
   0050 F0                  190 	movx	@dptr,a
   0051 A3                  191 	inc	dptr
   0052 EC                  192 	mov	a,r4
   0053 F0                  193 	movx	@dptr,a
   0054 ED                  194 	mov	a,r5
   0055 B2 E7               195 	cpl	acc.7
   0057 A3                  196 	inc	dptr
   0058 F0                  197 	movx	@dptr,a
                            198 ;	genAssign: resultIsFar = FALSE
   0059 D2*00               199 	setb	_expf_sign_1_1
   005B                     200 00103$:
                            201 ;	expf.c:331: if(y<EXPEPS) return 1.0;
                            202 ;	genAssign: resultIsFar = TRUE
   005B 90s00r00r00         203 	mov	dptr,#___fslt_PARM_2
   005F 74 95               204 	mov	a,#0x95
   0061 F0                  205 	movx	@dptr,a
   0062 A3                  206 	inc	dptr
   0063 74 BF               207 	mov	a,#0xBF
   0065 F0                  208 	movx	@dptr,a
   0066 A3                  209 	inc	dptr
   0067 74 D6               210 	mov	a,#0xD6
   0069 F0                  211 	movx	@dptr,a
   006A A3                  212 	inc	dptr
   006B 74 33               213 	mov	a,#0x33
   006D F0                  214 	movx	@dptr,a
   006E 05 86               215 	inc	dps
   0070 90s00r00r0A         216 	mov	dptr,#_expf_y_1_1
   0074 E0                  217 	movx	a,@dptr
   0075 F5 82               218 	mov	dpl,a
   0077 A3                  219 	inc	dptr
   0078 E0                  220 	movx	a,@dptr
   0079 F5 83               221 	mov	dph,a
   007B A3                  222 	inc	dptr
   007C E0                  223 	movx	a,@dptr
   007D F5 93               224 	mov	dpx,a
   007F A3                  225 	inc	dptr
   0080 E0                  226 	movx	a,@dptr
   0081 F5 F0               227 	mov	b,a
   0083 75 86 00            228 	mov	dps,#0
   0086 12s00r00r00         229 	lcall	___fslt
   008A E5 82               230 	mov	a,dpl
   008C 60 0E               231 	jz  00105$
   008E                     232 00128$:
   008E 90 00 00 00         233 	mov  dptr,#0x0000
   0092 75 93 80            234 	mov	dpx,#0x80
   0095 75 F0 3F            235 	mov	b,#0x3F
   0098 02s00r05r3B         236 	ljmp	00118$
   009C                     237 00105$:
                            238 ;	expf.c:333: if(y>BIGX)
                            239 ;	genAssign: resultIsFar = TRUE
   009C 90s00r00r00         240 	mov	dptr,#___fsgt_PARM_2
   00A0 74 18               241 	mov	a,#0x18
   00A2 F0                  242 	movx	@dptr,a
   00A3 A3                  243 	inc	dptr
   00A4 74 72               244 	mov	a,#0x72
   00A6 F0                  245 	movx	@dptr,a
   00A7 A3                  246 	inc	dptr
   00A8 74 B1               247 	mov	a,#0xB1
   00AA F0                  248 	movx	@dptr,a
   00AB A3                  249 	inc	dptr
   00AC 74 42               250 	mov	a,#0x42
   00AE F0                  251 	movx	@dptr,a
   00AF 05 86               252 	inc	dps
   00B1 90s00r00r0A         253 	mov	dptr,#_expf_y_1_1
   00B5 E0                  254 	movx	a,@dptr
   00B6 F5 82               255 	mov	dpl,a
   00B8 A3                  256 	inc	dptr
   00B9 E0                  257 	movx	a,@dptr
   00BA F5 83               258 	mov	dph,a
   00BC A3                  259 	inc	dptr
   00BD E0                  260 	movx	a,@dptr
   00BE F5 93               261 	mov	dpx,a
   00C0 A3                  262 	inc	dptr
   00C1 E0                  263 	movx	a,@dptr
   00C2 F5 F0               264 	mov	b,a
   00C4 75 86 00            265 	mov	dps,#0
   00C7 12s00r00r00         266 	lcall	___fsgt
   00CB E5 82               267 	mov	a,dpl
   00CD 60 23               268 	jz  00110$
   00CF                     269 00129$:
                            270 ;	expf.c:335: if(sign)
   00CF 30*00 15            271 	jnb  _expf_sign_1_1,00107$
   00D2                     272 00130$:
                            273 ;	expf.c:337: errno=ERANGE;
                            274 ;	genAssign: resultIsFar = TRUE
   00D2 90s00r00r00         275 	mov	dptr,#_errno
   00D6 74 22               276 	mov	a,#0x22
   00D8 F0                  277 	movx	@dptr,a
   00D9 E4                  278 	clr	a
   00DA A3                  279 	inc	dptr
   00DB F0                  280 	movx	@dptr,a
                            281 ;	expf.c:339: ;
   00DC 90 7F FF FF         282 	mov	dptr,#0x7FFFFF
   00E0 75 F0 7F            283 	mov	b,#0x7F
   00E3 02s00r05r3B         284 	ljmp	00118$
   00E7                     285 00107$:
                            286 ;	expf.c:343: return 0.0;
   00E7 90 00 00 00         287 	mov  dptr,#0x0000
   00EB 75 F0 00            288 	mov	b,#0x00
   00EE 02s00r05r3B         289 	ljmp	00118$
   00F2                     290 00110$:
                            291 ;	expf.c:347: z=y*K1;
   00F2 90s00r00r0A         292 	mov	dptr,#_expf_y_1_1
                            293 ;	genAssign: resultIsFar = TRUE
   00F6 75 86 21            294 	mov	dps,#0x21
   00F9 90s00r00r00         295 	mov	dptr,#___fsmul_PARM_2
   00FD E0                  296 	movx	a,@dptr
   00FE F0                  297 	movx	@dptr,a
   00FF A3                  298 	inc	dptr
   0100 A3                  299 	inc	dptr
   0101 E0                  300 	movx	a,@dptr
   0102 F0                  301 	movx	@dptr,a
   0103 A3                  302 	inc	dptr
   0104 A3                  303 	inc	dptr
   0105 E0                  304 	movx	a,@dptr
   0106 F0                  305 	movx	@dptr,a
   0107 A3                  306 	inc	dptr
   0108 A3                  307 	inc	dptr
   0109 E0                  308 	movx	a,@dptr
   010A F0                  309 	movx	@dptr,a
   010B 75 86 00            310 	mov	dps,#0
   010E 90 B8 AA 3B         311 	mov	dptr,#0xB8AA3B
   0112 75 F0 3F            312 	mov	b,#0x3F
   0115 12s00r00r00         313 	lcall	___fsmul
   0119 AA 82               314 	mov	r2,dpl
   011B AB 83               315 	mov	r3,dph
   011D AC 93               316 	mov	r4,dpx
   011F AD F0               317 	mov	r5,b
                            318 ;	genAssign: resultIsFar = TRUE
                            319 ;	expf.c:348: n=z;
   0121 C0 02               320 	push	ar2
   0123 C0 03               321 	push	ar3
   0125 C0 04               322 	push	ar4
   0127 C0 05               323 	push	ar5
   0129 8A 82               324 	mov	dpl,r2
   012B 8B 83               325 	mov	dph,r3
   012D 8C 93               326 	mov	dpx,r4
   012F 8D F0               327 	mov	b,r5
   0131 12s00r00r00         328 	lcall	___fs2sint
   0135 AE 82               329 	mov	r6,dpl
   0137 AF 83               330 	mov	r7,dph
   0139 D0 05               331 	pop	ar5
   013B D0 04               332 	pop	ar4
   013D D0 03               333 	pop	ar3
   013F D0 02               334 	pop	ar2
                            335 ;	genAssign: resultIsFar = TRUE
   0141 90s00r00r00         336 	mov	dptr,#_expf_n_1_1
   0145 EE                  337 	mov	a,r6
   0146 F0                  338 	movx	@dptr,a
   0147 A3                  339 	inc	dptr
   0148 EF                  340 	mov	a,r7
   0149 F0                  341 	movx	@dptr,a
                            342 ;	expf.c:350: if(n<0) --n;
   014A 90s00r00r00         343 	mov	dptr,#_expf_n_1_1
   014E A3                  344 	inc	dptr
   014F E0                  345 	movx	a,@dptr
   0150 30 E7 16            346 	jnb  acc.7,00112$
   0153                     347 00131$:
   0153 90s00r00r00         348 	mov	dptr,#_expf_n_1_1
   0157 E0                  349 	movx	a,@dptr
   0158 24 FF               350 	add	a,#0xFF
   015A F8                  351 	mov	r0,a
   015B A3                  352 	inc	dptr
   015C E0                  353 	movx	a,@dptr
   015D 34 FF               354 	addc	a,#0xFF
   015F F9                  355 	mov	r1,a
                            356 ;	genAssign: resultIsFar = TRUE
   0160 90s00r00r00         357 	mov	dptr,#_expf_n_1_1
   0164 E8                  358 	mov	a,r0
   0165 F0                  359 	movx	@dptr,a
   0166 A3                  360 	inc	dptr
   0167 E9                  361 	mov	a,r1
   0168 F0                  362 	movx	@dptr,a
   0169                     363 00112$:
                            364 ;	expf.c:351: if(z-n>=0.5) ++n;
   0169 C0 02               365 	push	ar2
   016B C0 03               366 	push	ar3
   016D C0 04               367 	push	ar4
   016F C0 05               368 	push	ar5
   0171 05 86               369 	inc	dps
   0173 90s00r00r00         370 	mov	dptr,#_expf_n_1_1
   0177 E0                  371 	movx	a,@dptr
   0178 F5 82               372 	mov	dpl,a
   017A A3                  373 	inc	dptr
   017B E0                  374 	movx	a,@dptr
   017C F5 83               375 	mov	dph,a
   017E 75 86 00            376 	mov	dps,#0
   0181 12s00r00r00         377 	lcall	___sint2fs
   0185 A8 82               378 	mov	r0,dpl
   0187 A9 83               379 	mov	r1,dph
   0189 AE 93               380 	mov	r6,dpx
   018B AF F0               381 	mov	r7,b
   018D D0 05               382 	pop	ar5
   018F D0 04               383 	pop	ar4
   0191 D0 03               384 	pop	ar3
   0193 D0 02               385 	pop	ar2
                            386 ;	genAssign: resultIsFar = TRUE
   0195 90s00r00r00         387 	mov	dptr,#___fssub_PARM_2
   0199 E8                  388 	mov	a,r0
   019A F0                  389 	movx	@dptr,a
   019B A3                  390 	inc	dptr
   019C E9                  391 	mov	a,r1
   019D F0                  392 	movx	@dptr,a
   019E A3                  393 	inc	dptr
   019F EE                  394 	mov	a,r6
   01A0 F0                  395 	movx	@dptr,a
   01A1 A3                  396 	inc	dptr
   01A2 EF                  397 	mov	a,r7
   01A3 F0                  398 	movx	@dptr,a
   01A4 8A 82               399 	mov	dpl,r2
   01A6 8B 83               400 	mov	dph,r3
   01A8 8C 93               401 	mov	dpx,r4
   01AA 8D F0               402 	mov	b,r5
   01AC 12s00r00r00         403 	lcall	___fssub
   01B0 AE 82               404 	mov	r6,dpl
   01B2 AF 83               405 	mov	r7,dph
   01B4 A8 93               406 	mov	r0,dpx
   01B6 A9 F0               407 	mov	r1,b
                            408 ;	genAssign: resultIsFar = TRUE
   01B8 90s00r00r00         409 	mov	dptr,#___fslt_PARM_2
   01BC E4                  410 	clr  a
   01BD F0                  411 	movx @dptr,a
   01BE A3                  412 	inc  dptr
   01BF F0                  413 	movx @dptr,a
   01C0 A3                  414 	inc	dptr
   01C1 E4                  415 	clr  a
   01C2 F0                  416 	movx	@dptr,a
   01C3 A3                  417 	inc	dptr
   01C4 74 3F               418 	mov	a,#0x3F
   01C6 F0                  419 	movx	@dptr,a
   01C7 8E 82               420 	mov	dpl,r6
   01C9 8F 83               421 	mov	dph,r7
   01CB 88 93               422 	mov	dpx,r0
   01CD 89 F0               423 	mov	b,r1
   01CF 12s00r00r00         424 	lcall	___fslt
   01D3 E5 82               425 	mov	a,dpl
   01D5 70 0D               426 	jnz  00114$
   01D7                     427 00132$:
   01D7 90s00r00r00         428 	mov	dptr,#_expf_n_1_1
   01DB E0                  429 	movx	a,@dptr
   01DC 24 01               430 	add	a,#0x01
   01DE F0                  431 	movx	@dptr,a
   01DF A3                  432 	inc	dptr
   01E0 E0                  433 	movx	a,@dptr
   01E1 34 00               434 	addc	a,#0x00
   01E3 F0                  435 	movx	@dptr,a
   01E4                     436 00114$:
                            437 ;	expf.c:352: xn=n;
   01E4 05 86               438 	inc	dps
   01E6 90s00r00r00         439 	mov	dptr,#_expf_n_1_1
   01EA E0                  440 	movx	a,@dptr
   01EB F5 82               441 	mov	dpl,a
   01ED A3                  442 	inc	dptr
   01EE E0                  443 	movx	a,@dptr
   01EF F5 83               444 	mov	dph,a
   01F1 75 86 00            445 	mov	dps,#0
   01F4 12s00r00r00         446 	lcall	___sint2fs
   01F8 AE 82               447 	mov	r6,dpl
   01FA AF 83               448 	mov	r7,dph
   01FC A8 93               449 	mov	r0,dpx
   01FE A9 F0               450 	mov	r1,b
                            451 ;	genAssign: resultIsFar = FALSE
   0200 8E 02               452 	mov	ar2,r6
   0202 8F 03               453 	mov	ar3,r7
   0204 88 04               454 	mov	ar4,r0
   0206 89 05               455 	mov	ar5,r1
                            456 ;	expf.c:353: g=((y-xn*C1))-xn*C2;
                            457 ;	genAssign: resultIsFar = TRUE
   0208 90s00r00r00         458 	mov	dptr,#___fsmul_PARM_2
   020C EA                  459 	mov	a,r2
   020D F0                  460 	movx	@dptr,a
   020E A3                  461 	inc	dptr
   020F EB                  462 	mov	a,r3
   0210 F0                  463 	movx	@dptr,a
   0211 A3                  464 	inc	dptr
   0212 EC                  465 	mov	a,r4
   0213 F0                  466 	movx	@dptr,a
   0214 A3                  467 	inc	dptr
   0215 ED                  468 	mov	a,r5
   0216 F0                  469 	movx	@dptr,a
   0217 C0 02               470 	push	ar2
   0219 C0 03               471 	push	ar3
   021B C0 04               472 	push	ar4
   021D C0 05               473 	push	ar5
   021F 90 31 80 00         474 	mov	dptr,#0x318000
   0223 75 F0 3F            475 	mov	b,#0x3F
   0226 12s00r00r00         476 	lcall	___fsmul
   022A AE 82               477 	mov	r6,dpl
   022C AF 83               478 	mov	r7,dph
   022E A8 93               479 	mov	r0,dpx
   0230 A9 F0               480 	mov	r1,b
   0232 D0 05               481 	pop	ar5
   0234 D0 04               482 	pop	ar4
   0236 D0 03               483 	pop	ar3
   0238 D0 02               484 	pop	ar2
                            485 ;	genAssign: resultIsFar = TRUE
   023A 90s00r00r00         486 	mov	dptr,#___fssub_PARM_2
   023E EE                  487 	mov	a,r6
   023F F0                  488 	movx	@dptr,a
   0240 A3                  489 	inc	dptr
   0241 EF                  490 	mov	a,r7
   0242 F0                  491 	movx	@dptr,a
   0243 A3                  492 	inc	dptr
   0244 E8                  493 	mov	a,r0
   0245 F0                  494 	movx	@dptr,a
   0246 A3                  495 	inc	dptr
   0247 E9                  496 	mov	a,r1
   0248 F0                  497 	movx	@dptr,a
   0249 C0 02               498 	push	ar2
   024B C0 03               499 	push	ar3
   024D C0 04               500 	push	ar4
   024F C0 05               501 	push	ar5
   0251 05 86               502 	inc	dps
   0253 90s00r00r0A         503 	mov	dptr,#_expf_y_1_1
   0257 E0                  504 	movx	a,@dptr
   0258 F5 82               505 	mov	dpl,a
   025A A3                  506 	inc	dptr
   025B E0                  507 	movx	a,@dptr
   025C F5 83               508 	mov	dph,a
   025E A3                  509 	inc	dptr
   025F E0                  510 	movx	a,@dptr
   0260 F5 93               511 	mov	dpx,a
   0262 A3                  512 	inc	dptr
   0263 E0                  513 	movx	a,@dptr
   0264 F5 F0               514 	mov	b,a
   0266 75 86 00            515 	mov	dps,#0
   0269 12s00r00r00         516 	lcall	___fssub
   026D 75 86 01            517 	mov     dps, #1
   0270 90s00r00r0E         518 	mov     dptr, #_expf_sloc0_1_0
   0274 E5 82               519 	mov	a,dpl
   0276 F0                  520 	movx	@dptr,a
   0277 A3                  521 	inc	dptr
   0278 E5 83               522 	mov	a,dph
   027A F0                  523 	movx	@dptr,a
   027B A3                  524 	inc	dptr
   027C E5 93               525 	mov	a,dpx
   027E F0                  526 	movx	@dptr,a
   027F A3                  527 	inc	dptr
   0280 E5 F0               528 	mov	a,b
   0282 F0                  529 	movx	@dptr,a
   0283 75 86 00            530 	mov	dps,#0
   0286 D0 05               531 	pop	ar5
   0288 D0 04               532 	pop	ar4
   028A D0 03               533 	pop	ar3
   028C D0 02               534 	pop	ar2
                            535 ;	genAssign: resultIsFar = TRUE
   028E 90s00r00r00         536 	mov	dptr,#___fsmul_PARM_2
   0292 EA                  537 	mov	a,r2
   0293 F0                  538 	movx	@dptr,a
   0294 A3                  539 	inc	dptr
   0295 EB                  540 	mov	a,r3
   0296 F0                  541 	movx	@dptr,a
   0297 A3                  542 	inc	dptr
   0298 EC                  543 	mov	a,r4
   0299 F0                  544 	movx	@dptr,a
   029A A3                  545 	inc	dptr
   029B ED                  546 	mov	a,r5
   029C F0                  547 	movx	@dptr,a
   029D 90 5E 80 83         548 	mov	dptr,#0x5E8083
   02A1 75 F0 B9            549 	mov	b,#0xB9
   02A4 12s00r00r00         550 	lcall	___fsmul
   02A8 AE 82               551 	mov	r6,dpl
   02AA AF 83               552 	mov	r7,dph
   02AC A8 93               553 	mov	r0,dpx
   02AE A9 F0               554 	mov	r1,b
                            555 ;	genAssign: resultIsFar = TRUE
   02B0 90s00r00r00         556 	mov	dptr,#___fssub_PARM_2
   02B4 EE                  557 	mov	a,r6
   02B5 F0                  558 	movx	@dptr,a
   02B6 A3                  559 	inc	dptr
   02B7 EF                  560 	mov	a,r7
   02B8 F0                  561 	movx	@dptr,a
   02B9 A3                  562 	inc	dptr
   02BA E8                  563 	mov	a,r0
   02BB F0                  564 	movx	@dptr,a
   02BC A3                  565 	inc	dptr
   02BD E9                  566 	mov	a,r1
   02BE F0                  567 	movx	@dptr,a
   02BF 05 86               568 	inc	dps
   02C1 90s00r00r0E         569 	mov	dptr,#_expf_sloc0_1_0
   02C5 E0                  570 	movx	a,@dptr
   02C6 F5 82               571 	mov	dpl,a
   02C8 A3                  572 	inc	dptr
   02C9 E0                  573 	movx	a,@dptr
   02CA F5 83               574 	mov	dph,a
   02CC A3                  575 	inc	dptr
   02CD E0                  576 	movx	a,@dptr
   02CE F5 93               577 	mov	dpx,a
   02D0 A3                  578 	inc	dptr
   02D1 E0                  579 	movx	a,@dptr
   02D2 F5 F0               580 	mov	b,a
   02D4 75 86 00            581 	mov	dps,#0
   02D7 12s00r00r00         582 	lcall	___fssub
   02DB AE 82               583 	mov	r6,dpl
   02DD AF 83               584 	mov	r7,dph
   02DF A8 93               585 	mov	r0,dpx
   02E1 A9 F0               586 	mov	r1,b
                            587 ;	genAssign: resultIsFar = TRUE
   02E3 90s00r00r02         588 	mov	dptr,#_expf_g_1_1
   02E7 EE                  589 	mov	a,r6
   02E8 F0                  590 	movx	@dptr,a
   02E9 A3                  591 	inc	dptr
   02EA EF                  592 	mov	a,r7
   02EB F0                  593 	movx	@dptr,a
   02EC A3                  594 	inc	dptr
   02ED E8                  595 	mov	a,r0
   02EE F0                  596 	movx	@dptr,a
   02EF A3                  597 	inc	dptr
   02F0 E9                  598 	mov	a,r1
   02F1 F0                  599 	movx	@dptr,a
                            600 ;	expf.c:354: z=g*g;
   02F2 90s00r00r02         601 	mov	dptr,#_expf_g_1_1
                            602 ;	genAssign: resultIsFar = TRUE
   02F6 75 86 21            603 	mov	dps,#0x21
   02F9 90s00r00r00         604 	mov	dptr,#___fsmul_PARM_2
   02FD E0                  605 	movx	a,@dptr
   02FE F0                  606 	movx	@dptr,a
   02FF A3                  607 	inc	dptr
   0300 A3                  608 	inc	dptr
   0301 E0                  609 	movx	a,@dptr
   0302 F0                  610 	movx	@dptr,a
   0303 A3                  611 	inc	dptr
   0304 A3                  612 	inc	dptr
   0305 E0                  613 	movx	a,@dptr
   0306 F0                  614 	movx	@dptr,a
   0307 A3                  615 	inc	dptr
   0308 A3                  616 	inc	dptr
   0309 E0                  617 	movx	a,@dptr
   030A F0                  618 	movx	@dptr,a
   030B 75 86 01            619 	mov	dps, #1
   030E 90s00r00r02         620 	mov	dptr,#_expf_g_1_1
   0312 E0                  621 	movx	a,@dptr
   0313 F5 82               622 	mov	dpl,a
   0315 A3                  623 	inc	dptr
   0316 E0                  624 	movx	a,@dptr
   0317 F5 83               625 	mov	dph,a
   0319 A3                  626 	inc	dptr
   031A E0                  627 	movx	a,@dptr
   031B F5 93               628 	mov	dpx,a
   031D A3                  629 	inc	dptr
   031E E0                  630 	movx	a,@dptr
   031F F5 F0               631 	mov	b,a
   0321 75 86 00            632 	mov	dps,#0
   0324 12s00r00r00         633 	lcall	___fsmul
   0328 AE 82               634 	mov	r6,dpl
   032A AF 83               635 	mov	r7,dph
   032C A8 93               636 	mov	r0,dpx
   032E A9 F0               637 	mov	r1,b
                            638 ;	genAssign: resultIsFar = TRUE
   0330 8E 02               639 	mov	ar2,r6
   0332 8F 03               640 	mov	ar3,r7
   0334 88 04               641 	mov	ar4,r0
   0336 89 05               642 	mov	ar5,r1
                            643 ;	expf.c:355: r=P(z)*g;
                            644 ;	genAssign: resultIsFar = TRUE
   0338 90s00r00r00         645 	mov	dptr,#___fsmul_PARM_2
   033C EA                  646 	mov	a,r2
   033D F0                  647 	movx	@dptr,a
   033E A3                  648 	inc	dptr
   033F EB                  649 	mov	a,r3
   0340 F0                  650 	movx	@dptr,a
   0341 A3                  651 	inc	dptr
   0342 EC                  652 	mov	a,r4
   0343 F0                  653 	movx	@dptr,a
   0344 A3                  654 	inc	dptr
   0345 ED                  655 	mov	a,r5
   0346 F0                  656 	movx	@dptr,a
   0347 C0 02               657 	push	ar2
   0349 C0 03               658 	push	ar3
   034B C0 04               659 	push	ar4
   034D C0 05               660 	push	ar5
   034F 90 88 53 08         661 	mov	dptr,#0x885308
   0353 75 F0 3B            662 	mov	b,#0x3B
   0356 12s00r00r00         663 	lcall	___fsmul
   035A AE 82               664 	mov	r6,dpl
   035C AF 83               665 	mov	r7,dph
   035E A8 93               666 	mov	r0,dpx
   0360 A9 F0               667 	mov	r1,b
   0362 D0 05               668 	pop	ar5
   0364 D0 04               669 	pop	ar4
   0366 D0 03               670 	pop	ar3
   0368 D0 02               671 	pop	ar2
                            672 ;	genAssign: resultIsFar = TRUE
   036A 90s00r00r00         673 	mov	dptr,#___fsadd_PARM_2
   036E E4                  674 	clr  a
   036F F0                  675 	movx @dptr,a
   0370 A3                  676 	inc  dptr
   0371 F0                  677 	movx @dptr,a
   0372 A3                  678 	inc	dptr
   0373 74 80               679 	mov	a,#0x80
   0375 F0                  680 	movx	@dptr,a
   0376 A3                  681 	inc	dptr
   0377 74 3E               682 	mov	a,#0x3E
   0379 F0                  683 	movx	@dptr,a
   037A C0 02               684 	push	ar2
   037C C0 03               685 	push	ar3
   037E C0 04               686 	push	ar4
   0380 C0 05               687 	push	ar5
   0382 8E 82               688 	mov	dpl,r6
   0384 8F 83               689 	mov	dph,r7
   0386 88 93               690 	mov	dpx,r0
   0388 89 F0               691 	mov	b,r1
   038A 12s00r00r00         692 	lcall	___fsadd
   038E AE 82               693 	mov	r6,dpl
   0390 AF 83               694 	mov	r7,dph
   0392 A8 93               695 	mov	r0,dpx
   0394 A9 F0               696 	mov	r1,b
   0396 D0 05               697 	pop	ar5
   0398 D0 04               698 	pop	ar4
   039A D0 03               699 	pop	ar3
   039C D0 02               700 	pop	ar2
   039E 90s00r00r02         701 	mov	dptr,#_expf_g_1_1
                            702 ;	genAssign: resultIsFar = TRUE
   03A2 75 86 21            703 	mov	dps,#0x21
   03A5 90s00r00r00         704 	mov	dptr,#___fsmul_PARM_2
   03A9 E0                  705 	movx	a,@dptr
   03AA F0                  706 	movx	@dptr,a
   03AB A3                  707 	inc	dptr
   03AC A3                  708 	inc	dptr
   03AD E0                  709 	movx	a,@dptr
   03AE F0                  710 	movx	@dptr,a
   03AF A3                  711 	inc	dptr
   03B0 A3                  712 	inc	dptr
   03B1 E0                  713 	movx	a,@dptr
   03B2 F0                  714 	movx	@dptr,a
   03B3 A3                  715 	inc	dptr
   03B4 A3                  716 	inc	dptr
   03B5 E0                  717 	movx	a,@dptr
   03B6 F0                  718 	movx	@dptr,a
   03B7 75 86 00            719 	mov	dps,#0
   03BA C0 02               720 	push	ar2
   03BC C0 03               721 	push	ar3
   03BE C0 04               722 	push	ar4
   03C0 C0 05               723 	push	ar5
   03C2 8E 82               724 	mov	dpl,r6
   03C4 8F 83               725 	mov	dph,r7
   03C6 88 93               726 	mov	dpx,r0
   03C8 89 F0               727 	mov	b,r1
   03CA 12s00r00r00         728 	lcall	___fsmul
   03CE AE 82               729 	mov	r6,dpl
   03D0 AF 83               730 	mov	r7,dph
   03D2 A8 93               731 	mov	r0,dpx
   03D4 A9 F0               732 	mov	r1,b
   03D6 D0 05               733 	pop	ar5
   03D8 D0 04               734 	pop	ar4
   03DA D0 03               735 	pop	ar3
   03DC D0 02               736 	pop	ar2
                            737 ;	genAssign: resultIsFar = TRUE
   03DE 90s00r00r06         738 	mov	dptr,#_expf_r_1_1
   03E2 EE                  739 	mov	a,r6
   03E3 F0                  740 	movx	@dptr,a
   03E4 A3                  741 	inc	dptr
   03E5 EF                  742 	mov	a,r7
   03E6 F0                  743 	movx	@dptr,a
   03E7 A3                  744 	inc	dptr
   03E8 E8                  745 	mov	a,r0
   03E9 F0                  746 	movx	@dptr,a
   03EA A3                  747 	inc	dptr
   03EB E9                  748 	mov	a,r1
   03EC F0                  749 	movx	@dptr,a
                            750 ;	expf.c:356: r=0.5+(r/(Q(z)-r));
                            751 ;	genAssign: resultIsFar = TRUE
   03ED 90s00r00r00         752 	mov	dptr,#___fsmul_PARM_2
   03F1 EA                  753 	mov	a,r2
   03F2 F0                  754 	movx	@dptr,a
   03F3 A3                  755 	inc	dptr
   03F4 EB                  756 	mov	a,r3
   03F5 F0                  757 	movx	@dptr,a
   03F6 A3                  758 	inc	dptr
   03F7 EC                  759 	mov	a,r4
   03F8 F0                  760 	movx	@dptr,a
   03F9 A3                  761 	inc	dptr
   03FA ED                  762 	mov	a,r5
   03FB F0                  763 	movx	@dptr,a
   03FC 90 4C BF 5B         764 	mov	dptr,#0x4CBF5B
   0400 75 F0 3D            765 	mov	b,#0x3D
   0403 12s00r00r00         766 	lcall	___fsmul
   0407 AE 82               767 	mov	r6,dpl
   0409 AF 83               768 	mov	r7,dph
   040B A8 93               769 	mov	r0,dpx
   040D A9 F0               770 	mov	r1,b
                            771 ;	genAssign: resultIsFar = TRUE
   040F 90s00r00r00         772 	mov	dptr,#___fsadd_PARM_2
   0413 E4                  773 	clr  a
   0414 F0                  774 	movx @dptr,a
   0415 A3                  775 	inc  dptr
   0416 F0                  776 	movx @dptr,a
   0417 A3                  777 	inc	dptr
   0418 E4                  778 	clr  a
   0419 F0                  779 	movx	@dptr,a
   041A A3                  780 	inc	dptr
   041B 74 3F               781 	mov	a,#0x3F
   041D F0                  782 	movx	@dptr,a
   041E 8E 82               783 	mov	dpl,r6
   0420 8F 83               784 	mov	dph,r7
   0422 88 93               785 	mov	dpx,r0
   0424 89 F0               786 	mov	b,r1
   0426 12s00r00r00         787 	lcall	___fsadd
   042A AE 82               788 	mov	r6,dpl
   042C AF 83               789 	mov	r7,dph
   042E A8 93               790 	mov	r0,dpx
   0430 A9 F0               791 	mov	r1,b
   0432 90s00r00r06         792 	mov	dptr,#_expf_r_1_1
                            793 ;	genAssign: resultIsFar = TRUE
   0436 75 86 21            794 	mov	dps,#0x21
   0439 90s00r00r00         795 	mov	dptr,#___fssub_PARM_2
   043D E0                  796 	movx	a,@dptr
   043E F0                  797 	movx	@dptr,a
   043F A3                  798 	inc	dptr
   0440 A3                  799 	inc	dptr
   0441 E0                  800 	movx	a,@dptr
   0442 F0                  801 	movx	@dptr,a
   0443 A3                  802 	inc	dptr
   0444 A3                  803 	inc	dptr
   0445 E0                  804 	movx	a,@dptr
   0446 F0                  805 	movx	@dptr,a
   0447 A3                  806 	inc	dptr
   0448 A3                  807 	inc	dptr
   0449 E0                  808 	movx	a,@dptr
   044A F0                  809 	movx	@dptr,a
   044B 75 86 00            810 	mov	dps,#0
   044E 8E 82               811 	mov	dpl,r6
   0450 8F 83               812 	mov	dph,r7
   0452 88 93               813 	mov	dpx,r0
   0454 89 F0               814 	mov	b,r1
   0456 12s00r00r00         815 	lcall	___fssub
   045A AE 82               816 	mov	r6,dpl
   045C AF 83               817 	mov	r7,dph
   045E A8 93               818 	mov	r0,dpx
   0460 A9 F0               819 	mov	r1,b
                            820 ;	genAssign: resultIsFar = TRUE
   0462 90s00r00r00         821 	mov	dptr,#___fsdiv_PARM_2
   0466 EE                  822 	mov	a,r6
   0467 F0                  823 	movx	@dptr,a
   0468 A3                  824 	inc	dptr
   0469 EF                  825 	mov	a,r7
   046A F0                  826 	movx	@dptr,a
   046B A3                  827 	inc	dptr
   046C E8                  828 	mov	a,r0
   046D F0                  829 	movx	@dptr,a
   046E A3                  830 	inc	dptr
   046F E9                  831 	mov	a,r1
   0470 F0                  832 	movx	@dptr,a
   0471 05 86               833 	inc	dps
   0473 90s00r00r06         834 	mov	dptr,#_expf_r_1_1
   0477 E0                  835 	movx	a,@dptr
   0478 F5 82               836 	mov	dpl,a
   047A A3                  837 	inc	dptr
   047B E0                  838 	movx	a,@dptr
   047C F5 83               839 	mov	dph,a
   047E A3                  840 	inc	dptr
   047F E0                  841 	movx	a,@dptr
   0480 F5 93               842 	mov	dpx,a
   0482 A3                  843 	inc	dptr
   0483 E0                  844 	movx	a,@dptr
   0484 F5 F0               845 	mov	b,a
   0486 75 86 00            846 	mov	dps,#0
   0489 12s00r00r00         847 	lcall	___fsdiv
   048D AE 82               848 	mov	r6,dpl
   048F AF 83               849 	mov	r7,dph
   0491 A8 93               850 	mov	r0,dpx
   0493 A9 F0               851 	mov	r1,b
                            852 ;	genAssign: resultIsFar = TRUE
   0495 90s00r00r00         853 	mov	dptr,#___fsadd_PARM_2
   0499 E4                  854 	clr  a
   049A F0                  855 	movx @dptr,a
   049B A3                  856 	inc  dptr
   049C F0                  857 	movx @dptr,a
   049D A3                  858 	inc	dptr
   049E E4                  859 	clr  a
   049F F0                  860 	movx	@dptr,a
   04A0 A3                  861 	inc	dptr
   04A1 74 3F               862 	mov	a,#0x3F
   04A3 F0                  863 	movx	@dptr,a
   04A4 8E 82               864 	mov	dpl,r6
   04A6 8F 83               865 	mov	dph,r7
   04A8 88 93               866 	mov	dpx,r0
   04AA 89 F0               867 	mov	b,r1
   04AC 12s00r00r00         868 	lcall	___fsadd
   04B0 AE 82               869 	mov	r6,dpl
   04B2 AF 83               870 	mov	r7,dph
   04B4 A8 93               871 	mov	r0,dpx
   04B6 A9 F0               872 	mov	r1,b
                            873 ;	genAssign: resultIsFar = TRUE
   04B8 90s00r00r06         874 	mov	dptr,#_expf_r_1_1
   04BC EE                  875 	mov	a,r6
   04BD F0                  876 	movx	@dptr,a
   04BE A3                  877 	inc	dptr
   04BF EF                  878 	mov	a,r7
   04C0 F0                  879 	movx	@dptr,a
   04C1 A3                  880 	inc	dptr
   04C2 E8                  881 	mov	a,r0
   04C3 F0                  882 	movx	@dptr,a
   04C4 A3                  883 	inc	dptr
   04C5 E9                  884 	mov	a,r1
   04C6 F0                  885 	movx	@dptr,a
                            886 ;	expf.c:358: n++;
   04C7 90s00r00r00         887 	mov	dptr,#_expf_n_1_1
   04CB 75 86 01            888 	mov	dps, #1
   04CE 90s00r00r00         889 	mov	dptr, #_ldexpf_PARM_2
   04D2 15 86               890 	dec	dps
   04D4 E0                  891 	movx	a,@dptr
   04D5 24 01               892 	add	a,#0x01
   04D7 05 86               893 	inc	dps
   04D9 F0                  894 	movx	@dptr,a
   04DA 15 86               895 	dec	dps
   04DC A3                  896 	inc	dptr
   04DD E0                  897 	movx	a,@dptr
   04DE 34 00               898 	addc	a,#0x00
   04E0 05 86               899 	inc	dps
   04E2 A3                  900 	inc	dptr
   04E3 F0                  901 	movx	@dptr,a
                            902 ;	expf.c:359: z=ldexpf(r, n);
   04E4 75 86 01            903 	mov	dps, #1
   04E7 90s00r00r06         904 	mov	dptr,#_expf_r_1_1
   04EB E0                  905 	movx	a,@dptr
   04EC F5 82               906 	mov	dpl,a
   04EE A3                  907 	inc	dptr
   04EF E0                  908 	movx	a,@dptr
   04F0 F5 83               909 	mov	dph,a
   04F2 A3                  910 	inc	dptr
   04F3 E0                  911 	movx	a,@dptr
   04F4 F5 93               912 	mov	dpx,a
   04F6 A3                  913 	inc	dptr
   04F7 E0                  914 	movx	a,@dptr
   04F8 F5 F0               915 	mov	b,a
   04FA 75 86 00            916 	mov	dps,#0
   04FD 12s00r00r00         917 	lcall	_ldexpf
   0501 AE 82               918 	mov	r6,dpl
   0503 AF 83               919 	mov	r7,dph
   0505 A8 93               920 	mov	r0,dpx
   0507 A9 F0               921 	mov	r1,b
                            922 ;	genAssign: resultIsFar = TRUE
   0509 8E 02               923 	mov	ar2,r6
   050B 8F 03               924 	mov	ar3,r7
   050D 88 04               925 	mov	ar4,r0
   050F 89 05               926 	mov	ar5,r1
                            927 ;	expf.c:360: if(sign)
   0511 30*00 1F            928 	jnb  _expf_sign_1_1,00116$
   0514                     929 00133$:
                            930 ;	expf.c:361: return 1.0/z;
                            931 ;	genAssign: resultIsFar = TRUE
   0514 90s00r00r00         932 	mov	dptr,#___fsdiv_PARM_2
   0518 EA                  933 	mov	a,r2
   0519 F0                  934 	movx	@dptr,a
   051A A3                  935 	inc	dptr
   051B EB                  936 	mov	a,r3
   051C F0                  937 	movx	@dptr,a
   051D A3                  938 	inc	dptr
   051E EC                  939 	mov	a,r4
   051F F0                  940 	movx	@dptr,a
   0520 A3                  941 	inc	dptr
   0521 ED                  942 	mov	a,r5
   0522 F0                  943 	movx	@dptr,a
   0523 90 00 00 00         944 	mov  dptr,#0x0000
   0527 75 93 80            945 	mov	dpx,#0x80
   052A 75 F0 3F            946 	mov	b,#0x3F
   052D 12s00r00r00         947 	lcall	___fsdiv
   0531 80 08               948 	sjmp 00118$
   0533                     949 00116$:
                            950 ;	expf.c:363: return z;
   0533 8A 82               951 	mov	dpl,r2
   0535 8B 83               952 	mov	dph,r3
   0537 8C 93               953 	mov	dpx,r4
   0539 8D F0               954 	mov	b,r5
   053B                     955 00118$:
   053B 22                  956 	ret
                            957 	.area CSEG    (CODE)
                            958 	.area CONST   (CODE)
                            959 	.area XINIT   (CODE)
                            960 	.area CABS    (ABS,CODE)
