This file contains any messages produced by compilers while
running configure, to aid debugging if configure makes a mistake.

It was created by configure, which was
generated by GNU Autoconf 2.60.  Invocation command line was

  $ ./configure --disable-option-checking --prefix=/usr/local docdir=${datarootdir}/doc/${PACKAGE} --cache-file=/dev/null --srcdir=.

## --------- ##
## Platform. ##
## --------- ##

hostname = Jsday.local
uname -m = x86_64
uname -r = 11.4.2
uname -s = Darwin
uname -v = Darwin Kernel Version 11.4.2: Thu Aug 23 16:25:48 PDT 2012; root:xnu-1699.32.7~1/RELEASE_X86_64

/usr/bin/uname -p = i386
/bin/uname -X     = unknown

/bin/arch              = unknown
/usr/bin/arch -k       = unknown
/usr/convex/getsysinfo = unknown
/usr/bin/hostinfo      = Mach kernel version:
	 Darwin Kernel Version 11.4.2: Thu Aug 23 16:25:48 PDT 2012; root:xnu-1699.32.7~1/RELEASE_X86_64
Kernel configured for up to 4 processors.
2 processors are physically available.
4 processors are logically available.
Processor type: i486 (Intel 80486)
Processors active: 0 1 2 3
Primary memory available: 4.00 gigabytes
Default processor set: 115 tasks, 638 threads, 4 processors
Load average: 2.24, Mach factor: 1.83
/bin/machine           = unknown
/usr/bin/oslevel       = unknown
/bin/universe          = unknown

PATH: /opt/local/bin
PATH: /opt/local/sbin
PATH: /usr/bin
PATH: /bin
PATH: /usr/sbin
PATH: /sbin
PATH: /usr/local/bin
PATH: /usr/X11/bin
PATH: /Users/lil-j-01/.rvm/bin


## ----------- ##
## Core tests. ##
## ----------- ##

configure:1707: checking for gcc
configure:1723: found /usr/bin/gcc
configure:1734: result: gcc
configure:1972: checking for C compiler version
configure:1979: gcc --version >&5
i686-apple-darwin11-llvm-gcc-4.2 (GCC) 4.2.1 (Based on Apple Inc. build 5658) (LLVM build 2336.11.00)
Copyright (C) 2007 Free Software Foundation, Inc.
This is free software; see the source for copying conditions.  There is NO
warranty; not even for MERCHANTABILITY or FITNESS FOR A PARTICULAR PURPOSE.

configure:1982: $? = 0
configure:1989: gcc -v >&5
Using built-in specs.
Target: i686-apple-darwin11
Configured with: /private/var/tmp/llvmgcc42/llvmgcc42-2336.11~182/src/configure --disable-checking --enable-werror --prefix=/Applications/Xcode.app/Contents/Developer/usr/llvm-gcc-4.2 --mandir=/share/man --enable-languages=c,objc,c++,obj-c++ --program-prefix=llvm- --program-transform-name=/^[cg][^.-]*$/s/$/-4.2/ --with-slibdir=/usr/lib --build=i686-apple-darwin11 --enable-llvm=/private/var/tmp/llvmgcc42/llvmgcc42-2336.11~182/dst-llvmCore/Developer/usr/local --program-prefix=i686-apple-darwin11- --host=x86_64-apple-darwin11 --target=i686-apple-darwin11 --with-gxx-include-dir=/usr/include/c++/4.2.1
Thread model: posix
gcc version 4.2.1 (Based on Apple Inc. build 5658) (LLVM build 2336.11.00)
configure:1992: $? = 0
configure:1999: gcc -V >&5
llvm-gcc-4.2: argument to `-V' is missing
configure:2002: $? = 1
configure:2025: checking for C compiler default output file name
configure:2052: gcc    conftest.c  >&5
configure:2055: $? = 0
configure:2101: result: a.out
configure:2106: checking whether the C compiler works
configure:2116: ./a.out
configure:2119: $? = 0
configure:2136: result: yes
configure:2143: checking whether we are cross compiling
configure:2145: result: no
configure:2148: checking for suffix of executables
configure:2155: gcc -o conftest    conftest.c  >&5
configure:2158: $? = 0
configure:2182: result: 
configure:2188: checking for suffix of object files
configure:2214: gcc -c   conftest.c >&5
configure:2217: $? = 0
configure:2240: result: o
configure:2244: checking whether we are using the GNU C compiler
configure:2273: gcc -c   conftest.c >&5
configure:2279: $? = 0
configure:2286: test -z "$ac_c_werror_flag" || test ! -s conftest.err
configure:2289: $? = 0
configure:2296: test -s conftest.o
configure:2299: $? = 0
configure:2313: result: yes
configure:2318: checking whether gcc accepts -g
configure:2348: gcc -c -g  conftest.c >&5
configure:2354: $? = 0
configure:2361: test -z "$ac_c_werror_flag" || test ! -s conftest.err
configure:2364: $? = 0
configure:2371: test -s conftest.o
configure:2374: $? = 0
configure:2504: result: yes
configure:2521: checking for gcc option to accept ISO C89
configure:2595: gcc  -c -g -O2  conftest.c >&5
configure:2601: $? = 0
configure:2608: test -z "$ac_c_werror_flag" || test ! -s conftest.err
configure:2611: $? = 0
configure:2618: test -s conftest.o
configure:2621: $? = 0
configure:2641: result: none needed
configure:2666: checking how to run the C preprocessor
configure:2706: gcc -E  conftest.c
configure:2712: $? = 0
configure:2750: gcc -E  conftest.c
conftest.c:8:28: error: ac_nonexistent.h: No such file or directory
configure:2756: $? = 1
configure: failed program was:
| /* confdefs.h.  */
| #define PACKAGE_NAME ""
| #define PACKAGE_TARNAME ""
| #define PACKAGE_VERSION ""
| #define PACKAGE_STRING ""
| #define PACKAGE_BUGREPORT ""
| /* end confdefs.h.  */
| #include <ac_nonexistent.h>
configure:2796: result: gcc -E
configure:2825: gcc -E  conftest.c
configure:2831: $? = 0
configure:2869: gcc -E  conftest.c
conftest.c:8:28: error: ac_nonexistent.h: No such file or directory
configure:2875: $? = 1
configure: failed program was:
| /* confdefs.h.  */
| #define PACKAGE_NAME ""
| #define PACKAGE_TARNAME ""
| #define PACKAGE_VERSION ""
| #define PACKAGE_STRING ""
| #define PACKAGE_BUGREPORT ""
| /* end confdefs.h.  */
| #include <ac_nonexistent.h>
configure:2920: checking for grep that handles long lines and -e
configure:2994: result: /usr/bin/grep
configure:2999: checking for egrep
configure:3077: result: /usr/bin/grep -E
configure:3082: checking for ANSI C header files
configure:3112: gcc -c -g -O2  conftest.c >&5
configure:3118: $? = 0
configure:3125: test -z "$ac_c_werror_flag" || test ! -s conftest.err
configure:3128: $? = 0
configure:3135: test -s conftest.o
configure:3138: $? = 0
configure:3234: gcc -o conftest -g -O2   conftest.c  >&5
configure:3237: $? = 0
configure:3243: ./conftest
configure:3246: $? = 0
configure:3263: result: yes
configure:3287: checking for sys/types.h
configure:3308: gcc -c -g -O2  conftest.c >&5
configure:3314: $? = 0
configure:3321: test -z "$ac_c_werror_flag" || test ! -s conftest.err
configure:3324: $? = 0
configure:3331: test -s conftest.o
configure:3334: $? = 0
configure:3347: result: yes
configure:3287: checking for sys/stat.h
configure:3308: gcc -c -g -O2  conftest.c >&5
configure:3314: $? = 0
configure:3321: test -z "$ac_c_werror_flag" || test ! -s conftest.err
configure:3324: $? = 0
configure:3331: test -s conftest.o
configure:3334: $? = 0
configure:3347: result: yes
configure:3287: checking for stdlib.h
configure:3308: gcc -c -g -O2  conftest.c >&5
configure:3314: $? = 0
configure:3321: test -z "$ac_c_werror_flag" || test ! -s conftest.err
configure:3324: $? = 0
configure:3331: test -s conftest.o
configure:3334: $? = 0
configure:3347: result: yes
configure:3287: checking for string.h
configure:3308: gcc -c -g -O2  conftest.c >&5
configure:3314: $? = 0
configure:3321: test -z "$ac_c_werror_flag" || test ! -s conftest.err
configure:3324: $? = 0
configure:3331: test -s conftest.o
configure:3334: $? = 0
configure:3347: result: yes
configure:3287: checking for memory.h
configure:3308: gcc -c -g -O2  conftest.c >&5
configure:3314: $? = 0
configure:3321: test -z "$ac_c_werror_flag" || test ! -s conftest.err
configure:3324: $? = 0
configure:3331: test -s conftest.o
configure:3334: $? = 0
configure:3347: result: yes
configure:3287: checking for strings.h
configure:3308: gcc -c -g -O2  conftest.c >&5
configure:3314: $? = 0
configure:3321: test -z "$ac_c_werror_flag" || test ! -s conftest.err
configure:3324: $? = 0
configure:3331: test -s conftest.o
configure:3334: $? = 0
configure:3347: result: yes
configure:3287: checking for inttypes.h
configure:3308: gcc -c -g -O2  conftest.c >&5
configure:3314: $? = 0
configure:3321: test -z "$ac_c_werror_flag" || test ! -s conftest.err
configure:3324: $? = 0
configure:3331: test -s conftest.o
configure:3334: $? = 0
configure:3347: result: yes
configure:3287: checking for stdint.h
configure:3308: gcc -c -g -O2  conftest.c >&5
configure:3314: $? = 0
configure:3321: test -z "$ac_c_werror_flag" || test ! -s conftest.err
configure:3324: $? = 0
configure:3331: test -s conftest.o
configure:3334: $? = 0
configure:3347: result: yes
configure:3287: checking for unistd.h
configure:3308: gcc -c -g -O2  conftest.c >&5
configure:3314: $? = 0
configure:3321: test -z "$ac_c_werror_flag" || test ! -s conftest.err
configure:3324: $? = 0
configure:3331: test -s conftest.o
configure:3334: $? = 0
configure:3347: result: yes
configure:3359: checking for char
configure:3389: gcc -c -g -O2  conftest.c >&5
configure:3395: $? = 0
configure:3402: test -z "$ac_c_werror_flag" || test ! -s conftest.err
configure:3405: $? = 0
configure:3412: test -s conftest.o
configure:3415: $? = 0
configure:3427: result: yes
configure:3430: checking size of char
configure:3818: gcc -o conftest -g -O2   conftest.c  >&5
configure:3821: $? = 0
configure:3827: ./conftest
configure:3830: $? = 0
configure:3852: result: 1
configure:3859: checking for short
configure:3889: gcc -c -g -O2  conftest.c >&5
configure:3895: $? = 0
configure:3902: test -z "$ac_c_werror_flag" || test ! -s conftest.err
configure:3905: $? = 0
configure:3912: test -s conftest.o
configure:3915: $? = 0
configure:3927: result: yes
configure:3930: checking size of short
configure:4318: gcc -o conftest -g -O2   conftest.c  >&5
configure:4321: $? = 0
configure:4327: ./conftest
configure:4330: $? = 0
configure:4352: result: 2
configure:4359: checking for int
configure:4389: gcc -c -g -O2  conftest.c >&5
configure:4395: $? = 0
configure:4402: test -z "$ac_c_werror_flag" || test ! -s conftest.err
configure:4405: $? = 0
configure:4412: test -s conftest.o
configure:4415: $? = 0
configure:4427: result: yes
configure:4430: checking size of int
configure:4818: gcc -o conftest -g -O2   conftest.c  >&5
configure:4821: $? = 0
configure:4827: ./conftest
configure:4830: $? = 0
configure:4852: result: 4
configure:4859: checking for long
configure:4889: gcc -c -g -O2  conftest.c >&5
configure:4895: $? = 0
configure:4902: test -z "$ac_c_werror_flag" || test ! -s conftest.err
configure:4905: $? = 0
configure:4912: test -s conftest.o
configure:4915: $? = 0
configure:4927: result: yes
configure:4930: checking size of long
configure:5318: gcc -o conftest -g -O2   conftest.c  >&5
configure:5321: $? = 0
configure:5327: ./conftest
configure:5330: $? = 0
configure:5352: result: 8
configure:5359: checking for long long
configure:5389: gcc -c -g -O2  conftest.c >&5
configure:5395: $? = 0
configure:5402: test -z "$ac_c_werror_flag" || test ! -s conftest.err
configure:5405: $? = 0
configure:5412: test -s conftest.o
configure:5415: $? = 0
configure:5427: result: yes
configure:5430: checking size of long long
configure:5818: gcc -o conftest -g -O2   conftest.c  >&5
configure:5821: $? = 0
configure:5827: ./conftest
configure:5830: $? = 0
configure:5852: result: 8
configure:5885: checking type name for byte
configure:5888: result: char
configure:5890: checking type name for word
configure:5893: result: short
configure:6006: creating ./config.status

## ---------------------- ##
## Running config.status. ##
## ---------------------- ##

This file was extended by config.status, which was
generated by GNU Autoconf 2.60.  Invocation command line was

  CONFIG_FILES    = 
  CONFIG_HEADERS  = 
  CONFIG_LINKS    = 
  CONFIG_COMMANDS = 
  $ ./config.status 

on Jsday.local

config.status:578: creating Makefile
config.status:578: creating config.h

## ---------------- ##
## Cache variables. ##
## ---------------- ##

ac_cv_c_compiler_gnu=yes
ac_cv_env_CC_set=
ac_cv_env_CC_value=
ac_cv_env_CFLAGS_set=
ac_cv_env_CFLAGS_value=
ac_cv_env_CPPFLAGS_set=
ac_cv_env_CPPFLAGS_value=
ac_cv_env_CPP_set=
ac_cv_env_CPP_value=
ac_cv_env_LDFLAGS_set=
ac_cv_env_LDFLAGS_value=
ac_cv_env_build_alias_set=
ac_cv_env_build_alias_value=
ac_cv_env_host_alias_set=
ac_cv_env_host_alias_value=
ac_cv_env_target_alias_set=
ac_cv_env_target_alias_value=
ac_cv_header_inttypes_h=yes
ac_cv_header_memory_h=yes
ac_cv_header_stdc=yes
ac_cv_header_stdint_h=yes
ac_cv_header_stdlib_h=yes
ac_cv_header_string_h=yes
ac_cv_header_strings_h=yes
ac_cv_header_sys_stat_h=yes
ac_cv_header_sys_types_h=yes
ac_cv_header_unistd_h=yes
ac_cv_objext=o
ac_cv_path_EGREP='/usr/bin/grep -E'
ac_cv_path_GREP=/usr/bin/grep
ac_cv_prog_CPP='gcc -E'
ac_cv_prog_ac_ct_CC=gcc
ac_cv_prog_cc_c89=
ac_cv_prog_cc_g=yes
ac_cv_sizeof_char=1
ac_cv_sizeof_int=4
ac_cv_sizeof_long=8
ac_cv_sizeof_long_long=8
ac_cv_sizeof_short=2
ac_cv_type_char=yes
ac_cv_type_int=yes
ac_cv_type_long=yes
ac_cv_type_long_long=yes
ac_cv_type_short=yes

## ----------------- ##
## Output variables. ##
## ----------------- ##

CC='gcc'
CFLAGS='-g -O2'
CPP='gcc -E'
CPPFLAGS=''
DEFS='-DHAVE_CONFIG_H'
ECHO_C='ECHO_N=''
ECHO_T=''
EGREP='/usr/bin/grep -E'
EXEEXT=''
GREP='/usr/bin/grep'
LDFLAGS=''
LIBOBJS=''
LIBS=''
LTLIBOBJS=''
OBJEXT='o'
PACKAGE_BUGREPORT=''
PACKAGE_NAME=''
PACKAGE_STRING=''
PACKAGE_TARNAME=''
PACKAGE_VERSION=''
PATH_SEPARATOR=':'
SHELL='/bin/sh'
ac_ct_CC='gcc'
bindir='${exec_prefix}/bin'
build_alias=''
datadir='${datarootdir}'
datarootdir='${prefix}/share'
docdir='${datarootdir}/doc/${PACKAGE}'
dvidir='${docdir}'
exec_prefix='${prefix}'
host_alias=''
htmldir='${docdir}'
includedir='${prefix}/include'
infodir='${datarootdir}/info'
libdir='${exec_prefix}/lib'
libexecdir='${exec_prefix}/libexec'
localedir='${datarootdir}/locale'
localstatedir='${prefix}/var'
mandir='${datarootdir}/man'
oldincludedir='/usr/include'
pdfdir='${docdir}'
prefix='/usr/local'
program_transform_name='s,x,x,'
psdir='${docdir}'
sbindir='${exec_prefix}/sbin'
sharedstatedir='${prefix}/com'
sysconfdir='${prefix}/etc'
target_alias=''

## ----------- ##
## confdefs.h. ##
## ----------- ##

#define PACKAGE_NAME ""
#define PACKAGE_TARNAME ""
#define PACKAGE_VERSION ""
#define PACKAGE_STRING ""
#define PACKAGE_BUGREPORT ""
#define STDC_HEADERS 1
#define HAVE_SYS_TYPES_H 1
#define HAVE_SYS_STAT_H 1
#define HAVE_STDLIB_H 1
#define HAVE_STRING_H 1
#define HAVE_MEMORY_H 1
#define HAVE_STRINGS_H 1
#define HAVE_INTTYPES_H 1
#define HAVE_STDINT_H 1
#define HAVE_UNISTD_H 1
#define SIZEOF_CHAR 1
#define SIZEOF_SHORT 2
#define SIZEOF_INT 4
#define SIZEOF_LONG 8
#define SIZEOF_LONG_LONG 8
#define TYPE_BYTE char
#define TYPE_WORD short

configure: exit 0
