                              1 ;--------------------------------------------------------
                              2 ; File Created by SDCC : free open source ANSI-C Compiler
                              3 ; Version 2.9.4 #5595 (Oct 23 2013) (Mac OS X ppc)
                              4 ; This file was generated Wed Oct 23 12:25:29 2013
                              5 ;--------------------------------------------------------
                              6 	.module abs
                              7 	.optsdcc -mds390 --model-flat24
                              8 	
                              9 ;--------------------------------------------------------
                             10 ; CPU specific extensions
                             11 ;--------------------------------------------------------
                             12 .flat24 on		; 24 bit flat addressing
                    0084     13 dpl1	=	0x84
                    0085     14 dph1	=	0x85
                    0086     15 dps	=	0x86
                    0093     16 dpx	=	0x93
                    0095     17 dpx1	=	0x95
                    009B     18 esp	=	0x9B
                    009C     19 ap	=	0x9C
                    009C     20 _ap	=	0x9C
                    00D1     21 mcnt0	=	0xD1
                    00D2     22 mcnt1	=	0xD2
                    00D3     23 ma	=	0xD3
                    00D4     24 mb	=	0xD4
                    00D5     25 mc	=	0xD5
                    00D1     26 F1	=	0xD1	; user flag
                             27 ;--------------------------------------------------------
                             28 ; Public variables in this module
                             29 ;--------------------------------------------------------
                             30 	.globl _abs
                             31 ;--------------------------------------------------------
                             32 ; special function registers
                             33 ;--------------------------------------------------------
                             34 ;--------------------------------------------------------
                             35 ; special function bits
                             36 ;--------------------------------------------------------
                             37 ;--------------------------------------------------------
                             38 ; overlayable register banks
                             39 ;--------------------------------------------------------
                             40 	.area REG_BANK_0	(REL,OVR,DATA)
   0000                      41 	.ds 8
                             42 ;--------------------------------------------------------
                             43 ; internal ram data
                             44 ;--------------------------------------------------------
                             45 	.area DSEG    (DATA)
                             46 ;--------------------------------------------------------
                             47 ; overlayable items in internal ram 
                             48 ;--------------------------------------------------------
                             49 	.area OSEG    (OVR,DATA)
                             50 ;--------------------------------------------------------
                             51 ; indirectly addressable internal ram data
                             52 ;--------------------------------------------------------
                             53 	.area ISEG    (DATA)
                             54 ;--------------------------------------------------------
                             55 ; absolute internal ram data
                             56 ;--------------------------------------------------------
                             57 	.area IABS    (ABS,DATA)
                             58 	.area IABS    (ABS,DATA)
                             59 ;--------------------------------------------------------
                             60 ; bit data
                             61 ;--------------------------------------------------------
                             62 	.area BSEG    (BIT)
                             63 ;--------------------------------------------------------
                             64 ; paged external ram data
                             65 ;--------------------------------------------------------
                             66 	.area PSEG    (PAG,XDATA)
                             67 ;--------------------------------------------------------
                             68 ; external ram data
                             69 ;--------------------------------------------------------
                             70 	.area XSEG    (XDATA)
                             71 ;--------------------------------------------------------
                             72 ; absolute external ram data
                             73 ;--------------------------------------------------------
                             74 	.area XABS    (ABS,XDATA)
                             75 ;--------------------------------------------------------
                             76 ; external initialized ram data
                             77 ;--------------------------------------------------------
                             78 	.area XISEG   (XDATA)
                             79 ;--------------------------------------------------------
                             80 ; global & static initialisations
                             81 ;--------------------------------------------------------
                             82 	.area HOME    (CODE)
                             83 	.area GSINIT  (CODE)
                             84 	.area GSFINAL (CODE)
                             85 	.area GSINIT  (CODE)
                             86 ;--------------------------------------------------------
                             87 ; Home
                             88 ;--------------------------------------------------------
                             89 	.area HOME    (CODE)
                             90 	.area HOME    (CODE)
                             91 ;--------------------------------------------------------
                             92 ; code
                             93 ;--------------------------------------------------------
                             94 	.area CSEG    (CODE)
                             95 ;------------------------------------------------------------
                             96 ;Allocation info for local variables in function 'abs'
                             97 ;------------------------------------------------------------
                             98 ;j                         Allocated to registers r2 r3 
                             99 ;------------------------------------------------------------
                            100 ;	abs.c:23: int abs(int j)
                            101 ;	-----------------------------------------
                            102 ;	 function abs
                            103 ;	-----------------------------------------
   0000                     104 _abs:
                    0002    105 	ar2 = 0x02
                    0003    106 	ar3 = 0x03
                    0004    107 	ar4 = 0x04
                    0005    108 	ar5 = 0x05
                    0006    109 	ar6 = 0x06
                    0007    110 	ar7 = 0x07
                    0000    111 	ar0 = 0x00
                    0001    112 	ar1 = 0x01
                            113 ;	abs.c:25: return (j >= 0) ? j : -j;
   0000 E5 83               114 	mov	a,dph
   0002 33                  115 	rlc	a
   0003 E4                  116 	clr	a
   0004 33                  117 	rlc	a
   0005 FC                  118 	mov  r4,a
   0006 B4 01 00            119 	cjne	a,#0x01,00106$
   0009                     120 00106$:
   0009 E4                  121 	clr	a
   000A 33                  122 	rlc	a
   000B FC                  123 	mov  r4,a
   000C 60 08               124 	jz  00103$
   000E                     125 00107$:
                            126 ;	genAssign: resultIsFar = FALSE
   000E 85 82 84            127 	mov	dpl1,dpl
   0011 85 83 85            128 	mov	dph1,dph
   0014 80 0B               129 	sjmp 00104$
   0016                     130 00103$:
   0016 C3                  131 	clr	c
   0017 E4                  132 	clr	a
   0018 95 82               133 	subb	a,dpl
   001A F5 84               134 	mov	dpl1,a
   001C E4                  135 	clr	a
   001D 95 83               136 	subb	a,dph
   001F F5 85               137 	mov	dph1,a
   0021                     138 00104$:
   0021 85 84 82            139 	mov	dpl,dpl1
   0024 85 85 83            140 	mov	dph,dph1
   0027                     141 00101$:
   0027 22                  142 	ret
                            143 	.area CSEG    (CODE)
                            144 	.area CONST   (CODE)
                            145 	.area XINIT   (CODE)
                            146 	.area CABS    (ABS,CODE)
