                              1 ;--------------------------------------------------------
                              2 ; File Created by SDCC : free open source ANSI-C Compiler
                              3 ; Version 2.9.4 #5595 (Oct 23 2013) (Mac OS X ppc)
                              4 ; This file was generated Wed Oct 23 12:25:29 2013
                              5 ;--------------------------------------------------------
                              6 	.module sincoshf
                              7 	.optsdcc -mds390 --model-flat24
                              8 	
                              9 ;--------------------------------------------------------
                             10 ; CPU specific extensions
                             11 ;--------------------------------------------------------
                             12 .flat24 on		; 24 bit flat addressing
                    0084     13 dpl1	=	0x84
                    0085     14 dph1	=	0x85
                    0086     15 dps	=	0x86
                    0093     16 dpx	=	0x93
                    0095     17 dpx1	=	0x95
                    009B     18 esp	=	0x9B
                    009C     19 ap	=	0x9C
                    009C     20 _ap	=	0x9C
                    00D1     21 mcnt0	=	0xD1
                    00D2     22 mcnt1	=	0xD2
                    00D3     23 ma	=	0xD3
                    00D4     24 mb	=	0xD4
                    00D5     25 mc	=	0xD5
                    00D1     26 F1	=	0xD1	; user flag
                             27 ;--------------------------------------------------------
                             28 ; Public variables in this module
                             29 ;--------------------------------------------------------
                             30 	.globl _sincoshf
                             31 	.globl _sincoshf_PARM_2
                             32 ;--------------------------------------------------------
                             33 ; special function registers
                             34 ;--------------------------------------------------------
                             35 ;--------------------------------------------------------
                             36 ; special function bits
                             37 ;--------------------------------------------------------
                             38 ;--------------------------------------------------------
                             39 ; overlayable register banks
                             40 ;--------------------------------------------------------
                             41 	.area REG_BANK_0	(REL,OVR,DATA)
   0000                      42 	.ds 8
                             43 ;--------------------------------------------------------
                             44 ; internal ram data
                             45 ;--------------------------------------------------------
                             46 	.area DSEG    (DATA)
                             47 ;--------------------------------------------------------
                             48 ; overlayable items in internal ram 
                             49 ;--------------------------------------------------------
                             50 	.area OSEG    (OVR,DATA)
                             51 ;--------------------------------------------------------
                             52 ; indirectly addressable internal ram data
                             53 ;--------------------------------------------------------
                             54 	.area ISEG    (DATA)
                             55 ;--------------------------------------------------------
                             56 ; absolute internal ram data
                             57 ;--------------------------------------------------------
                             58 	.area IABS    (ABS,DATA)
                             59 	.area IABS    (ABS,DATA)
                             60 ;--------------------------------------------------------
                             61 ; bit data
                             62 ;--------------------------------------------------------
                             63 	.area BSEG    (BIT)
   0000                      64 _sincoshf_sign_1_1:
   0000                      65 	.ds 1
                             66 ;--------------------------------------------------------
                             67 ; paged external ram data
                             68 ;--------------------------------------------------------
                             69 	.area PSEG    (PAG,XDATA)
                             70 ;--------------------------------------------------------
                             71 ; external ram data
                             72 ;--------------------------------------------------------
                             73 	.area XSEG    (XDATA)
   0000                      74 _sincoshf_PARM_2:
   0000                      75 	.ds 2
   0002                      76 _sincoshf_x_1_1:
   0002                      77 	.ds 4
   0006                      78 _sincoshf_z_1_1:
   0006                      79 	.ds 4
                             80 ;--------------------------------------------------------
                             81 ; absolute external ram data
                             82 ;--------------------------------------------------------
                             83 	.area XABS    (ABS,XDATA)
                             84 ;--------------------------------------------------------
                             85 ; external initialized ram data
                             86 ;--------------------------------------------------------
                             87 	.area XISEG   (XDATA)
                             88 ;--------------------------------------------------------
                             89 ; global & static initialisations
                             90 ;--------------------------------------------------------
                             91 	.area HOME    (CODE)
                             92 	.area GSINIT  (CODE)
                             93 	.area GSFINAL (CODE)
                             94 	.area GSINIT  (CODE)
                             95 ;--------------------------------------------------------
                             96 ; Home
                             97 ;--------------------------------------------------------
                             98 	.area HOME    (CODE)
                             99 	.area HOME    (CODE)
                            100 ;--------------------------------------------------------
                            101 ; code
                            102 ;--------------------------------------------------------
                            103 	.area CSEG    (CODE)
                            104 ;------------------------------------------------------------
                            105 ;Allocation info for local variables in function 'sincoshf'
                            106 ;------------------------------------------------------------
                            107 ;iscosh                    Allocated with name '_sincoshf_PARM_2'
                            108 ;x                         Allocated with name '_sincoshf_x_1_1'
                            109 ;y                         Allocated to registers r6 r7 r0 r1 
                            110 ;w                         Allocated to registers r2 r3 r4 r5 
                            111 ;z                         Allocated with name '_sincoshf_z_1_1'
                            112 ;sloc0                     Allocated with name '_sincoshf_sloc0_1_0'
                            113 ;------------------------------------------------------------
                            114 ;	sincoshf.c:46: float sincoshf(const float x, const int iscosh)
                            115 ;	-----------------------------------------
                            116 ;	 function sincoshf
                            117 ;	-----------------------------------------
   0000                     118 _sincoshf:
                    0002    119 	ar2 = 0x02
                    0003    120 	ar3 = 0x03
                    0004    121 	ar4 = 0x04
                    0005    122 	ar5 = 0x05
                    0006    123 	ar6 = 0x06
                    0007    124 	ar7 = 0x07
                    0000    125 	ar0 = 0x00
                    0001    126 	ar1 = 0x01
   0000 75 86 01            127 	mov     dps, #1
   0003 90s00r00r02         128 	mov     dptr, #_sincoshf_x_1_1
   0007 E5 82               129 	mov	a,dpl
   0009 F0                  130 	movx	@dptr,a
   000A A3                  131 	inc	dptr
   000B E5 83               132 	mov	a,dph
   000D F0                  133 	movx	@dptr,a
   000E A3                  134 	inc	dptr
   000F E5 93               135 	mov	a,dpx
   0011 F0                  136 	movx	@dptr,a
   0012 A3                  137 	inc	dptr
   0013 E5 F0               138 	mov	a,b
   0015 F0                  139 	movx	@dptr,a
   0016 75 86 00            140 	mov	dps,#0
                            141 ;	sincoshf.c:51: if (x<0.0) { y=-x; sign=1; }
                            142 ;	genAssign: resultIsFar = TRUE
   0019 90s00r00r00         143 	mov	dptr,#___fslt_PARM_2
   001D E4                  144 	clr  a
   001E F0                  145 	movx @dptr,a
   001F A3                  146 	inc  dptr
   0020 F0                  147 	movx @dptr,a
   0021 A3                  148 	inc	dptr
   0022 E4                  149 	clr  a
   0023 F0                  150 	movx @dptr,a
   0024 A3                  151 	inc  dptr
   0025 F0                  152 	movx @dptr,a
   0026 05 86               153 	inc	dps
   0028 90s00r00r02         154 	mov	dptr,#_sincoshf_x_1_1
   002C E0                  155 	movx	a,@dptr
   002D F5 82               156 	mov	dpl,a
   002F A3                  157 	inc	dptr
   0030 E0                  158 	movx	a,@dptr
   0031 F5 83               159 	mov	dph,a
   0033 A3                  160 	inc	dptr
   0034 E0                  161 	movx	a,@dptr
   0035 F5 93               162 	mov	dpx,a
   0037 A3                  163 	inc	dptr
   0038 E0                  164 	movx	a,@dptr
   0039 F5 F0               165 	mov	b,a
   003B 75 86 00            166 	mov	dps,#0
   003E 12s00r00r00         167 	lcall	___fslt
   0042 E5 82               168 	mov	a,dpl
   0044 60 15               169 	jz  00102$
   0046                     170 00130$:
   0046 90s00r00r02         171 	mov	dptr,#_sincoshf_x_1_1
   004A E0                  172 	movx	a,@dptr
   004B FE                  173 	mov	r6,a
   004C A3                  174 	inc	dptr
   004D E0                  175 	movx	a,@dptr
   004E FF                  176 	mov	r7,a
   004F A3                  177 	inc	dptr
   0050 E0                  178 	movx	a,@dptr
   0051 F8                  179 	mov	r0,a
   0052 A3                  180 	inc	dptr
   0053 E0                  181 	movx	a,@dptr
   0054 B2 E7               182 	cpl	acc.7
   0056 F9                  183 	mov	r1,a
                            184 ;	genAssign: resultIsFar = FALSE
   0057 D2*00               185 	setb	_sincoshf_sign_1_1
   0059 80 11               186 	sjmp 00103$
   005B                     187 00102$:
                            188 ;	sincoshf.c:52: else { y=x;  sign=0; }
   005B 90s00r00r02         189 	mov	dptr,#_sincoshf_x_1_1
                            190 ;	genAssign: resultIsFar = TRUE
   005F E0                  191 	movx	a,@dptr
   0060 FE                  192 	mov	r6,a
   0061 A3                  193 	inc	dptr
   0062 E0                  194 	movx	a,@dptr
   0063 FF                  195 	mov	r7,a
   0064 A3                  196 	inc	dptr
   0065 E0                  197 	movx	a,@dptr
   0066 F8                  198 	mov	r0,a
   0067 A3                  199 	inc	dptr
   0068 E0                  200 	movx	a,@dptr
   0069 F9                  201 	mov	r1,a
                            202 ;	genAssign: resultIsFar = FALSE
   006A C2*00               203 	clr	_sincoshf_sign_1_1
   006C                     204 00103$:
                            205 ;	sincoshf.c:54: if ((y>1.0) || iscosh)
                            206 ;	genAssign: resultIsFar = TRUE
   006C 90s00r00r00         207 	mov	dptr,#___fsgt_PARM_2
   0070 E4                  208 	clr  a
   0071 F0                  209 	movx @dptr,a
   0072 A3                  210 	inc  dptr
   0073 F0                  211 	movx @dptr,a
   0074 A3                  212 	inc	dptr
   0075 74 80               213 	mov	a,#0x80
   0077 F0                  214 	movx	@dptr,a
   0078 A3                  215 	inc	dptr
   0079 74 3F               216 	mov	a,#0x3F
   007B F0                  217 	movx	@dptr,a
   007C C0 06               218 	push	ar6
   007E C0 07               219 	push	ar7
   0080 C0 00               220 	push	ar0
   0082 C0 01               221 	push	ar1
   0084 8E 82               222 	mov	dpl,r6
   0086 8F 83               223 	mov	dph,r7
   0088 88 93               224 	mov	dpx,r0
   008A 89 F0               225 	mov	b,r1
   008C 12s00r00r00         226 	lcall	___fsgt
   0090 D0 01               227 	pop	ar1
   0092 D0 00               228 	pop	ar0
   0094 D0 07               229 	pop	ar7
   0096 D0 06               230 	pop	ar6
   0098 E5 82               231 	mov	a,dpl
   009A 70 11               232 	jnz  00117$
   009C                     233 00131$:
   009C 90s00r00r00         234 	mov	dptr,#_sincoshf_PARM_2
   00A0 E0                  235 	movx	a,@dptr
   00A1 F5 F0               236 	mov	b,a
   00A3 A3                  237 	inc	dptr
   00A4 E0                  238 	movx	a,@dptr
   00A5 45 F0               239 	orl	a,b
   00A7 70 04               240 	jnz	00132$
   00A9 02s00r02rFA         241 	ljmp	00118$
   00AD                     242 00132$:
   00AD                     243 00117$:
                            244 ;	sincoshf.c:56: if(y>YBAR)
                            245 ;	genAssign: resultIsFar = TRUE
   00AD 90s00r00r00         246 	mov	dptr,#___fsgt_PARM_2
   00B1 E4                  247 	clr  a
   00B2 F0                  248 	movx @dptr,a
   00B3 A3                  249 	inc  dptr
   00B4 F0                  250 	movx @dptr,a
   00B5 A3                  251 	inc	dptr
   00B6 74 10               252 	mov	a,#0x10
   00B8 F0                  253 	movx	@dptr,a
   00B9 A3                  254 	inc	dptr
   00BA 74 41               255 	mov	a,#0x41
   00BC F0                  256 	movx	@dptr,a
   00BD C0 06               257 	push	ar6
   00BF C0 07               258 	push	ar7
   00C1 C0 00               259 	push	ar0
   00C3 C0 01               260 	push	ar1
   00C5 8E 82               261 	mov	dpl,r6
   00C7 8F 83               262 	mov	dph,r7
   00C9 88 93               263 	mov	dpx,r0
   00CB 89 F0               264 	mov	b,r1
   00CD 12s00r00r00         265 	lcall	___fsgt
   00D1 D0 01               266 	pop	ar1
   00D3 D0 00               267 	pop	ar0
   00D5 D0 07               268 	pop	ar7
   00D7 D0 06               269 	pop	ar6
   00D9 E5 82               270 	mov	a,dpl
   00DB 70 04               271 	jnz	00133$
   00DD 02s00r01rEF         272 	ljmp	00110$
   00E1                     273 00133$:
                            274 ;	sincoshf.c:58: w=y-K1;
                            275 ;	genAssign: resultIsFar = TRUE
   00E1 90s00r00r00         276 	mov	dptr,#___fssub_PARM_2
   00E5 E4                  277 	clr  a
   00E6 F0                  278 	movx	@dptr,a
   00E7 A3                  279 	inc	dptr
   00E8 74 73               280 	mov	a,#0x73
   00EA F0                  281 	movx	@dptr,a
   00EB A3                  282 	inc	dptr
   00EC 74 31               283 	mov	a,#0x31
   00EE F0                  284 	movx	@dptr,a
   00EF A3                  285 	inc	dptr
   00F0 74 3F               286 	mov	a,#0x3F
   00F2 F0                  287 	movx	@dptr,a
   00F3 8E 82               288 	mov	dpl,r6
   00F5 8F 83               289 	mov	dph,r7
   00F7 88 93               290 	mov	dpx,r0
   00F9 89 F0               291 	mov	b,r1
   00FB 12s00r00r00         292 	lcall	___fssub
   00FF AA 82               293 	mov	r2,dpl
   0101 AB 83               294 	mov	r3,dph
   0103 AC 93               295 	mov	r4,dpx
   0105 AD F0               296 	mov	r5,b
                            297 ;	genAssign: resultIsFar = FALSE
                            298 ;	sincoshf.c:59: if (w>WMAX)
                            299 ;	genAssign: resultIsFar = TRUE
   0107 90s00r00r00         300 	mov	dptr,#___fsgt_PARM_2
   010B 74 CF               301 	mov	a,#0xCF
   010D F0                  302 	movx	@dptr,a
   010E A3                  303 	inc	dptr
   010F 74 BD               304 	mov	a,#0xBD
   0111 F0                  305 	movx	@dptr,a
   0112 A3                  306 	inc	dptr
   0113 74 33               307 	mov	a,#0x33
   0115 F0                  308 	movx	@dptr,a
   0116 A3                  309 	inc	dptr
   0117 74 42               310 	mov	a,#0x42
   0119 F0                  311 	movx	@dptr,a
   011A C0 02               312 	push	ar2
   011C C0 03               313 	push	ar3
   011E C0 04               314 	push	ar4
   0120 C0 05               315 	push	ar5
   0122 8A 82               316 	mov	dpl,r2
   0124 8B 83               317 	mov	dph,r3
   0126 8C 93               318 	mov	dpx,r4
   0128 8D F0               319 	mov	b,r5
   012A 12s00r00r00         320 	lcall	___fsgt
   012E D0 05               321 	pop	ar5
   0130 D0 04               322 	pop	ar4
   0132 D0 03               323 	pop	ar3
   0134 D0 02               324 	pop	ar2
   0136 E5 82               325 	mov	a,dpl
   0138 60 1D               326 	jz  00105$
   013A                     327 00134$:
                            328 ;	sincoshf.c:61: errno=ERANGE;
                            329 ;	genAssign: resultIsFar = TRUE
   013A 90s00r00r00         330 	mov	dptr,#_errno
   013E 74 22               331 	mov	a,#0x22
   0140 F0                  332 	movx	@dptr,a
   0141 E4                  333 	clr	a
   0142 A3                  334 	inc	dptr
   0143 F0                  335 	movx	@dptr,a
                            336 ;	sincoshf.c:62: z=HUGE_VALF;
                            337 ;	genAssign: resultIsFar = TRUE
   0144 90s00r00r06         338 	mov	dptr,#_sincoshf_z_1_1
   0148 74 FF               339 	mov  a,#0xFF
   014A F0                  340 	movx @dptr,a
   014B A3                  341 	inc  dptr
   014C F0                  342 	movx @dptr,a
   014D A3                  343 	inc	dptr
   014E 74 7F               344 	mov  a,#0x7F
   0150 F0                  345 	movx @dptr,a
   0151 A3                  346 	inc  dptr
   0152 F0                  347 	movx @dptr,a
   0153 02s00r02rC1         348 	ljmp	00111$
   0157                     349 00105$:
                            350 ;	sincoshf.c:66: z=expf(w);
   0157 8A 82               351 	mov	dpl,r2
   0159 8B 83               352 	mov	dph,r3
   015B 8C 93               353 	mov	dpx,r4
   015D 8D F0               354 	mov	b,r5
   015F 12s00r00r00         355 	lcall	_expf
   0163 AA 82               356 	mov	r2,dpl
   0165 AB 83               357 	mov	r3,dph
   0167 AC 93               358 	mov	r4,dpx
   0169 AD F0               359 	mov	r5,b
                            360 ;	genAssign: resultIsFar = TRUE
   016B 90s00r00r06         361 	mov	dptr,#_sincoshf_z_1_1
   016F EA                  362 	mov	a,r2
   0170 F0                  363 	movx	@dptr,a
   0171 A3                  364 	inc	dptr
   0172 EB                  365 	mov	a,r3
   0173 F0                  366 	movx	@dptr,a
   0174 A3                  367 	inc	dptr
   0175 EC                  368 	mov	a,r4
   0176 F0                  369 	movx	@dptr,a
   0177 A3                  370 	inc	dptr
   0178 ED                  371 	mov	a,r5
   0179 F0                  372 	movx	@dptr,a
                            373 ;	sincoshf.c:67: z+=K3*z;
   017A 90s00r00r06         374 	mov	dptr,#_sincoshf_z_1_1
                            375 ;	genAssign: resultIsFar = TRUE
   017E 75 86 21            376 	mov	dps,#0x21
   0181 90s00r00r00         377 	mov	dptr,#___fsmul_PARM_2
   0185 E0                  378 	movx	a,@dptr
   0186 F0                  379 	movx	@dptr,a
   0187 A3                  380 	inc	dptr
   0188 A3                  381 	inc	dptr
   0189 E0                  382 	movx	a,@dptr
   018A F0                  383 	movx	@dptr,a
   018B A3                  384 	inc	dptr
   018C A3                  385 	inc	dptr
   018D E0                  386 	movx	a,@dptr
   018E F0                  387 	movx	@dptr,a
   018F A3                  388 	inc	dptr
   0190 A3                  389 	inc	dptr
   0191 E0                  390 	movx	a,@dptr
   0192 F0                  391 	movx	@dptr,a
   0193 75 86 00            392 	mov	dps,#0
   0196 90 68 08 97         393 	mov	dptr,#0x680897
   019A 75 F0 37            394 	mov	b,#0x37
   019D 12s00r00r00         395 	lcall	___fsmul
   01A1 AA 82               396 	mov	r2,dpl
   01A3 AB 83               397 	mov	r3,dph
   01A5 AC 93               398 	mov	r4,dpx
   01A7 AD F0               399 	mov	r5,b
                            400 ;	genAssign: resultIsFar = TRUE
   01A9 90s00r00r00         401 	mov	dptr,#___fsadd_PARM_2
   01AD EA                  402 	mov	a,r2
   01AE F0                  403 	movx	@dptr,a
   01AF A3                  404 	inc	dptr
   01B0 EB                  405 	mov	a,r3
   01B1 F0                  406 	movx	@dptr,a
   01B2 A3                  407 	inc	dptr
   01B3 EC                  408 	mov	a,r4
   01B4 F0                  409 	movx	@dptr,a
   01B5 A3                  410 	inc	dptr
   01B6 ED                  411 	mov	a,r5
   01B7 F0                  412 	movx	@dptr,a
   01B8 05 86               413 	inc	dps
   01BA 90s00r00r06         414 	mov	dptr,#_sincoshf_z_1_1
   01BE E0                  415 	movx	a,@dptr
   01BF F5 82               416 	mov	dpl,a
   01C1 A3                  417 	inc	dptr
   01C2 E0                  418 	movx	a,@dptr
   01C3 F5 83               419 	mov	dph,a
   01C5 A3                  420 	inc	dptr
   01C6 E0                  421 	movx	a,@dptr
   01C7 F5 93               422 	mov	dpx,a
   01C9 A3                  423 	inc	dptr
   01CA E0                  424 	movx	a,@dptr
   01CB F5 F0               425 	mov	b,a
   01CD 75 86 00            426 	mov	dps,#0
   01D0 12s00r00r00         427 	lcall	___fsadd
   01D4 AA 82               428 	mov	r2,dpl
   01D6 AB 83               429 	mov	r3,dph
   01D8 AC 93               430 	mov	r4,dpx
   01DA AD F0               431 	mov	r5,b
                            432 ;	genAssign: resultIsFar = TRUE
   01DC 90s00r00r06         433 	mov	dptr,#_sincoshf_z_1_1
   01E0 EA                  434 	mov	a,r2
   01E1 F0                  435 	movx	@dptr,a
   01E2 A3                  436 	inc	dptr
   01E3 EB                  437 	mov	a,r3
   01E4 F0                  438 	movx	@dptr,a
   01E5 A3                  439 	inc	dptr
   01E6 EC                  440 	mov	a,r4
   01E7 F0                  441 	movx	@dptr,a
   01E8 A3                  442 	inc	dptr
   01E9 ED                  443 	mov	a,r5
   01EA F0                  444 	movx	@dptr,a
   01EB 02s00r02rC1         445 	ljmp	00111$
   01EF                     446 00110$:
                            447 ;	sincoshf.c:72: z=expf(y);
   01EF 8E 82               448 	mov	dpl,r6
   01F1 8F 83               449 	mov	dph,r7
   01F3 88 93               450 	mov	dpx,r0
   01F5 89 F0               451 	mov	b,r1
   01F7 12s00r00r00         452 	lcall	_expf
   01FB AA 82               453 	mov	r2,dpl
   01FD AB 83               454 	mov	r3,dph
   01FF AC 93               455 	mov	r4,dpx
   0201 AD F0               456 	mov	r5,b
                            457 ;	genAssign: resultIsFar = TRUE
   0203 90s00r00r06         458 	mov	dptr,#_sincoshf_z_1_1
   0207 EA                  459 	mov	a,r2
   0208 F0                  460 	movx	@dptr,a
   0209 A3                  461 	inc	dptr
   020A EB                  462 	mov	a,r3
   020B F0                  463 	movx	@dptr,a
   020C A3                  464 	inc	dptr
   020D EC                  465 	mov	a,r4
   020E F0                  466 	movx	@dptr,a
   020F A3                  467 	inc	dptr
   0210 ED                  468 	mov	a,r5
   0211 F0                  469 	movx	@dptr,a
                            470 ;	sincoshf.c:73: w=1.0/z;
   0212 90s00r00r06         471 	mov	dptr,#_sincoshf_z_1_1
                            472 ;	genAssign: resultIsFar = TRUE
   0216 75 86 21            473 	mov	dps,#0x21
   0219 90s00r00r00         474 	mov	dptr,#___fsdiv_PARM_2
   021D E0                  475 	movx	a,@dptr
   021E F0                  476 	movx	@dptr,a
   021F A3                  477 	inc	dptr
   0220 A3                  478 	inc	dptr
   0221 E0                  479 	movx	a,@dptr
   0222 F0                  480 	movx	@dptr,a
   0223 A3                  481 	inc	dptr
   0224 A3                  482 	inc	dptr
   0225 E0                  483 	movx	a,@dptr
   0226 F0                  484 	movx	@dptr,a
   0227 A3                  485 	inc	dptr
   0228 A3                  486 	inc	dptr
   0229 E0                  487 	movx	a,@dptr
   022A F0                  488 	movx	@dptr,a
   022B 75 86 00            489 	mov	dps,#0
   022E 90 00 00 00         490 	mov  dptr,#0x0000
   0232 75 93 80            491 	mov	dpx,#0x80
   0235 75 F0 3F            492 	mov	b,#0x3F
   0238 12s00r00r00         493 	lcall	___fsdiv
   023C AE 82               494 	mov	r6,dpl
   023E AF 83               495 	mov	r7,dph
   0240 A8 93               496 	mov	r0,dpx
   0242 A9 F0               497 	mov	r1,b
                            498 ;	genAssign: resultIsFar = FALSE
   0244 8E 02               499 	mov	ar2,r6
   0246 8F 03               500 	mov	ar3,r7
   0248 88 04               501 	mov	ar4,r0
   024A 89 05               502 	mov	ar5,r1
                            503 ;	sincoshf.c:74: if(!iscosh) w=-w;
   024C 90s00r00r00         504 	mov	dptr,#_sincoshf_PARM_2
   0250 E0                  505 	movx	a,@dptr
   0251 F5 F0               506 	mov	b,a
   0253 A3                  507 	inc	dptr
   0254 E0                  508 	movx	a,@dptr
   0255 45 F0               509 	orl	a,b
   0257 70 04               510 	jnz  00108$
   0259                     511 00135$:
   0259 ED                  512 	mov	a,r5
   025A B2 E7               513 	cpl	acc.7
   025C FD                  514 	mov	r5,a
   025D                     515 00108$:
                            516 ;	sincoshf.c:75: z=(z+w)*0.5;
                            517 ;	genAssign: resultIsFar = TRUE
   025D 90s00r00r00         518 	mov	dptr,#___fsadd_PARM_2
   0261 EA                  519 	mov	a,r2
   0262 F0                  520 	movx	@dptr,a
   0263 A3                  521 	inc	dptr
   0264 EB                  522 	mov	a,r3
   0265 F0                  523 	movx	@dptr,a
   0266 A3                  524 	inc	dptr
   0267 EC                  525 	mov	a,r4
   0268 F0                  526 	movx	@dptr,a
   0269 A3                  527 	inc	dptr
   026A ED                  528 	mov	a,r5
   026B F0                  529 	movx	@dptr,a
   026C 05 86               530 	inc	dps
   026E 90s00r00r06         531 	mov	dptr,#_sincoshf_z_1_1
   0272 E0                  532 	movx	a,@dptr
   0273 F5 82               533 	mov	dpl,a
   0275 A3                  534 	inc	dptr
   0276 E0                  535 	movx	a,@dptr
   0277 F5 83               536 	mov	dph,a
   0279 A3                  537 	inc	dptr
   027A E0                  538 	movx	a,@dptr
   027B F5 93               539 	mov	dpx,a
   027D A3                  540 	inc	dptr
   027E E0                  541 	movx	a,@dptr
   027F F5 F0               542 	mov	b,a
   0281 75 86 00            543 	mov	dps,#0
   0284 12s00r00r00         544 	lcall	___fsadd
   0288 AA 82               545 	mov	r2,dpl
   028A AB 83               546 	mov	r3,dph
   028C AC 93               547 	mov	r4,dpx
   028E AD F0               548 	mov	r5,b
                            549 ;	genAssign: resultIsFar = TRUE
   0290 90s00r00r00         550 	mov	dptr,#___fsmul_PARM_2
   0294 EA                  551 	mov	a,r2
   0295 F0                  552 	movx	@dptr,a
   0296 A3                  553 	inc	dptr
   0297 EB                  554 	mov	a,r3
   0298 F0                  555 	movx	@dptr,a
   0299 A3                  556 	inc	dptr
   029A EC                  557 	mov	a,r4
   029B F0                  558 	movx	@dptr,a
   029C A3                  559 	inc	dptr
   029D ED                  560 	mov	a,r5
   029E F0                  561 	movx	@dptr,a
   029F 90 00 00 00         562 	mov  dptr,#0x0000
   02A3 75 F0 3F            563 	mov	b,#0x3F
   02A6 12s00r00r00         564 	lcall	___fsmul
   02AA AA 82               565 	mov	r2,dpl
   02AC AB 83               566 	mov	r3,dph
   02AE AC 93               567 	mov	r4,dpx
   02B0 AD F0               568 	mov	r5,b
                            569 ;	genAssign: resultIsFar = TRUE
   02B2 90s00r00r06         570 	mov	dptr,#_sincoshf_z_1_1
   02B6 EA                  571 	mov	a,r2
   02B7 F0                  572 	movx	@dptr,a
   02B8 A3                  573 	inc	dptr
   02B9 EB                  574 	mov	a,r3
   02BA F0                  575 	movx	@dptr,a
   02BB A3                  576 	inc	dptr
   02BC EC                  577 	mov	a,r4
   02BD F0                  578 	movx	@dptr,a
   02BE A3                  579 	inc	dptr
   02BF ED                  580 	mov	a,r5
   02C0 F0                  581 	movx	@dptr,a
   02C1                     582 00111$:
                            583 ;	sincoshf.c:77: if(sign) z=-z;
   02C1 20*00 04            584 	jb	_sincoshf_sign_1_1,00136$
   02C4 02s00r05r0A         585 	ljmp	00119$
   02C8                     586 00136$:
   02C8 90s00r00r06         587 	mov	dptr,#_sincoshf_z_1_1
   02CC 75 86 01            588 	mov	dps, #1
   02CF 90s00r00r06         589 	mov	dptr, #_sincoshf_z_1_1
   02D3 15 86               590 	dec	dps
   02D5 E0                  591 	movx	a,@dptr
   02D6 05 86               592 	inc	dps
   02D8 F0                  593 	movx	@dptr,a
   02D9 15 86               594 	dec	dps
   02DB A3                  595 	inc	dptr
   02DC E0                  596 	movx	a,@dptr
   02DD 05 86               597 	inc	dps
   02DF A3                  598 	inc	dptr
   02E0 F0                  599 	movx	@dptr,a
   02E1 15 86               600 	dec	dps
   02E3 A3                  601 	inc	dptr
   02E4 E0                  602 	movx	a,@dptr
   02E5 05 86               603 	inc	dps
   02E7 A3                  604 	inc	dptr
   02E8 F0                  605 	movx	@dptr,a
   02E9 15 86               606 	dec	dps
   02EB A3                  607 	inc	dptr
   02EC E0                  608 	movx	a,@dptr
   02ED B2 E7               609 	cpl	acc.7
   02EF 05 86               610 	inc	dps
   02F1 A3                  611 	inc	dptr
   02F2 F0                  612 	movx	@dptr,a
   02F3 75 86 00            613 	mov	dps,#0
   02F6 02s00r05r0A         614 	ljmp	00119$
   02FA                     615 00118$:
                            616 ;	sincoshf.c:81: if (y<EPS)
                            617 ;	genAssign: resultIsFar = TRUE
   02FA 90s00r00r00         618 	mov	dptr,#___fslt_PARM_2
   02FE E4                  619 	clr  a
   02FF F0                  620 	movx @dptr,a
   0300 A3                  621 	inc  dptr
   0301 F0                  622 	movx @dptr,a
   0302 A3                  623 	inc	dptr
   0303 74 80               624 	mov	a,#0x80
   0305 F0                  625 	movx	@dptr,a
   0306 A3                  626 	inc	dptr
   0307 74 39               627 	mov	a,#0x39
   0309 F0                  628 	movx	@dptr,a
   030A 8E 82               629 	mov	dpl,r6
   030C 8F 83               630 	mov	dph,r7
   030E 88 93               631 	mov	dpx,r0
   0310 89 F0               632 	mov	b,r1
   0312 12s00r00r00         633 	lcall	___fslt
   0316 E5 82               634 	mov	a,dpl
   0318 60 20               635 	jz  00115$
   031A                     636 00137$:
                            637 ;	sincoshf.c:82: z=x;
   031A 90s00r00r02         638 	mov	dptr,#_sincoshf_x_1_1
                            639 ;	genAssign: resultIsFar = TRUE
   031E 75 86 21            640 	mov	dps,#0x21
   0321 90s00r00r06         641 	mov	dptr,#_sincoshf_z_1_1
   0325 E0                  642 	movx	a,@dptr
   0326 F0                  643 	movx	@dptr,a
   0327 A3                  644 	inc	dptr
   0328 A3                  645 	inc	dptr
   0329 E0                  646 	movx	a,@dptr
   032A F0                  647 	movx	@dptr,a
   032B A3                  648 	inc	dptr
   032C A3                  649 	inc	dptr
   032D E0                  650 	movx	a,@dptr
   032E F0                  651 	movx	@dptr,a
   032F A3                  652 	inc	dptr
   0330 A3                  653 	inc	dptr
   0331 E0                  654 	movx	a,@dptr
   0332 F0                  655 	movx	@dptr,a
   0333 75 86 00            656 	mov	dps,#0
   0336 02s00r05r0A         657 	ljmp	00119$
   033A                     658 00115$:
                            659 ;	sincoshf.c:85: z=x*x;
   033A 90s00r00r02         660 	mov	dptr,#_sincoshf_x_1_1
                            661 ;	genAssign: resultIsFar = TRUE
   033E 75 86 21            662 	mov	dps,#0x21
   0341 90s00r00r00         663 	mov	dptr,#___fsmul_PARM_2
   0345 E0                  664 	movx	a,@dptr
   0346 F0                  665 	movx	@dptr,a
   0347 A3                  666 	inc	dptr
   0348 A3                  667 	inc	dptr
   0349 E0                  668 	movx	a,@dptr
   034A F0                  669 	movx	@dptr,a
   034B A3                  670 	inc	dptr
   034C A3                  671 	inc	dptr
   034D E0                  672 	movx	a,@dptr
   034E F0                  673 	movx	@dptr,a
   034F A3                  674 	inc	dptr
   0350 A3                  675 	inc	dptr
   0351 E0                  676 	movx	a,@dptr
   0352 F0                  677 	movx	@dptr,a
   0353 75 86 01            678 	mov	dps, #1
   0356 90s00r00r02         679 	mov	dptr,#_sincoshf_x_1_1
   035A E0                  680 	movx	a,@dptr
   035B F5 82               681 	mov	dpl,a
   035D A3                  682 	inc	dptr
   035E E0                  683 	movx	a,@dptr
   035F F5 83               684 	mov	dph,a
   0361 A3                  685 	inc	dptr
   0362 E0                  686 	movx	a,@dptr
   0363 F5 93               687 	mov	dpx,a
   0365 A3                  688 	inc	dptr
   0366 E0                  689 	movx	a,@dptr
   0367 F5 F0               690 	mov	b,a
   0369 75 86 00            691 	mov	dps,#0
   036C 12s00r00r00         692 	lcall	___fsmul
   0370 AE 82               693 	mov	r6,dpl
   0372 AF 83               694 	mov	r7,dph
   0374 A8 93               695 	mov	r0,dpx
   0376 A9 F0               696 	mov	r1,b
                            697 ;	genAssign: resultIsFar = TRUE
   0378 90s00r00r06         698 	mov	dptr,#_sincoshf_z_1_1
   037C EE                  699 	mov	a,r6
   037D F0                  700 	movx	@dptr,a
   037E A3                  701 	inc	dptr
   037F EF                  702 	mov	a,r7
   0380 F0                  703 	movx	@dptr,a
   0381 A3                  704 	inc	dptr
   0382 E8                  705 	mov	a,r0
   0383 F0                  706 	movx	@dptr,a
   0384 A3                  707 	inc	dptr
   0385 E9                  708 	mov	a,r1
   0386 F0                  709 	movx	@dptr,a
                            710 ;	sincoshf.c:86: z=x+x*z*P(z)/Q(z);
   0387 90s00r00r06         711 	mov	dptr,#_sincoshf_z_1_1
                            712 ;	genAssign: resultIsFar = TRUE
   038B 75 86 21            713 	mov	dps,#0x21
   038E 90s00r00r00         714 	mov	dptr,#___fsmul_PARM_2
   0392 E0                  715 	movx	a,@dptr
   0393 F0                  716 	movx	@dptr,a
   0394 A3                  717 	inc	dptr
   0395 A3                  718 	inc	dptr
   0396 E0                  719 	movx	a,@dptr
   0397 F0                  720 	movx	@dptr,a
   0398 A3                  721 	inc	dptr
   0399 A3                  722 	inc	dptr
   039A E0                  723 	movx	a,@dptr
   039B F0                  724 	movx	@dptr,a
   039C A3                  725 	inc	dptr
   039D A3                  726 	inc	dptr
   039E E0                  727 	movx	a,@dptr
   039F F0                  728 	movx	@dptr,a
   03A0 75 86 01            729 	mov	dps, #1
   03A3 90s00r00r02         730 	mov	dptr,#_sincoshf_x_1_1
   03A7 E0                  731 	movx	a,@dptr
   03A8 F5 82               732 	mov	dpl,a
   03AA A3                  733 	inc	dptr
   03AB E0                  734 	movx	a,@dptr
   03AC F5 83               735 	mov	dph,a
   03AE A3                  736 	inc	dptr
   03AF E0                  737 	movx	a,@dptr
   03B0 F5 93               738 	mov	dpx,a
   03B2 A3                  739 	inc	dptr
   03B3 E0                  740 	movx	a,@dptr
   03B4 F5 F0               741 	mov	b,a
   03B6 75 86 00            742 	mov	dps,#0
   03B9 12s00r00r00         743 	lcall	___fsmul
   03BD AE 82               744 	mov	r6,dpl
   03BF AF 83               745 	mov	r7,dph
   03C1 A8 93               746 	mov	r0,dpx
   03C3 A9 F0               747 	mov	r1,b
   03C5 90s00r00r06         748 	mov	dptr,#_sincoshf_z_1_1
                            749 ;	genAssign: resultIsFar = TRUE
   03C9 75 86 21            750 	mov	dps,#0x21
   03CC 90s00r00r00         751 	mov	dptr,#___fsmul_PARM_2
   03D0 E0                  752 	movx	a,@dptr
   03D1 F0                  753 	movx	@dptr,a
   03D2 A3                  754 	inc	dptr
   03D3 A3                  755 	inc	dptr
   03D4 E0                  756 	movx	a,@dptr
   03D5 F0                  757 	movx	@dptr,a
   03D6 A3                  758 	inc	dptr
   03D7 A3                  759 	inc	dptr
   03D8 E0                  760 	movx	a,@dptr
   03D9 F0                  761 	movx	@dptr,a
   03DA A3                  762 	inc	dptr
   03DB A3                  763 	inc	dptr
   03DC E0                  764 	movx	a,@dptr
   03DD F0                  765 	movx	@dptr,a
   03DE 75 86 00            766 	mov	dps,#0
   03E1 C0 06               767 	push	ar6
   03E3 C0 07               768 	push	ar7
   03E5 C0 00               769 	push	ar0
   03E7 C0 01               770 	push	ar1
   03E9 90 42 E6 EA         771 	mov	dptr,#0x42E6EA
   03ED 75 F0 BE            772 	mov	b,#0xBE
   03F0 12s00r00r00         773 	lcall	___fsmul
   03F4 AA 82               774 	mov	r2,dpl
   03F6 AB 83               775 	mov	r3,dph
   03F8 AC 93               776 	mov	r4,dpx
   03FA AD F0               777 	mov	r5,b
   03FC D0 01               778 	pop	ar1
   03FE D0 00               779 	pop	ar0
   0400 D0 07               780 	pop	ar7
   0402 D0 06               781 	pop	ar6
                            782 ;	genAssign: resultIsFar = TRUE
   0404 90s00r00r00         783 	mov	dptr,#___fsadd_PARM_2
   0408 74 F0               784 	mov	a,#0xF0
   040A F0                  785 	movx	@dptr,a
   040B A3                  786 	inc	dptr
   040C 74 69               787 	mov	a,#0x69
   040E F0                  788 	movx	@dptr,a
   040F A3                  789 	inc	dptr
   0410 74 E4               790 	mov	a,#0xE4
   0412 F0                  791 	movx	@dptr,a
   0413 A3                  792 	inc	dptr
   0414 74 C0               793 	mov	a,#0xC0
   0416 F0                  794 	movx	@dptr,a
   0417 C0 06               795 	push	ar6
   0419 C0 07               796 	push	ar7
   041B C0 00               797 	push	ar0
   041D C0 01               798 	push	ar1
   041F 8A 82               799 	mov	dpl,r2
   0421 8B 83               800 	mov	dph,r3
   0423 8C 93               801 	mov	dpx,r4
   0425 8D F0               802 	mov	b,r5
   0427 12s00r00r00         803 	lcall	___fsadd
   042B AA 82               804 	mov	r2,dpl
   042D AB 83               805 	mov	r3,dph
   042F AC 93               806 	mov	r4,dpx
   0431 AD F0               807 	mov	r5,b
   0433 D0 01               808 	pop	ar1
   0435 D0 00               809 	pop	ar0
   0437 D0 07               810 	pop	ar7
   0439 D0 06               811 	pop	ar6
                            812 ;	genAssign: resultIsFar = TRUE
   043B 90s00r00r00         813 	mov	dptr,#___fsmul_PARM_2
   043F EA                  814 	mov	a,r2
   0440 F0                  815 	movx	@dptr,a
   0441 A3                  816 	inc	dptr
   0442 EB                  817 	mov	a,r3
   0443 F0                  818 	movx	@dptr,a
   0444 A3                  819 	inc	dptr
   0445 EC                  820 	mov	a,r4
   0446 F0                  821 	movx	@dptr,a
   0447 A3                  822 	inc	dptr
   0448 ED                  823 	mov	a,r5
   0449 F0                  824 	movx	@dptr,a
   044A 8E 82               825 	mov	dpl,r6
   044C 8F 83               826 	mov	dph,r7
   044E 88 93               827 	mov	dpx,r0
   0450 89 F0               828 	mov	b,r1
   0452 12s00r00r00         829 	lcall	___fsmul
   0456 AA 82               830 	mov	r2,dpl
   0458 AB 83               831 	mov	r3,dph
   045A AC 93               832 	mov	r4,dpx
   045C AD F0               833 	mov	r5,b
                            834 ;	genAssign: resultIsFar = TRUE
   045E 90s00r00r00         835 	mov	dptr,#___fsadd_PARM_2
   0462 74 93               836 	mov	a,#0x93
   0464 F0                  837 	movx	@dptr,a
   0465 A3                  838 	inc	dptr
   0466 74 4F               839 	mov	a,#0x4F
   0468 F0                  840 	movx	@dptr,a
   0469 A3                  841 	inc	dptr
   046A 74 2B               842 	mov	a,#0x2B
   046C F0                  843 	movx	@dptr,a
   046D A3                  844 	inc	dptr
   046E 74 C2               845 	mov	a,#0xC2
   0470 F0                  846 	movx	@dptr,a
   0471 C0 02               847 	push	ar2
   0473 C0 03               848 	push	ar3
   0475 C0 04               849 	push	ar4
   0477 C0 05               850 	push	ar5
   0479 05 86               851 	inc	dps
   047B 90s00r00r06         852 	mov	dptr,#_sincoshf_z_1_1
   047F E0                  853 	movx	a,@dptr
   0480 F5 82               854 	mov	dpl,a
   0482 A3                  855 	inc	dptr
   0483 E0                  856 	movx	a,@dptr
   0484 F5 83               857 	mov	dph,a
   0486 A3                  858 	inc	dptr
   0487 E0                  859 	movx	a,@dptr
   0488 F5 93               860 	mov	dpx,a
   048A A3                  861 	inc	dptr
   048B E0                  862 	movx	a,@dptr
   048C F5 F0               863 	mov	b,a
   048E 75 86 00            864 	mov	dps,#0
   0491 12s00r00r00         865 	lcall	___fsadd
   0495 AE 82               866 	mov	r6,dpl
   0497 AF 83               867 	mov	r7,dph
   0499 A8 93               868 	mov	r0,dpx
   049B A9 F0               869 	mov	r1,b
   049D D0 05               870 	pop	ar5
   049F D0 04               871 	pop	ar4
   04A1 D0 03               872 	pop	ar3
   04A3 D0 02               873 	pop	ar2
                            874 ;	genAssign: resultIsFar = TRUE
   04A5 90s00r00r00         875 	mov	dptr,#___fsdiv_PARM_2
   04A9 EE                  876 	mov	a,r6
   04AA F0                  877 	movx	@dptr,a
   04AB A3                  878 	inc	dptr
   04AC EF                  879 	mov	a,r7
   04AD F0                  880 	movx	@dptr,a
   04AE A3                  881 	inc	dptr
   04AF E8                  882 	mov	a,r0
   04B0 F0                  883 	movx	@dptr,a
   04B1 A3                  884 	inc	dptr
   04B2 E9                  885 	mov	a,r1
   04B3 F0                  886 	movx	@dptr,a
   04B4 8A 82               887 	mov	dpl,r2
   04B6 8B 83               888 	mov	dph,r3
   04B8 8C 93               889 	mov	dpx,r4
   04BA 8D F0               890 	mov	b,r5
   04BC 12s00r00r00         891 	lcall	___fsdiv
   04C0 AA 82               892 	mov	r2,dpl
   04C2 AB 83               893 	mov	r3,dph
   04C4 AC 93               894 	mov	r4,dpx
   04C6 AD F0               895 	mov	r5,b
                            896 ;	genAssign: resultIsFar = TRUE
   04C8 90s00r00r00         897 	mov	dptr,#___fsadd_PARM_2
   04CC EA                  898 	mov	a,r2
   04CD F0                  899 	movx	@dptr,a
   04CE A3                  900 	inc	dptr
   04CF EB                  901 	mov	a,r3
   04D0 F0                  902 	movx	@dptr,a
   04D1 A3                  903 	inc	dptr
   04D2 EC                  904 	mov	a,r4
   04D3 F0                  905 	movx	@dptr,a
   04D4 A3                  906 	inc	dptr
   04D5 ED                  907 	mov	a,r5
   04D6 F0                  908 	movx	@dptr,a
   04D7 05 86               909 	inc	dps
   04D9 90s00r00r02         910 	mov	dptr,#_sincoshf_x_1_1
   04DD E0                  911 	movx	a,@dptr
   04DE F5 82               912 	mov	dpl,a
   04E0 A3                  913 	inc	dptr
   04E1 E0                  914 	movx	a,@dptr
   04E2 F5 83               915 	mov	dph,a
   04E4 A3                  916 	inc	dptr
   04E5 E0                  917 	movx	a,@dptr
   04E6 F5 93               918 	mov	dpx,a
   04E8 A3                  919 	inc	dptr
   04E9 E0                  920 	movx	a,@dptr
   04EA F5 F0               921 	mov	b,a
   04EC 75 86 00            922 	mov	dps,#0
   04EF 12s00r00r00         923 	lcall	___fsadd
   04F3 AA 82               924 	mov	r2,dpl
   04F5 AB 83               925 	mov	r3,dph
   04F7 AC 93               926 	mov	r4,dpx
   04F9 AD F0               927 	mov	r5,b
                            928 ;	genAssign: resultIsFar = TRUE
   04FB 90s00r00r06         929 	mov	dptr,#_sincoshf_z_1_1
   04FF EA                  930 	mov	a,r2
   0500 F0                  931 	movx	@dptr,a
   0501 A3                  932 	inc	dptr
   0502 EB                  933 	mov	a,r3
   0503 F0                  934 	movx	@dptr,a
   0504 A3                  935 	inc	dptr
   0505 EC                  936 	mov	a,r4
   0506 F0                  937 	movx	@dptr,a
   0507 A3                  938 	inc	dptr
   0508 ED                  939 	mov	a,r5
   0509 F0                  940 	movx	@dptr,a
   050A                     941 00119$:
                            942 ;	sincoshf.c:89: return z;
   050A 75 86 01            943 	mov     dps, #1
   050D 90s00r00r06         944 	mov     dptr, #_sincoshf_z_1_1
   0511 E0                  945 	movx	a,@dptr
   0512 F5 82               946 	mov	dpl,a
   0514 A3                  947 	inc	dptr
   0515 E0                  948 	movx	a,@dptr
   0516 F5 83               949 	mov	dph,a
   0518 A3                  950 	inc	dptr
   0519 E0                  951 	movx	a,@dptr
   051A F5 93               952 	mov	dpx,a
   051C A3                  953 	inc	dptr
   051D E0                  954 	movx	a,@dptr
   051E F5 F0               955 	mov	b,a
   0520 75 86 00            956 	mov	dps,#0
   0523                     957 00121$:
   0523 22                  958 	ret
                            959 	.area CSEG    (CODE)
                            960 	.area CONST   (CODE)
                            961 	.area XINIT   (CODE)
                            962 	.area CABS    (ABS,CODE)
