This file contains any messages produced by compilers while
running configure, to aid debugging if configure makes a mistake.

It was created by configure, which was
generated by GNU Autoconf 2.60.  Invocation command line was

  $ ./configure --disable-option-checking --prefix=/usr/local docdir=${datarootdir}/doc/${PACKAGE} --cache-file=/dev/null --srcdir=.

## --------- ##
## Platform. ##
## --------- ##

hostname = Jsday.local
uname -m = x86_64
uname -r = 11.4.2
uname -s = Darwin
uname -v = Darwin Kernel Version 11.4.2: Thu Aug 23 16:25:48 PDT 2012; root:xnu-1699.32.7~1/RELEASE_X86_64

/usr/bin/uname -p = i386
/bin/uname -X     = unknown

/bin/arch              = unknown
/usr/bin/arch -k       = unknown
/usr/convex/getsysinfo = unknown
/usr/bin/hostinfo      = Mach kernel version:
	 Darwin Kernel Version 11.4.2: Thu Aug 23 16:25:48 PDT 2012; root:xnu-1699.32.7~1/RELEASE_X86_64
Kernel configured for up to 4 processors.
2 processors are physically available.
4 processors are logically available.
Processor type: i486 (Intel 80486)
Processors active: 0 1 2 3
Primary memory available: 4.00 gigabytes
Default processor set: 115 tasks, 637 threads, 4 processors
Load average: 2.81, Mach factor: 1.27
/bin/machine           = unknown
/usr/bin/oslevel       = unknown
/bin/universe          = unknown

PATH: /opt/local/bin
PATH: /opt/local/sbin
PATH: /usr/bin
PATH: /bin
PATH: /usr/sbin
PATH: /sbin
PATH: /usr/local/bin
PATH: /usr/X11/bin
PATH: /Users/lil-j-01/.rvm/bin


## ----------- ##
## Core tests. ##
## ----------- ##

configure:1726: checking for gcc
configure:1742: found /usr/bin/gcc
configure:1753: result: gcc
configure:1991: checking for C compiler version
configure:1998: gcc --version >&5
i686-apple-darwin11-llvm-gcc-4.2 (GCC) 4.2.1 (Based on Apple Inc. build 5658) (LLVM build 2336.11.00)
Copyright (C) 2007 Free Software Foundation, Inc.
This is free software; see the source for copying conditions.  There is NO
warranty; not even for MERCHANTABILITY or FITNESS FOR A PARTICULAR PURPOSE.

configure:2001: $? = 0
configure:2008: gcc -v >&5
Using built-in specs.
Target: i686-apple-darwin11
Configured with: /private/var/tmp/llvmgcc42/llvmgcc42-2336.11~182/src/configure --disable-checking --enable-werror --prefix=/Applications/Xcode.app/Contents/Developer/usr/llvm-gcc-4.2 --mandir=/share/man --enable-languages=c,objc,c++,obj-c++ --program-prefix=llvm- --program-transform-name=/^[cg][^.-]*$/s/$/-4.2/ --with-slibdir=/usr/lib --build=i686-apple-darwin11 --enable-llvm=/private/var/tmp/llvmgcc42/llvmgcc42-2336.11~182/dst-llvmCore/Developer/usr/local --program-prefix=i686-apple-darwin11- --host=x86_64-apple-darwin11 --target=i686-apple-darwin11 --with-gxx-include-dir=/usr/include/c++/4.2.1
Thread model: posix
gcc version 4.2.1 (Based on Apple Inc. build 5658) (LLVM build 2336.11.00)
configure:2011: $? = 0
configure:2018: gcc -V >&5
llvm-gcc-4.2: argument to `-V' is missing
configure:2021: $? = 1
configure:2044: checking for C compiler default output file name
configure:2071: gcc    conftest.c  >&5
configure:2074: $? = 0
configure:2120: result: a.out
configure:2125: checking whether the C compiler works
configure:2135: ./a.out
configure:2138: $? = 0
configure:2155: result: yes
configure:2162: checking whether we are cross compiling
configure:2164: result: no
configure:2167: checking for suffix of executables
configure:2174: gcc -o conftest    conftest.c  >&5
configure:2177: $? = 0
configure:2201: result: 
configure:2207: checking for suffix of object files
configure:2233: gcc -c   conftest.c >&5
configure:2236: $? = 0
configure:2259: result: o
configure:2263: checking whether we are using the GNU C compiler
configure:2292: gcc -c   conftest.c >&5
configure:2298: $? = 0
configure:2305: test -z "$ac_c_werror_flag" || test ! -s conftest.err
configure:2308: $? = 0
configure:2315: test -s conftest.o
configure:2318: $? = 0
configure:2332: result: yes
configure:2337: checking whether gcc accepts -g
configure:2367: gcc -c -g  conftest.c >&5
configure:2373: $? = 0
configure:2380: test -z "$ac_c_werror_flag" || test ! -s conftest.err
configure:2383: $? = 0
configure:2390: test -s conftest.o
configure:2393: $? = 0
configure:2523: result: yes
configure:2540: checking for gcc option to accept ISO C89
configure:2614: gcc  -c -g -O2  conftest.c >&5
configure:2620: $? = 0
configure:2627: test -z "$ac_c_werror_flag" || test ! -s conftest.err
configure:2630: $? = 0
configure:2637: test -s conftest.o
configure:2640: $? = 0
configure:2660: result: none needed
configure:2684: checking how to run the C preprocessor
configure:2724: gcc -E  conftest.c
configure:2730: $? = 0
configure:2768: gcc -E  conftest.c
conftest.c:8:28: error: ac_nonexistent.h: No such file or directory
configure:2774: $? = 1
configure: failed program was:
| /* confdefs.h.  */
| #define PACKAGE_NAME ""
| #define PACKAGE_TARNAME ""
| #define PACKAGE_VERSION ""
| #define PACKAGE_STRING ""
| #define PACKAGE_BUGREPORT ""
| /* end confdefs.h.  */
| #include <ac_nonexistent.h>
configure:2814: result: gcc -E
configure:2843: gcc -E  conftest.c
configure:2849: $? = 0
configure:2887: gcc -E  conftest.c
conftest.c:8:28: error: ac_nonexistent.h: No such file or directory
configure:2893: $? = 1
configure: failed program was:
| /* confdefs.h.  */
| #define PACKAGE_NAME ""
| #define PACKAGE_TARNAME ""
| #define PACKAGE_VERSION ""
| #define PACKAGE_STRING ""
| #define PACKAGE_BUGREPORT ""
| /* end confdefs.h.  */
| #include <ac_nonexistent.h>
configure:2938: checking for grep that handles long lines and -e
configure:3012: result: /usr/bin/grep
configure:3017: checking for egrep
configure:3095: result: /usr/bin/grep -E
configure:3100: checking for ANSI C header files
configure:3130: gcc -c -g -O2  conftest.c >&5
configure:3136: $? = 0
configure:3143: test -z "$ac_c_werror_flag" || test ! -s conftest.err
configure:3146: $? = 0
configure:3153: test -s conftest.o
configure:3156: $? = 0
configure:3252: gcc -o conftest -g -O2   conftest.c  >&5
configure:3255: $? = 0
configure:3261: ./conftest
configure:3264: $? = 0
configure:3281: result: yes
configure:3305: checking for sys/types.h
configure:3326: gcc -c -g -O2  conftest.c >&5
configure:3332: $? = 0
configure:3339: test -z "$ac_c_werror_flag" || test ! -s conftest.err
configure:3342: $? = 0
configure:3349: test -s conftest.o
configure:3352: $? = 0
configure:3365: result: yes
configure:3305: checking for sys/stat.h
configure:3326: gcc -c -g -O2  conftest.c >&5
configure:3332: $? = 0
configure:3339: test -z "$ac_c_werror_flag" || test ! -s conftest.err
configure:3342: $? = 0
configure:3349: test -s conftest.o
configure:3352: $? = 0
configure:3365: result: yes
configure:3305: checking for stdlib.h
configure:3326: gcc -c -g -O2  conftest.c >&5
configure:3332: $? = 0
configure:3339: test -z "$ac_c_werror_flag" || test ! -s conftest.err
configure:3342: $? = 0
configure:3349: test -s conftest.o
configure:3352: $? = 0
configure:3365: result: yes
configure:3305: checking for string.h
configure:3326: gcc -c -g -O2  conftest.c >&5
configure:3332: $? = 0
configure:3339: test -z "$ac_c_werror_flag" || test ! -s conftest.err
configure:3342: $? = 0
configure:3349: test -s conftest.o
configure:3352: $? = 0
configure:3365: result: yes
configure:3305: checking for memory.h
configure:3326: gcc -c -g -O2  conftest.c >&5
configure:3332: $? = 0
configure:3339: test -z "$ac_c_werror_flag" || test ! -s conftest.err
configure:3342: $? = 0
configure:3349: test -s conftest.o
configure:3352: $? = 0
configure:3365: result: yes
configure:3305: checking for strings.h
configure:3326: gcc -c -g -O2  conftest.c >&5
configure:3332: $? = 0
configure:3339: test -z "$ac_c_werror_flag" || test ! -s conftest.err
configure:3342: $? = 0
configure:3349: test -s conftest.o
configure:3352: $? = 0
configure:3365: result: yes
configure:3305: checking for inttypes.h
configure:3326: gcc -c -g -O2  conftest.c >&5
configure:3332: $? = 0
configure:3339: test -z "$ac_c_werror_flag" || test ! -s conftest.err
configure:3342: $? = 0
configure:3349: test -s conftest.o
configure:3352: $? = 0
configure:3365: result: yes
configure:3305: checking for stdint.h
configure:3326: gcc -c -g -O2  conftest.c >&5
configure:3332: $? = 0
configure:3339: test -z "$ac_c_werror_flag" || test ! -s conftest.err
configure:3342: $? = 0
configure:3349: test -s conftest.o
configure:3352: $? = 0
configure:3365: result: yes
configure:3305: checking for unistd.h
configure:3326: gcc -c -g -O2  conftest.c >&5
configure:3332: $? = 0
configure:3339: test -z "$ac_c_werror_flag" || test ! -s conftest.err
configure:3342: $? = 0
configure:3349: test -s conftest.o
configure:3352: $? = 0
configure:3365: result: yes
configure:3389: checking readline/readline.h usability
configure:3406: gcc -c -g -O2  conftest.c >&5
configure:3412: $? = 0
configure:3419: test -z "$ac_c_werror_flag" || test ! -s conftest.err
configure:3422: $? = 0
configure:3429: test -s conftest.o
configure:3432: $? = 0
configure:3443: result: yes
configure:3447: checking readline/readline.h presence
configure:3462: gcc -E  conftest.c
configure:3468: $? = 0
configure:3489: result: yes
configure:3517: checking for readline/readline.h
configure:3524: result: yes
configure:3559: checking for GNU Readline library -lreadline.dll
configure:3593: gcc -o conftest -g -O2   conftest.c  -lreadline.dll >&5
ld: library not found for -lreadline.dll
collect2: ld returned 1 exit status
configure:3599: $? = 1
configure: failed program was:
| /* confdefs.h.  */
| #define PACKAGE_NAME ""
| #define PACKAGE_TARNAME ""
| #define PACKAGE_VERSION ""
| #define PACKAGE_STRING ""
| #define PACKAGE_BUGREPORT ""
| #define STDC_HEADERS 1
| #define HAVE_SYS_TYPES_H 1
| #define HAVE_SYS_STAT_H 1
| #define HAVE_STDLIB_H 1
| #define HAVE_STRING_H 1
| #define HAVE_MEMORY_H 1
| #define HAVE_STRINGS_H 1
| #define HAVE_INTTYPES_H 1
| #define HAVE_STDINT_H 1
| #define HAVE_UNISTD_H 1
| /* end confdefs.h.  */
| 
|         /* includes */
|         #include <stdio.h>
|         #include <readline/readline.h>
| 
| int
| main ()
| {
| 
|         /* function-body */
|         int dummy = rl_completion_append_character; /* rl_completion_append_character appeared in version 2.1 */
|         readline(NULL);
| 
|   ;
|   return 0;
| }
configure:3632: result: no
configure:3559: checking for GNU Readline library -lreadline
configure:3593: gcc -o conftest -g -O2   conftest.c  -lreadline >&5
configure:3599: $? = 0
configure:3606: test -z "$ac_c_werror_flag" || test ! -s conftest.err
configure:3609: $? = 0
configure:3616: test -s conftest
configure:3619: $? = 0
configure:3623: result: yes
configure:3705: checking for gcc
configure:3732: result: gcc
configure:3970: checking for C compiler version
configure:3977: gcc --version >&5
i686-apple-darwin11-llvm-gcc-4.2 (GCC) 4.2.1 (Based on Apple Inc. build 5658) (LLVM build 2336.11.00)
Copyright (C) 2007 Free Software Foundation, Inc.
This is free software; see the source for copying conditions.  There is NO
warranty; not even for MERCHANTABILITY or FITNESS FOR A PARTICULAR PURPOSE.

configure:3980: $? = 0
configure:3987: gcc -v >&5
Using built-in specs.
Target: i686-apple-darwin11
Configured with: /private/var/tmp/llvmgcc42/llvmgcc42-2336.11~182/src/configure --disable-checking --enable-werror --prefix=/Applications/Xcode.app/Contents/Developer/usr/llvm-gcc-4.2 --mandir=/share/man --enable-languages=c,objc,c++,obj-c++ --program-prefix=llvm- --program-transform-name=/^[cg][^.-]*$/s/$/-4.2/ --with-slibdir=/usr/lib --build=i686-apple-darwin11 --enable-llvm=/private/var/tmp/llvmgcc42/llvmgcc42-2336.11~182/dst-llvmCore/Developer/usr/local --program-prefix=i686-apple-darwin11- --host=x86_64-apple-darwin11 --target=i686-apple-darwin11 --with-gxx-include-dir=/usr/include/c++/4.2.1
Thread model: posix
gcc version 4.2.1 (Based on Apple Inc. build 5658) (LLVM build 2336.11.00)
configure:3990: $? = 0
configure:3997: gcc -V >&5
llvm-gcc-4.2: argument to `-V' is missing
configure:4000: $? = 1
configure:4003: checking whether we are using the GNU C compiler
configure:4072: result: yes
configure:4077: checking whether gcc accepts -g
configure:4263: result: yes
configure:4280: checking for gcc option to accept ISO C89
configure:4400: result: none needed
configure:4423: checking how to run the C preprocessor
configure:4553: result: gcc -E
configure:4582: gcc -E  conftest.c
configure:4588: $? = 0
configure:4626: gcc -E  conftest.c
conftest.c:19:28: error: ac_nonexistent.h: No such file or directory
configure:4632: $? = 1
configure: failed program was:
| /* confdefs.h.  */
| #define PACKAGE_NAME ""
| #define PACKAGE_TARNAME ""
| #define PACKAGE_VERSION ""
| #define PACKAGE_STRING ""
| #define PACKAGE_BUGREPORT ""
| #define STDC_HEADERS 1
| #define HAVE_SYS_TYPES_H 1
| #define HAVE_SYS_STAT_H 1
| #define HAVE_STDLIB_H 1
| #define HAVE_STRING_H 1
| #define HAVE_MEMORY_H 1
| #define HAVE_STRINGS_H 1
| #define HAVE_INTTYPES_H 1
| #define HAVE_STDINT_H 1
| #define HAVE_UNISTD_H 1
| #define HAVE_LIBREADLINE -1
| /* end confdefs.h.  */
| #include <ac_nonexistent.h>
configure:4720: checking for a BSD-compatible install
configure:4776: result: /usr/bin/install -c
configure:4830: checking for ranlib
configure:4846: found /usr/bin/ranlib
configure:4857: result: ranlib
configure:4885: checking for autoconf
configure:4901: found /usr/local/bin/autoconf
configure:4913: result: autoconf
configure:4923: checking for strip
configure:4939: found /usr/bin/strip
configure:4951: result: strip
configure:4961: checking for as
configure:4977: found /usr/bin/as
configure:4989: result: as
configure:4999: checking for cp
configure:5015: found /bin/cp
configure:5027: result: cp
configure:5062: checking sys/socket.h usability
configure:5079: gcc -c -g -O2  conftest.c >&5
configure:5085: $? = 0
configure:5092: test -z "$ac_c_werror_flag" || test ! -s conftest.err
configure:5095: $? = 0
configure:5102: test -s conftest.o
configure:5105: $? = 0
configure:5116: result: yes
configure:5120: checking sys/socket.h presence
configure:5135: gcc -E  conftest.c
configure:5141: $? = 0
configure:5162: result: yes
configure:5190: checking for sys/socket.h
configure:5198: result: yes
configure:5385: checking for socket in -lsocket
configure:5420: gcc -o conftest -g -O2   conftest.c -lsocket   >&5
ld: library not found for -lsocket
collect2: ld returned 1 exit status
configure:5426: $? = 1
configure: failed program was:
| /* confdefs.h.  */
| #define PACKAGE_NAME ""
| #define PACKAGE_TARNAME ""
| #define PACKAGE_VERSION ""
| #define PACKAGE_STRING ""
| #define PACKAGE_BUGREPORT ""
| #define STDC_HEADERS 1
| #define HAVE_SYS_TYPES_H 1
| #define HAVE_SYS_STAT_H 1
| #define HAVE_STDLIB_H 1
| #define HAVE_STRING_H 1
| #define HAVE_MEMORY_H 1
| #define HAVE_STRINGS_H 1
| #define HAVE_INTTYPES_H 1
| #define HAVE_STDINT_H 1
| #define HAVE_UNISTD_H 1
| #define HAVE_LIBREADLINE -1
| #define HAVE_SYS_SOCKET_H 1
| /* end confdefs.h.  */
| 
| /* Override any GCC internal prototype to avoid an error.
|    Use char because int might match the return type of a GCC
|    builtin and then its argument prototype would still apply.  */
| #ifdef __cplusplus
| extern "C"
| #endif
| char socket ();
| int
| main ()
| {
| return socket ();
|   ;
|   return 0;
| }
configure:5460: result: no
configure:5472: checking for xdr_short in -lnsl
configure:5507: gcc -o conftest -g -O2   conftest.c -lnsl   >&5
ld: library not found for -lnsl
collect2: ld returned 1 exit status
configure:5513: $? = 1
configure: failed program was:
| /* confdefs.h.  */
| #define PACKAGE_NAME ""
| #define PACKAGE_TARNAME ""
| #define PACKAGE_VERSION ""
| #define PACKAGE_STRING ""
| #define PACKAGE_BUGREPORT ""
| #define STDC_HEADERS 1
| #define HAVE_SYS_TYPES_H 1
| #define HAVE_SYS_STAT_H 1
| #define HAVE_STDLIB_H 1
| #define HAVE_STRING_H 1
| #define HAVE_MEMORY_H 1
| #define HAVE_STRINGS_H 1
| #define HAVE_INTTYPES_H 1
| #define HAVE_STDINT_H 1
| #define HAVE_UNISTD_H 1
| #define HAVE_LIBREADLINE -1
| #define HAVE_SYS_SOCKET_H 1
| /* end confdefs.h.  */
| 
| /* Override any GCC internal prototype to avoid an error.
|    Use char because int might match the return type of a GCC
|    builtin and then its argument prototype would still apply.  */
| #ifdef __cplusplus
| extern "C"
| #endif
| char xdr_short ();
| int
| main ()
| {
| return xdr_short ();
|   ;
|   return 0;
| }
configure:5547: result: no
configure:5605: checking whether preprocessor accepts -MM or -M
Using built-in specs.
Target: i686-apple-darwin11
Configured with: /private/var/tmp/llvmgcc42/llvmgcc42-2336.11~182/src/configure --disable-checking --enable-werror --prefix=/Applications/Xcode.app/Contents/Developer/usr/llvm-gcc-4.2 --mandir=/share/man --enable-languages=c,objc,c++,obj-c++ --program-prefix=llvm- --program-transform-name=/^[cg][^.-]*$/s/$/-4.2/ --with-slibdir=/usr/lib --build=i686-apple-darwin11 --enable-llvm=/private/var/tmp/llvmgcc42/llvmgcc42-2336.11~182/dst-llvmCore/Developer/usr/local --program-prefix=i686-apple-darwin11- --host=x86_64-apple-darwin11 --target=i686-apple-darwin11 --with-gxx-include-dir=/usr/include/c++/4.2.1
Thread model: posix
gcc version 4.2.1 (Based on Apple Inc. build 5658) (LLVM build 2336.11.00)
 /usr/llvm-gcc-4.2/bin/../libexec/gcc/i686-apple-darwin11/4.2.1/cc1 -E -quiet -v -imultilib x86_64 -iprefix /usr/llvm-gcc-4.2/bin/../lib/gcc/i686-apple-darwin11/4.2.1/ -MM -D__DYNAMIC__ _test_.c -fPIC -mmacosx-version-min=10.7.4 -m64 -mtune=core2
ignoring nonexistent directory "/usr/llvm-gcc-4.2/bin/../lib/gcc/i686-apple-darwin11/4.2.1/../../../../i686-apple-darwin11/include"
ignoring nonexistent directory "/Applications/Xcode.app/Contents/Developer/usr/llvm-gcc-4.2/lib/gcc/i686-apple-darwin11/4.2.1/../../../../i686-apple-darwin11/include"
#include "..." search starts here:
#include <...> search starts here:
 /usr/llvm-gcc-4.2/bin/../lib/gcc/i686-apple-darwin11/4.2.1/include
 /usr/local/include
 /Applications/Xcode.app/Contents/Developer/usr/llvm-gcc-4.2/lib/gcc/i686-apple-darwin11/4.2.1/include
 /usr/include
 /System/Library/Frameworks (framework directory)
 /Library/Frameworks (framework directory)
End of search list.
_test_.o: _test_.c
configure:5620: result: -MM
configure:5627: checking whether gcc accepts -ggdb
Using built-in specs.
Target: i686-apple-darwin11
Configured with: /private/var/tmp/llvmgcc42/llvmgcc42-2336.11~182/src/configure --disable-checking --enable-werror --prefix=/Applications/Xcode.app/Contents/Developer/usr/llvm-gcc-4.2 --mandir=/share/man --enable-languages=c,objc,c++,obj-c++ --program-prefix=llvm- --program-transform-name=/^[cg][^.-]*$/s/$/-4.2/ --with-slibdir=/usr/lib --build=i686-apple-darwin11 --enable-llvm=/private/var/tmp/llvmgcc42/llvmgcc42-2336.11~182/dst-llvmCore/Developer/usr/local --program-prefix=i686-apple-darwin11- --host=x86_64-apple-darwin11 --target=i686-apple-darwin11 --with-gxx-include-dir=/usr/include/c++/4.2.1
Thread model: posix
gcc version 4.2.1 (Based on Apple Inc. build 5658) (LLVM build 2336.11.00)
 /usr/llvm-gcc-4.2/bin/../libexec/gcc/i686-apple-darwin11/4.2.1/cc1 -quiet -v -imultilib x86_64 -iprefix /usr/llvm-gcc-4.2/bin/../lib/gcc/i686-apple-darwin11/4.2.1/ -D__DYNAMIC__ _test_.c -fPIC -quiet -dumpbase _test_.c -mmacosx-version-min=10.7.4 -m64 -mtune=core2 -auxbase _test_ -ggdb -version -o /var/folders/gt/9c4kcv9j4n5bmfwpdmx4nwk80000gn/T//ccov8Ahx.s
ignoring nonexistent directory "/usr/llvm-gcc-4.2/bin/../lib/gcc/i686-apple-darwin11/4.2.1/../../../../i686-apple-darwin11/include"
ignoring nonexistent directory "/Applications/Xcode.app/Contents/Developer/usr/llvm-gcc-4.2/lib/gcc/i686-apple-darwin11/4.2.1/../../../../i686-apple-darwin11/include"
#include "..." search starts here:
#include <...> search starts here:
 /usr/llvm-gcc-4.2/bin/../lib/gcc/i686-apple-darwin11/4.2.1/include
 /usr/local/include
 /Applications/Xcode.app/Contents/Developer/usr/llvm-gcc-4.2/lib/gcc/i686-apple-darwin11/4.2.1/include
 /usr/include
 /System/Library/Frameworks (framework directory)
 /Library/Frameworks (framework directory)
End of search list.
GNU C version 4.2.1 (Based on Apple Inc. build 5658) (LLVM build 2336.11.00) (i686-apple-darwin11)
	compiled by GNU C version 4.2.1 (Based on Apple Inc. build 5658) (LLVM build 2336.11.00).
GGC heuristics: --param ggc-min-expand=150 --param ggc-min-heapsize=131072
Compiler executable checksum: 384b73923df1a562f1531bb508f0d1da
_test_.c: In function 'main':
_test_.c:2: warning: return type of 'main' is not 'int'
 /usr/llvm-gcc-4.2/bin/../libexec/gcc/i686-apple-darwin11/4.2.1/as -arch x86_64 -force_cpusubtype_ALL -o _test_.o /var/folders/gt/9c4kcv9j4n5bmfwpdmx4nwk80000gn/T//ccov8Ahx.s
configure:5644: result: yes
configure:5652: checking whether gcc accepts -pipe
Using built-in specs.
Target: i686-apple-darwin11
Configured with: /private/var/tmp/llvmgcc42/llvmgcc42-2336.11~182/src/configure --disable-checking --enable-werror --prefix=/Applications/Xcode.app/Contents/Developer/usr/llvm-gcc-4.2 --mandir=/share/man --enable-languages=c,objc,c++,obj-c++ --program-prefix=llvm- --program-transform-name=/^[cg][^.-]*$/s/$/-4.2/ --with-slibdir=/usr/lib --build=i686-apple-darwin11 --enable-llvm=/private/var/tmp/llvmgcc42/llvmgcc42-2336.11~182/dst-llvmCore/Developer/usr/local --program-prefix=i686-apple-darwin11- --host=x86_64-apple-darwin11 --target=i686-apple-darwin11 --with-gxx-include-dir=/usr/include/c++/4.2.1
Thread model: posix
gcc version 4.2.1 (Based on Apple Inc. build 5658) (LLVM build 2336.11.00)
 /usr/llvm-gcc-4.2/bin/../libexec/gcc/i686-apple-darwin11/4.2.1/cc1 -quiet -v -imultilib x86_64 -iprefix /usr/llvm-gcc-4.2/bin/../lib/gcc/i686-apple-darwin11/4.2.1/ -D__DYNAMIC__ _test_.c -fPIC -quiet -dumpbase _test_.c -mmacosx-version-min=10.7.4 -m64 -mtune=core2 -auxbase _test_ -version -o - |
 /usr/llvm-gcc-4.2/bin/../libexec/gcc/i686-apple-darwin11/4.2.1/as -arch x86_64 -force_cpusubtype_ALL -o _test_.o
ignoring nonexistent directory "/usr/llvm-gcc-4.2/bin/../lib/gcc/i686-apple-darwin11/4.2.1/../../../../i686-apple-darwin11/include"
ignoring nonexistent directory "/Applications/Xcode.app/Contents/Developer/usr/llvm-gcc-4.2/lib/gcc/i686-apple-darwin11/4.2.1/../../../../i686-apple-darwin11/include"
#include "..." search starts here:
#include <...> search starts here:
 /usr/llvm-gcc-4.2/bin/../lib/gcc/i686-apple-darwin11/4.2.1/include
 /usr/local/include
 /Applications/Xcode.app/Contents/Developer/usr/llvm-gcc-4.2/lib/gcc/i686-apple-darwin11/4.2.1/include
 /usr/include
 /System/Library/Frameworks (framework directory)
 /Library/Frameworks (framework directory)
End of search list.
GNU C version 4.2.1 (Based on Apple Inc. build 5658) (LLVM build 2336.11.00) (i686-apple-darwin11)
	compiled by GNU C version 4.2.1 (Based on Apple Inc. build 5658) (LLVM build 2336.11.00).
GGC heuristics: --param ggc-min-expand=150 --param ggc-min-heapsize=131072
Compiler executable checksum: 384b73923df1a562f1531bb508f0d1da
_test_.c: In function 'main':
_test_.c:2: warning: return type of 'main' is not 'int'
configure:5669: result: yes
configure:5870: creating ./config.status

## ---------------------- ##
## Running config.status. ##
## ---------------------- ##

This file was extended by config.status, which was
generated by GNU Autoconf 2.60.  Invocation command line was

  CONFIG_FILES    = 
  CONFIG_HEADERS  = 
  CONFIG_LINKS    = 
  CONFIG_COMMANDS = 
  $ ./config.status 

on Jsday.local

config.status:591: creating Makefile
config.status:591: creating config.h

## ---------------- ##
## Cache variables. ##
## ---------------- ##

ac_cv_c_compiler_gnu=yes
ac_cv_env_CC_set=
ac_cv_env_CC_value=
ac_cv_env_CFLAGS_set=
ac_cv_env_CFLAGS_value=
ac_cv_env_CPPFLAGS_set=
ac_cv_env_CPPFLAGS_value=
ac_cv_env_CPP_set=
ac_cv_env_CPP_value=
ac_cv_env_LDFLAGS_set=
ac_cv_env_LDFLAGS_value=
ac_cv_env_build_alias_set=
ac_cv_env_build_alias_value=
ac_cv_env_host_alias_set=
ac_cv_env_host_alias_value=
ac_cv_env_lib_dir_suffix_set=
ac_cv_env_lib_dir_suffix_value=
ac_cv_env_sdccconf_h_dir_separator_set=
ac_cv_env_sdccconf_h_dir_separator_value=
ac_cv_env_target_alias_set=
ac_cv_env_target_alias_value=
ac_cv_header_inttypes_h=yes
ac_cv_header_memory_h=yes
ac_cv_header_readline_readline_h=yes
ac_cv_header_stdc=yes
ac_cv_header_stdint_h=yes
ac_cv_header_stdlib_h=yes
ac_cv_header_string_h=yes
ac_cv_header_strings_h=yes
ac_cv_header_sys_socket_h=yes
ac_cv_header_sys_stat_h=yes
ac_cv_header_sys_types_h=yes
ac_cv_header_unistd_h=yes
ac_cv_lib_nsl_xdr_short=no
ac_cv_lib_socket_socket=no
ac_cv_objext=o
ac_cv_path_EGREP='/usr/bin/grep -E'
ac_cv_path_GREP=/usr/bin/grep
ac_cv_path_install='/usr/bin/install -c'
ac_cv_prog_AS=as
ac_cv_prog_AUTOCONF=autoconf
ac_cv_prog_CP=cp
ac_cv_prog_CPP='gcc -E'
ac_cv_prog_STRIP=strip
ac_cv_prog_ac_ct_CC=gcc
ac_cv_prog_ac_ct_RANLIB=ranlib
ac_cv_prog_cc_c89=
ac_cv_prog_cc_g=yes
sdcc_cv_CCggdb=yes
sdcc_cv_CCpipe=yes
sdcc_cv_MM=-MM
wi_cv_lib_readline=yes

## ----------------- ##
## Output variables. ##
## ----------------- ##

AS='as'
AUTOCONF='autoconf'
CC='gcc'
CFLAGS='-pipe -ggdb -g -O2'
CP='cp'
CPP='gcc -E'
CPPFLAGS=''
DEFS='-DHAVE_CONFIG_H'
ECHO_C='ECHO_N=''
ECHO_T=''
EGREP='/usr/bin/grep -E'
EXEEXT=''
GREP='/usr/bin/grep'
INSTALL_DATA='${INSTALL} -m 644'
INSTALL_PROGRAM='${INSTALL}'
INSTALL_SCRIPT='${INSTALL}'
LDFLAGS=''
LIBOBJS=''
LIBREADLINE='-lreadline'
LIBS=''
LTLIBOBJS=''
M_OR_MM='-MM'
OBJEXT='o'
PACKAGE_BUGREPORT=''
PACKAGE_NAME=''
PACKAGE_STRING=''
PACKAGE_TARNAME=''
PACKAGE_VERSION=''
PATH_SEPARATOR=':'
RANLIB='ranlib'
SHELL='/bin/sh'
STRIP='strip'
ac_ct_CC='gcc'
bindir='${exec_prefix}/bin'
build_alias=''
datadir='${datarootdir}'
datarootdir='${prefix}/share'
docdir='${datarootdir}/doc/${PACKAGE}'
dvidir='${docdir}'
exec_prefix='${prefix}'
host_alias=''
htmldir='${docdir}'
includedir='${prefix}/include'
infodir='${datarootdir}/info'
lib_dir_suffix='sdcc/lib'
libdir='${exec_prefix}/lib'
libexecdir='${exec_prefix}/libexec'
localedir='${datarootdir}/locale'
localstatedir='${prefix}/var'
mandir='${datarootdir}/man'
oldincludedir='/usr/include'
pdfdir='${docdir}'
prefix='/usr/local'
program_transform_name='s,x,x,'
psdir='${docdir}'
sbindir='${exec_prefix}/sbin'
sdccconf_h_dir_separator='/'
sharedstatedir='${prefix}/com'
sysconfdir='${prefix}/etc'
target_alias=''

## ----------- ##
## confdefs.h. ##
## ----------- ##

#define PACKAGE_NAME ""
#define PACKAGE_TARNAME ""
#define PACKAGE_VERSION ""
#define PACKAGE_STRING ""
#define PACKAGE_BUGREPORT ""
#define STDC_HEADERS 1
#define HAVE_SYS_TYPES_H 1
#define HAVE_SYS_STAT_H 1
#define HAVE_STDLIB_H 1
#define HAVE_STRING_H 1
#define HAVE_MEMORY_H 1
#define HAVE_STRINGS_H 1
#define HAVE_INTTYPES_H 1
#define HAVE_STDINT_H 1
#define HAVE_UNISTD_H 1
#define HAVE_LIBREADLINE -1
#define HAVE_SYS_SOCKET_H 1
#define DIR_SEPARATOR_STRING "/"
#define DATADIR "/usr/local/share"
#define LIB_DIR_SUFFIX DIR_SEPARATOR_STRING "sdcc/lib"

configure: exit 0
