                              1 ;--------------------------------------------------------
                              2 ; File Created by SDCC : free open source ANSI-C Compiler
                              3 ; Version 2.9.4 #5595 (Oct 23 2013) (Mac OS X ppc)
                              4 ; This file was generated Wed Oct 23 12:26:00 2013
                              5 ;--------------------------------------------------------
                              6 	.module abs
                              7 	.optsdcc -mmcs51 --model-small
                              8 	
                              9 ;--------------------------------------------------------
                             10 ; Public variables in this module
                             11 ;--------------------------------------------------------
                             12 	.globl _abs
                             13 ;--------------------------------------------------------
                             14 ; special function registers
                             15 ;--------------------------------------------------------
                             16 	.area RSEG    (ABS,DATA)
   0000                      17 	.org 0x0000
                             18 ;--------------------------------------------------------
                             19 ; special function bits
                             20 ;--------------------------------------------------------
                             21 	.area RSEG    (ABS,DATA)
   0000                      22 	.org 0x0000
                             23 ;--------------------------------------------------------
                             24 ; overlayable register banks
                             25 ;--------------------------------------------------------
                             26 	.area REG_BANK_0	(REL,OVR,DATA)
   0000                      27 	.ds 8
                             28 ;--------------------------------------------------------
                             29 ; internal ram data
                             30 ;--------------------------------------------------------
                             31 	.area DSEG    (DATA)
                             32 ;--------------------------------------------------------
                             33 ; overlayable items in internal ram 
                             34 ;--------------------------------------------------------
                             35 	.area OSEG    (OVR,DATA)
                             36 ;--------------------------------------------------------
                             37 ; indirectly addressable internal ram data
                             38 ;--------------------------------------------------------
                             39 	.area ISEG    (DATA)
                             40 ;--------------------------------------------------------
                             41 ; absolute internal ram data
                             42 ;--------------------------------------------------------
                             43 	.area IABS    (ABS,DATA)
                             44 	.area IABS    (ABS,DATA)
                             45 ;--------------------------------------------------------
                             46 ; bit data
                             47 ;--------------------------------------------------------
                             48 	.area BSEG    (BIT)
                             49 ;--------------------------------------------------------
                             50 ; paged external ram data
                             51 ;--------------------------------------------------------
                             52 	.area PSEG    (PAG,XDATA)
                             53 ;--------------------------------------------------------
                             54 ; external ram data
                             55 ;--------------------------------------------------------
                             56 	.area XSEG    (XDATA)
                             57 ;--------------------------------------------------------
                             58 ; absolute external ram data
                             59 ;--------------------------------------------------------
                             60 	.area XABS    (ABS,XDATA)
                             61 ;--------------------------------------------------------
                             62 ; external initialized ram data
                             63 ;--------------------------------------------------------
                             64 	.area XISEG   (XDATA)
                             65 	.area HOME    (CODE)
                             66 	.area GSINIT0 (CODE)
                             67 	.area GSINIT1 (CODE)
                             68 	.area GSINIT2 (CODE)
                             69 	.area GSINIT3 (CODE)
                             70 	.area GSINIT4 (CODE)
                             71 	.area GSINIT5 (CODE)
                             72 	.area GSINIT  (CODE)
                             73 	.area GSFINAL (CODE)
                             74 	.area CSEG    (CODE)
                             75 ;--------------------------------------------------------
                             76 ; global & static initialisations
                             77 ;--------------------------------------------------------
                             78 	.area HOME    (CODE)
                             79 	.area GSINIT  (CODE)
                             80 	.area GSFINAL (CODE)
                             81 	.area GSINIT  (CODE)
                             82 ;--------------------------------------------------------
                             83 ; Home
                             84 ;--------------------------------------------------------
                             85 	.area HOME    (CODE)
                             86 	.area HOME    (CODE)
                             87 ;--------------------------------------------------------
                             88 ; code
                             89 ;--------------------------------------------------------
                             90 	.area CSEG    (CODE)
                             91 ;------------------------------------------------------------
                             92 ;Allocation info for local variables in function 'abs'
                             93 ;------------------------------------------------------------
                             94 ;j                         Allocated to registers r2 r3 
                             95 ;------------------------------------------------------------
                             96 ;	abs.c:23: int abs(int j)
                             97 ;	-----------------------------------------
                             98 ;	 function abs
                             99 ;	-----------------------------------------
   0000                     100 _abs:
                    0002    101 	ar2 = 0x02
                    0003    102 	ar3 = 0x03
                    0004    103 	ar4 = 0x04
                    0005    104 	ar5 = 0x05
                    0006    105 	ar6 = 0x06
                    0007    106 	ar7 = 0x07
                    0000    107 	ar0 = 0x00
                    0001    108 	ar1 = 0x01
   0000 AA 82               109 	mov	r2,dpl
                            110 ;	abs.c:25: return (j >= 0) ? j : -j;
   0002 E5 83               111 	mov	a,dph
   0004 FB                  112 	mov	r3,a
   0005 33                  113 	rlc	a
   0006 B3                  114 	cpl	c
   0007 E4                  115 	clr	a
   0008 33                  116 	rlc	a
   0009 FC                  117 	mov	r4,a
   000A 60 06               118 	jz	00103$
   000C 8A 04               119 	mov	ar4,r2
   000E 8B 05               120 	mov	ar5,r3
   0010 80 07               121 	sjmp	00104$
   0012                     122 00103$:
   0012 C3                  123 	clr	c
   0013 E4                  124 	clr	a
   0014 9A                  125 	subb	a,r2
   0015 FC                  126 	mov	r4,a
   0016 E4                  127 	clr	a
   0017 9B                  128 	subb	a,r3
   0018 FD                  129 	mov	r5,a
   0019                     130 00104$:
   0019 8C 82               131 	mov	dpl,r4
   001B 8D 83               132 	mov	dph,r5
   001D 22                  133 	ret
                            134 	.area CSEG    (CODE)
                            135 	.area CONST   (CODE)
                            136 	.area XINIT   (CODE)
                            137 	.area CABS    (ABS,CODE)
