                              1 ;--------------------------------------------------------
                              2 ; File Created by SDCC : free open source ANSI-C Compiler
                              3 ; Version 2.9.4 #5595 (Oct 23 2013) (Mac OS X ppc)
                              4 ; This file was generated Wed Oct 23 12:25:47 2013
                              5 ;--------------------------------------------------------
                              6 	.module _logexpf
                              7 	.optsdcc -mmcs51 --model-medium
                              8 	
                              9 ;--------------------------------------------------------
                             10 ; Public variables in this module
                             11 ;--------------------------------------------------------
                             12 	.globl __fs_natural_log_table
                             13 	.globl __fs_cordic_rshift_r765_unsigned
                             14 ;--------------------------------------------------------
                             15 ; special function registers
                             16 ;--------------------------------------------------------
                             17 	.area RSEG    (ABS,DATA)
   0000                      18 	.org 0x0000
                             19 ;--------------------------------------------------------
                             20 ; special function bits
                             21 ;--------------------------------------------------------
                             22 	.area RSEG    (ABS,DATA)
   0000                      23 	.org 0x0000
                             24 ;--------------------------------------------------------
                             25 ; overlayable register banks
                             26 ;--------------------------------------------------------
                             27 	.area REG_BANK_0	(REL,OVR,DATA)
   0000                      28 	.ds 8
                             29 ;--------------------------------------------------------
                             30 ; internal ram data
                             31 ;--------------------------------------------------------
                             32 	.area DSEG    (DATA)
                             33 ;--------------------------------------------------------
                             34 ; overlayable items in internal ram 
                             35 ;--------------------------------------------------------
                             36 	.area OSEG    (OVR,DATA)
                             37 ;--------------------------------------------------------
                             38 ; indirectly addressable internal ram data
                             39 ;--------------------------------------------------------
                             40 	.area ISEG    (DATA)
                             41 ;--------------------------------------------------------
                             42 ; absolute internal ram data
                             43 ;--------------------------------------------------------
                             44 	.area IABS    (ABS,DATA)
                             45 	.area IABS    (ABS,DATA)
                             46 ;--------------------------------------------------------
                             47 ; bit data
                             48 ;--------------------------------------------------------
                             49 	.area BSEG    (BIT)
                             50 ;--------------------------------------------------------
                             51 ; paged external ram data
                             52 ;--------------------------------------------------------
                             53 	.area PSEG    (PAG,XDATA)
                             54 ;--------------------------------------------------------
                             55 ; external ram data
                             56 ;--------------------------------------------------------
                             57 	.area XSEG    (XDATA)
                             58 ;--------------------------------------------------------
                             59 ; absolute external ram data
                             60 ;--------------------------------------------------------
                             61 	.area XABS    (ABS,XDATA)
                             62 ;--------------------------------------------------------
                             63 ; external initialized ram data
                             64 ;--------------------------------------------------------
                             65 	.area XISEG   (XDATA)
                             66 	.area HOME    (CODE)
                             67 	.area GSINIT0 (CODE)
                             68 	.area GSINIT1 (CODE)
                             69 	.area GSINIT2 (CODE)
                             70 	.area GSINIT3 (CODE)
                             71 	.area GSINIT4 (CODE)
                             72 	.area GSINIT5 (CODE)
                             73 	.area GSINIT  (CODE)
                             74 	.area GSFINAL (CODE)
                             75 	.area CSEG    (CODE)
                             76 ;--------------------------------------------------------
                             77 ; global & static initialisations
                             78 ;--------------------------------------------------------
                             79 	.area HOME    (CODE)
                             80 	.area GSINIT  (CODE)
                             81 	.area GSFINAL (CODE)
                             82 	.area GSINIT  (CODE)
                             83 ;--------------------------------------------------------
                             84 ; Home
                             85 ;--------------------------------------------------------
                             86 	.area HOME    (CODE)
                             87 	.area HOME    (CODE)
                             88 ;--------------------------------------------------------
                             89 ; code
                             90 ;--------------------------------------------------------
                             91 	.area CSEG    (CODE)
                             92 ;------------------------------------------------------------
                             93 ;Allocation info for local variables in function '_fs_cordic_rshift_r765_unsigned'
                             94 ;------------------------------------------------------------
                             95 ;------------------------------------------------------------
                             96 ;	_logexpf.c:11: void _fs_cordic_rshift_r765_unsigned(void)
                             97 ;	-----------------------------------------
                             98 ;	 function _fs_cordic_rshift_r765_unsigned
                             99 ;	-----------------------------------------
   0000                     100 __fs_cordic_rshift_r765_unsigned:
                    0002    101 	ar2 = 0x02
                    0003    102 	ar3 = 0x03
                    0004    103 	ar4 = 0x04
                    0005    104 	ar5 = 0x05
                    0006    105 	ar6 = 0x06
                    0007    106 	ar7 = 0x07
                    0000    107 	ar0 = 0x00
                    0001    108 	ar1 = 0x01
                            109 ;	_logexpf.c:55: __endasm;
                            110 	
   0000 24 F8               111 	 add a, #248
   0002 50 22               112 	 jnc 00003$
   0004 8D F0               113 	 mov b, r5
   0006 AD 06               114 	 mov r5, ar6
   0008 AE 07               115 	 mov r6, ar7
   000A 7F 00               116 	 mov r7, #0
   000C 24 F8               117 	 add a, #248
   000E 50 16               118 	 jnc 00003$
   0010 8D F0               119 	 mov b, r5
   0012 AD 06               120 	 mov r5, ar6
   0014 7E 00               121 	 mov r6, #0
   0016 24 F8               122 	 add a, #248
   0018 50 0C               123 	 jnc 00003$
   001A 8D F0               124 	 mov b, r5
   001C 7D 00               125 	 mov r5, #0
   001E 24 F8               126 	 add a, #248
   0020 50 04               127 	 jnc 00003$
   0022 75 F0 00            128 	 mov b, #0
   0025 22                  129 	 ret
   0026                     130 	00003$:
   0026 24 08               131 	 add a, #8
   0028 60 16               132 	 jz 00030$
   002A C0 00               133 	 push ar0
   002C F8                  134 	 mov r0, a
   002D                     135 	00010$:
   002D C3                  136 	 clr c
   002E EF                  137 	 mov a, r7
   002F 13                  138 	 rrc a
   0030 FF                  139 	 mov r7, a
   0031 EE                  140 	 mov a, r6
   0032 13                  141 	 rrc a
   0033 FE                  142 	 mov r6, a
   0034 ED                  143 	 mov a, r5
   0035 13                  144 	 rrc a
   0036 FD                  145 	 mov r5, a
   0037 E5 F0               146 	 mov a, b
   0039 13                  147 	 rrc a
   003A F5 F0               148 	 mov b, a
   003C D8 EF               149 	 djnz r0, 00010$
   003E D0 00               150 	 pop ar0
   0040                     151 	00030$:
                            152 	 
   0040 22                  153 	ret
                            154 	.area CSEG    (CODE)
                            155 	.area CONST   (CODE)
   0000                     156 __fs_natural_log_table:
   0000 FF                  157 	.db #0xFF	; 255
   0001 42                  158 	.db #0x42	; 66	B
   0002 2E                  159 	.db #0x2E	; 46
   0003 16                  160 	.db #0x16	; 22
   0004 F6                  161 	.db #0xF6	; 246
   0005 91                  162 	.db #0x91	; 145
   0006 F9                  163 	.db #0xF9	; 249
   0007 0C                  164 	.db #0x0C	; 12
   0008 F2                  165 	.db #0xF2	; 242
   0009 FD                  166 	.db #0xFD	; 253
   000A 23                  167 	.db #0x23	; 35
   000B 07                  168 	.db #0x07	; 7
   000C EE                  169 	.db #0xEE	; 238
   000D E0                  170 	.db #0xE0	; 224
   000E C4                  171 	.db #0xC4	; 196
   000F 03                  172 	.db #0x03	; 3
   0010 0C                  173 	.db #0x0C	; 12
   0011 A3                  174 	.db #0xA3	; 163
   0012 F0                  175 	.db #0xF0	; 240
   0013 01                  176 	.db #0x01	; 1
   0014 D8                  177 	.db #0xD8	; 216
   0015 14                  178 	.db #0x14	; 20
   0016 FC                  179 	.db #0xFC	; 252
   0017 00                  180 	.db #0x00	; 0
   0018 A3                  181 	.db #0xA3	; 163
   0019 02                  182 	.db #0x02	; 2
   001A 7F                  183 	.db #0x7F	; 127
   001B 00                  184 	.db #0x00	; 0
   001C 55                  185 	.db #0x55	; 85	U
   001D C0                  186 	.db #0xC0	; 192
   001E 3F                  187 	.db #0x3F	; 63
   001F 00                  188 	.db #0x00	; 0
   0020 0B                  189 	.db #0x0B	; 11
   0021 F0                  190 	.db #0xF0	; 240
   0022 1F                  191 	.db #0x1F	; 31
   0023 00                  192 	.db #0x00	; 0
   0024 01                  193 	.db #0x01	; 1
   0025 FC                  194 	.db #0xFC	; 252
   0026 0F                  195 	.db #0x0F	; 15
   0027 00                  196 	.db #0x00	; 0
   0028 00                  197 	.db #0x00	; 0
   0029 FF                  198 	.db #0xFF	; 255
   002A 07                  199 	.db #0x07	; 7
   002B 00                  200 	.db #0x00	; 0
   002C C0                  201 	.db #0xC0	; 192
   002D FF                  202 	.db #0xFF	; 255
   002E 03                  203 	.db #0x03	; 3
   002F 00                  204 	.db #0x00	; 0
   0030 F0                  205 	.db #0xF0	; 240
   0031 FF                  206 	.db #0xFF	; 255
   0032 01                  207 	.db #0x01	; 1
   0033 00                  208 	.db #0x00	; 0
   0034 FC                  209 	.db #0xFC	; 252
   0035 FF                  210 	.db #0xFF	; 255
   0036 00                  211 	.db #0x00	; 0
   0037 00                  212 	.db #0x00	; 0
   0038 FF                  213 	.db #0xFF	; 255
   0039 7F                  214 	.db #0x7F	; 127
   003A 00                  215 	.db #0x00	; 0
   003B 00                  216 	.db #0x00	; 0
   003C 00                  217 	.db #0x00	; 0
   003D 40                  218 	.db #0x40	; 64
   003E 00                  219 	.db #0x00	; 0
   003F 00                  220 	.db #0x00	; 0
   0040 00                  221 	.db #0x00	; 0
   0041 20                  222 	.db #0x20	; 32
   0042 00                  223 	.db #0x00	; 0
   0043 00                  224 	.db #0x00	; 0
   0044 00                  225 	.db #0x00	; 0
   0045 10                  226 	.db #0x10	; 16
   0046 00                  227 	.db #0x00	; 0
   0047 00                  228 	.db #0x00	; 0
   0048 00                  229 	.db #0x00	; 0
   0049 08                  230 	.db #0x08	; 8
   004A 00                  231 	.db #0x00	; 0
   004B 00                  232 	.db #0x00	; 0
   004C 00                  233 	.db #0x00	; 0
   004D 04                  234 	.db #0x04	; 4
   004E 00                  235 	.db #0x00	; 0
   004F 00                  236 	.db #0x00	; 0
   0050 00                  237 	.db #0x00	; 0
   0051 02                  238 	.db #0x02	; 2
   0052 00                  239 	.db #0x00	; 0
   0053 00                  240 	.db #0x00	; 0
   0054 00                  241 	.db #0x00	; 0
   0055 01                  242 	.db #0x01	; 1
   0056 00                  243 	.db #0x00	; 0
   0057 00                  244 	.db #0x00	; 0
   0058 80                  245 	.db #0x80	; 128
   0059 00                  246 	.db #0x00	; 0
   005A 00                  247 	.db #0x00	; 0
   005B 00                  248 	.db #0x00	; 0
   005C 40                  249 	.db #0x40	; 64
   005D 00                  250 	.db #0x00	; 0
   005E 00                  251 	.db #0x00	; 0
   005F 00                  252 	.db #0x00	; 0
   0060 20                  253 	.db #0x20	; 32
   0061 00                  254 	.db #0x00	; 0
   0062 00                  255 	.db #0x00	; 0
   0063 00                  256 	.db #0x00	; 0
   0064 10                  257 	.db #0x10	; 16
   0065 00                  258 	.db #0x00	; 0
   0066 00                  259 	.db #0x00	; 0
   0067 00                  260 	.db #0x00	; 0
   0068 08                  261 	.db #0x08	; 8
   0069 00                  262 	.db #0x00	; 0
   006A 00                  263 	.db #0x00	; 0
   006B 00                  264 	.db #0x00	; 0
   006C 04                  265 	.db #0x04	; 4
   006D 00                  266 	.db #0x00	; 0
   006E 00                  267 	.db #0x00	; 0
   006F 00                  268 	.db #0x00	; 0
   0070 02                  269 	.db #0x02	; 2
   0071 00                  270 	.db #0x00	; 0
   0072 00                  271 	.db #0x00	; 0
   0073 00                  272 	.db #0x00	; 0
   0074 01                  273 	.db #0x01	; 1
   0075 00                  274 	.db #0x00	; 0
   0076 00                  275 	.db #0x00	; 0
   0077 00                  276 	.db #0x00	; 0
                            277 	.area XINIT   (CODE)
                            278 	.area CABS    (ABS,CODE)
