                              1 ;--------------------------------------------------------
                              2 ; File Created by SDCC : free open source ANSI-C Compiler
                              3 ; Version 2.9.4 #5595 (Oct 23 2013) (Mac OS X ppc)
                              4 ; This file was generated Wed Oct 23 12:25:48 2013
                              5 ;--------------------------------------------------------
                              6 	.module labs
                              7 	.optsdcc -mmcs51 --model-medium
                              8 	
                              9 ;--------------------------------------------------------
                             10 ; Public variables in this module
                             11 ;--------------------------------------------------------
                             12 	.globl _labs
                             13 ;--------------------------------------------------------
                             14 ; special function registers
                             15 ;--------------------------------------------------------
                             16 	.area RSEG    (ABS,DATA)
   0000                      17 	.org 0x0000
                             18 ;--------------------------------------------------------
                             19 ; special function bits
                             20 ;--------------------------------------------------------
                             21 	.area RSEG    (ABS,DATA)
   0000                      22 	.org 0x0000
                             23 ;--------------------------------------------------------
                             24 ; overlayable register banks
                             25 ;--------------------------------------------------------
                             26 	.area REG_BANK_0	(REL,OVR,DATA)
   0000                      27 	.ds 8
                             28 ;--------------------------------------------------------
                             29 ; internal ram data
                             30 ;--------------------------------------------------------
                             31 	.area DSEG    (DATA)
                             32 ;--------------------------------------------------------
                             33 ; overlayable items in internal ram 
                             34 ;--------------------------------------------------------
                             35 	.area OSEG    (OVR,DATA)
                             36 ;--------------------------------------------------------
                             37 ; indirectly addressable internal ram data
                             38 ;--------------------------------------------------------
                             39 	.area ISEG    (DATA)
                             40 ;--------------------------------------------------------
                             41 ; absolute internal ram data
                             42 ;--------------------------------------------------------
                             43 	.area IABS    (ABS,DATA)
                             44 	.area IABS    (ABS,DATA)
                             45 ;--------------------------------------------------------
                             46 ; bit data
                             47 ;--------------------------------------------------------
                             48 	.area BSEG    (BIT)
                             49 ;--------------------------------------------------------
                             50 ; paged external ram data
                             51 ;--------------------------------------------------------
                             52 	.area PSEG    (PAG,XDATA)
                             53 ;--------------------------------------------------------
                             54 ; external ram data
                             55 ;--------------------------------------------------------
                             56 	.area XSEG    (XDATA)
                             57 ;--------------------------------------------------------
                             58 ; absolute external ram data
                             59 ;--------------------------------------------------------
                             60 	.area XABS    (ABS,XDATA)
                             61 ;--------------------------------------------------------
                             62 ; external initialized ram data
                             63 ;--------------------------------------------------------
                             64 	.area XISEG   (XDATA)
                             65 	.area HOME    (CODE)
                             66 	.area GSINIT0 (CODE)
                             67 	.area GSINIT1 (CODE)
                             68 	.area GSINIT2 (CODE)
                             69 	.area GSINIT3 (CODE)
                             70 	.area GSINIT4 (CODE)
                             71 	.area GSINIT5 (CODE)
                             72 	.area GSINIT  (CODE)
                             73 	.area GSFINAL (CODE)
                             74 	.area CSEG    (CODE)
                             75 ;--------------------------------------------------------
                             76 ; global & static initialisations
                             77 ;--------------------------------------------------------
                             78 	.area HOME    (CODE)
                             79 	.area GSINIT  (CODE)
                             80 	.area GSFINAL (CODE)
                             81 	.area GSINIT  (CODE)
                             82 ;--------------------------------------------------------
                             83 ; Home
                             84 ;--------------------------------------------------------
                             85 	.area HOME    (CODE)
                             86 	.area HOME    (CODE)
                             87 ;--------------------------------------------------------
                             88 ; code
                             89 ;--------------------------------------------------------
                             90 	.area CSEG    (CODE)
                             91 ;------------------------------------------------------------
                             92 ;Allocation info for local variables in function 'labs'
                             93 ;------------------------------------------------------------
                             94 ;------------------------------------------------------------
                             95 ;	labs.c:23: long int labs(long int j)
                             96 ;	-----------------------------------------
                             97 ;	 function labs
                             98 ;	-----------------------------------------
   0000                      99 _labs:
                    0002    100 	ar2 = 0x02
                    0003    101 	ar3 = 0x03
                    0004    102 	ar4 = 0x04
                    0005    103 	ar5 = 0x05
                    0006    104 	ar6 = 0x06
                    0007    105 	ar7 = 0x07
                    0000    106 	ar0 = 0x00
                    0001    107 	ar1 = 0x01
   0000 AA 82               108 	mov	r2,dpl
   0002 AB 83               109 	mov	r3,dph
   0004 AC F0               110 	mov	r4,b
                            111 ;	labs.c:25: return (j >= 0) ? j : -j;
   0006 FD                  112 	mov	r5,a
   0007 33                  113 	rlc	a
   0008 B3                  114 	cpl	c
   0009 E4                  115 	clr	a
   000A 33                  116 	rlc	a
   000B FE                  117 	mov	r6,a
   000C 60 0A               118 	jz	00103$
   000E 8A 06               119 	mov	ar6,r2
   0010 8B 07               120 	mov	ar7,r3
   0012 8C 00               121 	mov	ar0,r4
   0014 8D 01               122 	mov	ar1,r5
   0016 80 0D               123 	sjmp	00104$
   0018                     124 00103$:
   0018 C3                  125 	clr	c
   0019 E4                  126 	clr	a
   001A 9A                  127 	subb	a,r2
   001B FE                  128 	mov	r6,a
   001C E4                  129 	clr	a
   001D 9B                  130 	subb	a,r3
   001E FF                  131 	mov	r7,a
   001F E4                  132 	clr	a
   0020 9C                  133 	subb	a,r4
   0021 F8                  134 	mov	r0,a
   0022 E4                  135 	clr	a
   0023 9D                  136 	subb	a,r5
   0024 F9                  137 	mov	r1,a
   0025                     138 00104$:
   0025 8E 82               139 	mov	dpl,r6
   0027 8F 83               140 	mov	dph,r7
   0029 88 F0               141 	mov	b,r0
   002B E9                  142 	mov	a,r1
   002C 22                  143 	ret
                            144 	.area CSEG    (CODE)
                            145 	.area CONST   (CODE)
                            146 	.area XINIT   (CODE)
                            147 	.area CABS    (ABS,CODE)
