                              1 ;--------------------------------------------------------
                              2 ; File Created by SDCC : free open source ANSI-C Compiler
                              3 ; Version 2.9.4 #5595 (Oct 23 2013) (Mac OS X ppc)
                              4 ; This file was generated Wed Oct 23 12:25:46 2013
                              5 ;--------------------------------------------------------
                              6 	.module tancotf
                              7 	.optsdcc -mmcs51 --model-medium
                              8 	
                              9 ;--------------------------------------------------------
                             10 ; Public variables in this module
                             11 ;--------------------------------------------------------
                             12 	.globl _tancotf
                             13 	.globl _tancotf_PARM_2
                             14 ;--------------------------------------------------------
                             15 ; special function registers
                             16 ;--------------------------------------------------------
                             17 	.area RSEG    (ABS,DATA)
   0000                      18 	.org 0x0000
                             19 ;--------------------------------------------------------
                             20 ; special function bits
                             21 ;--------------------------------------------------------
                             22 	.area RSEG    (ABS,DATA)
   0000                      23 	.org 0x0000
                             24 ;--------------------------------------------------------
                             25 ; overlayable register banks
                             26 ;--------------------------------------------------------
                             27 	.area REG_BANK_0	(REL,OVR,DATA)
   0000                      28 	.ds 8
                             29 ;--------------------------------------------------------
                             30 ; internal ram data
                             31 ;--------------------------------------------------------
                             32 	.area DSEG    (DATA)
   0000                      33 _tancotf_sloc0_1_0:
   0000                      34 	.ds 4
                             35 ;--------------------------------------------------------
                             36 ; overlayable items in internal ram 
                             37 ;--------------------------------------------------------
                             38 	.area OSEG    (OVR,DATA)
                             39 ;--------------------------------------------------------
                             40 ; indirectly addressable internal ram data
                             41 ;--------------------------------------------------------
                             42 	.area ISEG    (DATA)
                             43 ;--------------------------------------------------------
                             44 ; absolute internal ram data
                             45 ;--------------------------------------------------------
                             46 	.area IABS    (ABS,DATA)
                             47 	.area IABS    (ABS,DATA)
                             48 ;--------------------------------------------------------
                             49 ; bit data
                             50 ;--------------------------------------------------------
                             51 	.area BSEG    (BIT)
                             52 ;--------------------------------------------------------
                             53 ; paged external ram data
                             54 ;--------------------------------------------------------
                             55 	.area PSEG    (PAG,XDATA)
   0000                      56 _tancotf_PARM_2:
   0000                      57 	.ds 2
   0002                      58 _tancotf_x_1_1:
   0002                      59 	.ds 4
   0006                      60 _tancotf_f_1_1:
   0006                      61 	.ds 4
   000A                      62 _tancotf_g_1_1:
   000A                      63 	.ds 4
   000E                      64 _tancotf_xn_1_1:
   000E                      65 	.ds 4
   0012                      66 _tancotf_xnum_1_1:
   0012                      67 	.ds 4
   0016                      68 _tancotf_xden_1_1:
   0016                      69 	.ds 4
   001A                      70 _tancotf_n_1_1:
   001A                      71 	.ds 2
                             72 ;--------------------------------------------------------
                             73 ; external ram data
                             74 ;--------------------------------------------------------
                             75 	.area XSEG    (XDATA)
                             76 ;--------------------------------------------------------
                             77 ; absolute external ram data
                             78 ;--------------------------------------------------------
                             79 	.area XABS    (ABS,XDATA)
                             80 ;--------------------------------------------------------
                             81 ; external initialized ram data
                             82 ;--------------------------------------------------------
                             83 	.area XISEG   (XDATA)
                             84 	.area HOME    (CODE)
                             85 	.area GSINIT0 (CODE)
                             86 	.area GSINIT1 (CODE)
                             87 	.area GSINIT2 (CODE)
                             88 	.area GSINIT3 (CODE)
                             89 	.area GSINIT4 (CODE)
                             90 	.area GSINIT5 (CODE)
                             91 	.area GSINIT  (CODE)
                             92 	.area GSFINAL (CODE)
                             93 	.area CSEG    (CODE)
                             94 ;--------------------------------------------------------
                             95 ; global & static initialisations
                             96 ;--------------------------------------------------------
                             97 	.area HOME    (CODE)
                             98 	.area GSINIT  (CODE)
                             99 	.area GSFINAL (CODE)
                            100 	.area GSINIT  (CODE)
                            101 ;--------------------------------------------------------
                            102 ; Home
                            103 ;--------------------------------------------------------
                            104 	.area HOME    (CODE)
                            105 	.area HOME    (CODE)
                            106 ;--------------------------------------------------------
                            107 ; code
                            108 ;--------------------------------------------------------
                            109 	.area CSEG    (CODE)
                            110 ;------------------------------------------------------------
                            111 ;Allocation info for local variables in function 'tancotf'
                            112 ;------------------------------------------------------------
                            113 ;sloc0                     Allocated with name '_tancotf_sloc0_1_0'
                            114 ;------------------------------------------------------------
                            115 ;	tancotf.c:42: float tancotf(const float x, const int iscotan)
                            116 ;	-----------------------------------------
                            117 ;	 function tancotf
                            118 ;	-----------------------------------------
   0000                     119 _tancotf:
                    0002    120 	ar2 = 0x02
                    0003    121 	ar3 = 0x03
                    0004    122 	ar4 = 0x04
                    0005    123 	ar5 = 0x05
                    0006    124 	ar6 = 0x06
                    0007    125 	ar7 = 0x07
                    0000    126 	ar0 = 0x00
                    0001    127 	ar1 = 0x01
   0000 AA 82               128 	mov	r2,dpl
   0002 AB 83               129 	mov	r3,dph
   0004 AC F0               130 	mov	r4,b
   0006 FD                  131 	mov	r5,a
   0007 78r02               132 	mov	r0,#_tancotf_x_1_1
   0009 EA                  133 	mov	a,r2
   000A F2                  134 	movx	@r0,a
   000B 08                  135 	inc	r0
   000C EB                  136 	mov	a,r3
   000D F2                  137 	movx	@r0,a
   000E 08                  138 	inc	r0
   000F EC                  139 	mov	a,r4
   0010 F2                  140 	movx	@r0,a
   0011 08                  141 	inc	r0
   0012 ED                  142 	mov	a,r5
   0013 F2                  143 	movx	@r0,a
                            144 ;	tancotf.c:47: if (fabsf(x) > YMAX)
   0014 78r02               145 	mov	r0,#_tancotf_x_1_1
   0016 E2                  146 	movx	a,@r0
   0017 F5 82               147 	mov	dpl,a
   0019 08                  148 	inc	r0
   001A E2                  149 	movx	a,@r0
   001B F5 83               150 	mov	dph,a
   001D 08                  151 	inc	r0
   001E E2                  152 	movx	a,@r0
   001F F5 F0               153 	mov	b,a
   0021 08                  154 	inc	r0
   0022 E2                  155 	movx	a,@r0
   0023 12s00r00            156 	lcall	_fabsf
   0026 AE 82               157 	mov	r6,dpl
   0028 AF 83               158 	mov	r7,dph
   002A AA F0               159 	mov	r2,b
   002C FB                  160 	mov	r3,a
   002D E4                  161 	clr	a
   002E C0 E0               162 	push	acc
   0030 74 08               163 	mov	a,#0x08
   0032 C0 E0               164 	push	acc
   0034 74 C9               165 	mov	a,#0xC9
   0036 C0 E0               166 	push	acc
   0038 74 45               167 	mov	a,#0x45
   003A C0 E0               168 	push	acc
   003C 8E 82               169 	mov	dpl,r6
   003E 8F 83               170 	mov	dph,r7
   0040 8A F0               171 	mov	b,r2
   0042 EB                  172 	mov	a,r3
   0043 12s00r00            173 	lcall	___fsgt
   0046 AA 82               174 	mov	r2,dpl
   0048 E5 81               175 	mov	a,sp
   004A 24 FC               176 	add	a,#0xfc
   004C F5 81               177 	mov	sp,a
   004E EA                  178 	mov	a,r2
   004F 60 0F               179 	jz	00102$
                            180 ;	tancotf.c:49: errno = ERANGE;
   0051 78r00               181 	mov	r0,#_errno
   0053 74 22               182 	mov	a,#0x22
   0055 F2                  183 	movx	@r0,a
   0056 E4                  184 	clr	a
   0057 08                  185 	inc	r0
   0058 F2                  186 	movx	@r0,a
                            187 ;	tancotf.c:50: return 0.0;
   0059 90 00 00            188 	mov	dptr,#(0x00&0x00ff)
   005C E4                  189 	clr	a
   005D F5 F0               190 	mov	b,a
   005F 22                  191 	ret
   0060                     192 00102$:
                            193 ;	tancotf.c:54: n=(x*TWO_O_PI+(x>0.0?0.5:-0.5)); /*works for +-x*/
   0060 78r02               194 	mov	r0,#_tancotf_x_1_1
   0062 E2                  195 	movx	a,@r0
   0063 C0 E0               196 	push	acc
   0065 08                  197 	inc	r0
   0066 E2                  198 	movx	a,@r0
   0067 C0 E0               199 	push	acc
   0069 08                  200 	inc	r0
   006A E2                  201 	movx	a,@r0
   006B C0 E0               202 	push	acc
   006D 08                  203 	inc	r0
   006E E2                  204 	movx	a,@r0
   006F C0 E0               205 	push	acc
   0071 90 F9 83            206 	mov	dptr,#0xF983
   0074 75 F0 22            207 	mov	b,#0x22
   0077 74 3F               208 	mov	a,#0x3F
   0079 12s00r00            209 	lcall	___fsmul
   007C AA 82               210 	mov	r2,dpl
   007E AB 83               211 	mov	r3,dph
   0080 AC F0               212 	mov	r4,b
   0082 FD                  213 	mov	r5,a
   0083 E5 81               214 	mov	a,sp
   0085 24 FC               215 	add	a,#0xfc
   0087 F5 81               216 	mov	sp,a
   0089 C0 02               217 	push	ar2
   008B C0 03               218 	push	ar3
   008D C0 04               219 	push	ar4
   008F C0 05               220 	push	ar5
   0091 E4                  221 	clr	a
   0092 C0 E0               222 	push	acc
   0094 C0 E0               223 	push	acc
   0096 C0 E0               224 	push	acc
   0098 C0 E0               225 	push	acc
   009A 78r02               226 	mov	r0,#_tancotf_x_1_1
   009C E2                  227 	movx	a,@r0
   009D F5 82               228 	mov	dpl,a
   009F 08                  229 	inc	r0
   00A0 E2                  230 	movx	a,@r0
   00A1 F5 83               231 	mov	dph,a
   00A3 08                  232 	inc	r0
   00A4 E2                  233 	movx	a,@r0
   00A5 F5 F0               234 	mov	b,a
   00A7 08                  235 	inc	r0
   00A8 E2                  236 	movx	a,@r0
   00A9 12s00r00            237 	lcall	___fsgt
   00AC AE 82               238 	mov	r6,dpl
   00AE E5 81               239 	mov	a,sp
   00B0 24 FC               240 	add	a,#0xfc
   00B2 F5 81               241 	mov	sp,a
   00B4 D0 05               242 	pop	ar5
   00B6 D0 04               243 	pop	ar4
   00B8 D0 03               244 	pop	ar3
   00BA D0 02               245 	pop	ar2
   00BC EE                  246 	mov	a,r6
   00BD 60 0E               247 	jz	00117$
   00BF 75*00 00            248 	mov	_tancotf_sloc0_1_0,#0x00
   00C2 75*01 00            249 	mov	(_tancotf_sloc0_1_0 + 1),#0x00
   00C5 75*02 00            250 	mov	(_tancotf_sloc0_1_0 + 2),#0x00
   00C8 75*03 3F            251 	mov	(_tancotf_sloc0_1_0 + 3),#0x3F
   00CB 80 0C               252 	sjmp	00118$
   00CD                     253 00117$:
   00CD 75*00 00            254 	mov	_tancotf_sloc0_1_0,#0x00
   00D0 75*01 00            255 	mov	(_tancotf_sloc0_1_0 + 1),#0x00
   00D3 75*02 00            256 	mov	(_tancotf_sloc0_1_0 + 2),#0x00
   00D6 75*03 BF            257 	mov	(_tancotf_sloc0_1_0 + 3),#0xBF
   00D9                     258 00118$:
   00D9 C0*00               259 	push	_tancotf_sloc0_1_0
   00DB C0*01               260 	push	(_tancotf_sloc0_1_0 + 1)
   00DD C0*02               261 	push	(_tancotf_sloc0_1_0 + 2)
   00DF C0*03               262 	push	(_tancotf_sloc0_1_0 + 3)
   00E1 8A 82               263 	mov	dpl,r2
   00E3 8B 83               264 	mov	dph,r3
   00E5 8C F0               265 	mov	b,r4
   00E7 ED                  266 	mov	a,r5
   00E8 12s00r00            267 	lcall	___fsadd
   00EB AA 82               268 	mov	r2,dpl
   00ED AB 83               269 	mov	r3,dph
   00EF AC F0               270 	mov	r4,b
   00F1 FD                  271 	mov	r5,a
   00F2 E5 81               272 	mov	a,sp
   00F4 24 FC               273 	add	a,#0xfc
   00F6 F5 81               274 	mov	sp,a
   00F8 8A 82               275 	mov	dpl,r2
   00FA 8B 83               276 	mov	dph,r3
   00FC 8C F0               277 	mov	b,r4
   00FE ED                  278 	mov	a,r5
   00FF 12s00r00            279 	lcall	___fs2sint
   0102 78r1A               280 	mov	r0,#_tancotf_n_1_1
   0104 E5 82               281 	mov	a,dpl
   0106 F2                  282 	movx	@r0,a
   0107 08                  283 	inc	r0
   0108 E5 83               284 	mov	a,dph
   010A F2                  285 	movx	@r0,a
                            286 ;	tancotf.c:55: xn=n;
   010B 78r1A               287 	mov	r0,#_tancotf_n_1_1
   010D E2                  288 	movx	a,@r0
   010E F5 82               289 	mov	dpl,a
   0110 08                  290 	inc	r0
   0111 E2                  291 	movx	a,@r0
   0112 F5 83               292 	mov	dph,a
   0114 12s00r00            293 	lcall	___sint2fs
   0117 78r0E               294 	mov	r0,#_tancotf_xn_1_1
   0119 C0 E0               295 	push	acc
   011B E5 82               296 	mov	a,dpl
   011D F2                  297 	movx	@r0,a
   011E 08                  298 	inc	r0
   011F E5 83               299 	mov	a,dph
   0121 F2                  300 	movx	@r0,a
   0122 08                  301 	inc	r0
   0123 E5 F0               302 	mov	a,b
   0125 F2                  303 	movx	@r0,a
   0126 D0 E0               304 	pop	acc
   0128 08                  305 	inc	r0
   0129 F2                  306 	movx	@r0,a
                            307 ;	tancotf.c:57: xnum=(int)x;
   012A 78r02               308 	mov	r0,#_tancotf_x_1_1
   012C E2                  309 	movx	a,@r0
   012D F5 82               310 	mov	dpl,a
   012F 08                  311 	inc	r0
   0130 E2                  312 	movx	a,@r0
   0131 F5 83               313 	mov	dph,a
   0133 08                  314 	inc	r0
   0134 E2                  315 	movx	a,@r0
   0135 F5 F0               316 	mov	b,a
   0137 08                  317 	inc	r0
   0138 E2                  318 	movx	a,@r0
   0139 12s00r00            319 	lcall	___fs2sint
   013C 12s00r00            320 	lcall	___sint2fs
   013F 78r12               321 	mov	r0,#_tancotf_xnum_1_1
   0141 C0 E0               322 	push	acc
   0143 E5 82               323 	mov	a,dpl
   0145 F2                  324 	movx	@r0,a
   0146 08                  325 	inc	r0
   0147 E5 83               326 	mov	a,dph
   0149 F2                  327 	movx	@r0,a
   014A 08                  328 	inc	r0
   014B E5 F0               329 	mov	a,b
   014D F2                  330 	movx	@r0,a
   014E D0 E0               331 	pop	acc
   0150 08                  332 	inc	r0
   0151 F2                  333 	movx	@r0,a
                            334 ;	tancotf.c:58: xden=x-xnum;
   0152 78r12               335 	mov	r0,#_tancotf_xnum_1_1
   0154 E2                  336 	movx	a,@r0
   0155 C0 E0               337 	push	acc
   0157 08                  338 	inc	r0
   0158 E2                  339 	movx	a,@r0
   0159 C0 E0               340 	push	acc
   015B 08                  341 	inc	r0
   015C E2                  342 	movx	a,@r0
   015D C0 E0               343 	push	acc
   015F 08                  344 	inc	r0
   0160 E2                  345 	movx	a,@r0
   0161 C0 E0               346 	push	acc
   0163 78r02               347 	mov	r0,#_tancotf_x_1_1
   0165 E2                  348 	movx	a,@r0
   0166 F5 82               349 	mov	dpl,a
   0168 08                  350 	inc	r0
   0169 E2                  351 	movx	a,@r0
   016A F5 83               352 	mov	dph,a
   016C 08                  353 	inc	r0
   016D E2                  354 	movx	a,@r0
   016E F5 F0               355 	mov	b,a
   0170 08                  356 	inc	r0
   0171 E2                  357 	movx	a,@r0
   0172 12s00r00            358 	lcall	___fssub
   0175 78r16               359 	mov	r0,#_tancotf_xden_1_1
   0177 C0 E0               360 	push	acc
   0179 E5 82               361 	mov	a,dpl
   017B F2                  362 	movx	@r0,a
   017C 08                  363 	inc	r0
   017D E5 83               364 	mov	a,dph
   017F F2                  365 	movx	@r0,a
   0180 08                  366 	inc	r0
   0181 E5 F0               367 	mov	a,b
   0183 F2                  368 	movx	@r0,a
   0184 D0 E0               369 	pop	acc
   0186 08                  370 	inc	r0
   0187 F2                  371 	movx	@r0,a
   0188 E5 81               372 	mov	a,sp
   018A 24 FC               373 	add	a,#0xfc
   018C F5 81               374 	mov	sp,a
                            375 ;	tancotf.c:59: f=((xnum-xn*C1)+xden)-xn*C2;
   018E 78r0E               376 	mov	r0,#_tancotf_xn_1_1
   0190 E2                  377 	movx	a,@r0
   0191 C0 E0               378 	push	acc
   0193 08                  379 	inc	r0
   0194 E2                  380 	movx	a,@r0
   0195 C0 E0               381 	push	acc
   0197 08                  382 	inc	r0
   0198 E2                  383 	movx	a,@r0
   0199 C0 E0               384 	push	acc
   019B 08                  385 	inc	r0
   019C E2                  386 	movx	a,@r0
   019D C0 E0               387 	push	acc
   019F 90 00 00            388 	mov	dptr,#0x0000
   01A2 75 F0 C9            389 	mov	b,#0xC9
   01A5 74 3F               390 	mov	a,#0x3F
   01A7 12s00r00            391 	lcall	___fsmul
   01AA AE 82               392 	mov	r6,dpl
   01AC AF 83               393 	mov	r7,dph
   01AE AA F0               394 	mov	r2,b
   01B0 FB                  395 	mov	r3,a
   01B1 E5 81               396 	mov	a,sp
   01B3 24 FC               397 	add	a,#0xfc
   01B5 F5 81               398 	mov	sp,a
   01B7 C0 06               399 	push	ar6
   01B9 C0 07               400 	push	ar7
   01BB C0 02               401 	push	ar2
   01BD C0 03               402 	push	ar3
   01BF 78r12               403 	mov	r0,#_tancotf_xnum_1_1
   01C1 E2                  404 	movx	a,@r0
   01C2 F5 82               405 	mov	dpl,a
   01C4 08                  406 	inc	r0
   01C5 E2                  407 	movx	a,@r0
   01C6 F5 83               408 	mov	dph,a
   01C8 08                  409 	inc	r0
   01C9 E2                  410 	movx	a,@r0
   01CA F5 F0               411 	mov	b,a
   01CC 08                  412 	inc	r0
   01CD E2                  413 	movx	a,@r0
   01CE 12s00r00            414 	lcall	___fssub
   01D1 AA 82               415 	mov	r2,dpl
   01D3 AB 83               416 	mov	r3,dph
   01D5 AC F0               417 	mov	r4,b
   01D7 FD                  418 	mov	r5,a
   01D8 E5 81               419 	mov	a,sp
   01DA 24 FC               420 	add	a,#0xfc
   01DC F5 81               421 	mov	sp,a
   01DE 78r16               422 	mov	r0,#_tancotf_xden_1_1
   01E0 E2                  423 	movx	a,@r0
   01E1 C0 E0               424 	push	acc
   01E3 08                  425 	inc	r0
   01E4 E2                  426 	movx	a,@r0
   01E5 C0 E0               427 	push	acc
   01E7 08                  428 	inc	r0
   01E8 E2                  429 	movx	a,@r0
   01E9 C0 E0               430 	push	acc
   01EB 08                  431 	inc	r0
   01EC E2                  432 	movx	a,@r0
   01ED C0 E0               433 	push	acc
   01EF 8A 82               434 	mov	dpl,r2
   01F1 8B 83               435 	mov	dph,r3
   01F3 8C F0               436 	mov	b,r4
   01F5 ED                  437 	mov	a,r5
   01F6 12s00r00            438 	lcall	___fsadd
   01F9 85 82*00            439 	mov	_tancotf_sloc0_1_0,dpl
   01FC 85 83*01            440 	mov	(_tancotf_sloc0_1_0 + 1),dph
   01FF 85 F0*02            441 	mov	(_tancotf_sloc0_1_0 + 2),b
   0202 F5*03               442 	mov	(_tancotf_sloc0_1_0 + 3),a
   0204 E5 81               443 	mov	a,sp
   0206 24 FC               444 	add	a,#0xfc
   0208 F5 81               445 	mov	sp,a
   020A 78r0E               446 	mov	r0,#_tancotf_xn_1_1
   020C E2                  447 	movx	a,@r0
   020D C0 E0               448 	push	acc
   020F 08                  449 	inc	r0
   0210 E2                  450 	movx	a,@r0
   0211 C0 E0               451 	push	acc
   0213 08                  452 	inc	r0
   0214 E2                  453 	movx	a,@r0
   0215 C0 E0               454 	push	acc
   0217 08                  455 	inc	r0
   0218 E2                  456 	movx	a,@r0
   0219 C0 E0               457 	push	acc
   021B 90 AA 22            458 	mov	dptr,#0xAA22
   021E 75 F0 FD            459 	mov	b,#0xFD
   0221 74 39               460 	mov	a,#0x39
   0223 12s00r00            461 	lcall	___fsmul
   0226 AE 82               462 	mov	r6,dpl
   0228 AF 83               463 	mov	r7,dph
   022A AA F0               464 	mov	r2,b
   022C FB                  465 	mov	r3,a
   022D E5 81               466 	mov	a,sp
   022F 24 FC               467 	add	a,#0xfc
   0231 F5 81               468 	mov	sp,a
   0233 C0 06               469 	push	ar6
   0235 C0 07               470 	push	ar7
   0237 C0 02               471 	push	ar2
   0239 C0 03               472 	push	ar3
   023B 85*00 82            473 	mov	dpl,_tancotf_sloc0_1_0
   023E 85*01 83            474 	mov	dph,(_tancotf_sloc0_1_0 + 1)
   0241 85*02 F0            475 	mov	b,(_tancotf_sloc0_1_0 + 2)
   0244 E5*03               476 	mov	a,(_tancotf_sloc0_1_0 + 3)
   0246 12s00r00            477 	lcall	___fssub
   0249 78r06               478 	mov	r0,#_tancotf_f_1_1
   024B C0 E0               479 	push	acc
   024D E5 82               480 	mov	a,dpl
   024F F2                  481 	movx	@r0,a
   0250 08                  482 	inc	r0
   0251 E5 83               483 	mov	a,dph
   0253 F2                  484 	movx	@r0,a
   0254 08                  485 	inc	r0
   0255 E5 F0               486 	mov	a,b
   0257 F2                  487 	movx	@r0,a
   0258 D0 E0               488 	pop	acc
   025A 08                  489 	inc	r0
   025B F2                  490 	movx	@r0,a
   025C E5 81               491 	mov	a,sp
   025E 24 FC               492 	add	a,#0xfc
   0260 F5 81               493 	mov	sp,a
                            494 ;	tancotf.c:61: if (fabsf(f) < EPS)
   0262 78r06               495 	mov	r0,#_tancotf_f_1_1
   0264 E2                  496 	movx	a,@r0
   0265 F5 82               497 	mov	dpl,a
   0267 08                  498 	inc	r0
   0268 E2                  499 	movx	a,@r0
   0269 F5 83               500 	mov	dph,a
   026B 08                  501 	inc	r0
   026C E2                  502 	movx	a,@r0
   026D F5 F0               503 	mov	b,a
   026F 08                  504 	inc	r0
   0270 E2                  505 	movx	a,@r0
   0271 12s00r00            506 	lcall	_fabsf
   0274 AE 82               507 	mov	r6,dpl
   0276 AF 83               508 	mov	r7,dph
   0278 AA F0               509 	mov	r2,b
   027A FB                  510 	mov	r3,a
   027B E4                  511 	clr	a
   027C C0 E0               512 	push	acc
   027E C0 E0               513 	push	acc
   0280 74 80               514 	mov	a,#0x80
   0282 C0 E0               515 	push	acc
   0284 74 39               516 	mov	a,#0x39
   0286 C0 E0               517 	push	acc
   0288 8E 82               518 	mov	dpl,r6
   028A 8F 83               519 	mov	dph,r7
   028C 8A F0               520 	mov	b,r2
   028E EB                  521 	mov	a,r3
   028F 12s00r00            522 	lcall	___fslt
   0292 AA 82               523 	mov	r2,dpl
   0294 E5 81               524 	mov	a,sp
   0296 24 FC               525 	add	a,#0xfc
   0298 F5 81               526 	mov	sp,a
   029A EA                  527 	mov	a,r2
   029B 60 23               528 	jz	00104$
                            529 ;	tancotf.c:63: xnum = f;
   029D 78r06               530 	mov	r0,#_tancotf_f_1_1
   029F 79r12               531 	mov	r1,#_tancotf_xnum_1_1
   02A1 E2                  532 	movx	a,@r0
   02A2 F3                  533 	movx	@r1,a
   02A3 08                  534 	inc	r0
   02A4 E2                  535 	movx	a,@r0
   02A5 09                  536 	inc	r1
   02A6 F3                  537 	movx	@r1,a
   02A7 08                  538 	inc	r0
   02A8 E2                  539 	movx	a,@r0
   02A9 09                  540 	inc	r1
   02AA F3                  541 	movx	@r1,a
   02AB 08                  542 	inc	r0
   02AC E2                  543 	movx	a,@r0
   02AD 09                  544 	inc	r1
   02AE F3                  545 	movx	@r1,a
                            546 ;	tancotf.c:64: xden = 1.0;
   02AF 78r16               547 	mov	r0,#_tancotf_xden_1_1
   02B1 E4                  548 	clr	a
   02B2 F2                  549 	movx	@r0,a
   02B3 08                  550 	inc	r0
   02B4 F2                  551 	movx	@r0,a
   02B5 08                  552 	inc	r0
   02B6 74 80               553 	mov	a,#0x80
   02B8 F2                  554 	movx	@r0,a
   02B9 08                  555 	inc	r0
   02BA 74 3F               556 	mov	a,#0x3F
   02BC F2                  557 	movx	@r0,a
   02BD 02s04r29            558 	ljmp	00105$
   02C0                     559 00104$:
                            560 ;	tancotf.c:68: g = f*f;
   02C0 78r06               561 	mov	r0,#_tancotf_f_1_1
   02C2 E2                  562 	movx	a,@r0
   02C3 C0 E0               563 	push	acc
   02C5 08                  564 	inc	r0
   02C6 E2                  565 	movx	a,@r0
   02C7 C0 E0               566 	push	acc
   02C9 08                  567 	inc	r0
   02CA E2                  568 	movx	a,@r0
   02CB C0 E0               569 	push	acc
   02CD 08                  570 	inc	r0
   02CE E2                  571 	movx	a,@r0
   02CF C0 E0               572 	push	acc
   02D1 78r06               573 	mov	r0,#_tancotf_f_1_1
   02D3 E2                  574 	movx	a,@r0
   02D4 F5 82               575 	mov	dpl,a
   02D6 08                  576 	inc	r0
   02D7 E2                  577 	movx	a,@r0
   02D8 F5 83               578 	mov	dph,a
   02DA 08                  579 	inc	r0
   02DB E2                  580 	movx	a,@r0
   02DC F5 F0               581 	mov	b,a
   02DE 08                  582 	inc	r0
   02DF E2                  583 	movx	a,@r0
   02E0 12s00r00            584 	lcall	___fsmul
   02E3 78r0A               585 	mov	r0,#_tancotf_g_1_1
   02E5 C0 E0               586 	push	acc
   02E7 E5 82               587 	mov	a,dpl
   02E9 F2                  588 	movx	@r0,a
   02EA 08                  589 	inc	r0
   02EB E5 83               590 	mov	a,dph
   02ED F2                  591 	movx	@r0,a
   02EE 08                  592 	inc	r0
   02EF E5 F0               593 	mov	a,b
   02F1 F2                  594 	movx	@r0,a
   02F2 D0 E0               595 	pop	acc
   02F4 08                  596 	inc	r0
   02F5 F2                  597 	movx	@r0,a
   02F6 E5 81               598 	mov	a,sp
   02F8 24 FC               599 	add	a,#0xfc
   02FA F5 81               600 	mov	sp,a
                            601 ;	tancotf.c:69: xnum = P(f,g);
   02FC 78r0A               602 	mov	r0,#_tancotf_g_1_1
   02FE E2                  603 	movx	a,@r0
   02FF C0 E0               604 	push	acc
   0301 08                  605 	inc	r0
   0302 E2                  606 	movx	a,@r0
   0303 C0 E0               607 	push	acc
   0305 08                  608 	inc	r0
   0306 E2                  609 	movx	a,@r0
   0307 C0 E0               610 	push	acc
   0309 08                  611 	inc	r0
   030A E2                  612 	movx	a,@r0
   030B C0 E0               613 	push	acc
   030D 90 33 B8            614 	mov	dptr,#0x33B8
   0310 75 F0 C4            615 	mov	b,#0xC4
   0313 74 BD               616 	mov	a,#0xBD
   0315 12s00r00            617 	lcall	___fsmul
   0318 AE 82               618 	mov	r6,dpl
   031A AF 83               619 	mov	r7,dph
   031C AA F0               620 	mov	r2,b
   031E FB                  621 	mov	r3,a
   031F E5 81               622 	mov	a,sp
   0321 24 FC               623 	add	a,#0xfc
   0323 F5 81               624 	mov	sp,a
   0325 78r06               625 	mov	r0,#_tancotf_f_1_1
   0327 E2                  626 	movx	a,@r0
   0328 C0 E0               627 	push	acc
   032A 08                  628 	inc	r0
   032B E2                  629 	movx	a,@r0
   032C C0 E0               630 	push	acc
   032E 08                  631 	inc	r0
   032F E2                  632 	movx	a,@r0
   0330 C0 E0               633 	push	acc
   0332 08                  634 	inc	r0
   0333 E2                  635 	movx	a,@r0
   0334 C0 E0               636 	push	acc
   0336 8E 82               637 	mov	dpl,r6
   0338 8F 83               638 	mov	dph,r7
   033A 8A F0               639 	mov	b,r2
   033C EB                  640 	mov	a,r3
   033D 12s00r00            641 	lcall	___fsmul
   0340 AA 82               642 	mov	r2,dpl
   0342 AB 83               643 	mov	r3,dph
   0344 AC F0               644 	mov	r4,b
   0346 FD                  645 	mov	r5,a
   0347 E5 81               646 	mov	a,sp
   0349 24 FC               647 	add	a,#0xfc
   034B F5 81               648 	mov	sp,a
   034D 78r06               649 	mov	r0,#_tancotf_f_1_1
   034F E2                  650 	movx	a,@r0
   0350 C0 E0               651 	push	acc
   0352 08                  652 	inc	r0
   0353 E2                  653 	movx	a,@r0
   0354 C0 E0               654 	push	acc
   0356 08                  655 	inc	r0
   0357 E2                  656 	movx	a,@r0
   0358 C0 E0               657 	push	acc
   035A 08                  658 	inc	r0
   035B E2                  659 	movx	a,@r0
   035C C0 E0               660 	push	acc
   035E 8A 82               661 	mov	dpl,r2
   0360 8B 83               662 	mov	dph,r3
   0362 8C F0               663 	mov	b,r4
   0364 ED                  664 	mov	a,r5
   0365 12s00r00            665 	lcall	___fsadd
   0368 78r12               666 	mov	r0,#_tancotf_xnum_1_1
   036A C0 E0               667 	push	acc
   036C E5 82               668 	mov	a,dpl
   036E F2                  669 	movx	@r0,a
   036F 08                  670 	inc	r0
   0370 E5 83               671 	mov	a,dph
   0372 F2                  672 	movx	@r0,a
   0373 08                  673 	inc	r0
   0374 E5 F0               674 	mov	a,b
   0376 F2                  675 	movx	@r0,a
   0377 D0 E0               676 	pop	acc
   0379 08                  677 	inc	r0
   037A F2                  678 	movx	@r0,a
   037B E5 81               679 	mov	a,sp
   037D 24 FC               680 	add	a,#0xfc
   037F F5 81               681 	mov	sp,a
                            682 ;	tancotf.c:70: xden = Q(g);
   0381 78r0A               683 	mov	r0,#_tancotf_g_1_1
   0383 E2                  684 	movx	a,@r0
   0384 C0 E0               685 	push	acc
   0386 08                  686 	inc	r0
   0387 E2                  687 	movx	a,@r0
   0388 C0 E0               688 	push	acc
   038A 08                  689 	inc	r0
   038B E2                  690 	movx	a,@r0
   038C C0 E0               691 	push	acc
   038E 08                  692 	inc	r0
   038F E2                  693 	movx	a,@r0
   0390 C0 E0               694 	push	acc
   0392 90 33 75            695 	mov	dptr,#0x3375
   0395 75 F0 1F            696 	mov	b,#0x1F
   0398 74 3C               697 	mov	a,#0x3C
   039A 12s00r00            698 	lcall	___fsmul
   039D AA 82               699 	mov	r2,dpl
   039F AB 83               700 	mov	r3,dph
   03A1 AC F0               701 	mov	r4,b
   03A3 FD                  702 	mov	r5,a
   03A4 E5 81               703 	mov	a,sp
   03A6 24 FC               704 	add	a,#0xfc
   03A8 F5 81               705 	mov	sp,a
   03AA 74 AF               706 	mov	a,#0xAF
   03AC C0 E0               707 	push	acc
   03AE 74 B7               708 	mov	a,#0xB7
   03B0 C0 E0               709 	push	acc
   03B2 74 DB               710 	mov	a,#0xDB
   03B4 C0 E0               711 	push	acc
   03B6 74 BE               712 	mov	a,#0xBE
   03B8 C0 E0               713 	push	acc
   03BA 8A 82               714 	mov	dpl,r2
   03BC 8B 83               715 	mov	dph,r3
   03BE 8C F0               716 	mov	b,r4
   03C0 ED                  717 	mov	a,r5
   03C1 12s00r00            718 	lcall	___fsadd
   03C4 AA 82               719 	mov	r2,dpl
   03C6 AB 83               720 	mov	r3,dph
   03C8 AC F0               721 	mov	r4,b
   03CA FD                  722 	mov	r5,a
   03CB E5 81               723 	mov	a,sp
   03CD 24 FC               724 	add	a,#0xfc
   03CF F5 81               725 	mov	sp,a
   03D1 78r0A               726 	mov	r0,#_tancotf_g_1_1
   03D3 E2                  727 	movx	a,@r0
   03D4 C0 E0               728 	push	acc
   03D6 08                  729 	inc	r0
   03D7 E2                  730 	movx	a,@r0
   03D8 C0 E0               731 	push	acc
   03DA 08                  732 	inc	r0
   03DB E2                  733 	movx	a,@r0
   03DC C0 E0               734 	push	acc
   03DE 08                  735 	inc	r0
   03DF E2                  736 	movx	a,@r0
   03E0 C0 E0               737 	push	acc
   03E2 8A 82               738 	mov	dpl,r2
   03E4 8B 83               739 	mov	dph,r3
   03E6 8C F0               740 	mov	b,r4
   03E8 ED                  741 	mov	a,r5
   03E9 12s00r00            742 	lcall	___fsmul
   03EC AA 82               743 	mov	r2,dpl
   03EE AB 83               744 	mov	r3,dph
   03F0 AC F0               745 	mov	r4,b
   03F2 FD                  746 	mov	r5,a
   03F3 E5 81               747 	mov	a,sp
   03F5 24 FC               748 	add	a,#0xfc
   03F7 F5 81               749 	mov	sp,a
   03F9 E4                  750 	clr	a
   03FA C0 E0               751 	push	acc
   03FC C0 E0               752 	push	acc
   03FE 74 80               753 	mov	a,#0x80
   0400 C0 E0               754 	push	acc
   0402 74 3F               755 	mov	a,#0x3F
   0404 C0 E0               756 	push	acc
   0406 8A 82               757 	mov	dpl,r2
   0408 8B 83               758 	mov	dph,r3
   040A 8C F0               759 	mov	b,r4
   040C ED                  760 	mov	a,r5
   040D 12s00r00            761 	lcall	___fsadd
   0410 78r16               762 	mov	r0,#_tancotf_xden_1_1
   0412 C0 E0               763 	push	acc
   0414 E5 82               764 	mov	a,dpl
   0416 F2                  765 	movx	@r0,a
   0417 08                  766 	inc	r0
   0418 E5 83               767 	mov	a,dph
   041A F2                  768 	movx	@r0,a
   041B 08                  769 	inc	r0
   041C E5 F0               770 	mov	a,b
   041E F2                  771 	movx	@r0,a
   041F D0 E0               772 	pop	acc
   0421 08                  773 	inc	r0
   0422 F2                  774 	movx	@r0,a
   0423 E5 81               775 	mov	a,sp
   0425 24 FC               776 	add	a,#0xfc
   0427 F5 81               777 	mov	sp,a
   0429                     778 00105$:
                            779 ;	tancotf.c:73: if(n&1)
   0429 78r1A               780 	mov	r0,#_tancotf_n_1_1
   042B E2                  781 	movx	a,@r0
   042C 54 01               782 	anl	a,#0x01
   042E 70 09               783 	jnz	00128$
   0430 08                  784 	inc	r0
   0431 E2                  785 	movx	a,@r0
   0432 54 00               786 	anl	a,#0x00
   0434 70 03               787 	jnz	00128$
   0436 02s04rC2            788 	ljmp	00113$
   0439                     789 00128$:
                            790 ;	tancotf.c:76: if(iscotan) return (-xnum/xden);
   0439 78r00               791 	mov	r0,#_tancotf_PARM_2
   043B E2                  792 	movx	a,@r0
   043C F5 F0               793 	mov	b,a
   043E 08                  794 	inc	r0
   043F E2                  795 	movx	a,@r0
   0440 45 F0               796 	orl	a,b
   0442 60 3F               797 	jz	00107$
   0444 78r12               798 	mov	r0,#_tancotf_xnum_1_1
   0446 E2                  799 	movx	a,@r0
   0447 FA                  800 	mov	r2,a
   0448 08                  801 	inc	r0
   0449 E2                  802 	movx	a,@r0
   044A FB                  803 	mov	r3,a
   044B 08                  804 	inc	r0
   044C E2                  805 	movx	a,@r0
   044D FC                  806 	mov	r4,a
   044E 08                  807 	inc	r0
   044F E2                  808 	movx	a,@r0
   0450 B2 E7               809 	cpl	acc.7
   0452 FD                  810 	mov	r5,a
   0453 78r16               811 	mov	r0,#_tancotf_xden_1_1
   0455 E2                  812 	movx	a,@r0
   0456 C0 E0               813 	push	acc
   0458 08                  814 	inc	r0
   0459 E2                  815 	movx	a,@r0
   045A C0 E0               816 	push	acc
   045C 08                  817 	inc	r0
   045D E2                  818 	movx	a,@r0
   045E C0 E0               819 	push	acc
   0460 08                  820 	inc	r0
   0461 E2                  821 	movx	a,@r0
   0462 C0 E0               822 	push	acc
   0464 8A 82               823 	mov	dpl,r2
   0466 8B 83               824 	mov	dph,r3
   0468 8C F0               825 	mov	b,r4
   046A ED                  826 	mov	a,r5
   046B 12s00r00            827 	lcall	___fsdiv
   046E AA 82               828 	mov	r2,dpl
   0470 AB 83               829 	mov	r3,dph
   0472 AC F0               830 	mov	r4,b
   0474 FD                  831 	mov	r5,a
   0475 E5 81               832 	mov	a,sp
   0477 24 FC               833 	add	a,#0xfc
   0479 F5 81               834 	mov	sp,a
   047B 8A 82               835 	mov	dpl,r2
   047D 8B 83               836 	mov	dph,r3
   047F 8C F0               837 	mov	b,r4
   0481 ED                  838 	mov	a,r5
   0482 22                  839 	ret
   0483                     840 00107$:
                            841 ;	tancotf.c:77: else return (-xden/xnum);
   0483 78r16               842 	mov	r0,#_tancotf_xden_1_1
   0485 E2                  843 	movx	a,@r0
   0486 FA                  844 	mov	r2,a
   0487 08                  845 	inc	r0
   0488 E2                  846 	movx	a,@r0
   0489 FB                  847 	mov	r3,a
   048A 08                  848 	inc	r0
   048B E2                  849 	movx	a,@r0
   048C FC                  850 	mov	r4,a
   048D 08                  851 	inc	r0
   048E E2                  852 	movx	a,@r0
   048F B2 E7               853 	cpl	acc.7
   0491 FD                  854 	mov	r5,a
   0492 78r12               855 	mov	r0,#_tancotf_xnum_1_1
   0494 E2                  856 	movx	a,@r0
   0495 C0 E0               857 	push	acc
   0497 08                  858 	inc	r0
   0498 E2                  859 	movx	a,@r0
   0499 C0 E0               860 	push	acc
   049B 08                  861 	inc	r0
   049C E2                  862 	movx	a,@r0
   049D C0 E0               863 	push	acc
   049F 08                  864 	inc	r0
   04A0 E2                  865 	movx	a,@r0
   04A1 C0 E0               866 	push	acc
   04A3 8A 82               867 	mov	dpl,r2
   04A5 8B 83               868 	mov	dph,r3
   04A7 8C F0               869 	mov	b,r4
   04A9 ED                  870 	mov	a,r5
   04AA 12s00r00            871 	lcall	___fsdiv
   04AD AA 82               872 	mov	r2,dpl
   04AF AB 83               873 	mov	r3,dph
   04B1 AC F0               874 	mov	r4,b
   04B3 FD                  875 	mov	r5,a
   04B4 E5 81               876 	mov	a,sp
   04B6 24 FC               877 	add	a,#0xfc
   04B8 F5 81               878 	mov	sp,a
   04BA 8A 82               879 	mov	dpl,r2
   04BC 8B 83               880 	mov	dph,r3
   04BE 8C F0               881 	mov	b,r4
   04C0 ED                  882 	mov	a,r5
   04C1 22                  883 	ret
   04C2                     884 00113$:
                            885 ;	tancotf.c:81: if(iscotan) return (xden/xnum);
   04C2 78r00               886 	mov	r0,#_tancotf_PARM_2
   04C4 E2                  887 	movx	a,@r0
   04C5 F5 F0               888 	mov	b,a
   04C7 08                  889 	inc	r0
   04C8 E2                  890 	movx	a,@r0
   04C9 45 F0               891 	orl	a,b
   04CB 60 38               892 	jz	00110$
   04CD 78r12               893 	mov	r0,#_tancotf_xnum_1_1
   04CF E2                  894 	movx	a,@r0
   04D0 C0 E0               895 	push	acc
   04D2 08                  896 	inc	r0
   04D3 E2                  897 	movx	a,@r0
   04D4 C0 E0               898 	push	acc
   04D6 08                  899 	inc	r0
   04D7 E2                  900 	movx	a,@r0
   04D8 C0 E0               901 	push	acc
   04DA 08                  902 	inc	r0
   04DB E2                  903 	movx	a,@r0
   04DC C0 E0               904 	push	acc
   04DE 78r16               905 	mov	r0,#_tancotf_xden_1_1
   04E0 E2                  906 	movx	a,@r0
   04E1 F5 82               907 	mov	dpl,a
   04E3 08                  908 	inc	r0
   04E4 E2                  909 	movx	a,@r0
   04E5 F5 83               910 	mov	dph,a
   04E7 08                  911 	inc	r0
   04E8 E2                  912 	movx	a,@r0
   04E9 F5 F0               913 	mov	b,a
   04EB 08                  914 	inc	r0
   04EC E2                  915 	movx	a,@r0
   04ED 12s00r00            916 	lcall	___fsdiv
   04F0 AA 82               917 	mov	r2,dpl
   04F2 AB 83               918 	mov	r3,dph
   04F4 AC F0               919 	mov	r4,b
   04F6 FD                  920 	mov	r5,a
   04F7 E5 81               921 	mov	a,sp
   04F9 24 FC               922 	add	a,#0xfc
   04FB F5 81               923 	mov	sp,a
   04FD 8A 82               924 	mov	dpl,r2
   04FF 8B 83               925 	mov	dph,r3
   0501 8C F0               926 	mov	b,r4
   0503 ED                  927 	mov	a,r5
   0504 22                  928 	ret
   0505                     929 00110$:
                            930 ;	tancotf.c:82: else return (xnum/xden);
   0505 78r16               931 	mov	r0,#_tancotf_xden_1_1
   0507 E2                  932 	movx	a,@r0
   0508 C0 E0               933 	push	acc
   050A 08                  934 	inc	r0
   050B E2                  935 	movx	a,@r0
   050C C0 E0               936 	push	acc
   050E 08                  937 	inc	r0
   050F E2                  938 	movx	a,@r0
   0510 C0 E0               939 	push	acc
   0512 08                  940 	inc	r0
   0513 E2                  941 	movx	a,@r0
   0514 C0 E0               942 	push	acc
   0516 78r12               943 	mov	r0,#_tancotf_xnum_1_1
   0518 E2                  944 	movx	a,@r0
   0519 F5 82               945 	mov	dpl,a
   051B 08                  946 	inc	r0
   051C E2                  947 	movx	a,@r0
   051D F5 83               948 	mov	dph,a
   051F 08                  949 	inc	r0
   0520 E2                  950 	movx	a,@r0
   0521 F5 F0               951 	mov	b,a
   0523 08                  952 	inc	r0
   0524 E2                  953 	movx	a,@r0
   0525 12s00r00            954 	lcall	___fsdiv
   0528 AA 82               955 	mov	r2,dpl
   052A AB 83               956 	mov	r3,dph
   052C AC F0               957 	mov	r4,b
   052E FD                  958 	mov	r5,a
   052F E5 81               959 	mov	a,sp
   0531 24 FC               960 	add	a,#0xfc
   0533 F5 81               961 	mov	sp,a
   0535 8A 82               962 	mov	dpl,r2
   0537 8B 83               963 	mov	dph,r3
   0539 8C F0               964 	mov	b,r4
   053B ED                  965 	mov	a,r5
   053C 22                  966 	ret
                            967 	.area CSEG    (CODE)
                            968 	.area CONST   (CODE)
                            969 	.area XINIT   (CODE)
                            970 	.area CABS    (ABS,CODE)
