                              1 ;--------------------------------------------------------
                              2 ; File Created by SDCC : free open source ANSI-C Compiler
                              3 ; Version 2.9.4 #5595 (Oct 23 2013) (Mac OS X ppc)
                              4 ; This file was generated Wed Oct 23 12:25:54 2013
                              5 ;--------------------------------------------------------
                              6 	.module _isdigit
                              7 	.optsdcc -mmcs51 --model-large
                              8 	
                              9 ;--------------------------------------------------------
                             10 ; Public variables in this module
                             11 ;--------------------------------------------------------
                             12 	.globl _isdigit
                             13 ;--------------------------------------------------------
                             14 ; special function registers
                             15 ;--------------------------------------------------------
                             16 	.area RSEG    (ABS,DATA)
   0000                      17 	.org 0x0000
                             18 ;--------------------------------------------------------
                             19 ; special function bits
                             20 ;--------------------------------------------------------
                             21 	.area RSEG    (ABS,DATA)
   0000                      22 	.org 0x0000
                             23 ;--------------------------------------------------------
                             24 ; overlayable register banks
                             25 ;--------------------------------------------------------
                             26 	.area REG_BANK_0	(REL,OVR,DATA)
   0000                      27 	.ds 8
                             28 ;--------------------------------------------------------
                             29 ; internal ram data
                             30 ;--------------------------------------------------------
                             31 	.area DSEG    (DATA)
                             32 ;--------------------------------------------------------
                             33 ; overlayable items in internal ram 
                             34 ;--------------------------------------------------------
                             35 	.area OSEG    (OVR,DATA)
                             36 ;--------------------------------------------------------
                             37 ; indirectly addressable internal ram data
                             38 ;--------------------------------------------------------
                             39 	.area ISEG    (DATA)
                             40 ;--------------------------------------------------------
                             41 ; absolute internal ram data
                             42 ;--------------------------------------------------------
                             43 	.area IABS    (ABS,DATA)
                             44 	.area IABS    (ABS,DATA)
                             45 ;--------------------------------------------------------
                             46 ; bit data
                             47 ;--------------------------------------------------------
                             48 	.area BSEG    (BIT)
                             49 ;--------------------------------------------------------
                             50 ; paged external ram data
                             51 ;--------------------------------------------------------
                             52 	.area PSEG    (PAG,XDATA)
                             53 ;--------------------------------------------------------
                             54 ; external ram data
                             55 ;--------------------------------------------------------
                             56 	.area XSEG    (XDATA)
   0000                      57 _isdigit_c_1_1:
   0000                      58 	.ds 1
                             59 ;--------------------------------------------------------
                             60 ; absolute external ram data
                             61 ;--------------------------------------------------------
                             62 	.area XABS    (ABS,XDATA)
                             63 ;--------------------------------------------------------
                             64 ; external initialized ram data
                             65 ;--------------------------------------------------------
                             66 	.area XISEG   (XDATA)
                             67 	.area HOME    (CODE)
                             68 	.area GSINIT0 (CODE)
                             69 	.area GSINIT1 (CODE)
                             70 	.area GSINIT2 (CODE)
                             71 	.area GSINIT3 (CODE)
                             72 	.area GSINIT4 (CODE)
                             73 	.area GSINIT5 (CODE)
                             74 	.area GSINIT  (CODE)
                             75 	.area GSFINAL (CODE)
                             76 	.area CSEG    (CODE)
                             77 ;--------------------------------------------------------
                             78 ; global & static initialisations
                             79 ;--------------------------------------------------------
                             80 	.area HOME    (CODE)
                             81 	.area GSINIT  (CODE)
                             82 	.area GSFINAL (CODE)
                             83 	.area GSINIT  (CODE)
                             84 ;--------------------------------------------------------
                             85 ; Home
                             86 ;--------------------------------------------------------
                             87 	.area HOME    (CODE)
                             88 	.area HOME    (CODE)
                             89 ;--------------------------------------------------------
                             90 ; code
                             91 ;--------------------------------------------------------
                             92 	.area CSEG    (CODE)
                             93 ;------------------------------------------------------------
                             94 ;Allocation info for local variables in function 'isdigit'
                             95 ;------------------------------------------------------------
                             96 ;c                         Allocated with name '_isdigit_c_1_1'
                             97 ;------------------------------------------------------------
                             98 ;	_isdigit.c:29: char isdigit (unsigned char c)
                             99 ;	-----------------------------------------
                            100 ;	 function isdigit
                            101 ;	-----------------------------------------
   0000                     102 _isdigit:
                    0002    103 	ar2 = 0x02
                    0003    104 	ar3 = 0x03
                    0004    105 	ar4 = 0x04
                    0005    106 	ar5 = 0x05
                    0006    107 	ar6 = 0x06
                    0007    108 	ar7 = 0x07
                    0000    109 	ar0 = 0x00
                    0001    110 	ar1 = 0x01
   0000 E5 82               111 	mov	a,dpl
   0002 90s00r00            112 	mov	dptr,#_isdigit_c_1_1
   0005 F0                  113 	movx	@dptr,a
                            114 ;	_isdigit.c:31: if ( c >= UC('0') && c <= UC('9') )
   0006 90s00r00            115 	mov	dptr,#_isdigit_c_1_1
   0009 E0                  116 	movx	a,@dptr
   000A FA                  117 	mov	r2,a
   000B BA 30 00            118 	cjne	r2,#0x30,00108$
   000E                     119 00108$:
   000E 40 09               120 	jc	00102$
   0010 EA                  121 	mov	a,r2
   0011 24 C6               122 	add	a,#0xff - 0x39
   0013 40 04               123 	jc	00102$
                            124 ;	_isdigit.c:32: return 1;
   0015 75 82 01            125 	mov	dpl,#0x01
                            126 ;	_isdigit.c:33: return 0;
   0018 22                  127 	ret
   0019                     128 00102$:
   0019 75 82 00            129 	mov	dpl,#0x00
   001C 22                  130 	ret
                            131 	.area CSEG    (CODE)
                            132 	.area CONST   (CODE)
                            133 	.area XINIT   (CODE)
                            134 	.area CABS    (ABS,CODE)
