                              1 ;--------------------------------------------------------
                              2 ; File Created by SDCC : free open source ANSI-C Compiler
                              3 ; Version 2.9.4 #5595 (Oct 23 2013) (Mac OS X ppc)
                              4 ; This file was generated Wed Oct 23 12:25:54 2013
                              5 ;--------------------------------------------------------
                              6 	.module _strpbrk
                              7 	.optsdcc -mmcs51 --model-large
                              8 	
                              9 ;--------------------------------------------------------
                             10 ; Public variables in this module
                             11 ;--------------------------------------------------------
                             12 	.globl _strpbrk_PARM_2
                             13 	.globl _strpbrk
                             14 ;--------------------------------------------------------
                             15 ; special function registers
                             16 ;--------------------------------------------------------
                             17 	.area RSEG    (ABS,DATA)
   0000                      18 	.org 0x0000
                             19 ;--------------------------------------------------------
                             20 ; special function bits
                             21 ;--------------------------------------------------------
                             22 	.area RSEG    (ABS,DATA)
   0000                      23 	.org 0x0000
                             24 ;--------------------------------------------------------
                             25 ; overlayable register banks
                             26 ;--------------------------------------------------------
                             27 	.area REG_BANK_0	(REL,OVR,DATA)
   0000                      28 	.ds 8
                             29 ;--------------------------------------------------------
                             30 ; internal ram data
                             31 ;--------------------------------------------------------
                             32 	.area DSEG    (DATA)
                             33 ;--------------------------------------------------------
                             34 ; overlayable items in internal ram 
                             35 ;--------------------------------------------------------
                             36 	.area OSEG    (OVR,DATA)
                             37 ;--------------------------------------------------------
                             38 ; indirectly addressable internal ram data
                             39 ;--------------------------------------------------------
                             40 	.area ISEG    (DATA)
                             41 ;--------------------------------------------------------
                             42 ; absolute internal ram data
                             43 ;--------------------------------------------------------
                             44 	.area IABS    (ABS,DATA)
                             45 	.area IABS    (ABS,DATA)
                             46 ;--------------------------------------------------------
                             47 ; bit data
                             48 ;--------------------------------------------------------
                             49 	.area BSEG    (BIT)
                             50 ;--------------------------------------------------------
                             51 ; paged external ram data
                             52 ;--------------------------------------------------------
                             53 	.area PSEG    (PAG,XDATA)
                             54 ;--------------------------------------------------------
                             55 ; external ram data
                             56 ;--------------------------------------------------------
                             57 	.area XSEG    (XDATA)
   0000                      58 _strpbrk_PARM_2:
   0000                      59 	.ds 3
   0003                      60 _strpbrk_string_1_1:
   0003                      61 	.ds 3
                             62 ;--------------------------------------------------------
                             63 ; absolute external ram data
                             64 ;--------------------------------------------------------
                             65 	.area XABS    (ABS,XDATA)
                             66 ;--------------------------------------------------------
                             67 ; external initialized ram data
                             68 ;--------------------------------------------------------
                             69 	.area XISEG   (XDATA)
                             70 	.area HOME    (CODE)
                             71 	.area GSINIT0 (CODE)
                             72 	.area GSINIT1 (CODE)
                             73 	.area GSINIT2 (CODE)
                             74 	.area GSINIT3 (CODE)
                             75 	.area GSINIT4 (CODE)
                             76 	.area GSINIT5 (CODE)
                             77 	.area GSINIT  (CODE)
                             78 	.area GSFINAL (CODE)
                             79 	.area CSEG    (CODE)
                             80 ;--------------------------------------------------------
                             81 ; global & static initialisations
                             82 ;--------------------------------------------------------
                             83 	.area HOME    (CODE)
                             84 	.area GSINIT  (CODE)
                             85 	.area GSFINAL (CODE)
                             86 	.area GSINIT  (CODE)
                             87 ;--------------------------------------------------------
                             88 ; Home
                             89 ;--------------------------------------------------------
                             90 	.area HOME    (CODE)
                             91 	.area HOME    (CODE)
                             92 ;--------------------------------------------------------
                             93 ; code
                             94 ;--------------------------------------------------------
                             95 	.area CSEG    (CODE)
                             96 ;------------------------------------------------------------
                             97 ;Allocation info for local variables in function 'strpbrk'
                             98 ;------------------------------------------------------------
                             99 ;ch                        Allocated to registers r6 
                            100 ;control                   Allocated with name '_strpbrk_PARM_2'
                            101 ;string                    Allocated with name '_strpbrk_string_1_1'
                            102 ;------------------------------------------------------------
                            103 ;	_strpbrk.c:26: char * strpbrk ( 
                            104 ;	-----------------------------------------
                            105 ;	 function strpbrk
                            106 ;	-----------------------------------------
   0000                     107 _strpbrk:
                    0002    108 	ar2 = 0x02
                    0003    109 	ar3 = 0x03
                    0004    110 	ar4 = 0x04
                    0005    111 	ar5 = 0x05
                    0006    112 	ar6 = 0x06
                    0007    113 	ar7 = 0x07
                    0000    114 	ar0 = 0x00
                    0001    115 	ar1 = 0x01
   0000 AA F0               116 	mov	r2,b
   0002 AB 83               117 	mov	r3,dph
   0004 E5 82               118 	mov	a,dpl
   0006 90s00r03            119 	mov	dptr,#_strpbrk_string_1_1
   0009 F0                  120 	movx	@dptr,a
   000A A3                  121 	inc	dptr
   000B EB                  122 	mov	a,r3
   000C F0                  123 	movx	@dptr,a
   000D A3                  124 	inc	dptr
   000E EA                  125 	mov	a,r2
   000F F0                  126 	movx	@dptr,a
                            127 ;	_strpbrk.c:33: while ( ch = *string ) {
   0010 90s00r03            128 	mov	dptr,#_strpbrk_string_1_1
   0013 E0                  129 	movx	a,@dptr
   0014 FA                  130 	mov	r2,a
   0015 A3                  131 	inc	dptr
   0016 E0                  132 	movx	a,@dptr
   0017 FB                  133 	mov	r3,a
   0018 A3                  134 	inc	dptr
   0019 E0                  135 	movx	a,@dptr
   001A FC                  136 	mov	r4,a
   001B                     137 00103$:
   001B 8A 82               138 	mov	dpl,r2
   001D 8B 83               139 	mov	dph,r3
   001F 8C F0               140 	mov	b,r4
   0021 12s00r00            141 	lcall	__gptrget
   0024 FD                  142 	mov	r5,a
   0025 FE                  143 	mov	r6,a
   0026 60 37               144 	jz	00105$
                            145 ;	_strpbrk.c:34: if (strchr (control, ch ))
   0028 90s00r00            146 	mov	dptr,#_strpbrk_PARM_2
   002B E0                  147 	movx	a,@dptr
   002C FD                  148 	mov	r5,a
   002D A3                  149 	inc	dptr
   002E E0                  150 	movx	a,@dptr
   002F FF                  151 	mov	r7,a
   0030 A3                  152 	inc	dptr
   0031 E0                  153 	movx	a,@dptr
   0032 F8                  154 	mov	r0,a
   0033 90s00r00            155 	mov	dptr,#_strchr_PARM_2
   0036 EE                  156 	mov	a,r6
   0037 F0                  157 	movx	@dptr,a
   0038 8D 82               158 	mov	dpl,r5
   003A 8F 83               159 	mov	dph,r7
   003C 88 F0               160 	mov	b,r0
   003E C0 02               161 	push	ar2
   0040 C0 03               162 	push	ar3
   0042 C0 04               163 	push	ar4
   0044 12s00r00            164 	lcall	_strchr
   0047 AD 82               165 	mov	r5,dpl
   0049 AE 83               166 	mov	r6,dph
   004B AF F0               167 	mov	r7,b
   004D D0 04               168 	pop	ar4
   004F D0 03               169 	pop	ar3
   0051 D0 02               170 	pop	ar2
   0053 ED                  171 	mov	a,r5
   0054 4E                  172 	orl	a,r6
   0055 4F                  173 	orl	a,r7
   0056 60 C3               174 	jz	00103$
                            175 ;	_strpbrk.c:35: return string ;
   0058 8A 82               176 	mov	dpl,r2
   005A 8B 83               177 	mov	dph,r3
   005C 8C F0               178 	mov	b,r4
   005E 22                  179 	ret
   005F                     180 00105$:
                            181 ;	_strpbrk.c:38: return (NULL);
   005F 90 00 00            182 	mov	dptr,#0x0000
   0062 75 F0 00            183 	mov	b,#0x00
   0065 22                  184 	ret
                            185 	.area CSEG    (CODE)
                            186 	.area CONST   (CODE)
                            187 	.area XINIT   (CODE)
                            188 	.area CABS    (ABS,CODE)
