                              1 ;--------------------------------------------------------
                              2 ; File Created by SDCC : free open source ANSI-C Compiler
                              3 ; Version 2.9.4 #5595 (Oct 23 2013) (Mac OS X ppc)
                              4 ; This file was generated Wed Oct 23 12:25:54 2013
                              5 ;--------------------------------------------------------
                              6 	.module abs
                              7 	.optsdcc -mmcs51 --model-large
                              8 	
                              9 ;--------------------------------------------------------
                             10 ; Public variables in this module
                             11 ;--------------------------------------------------------
                             12 	.globl _abs
                             13 ;--------------------------------------------------------
                             14 ; special function registers
                             15 ;--------------------------------------------------------
                             16 	.area RSEG    (ABS,DATA)
   0000                      17 	.org 0x0000
                             18 ;--------------------------------------------------------
                             19 ; special function bits
                             20 ;--------------------------------------------------------
                             21 	.area RSEG    (ABS,DATA)
   0000                      22 	.org 0x0000
                             23 ;--------------------------------------------------------
                             24 ; overlayable register banks
                             25 ;--------------------------------------------------------
                             26 	.area REG_BANK_0	(REL,OVR,DATA)
   0000                      27 	.ds 8
                             28 ;--------------------------------------------------------
                             29 ; internal ram data
                             30 ;--------------------------------------------------------
                             31 	.area DSEG    (DATA)
                             32 ;--------------------------------------------------------
                             33 ; overlayable items in internal ram 
                             34 ;--------------------------------------------------------
                             35 	.area OSEG    (OVR,DATA)
                             36 ;--------------------------------------------------------
                             37 ; indirectly addressable internal ram data
                             38 ;--------------------------------------------------------
                             39 	.area ISEG    (DATA)
                             40 ;--------------------------------------------------------
                             41 ; absolute internal ram data
                             42 ;--------------------------------------------------------
                             43 	.area IABS    (ABS,DATA)
                             44 	.area IABS    (ABS,DATA)
                             45 ;--------------------------------------------------------
                             46 ; bit data
                             47 ;--------------------------------------------------------
                             48 	.area BSEG    (BIT)
                             49 ;--------------------------------------------------------
                             50 ; paged external ram data
                             51 ;--------------------------------------------------------
                             52 	.area PSEG    (PAG,XDATA)
                             53 ;--------------------------------------------------------
                             54 ; external ram data
                             55 ;--------------------------------------------------------
                             56 	.area XSEG    (XDATA)
   0000                      57 _abs_j_1_1:
   0000                      58 	.ds 2
                             59 ;--------------------------------------------------------
                             60 ; absolute external ram data
                             61 ;--------------------------------------------------------
                             62 	.area XABS    (ABS,XDATA)
                             63 ;--------------------------------------------------------
                             64 ; external initialized ram data
                             65 ;--------------------------------------------------------
                             66 	.area XISEG   (XDATA)
                             67 	.area HOME    (CODE)
                             68 	.area GSINIT0 (CODE)
                             69 	.area GSINIT1 (CODE)
                             70 	.area GSINIT2 (CODE)
                             71 	.area GSINIT3 (CODE)
                             72 	.area GSINIT4 (CODE)
                             73 	.area GSINIT5 (CODE)
                             74 	.area GSINIT  (CODE)
                             75 	.area GSFINAL (CODE)
                             76 	.area CSEG    (CODE)
                             77 ;--------------------------------------------------------
                             78 ; global & static initialisations
                             79 ;--------------------------------------------------------
                             80 	.area HOME    (CODE)
                             81 	.area GSINIT  (CODE)
                             82 	.area GSFINAL (CODE)
                             83 	.area GSINIT  (CODE)
                             84 ;--------------------------------------------------------
                             85 ; Home
                             86 ;--------------------------------------------------------
                             87 	.area HOME    (CODE)
                             88 	.area HOME    (CODE)
                             89 ;--------------------------------------------------------
                             90 ; code
                             91 ;--------------------------------------------------------
                             92 	.area CSEG    (CODE)
                             93 ;------------------------------------------------------------
                             94 ;Allocation info for local variables in function 'abs'
                             95 ;------------------------------------------------------------
                             96 ;j                         Allocated with name '_abs_j_1_1'
                             97 ;------------------------------------------------------------
                             98 ;	abs.c:23: int abs(int j)
                             99 ;	-----------------------------------------
                            100 ;	 function abs
                            101 ;	-----------------------------------------
   0000                     102 _abs:
                    0002    103 	ar2 = 0x02
                    0003    104 	ar3 = 0x03
                    0004    105 	ar4 = 0x04
                    0005    106 	ar5 = 0x05
                    0006    107 	ar6 = 0x06
                    0007    108 	ar7 = 0x07
                    0000    109 	ar0 = 0x00
                    0001    110 	ar1 = 0x01
   0000 AA 83               111 	mov	r2,dph
   0002 E5 82               112 	mov	a,dpl
   0004 90s00r00            113 	mov	dptr,#_abs_j_1_1
   0007 F0                  114 	movx	@dptr,a
   0008 A3                  115 	inc	dptr
   0009 EA                  116 	mov	a,r2
   000A F0                  117 	movx	@dptr,a
                            118 ;	abs.c:25: return (j >= 0) ? j : -j;
   000B 90s00r00            119 	mov	dptr,#_abs_j_1_1
   000E E0                  120 	movx	a,@dptr
   000F FA                  121 	mov	r2,a
   0010 A3                  122 	inc	dptr
   0011 E0                  123 	movx	a,@dptr
   0012 FB                  124 	mov	r3,a
   0013 33                  125 	rlc	a
   0014 B3                  126 	cpl	c
   0015 E4                  127 	clr	a
   0016 33                  128 	rlc	a
   0017 FC                  129 	mov	r4,a
   0018 60 06               130 	jz	00103$
   001A 8A 04               131 	mov	ar4,r2
   001C 8B 05               132 	mov	ar5,r3
   001E 80 07               133 	sjmp	00104$
   0020                     134 00103$:
   0020 C3                  135 	clr	c
   0021 E4                  136 	clr	a
   0022 9A                  137 	subb	a,r2
   0023 FC                  138 	mov	r4,a
   0024 E4                  139 	clr	a
   0025 9B                  140 	subb	a,r3
   0026 FD                  141 	mov	r5,a
   0027                     142 00104$:
   0027 8C 82               143 	mov	dpl,r4
   0029 8D 83               144 	mov	dph,r5
   002B 22                  145 	ret
                            146 	.area CSEG    (CODE)
                            147 	.area CONST   (CODE)
                            148 	.area XINIT   (CODE)
                            149 	.area CABS    (ABS,CODE)
