                              1 ;--------------------------------------------------------
                              2 ; File Created by SDCC : free open source ANSI-C Compiler
                              3 ; Version 2.9.4 #5595 (Oct 23 2013) (Mac OS X ppc)
                              4 ; This file was generated Wed Oct 23 12:25:54 2013
                              5 ;--------------------------------------------------------
                              6 	.module labs
                              7 	.optsdcc -mmcs51 --model-large
                              8 	
                              9 ;--------------------------------------------------------
                             10 ; Public variables in this module
                             11 ;--------------------------------------------------------
                             12 	.globl _labs
                             13 ;--------------------------------------------------------
                             14 ; special function registers
                             15 ;--------------------------------------------------------
                             16 	.area RSEG    (ABS,DATA)
   0000                      17 	.org 0x0000
                             18 ;--------------------------------------------------------
                             19 ; special function bits
                             20 ;--------------------------------------------------------
                             21 	.area RSEG    (ABS,DATA)
   0000                      22 	.org 0x0000
                             23 ;--------------------------------------------------------
                             24 ; overlayable register banks
                             25 ;--------------------------------------------------------
                             26 	.area REG_BANK_0	(REL,OVR,DATA)
   0000                      27 	.ds 8
                             28 ;--------------------------------------------------------
                             29 ; internal ram data
                             30 ;--------------------------------------------------------
                             31 	.area DSEG    (DATA)
                             32 ;--------------------------------------------------------
                             33 ; overlayable items in internal ram 
                             34 ;--------------------------------------------------------
                             35 	.area OSEG    (OVR,DATA)
                             36 ;--------------------------------------------------------
                             37 ; indirectly addressable internal ram data
                             38 ;--------------------------------------------------------
                             39 	.area ISEG    (DATA)
                             40 ;--------------------------------------------------------
                             41 ; absolute internal ram data
                             42 ;--------------------------------------------------------
                             43 	.area IABS    (ABS,DATA)
                             44 	.area IABS    (ABS,DATA)
                             45 ;--------------------------------------------------------
                             46 ; bit data
                             47 ;--------------------------------------------------------
                             48 	.area BSEG    (BIT)
                             49 ;--------------------------------------------------------
                             50 ; paged external ram data
                             51 ;--------------------------------------------------------
                             52 	.area PSEG    (PAG,XDATA)
                             53 ;--------------------------------------------------------
                             54 ; external ram data
                             55 ;--------------------------------------------------------
                             56 	.area XSEG    (XDATA)
   0000                      57 _labs_j_1_1:
   0000                      58 	.ds 4
                             59 ;--------------------------------------------------------
                             60 ; absolute external ram data
                             61 ;--------------------------------------------------------
                             62 	.area XABS    (ABS,XDATA)
                             63 ;--------------------------------------------------------
                             64 ; external initialized ram data
                             65 ;--------------------------------------------------------
                             66 	.area XISEG   (XDATA)
                             67 	.area HOME    (CODE)
                             68 	.area GSINIT0 (CODE)
                             69 	.area GSINIT1 (CODE)
                             70 	.area GSINIT2 (CODE)
                             71 	.area GSINIT3 (CODE)
                             72 	.area GSINIT4 (CODE)
                             73 	.area GSINIT5 (CODE)
                             74 	.area GSINIT  (CODE)
                             75 	.area GSFINAL (CODE)
                             76 	.area CSEG    (CODE)
                             77 ;--------------------------------------------------------
                             78 ; global & static initialisations
                             79 ;--------------------------------------------------------
                             80 	.area HOME    (CODE)
                             81 	.area GSINIT  (CODE)
                             82 	.area GSFINAL (CODE)
                             83 	.area GSINIT  (CODE)
                             84 ;--------------------------------------------------------
                             85 ; Home
                             86 ;--------------------------------------------------------
                             87 	.area HOME    (CODE)
                             88 	.area HOME    (CODE)
                             89 ;--------------------------------------------------------
                             90 ; code
                             91 ;--------------------------------------------------------
                             92 	.area CSEG    (CODE)
                             93 ;------------------------------------------------------------
                             94 ;Allocation info for local variables in function 'labs'
                             95 ;------------------------------------------------------------
                             96 ;j                         Allocated with name '_labs_j_1_1'
                             97 ;------------------------------------------------------------
                             98 ;	labs.c:23: long int labs(long int j)
                             99 ;	-----------------------------------------
                            100 ;	 function labs
                            101 ;	-----------------------------------------
   0000                     102 _labs:
                    0002    103 	ar2 = 0x02
                    0003    104 	ar3 = 0x03
                    0004    105 	ar4 = 0x04
                    0005    106 	ar5 = 0x05
                    0006    107 	ar6 = 0x06
                    0007    108 	ar7 = 0x07
                    0000    109 	ar0 = 0x00
                    0001    110 	ar1 = 0x01
   0000 AA 82               111 	mov	r2,dpl
   0002 AB 83               112 	mov	r3,dph
   0004 AC F0               113 	mov	r4,b
   0006 FD                  114 	mov	r5,a
   0007 90s00r00            115 	mov	dptr,#_labs_j_1_1
   000A EA                  116 	mov	a,r2
   000B F0                  117 	movx	@dptr,a
   000C A3                  118 	inc	dptr
   000D EB                  119 	mov	a,r3
   000E F0                  120 	movx	@dptr,a
   000F A3                  121 	inc	dptr
   0010 EC                  122 	mov	a,r4
   0011 F0                  123 	movx	@dptr,a
   0012 A3                  124 	inc	dptr
   0013 ED                  125 	mov	a,r5
   0014 F0                  126 	movx	@dptr,a
                            127 ;	labs.c:25: return (j >= 0) ? j : -j;
   0015 90s00r00            128 	mov	dptr,#_labs_j_1_1
   0018 E0                  129 	movx	a,@dptr
   0019 FA                  130 	mov	r2,a
   001A A3                  131 	inc	dptr
   001B E0                  132 	movx	a,@dptr
   001C FB                  133 	mov	r3,a
   001D A3                  134 	inc	dptr
   001E E0                  135 	movx	a,@dptr
   001F FC                  136 	mov	r4,a
   0020 A3                  137 	inc	dptr
   0021 E0                  138 	movx	a,@dptr
   0022 FD                  139 	mov	r5,a
   0023 33                  140 	rlc	a
   0024 B3                  141 	cpl	c
   0025 E4                  142 	clr	a
   0026 33                  143 	rlc	a
   0027 FE                  144 	mov	r6,a
   0028 60 0A               145 	jz	00103$
   002A 8A 06               146 	mov	ar6,r2
   002C 8B 07               147 	mov	ar7,r3
   002E 8C 00               148 	mov	ar0,r4
   0030 8D 01               149 	mov	ar1,r5
   0032 80 0D               150 	sjmp	00104$
   0034                     151 00103$:
   0034 C3                  152 	clr	c
   0035 E4                  153 	clr	a
   0036 9A                  154 	subb	a,r2
   0037 FE                  155 	mov	r6,a
   0038 E4                  156 	clr	a
   0039 9B                  157 	subb	a,r3
   003A FF                  158 	mov	r7,a
   003B E4                  159 	clr	a
   003C 9C                  160 	subb	a,r4
   003D F8                  161 	mov	r0,a
   003E E4                  162 	clr	a
   003F 9D                  163 	subb	a,r5
   0040 F9                  164 	mov	r1,a
   0041                     165 00104$:
   0041 8E 82               166 	mov	dpl,r6
   0043 8F 83               167 	mov	dph,r7
   0045 88 F0               168 	mov	b,r0
   0047 E9                  169 	mov	a,r1
   0048 22                  170 	ret
                            171 	.area CSEG    (CODE)
                            172 	.area CONST   (CODE)
                            173 	.area XINIT   (CODE)
                            174 	.area CABS    (ABS,CODE)
