                              1 ;--------------------------------------------------------
                              2 ; File Created by SDCC : free open source ANSI-C Compiler
                              3 ; Version 2.9.4 #5595 (Oct 23 2013) (Mac OS X ppc)
                              4 ; This file was generated Wed Oct 23 12:25:53 2013
                              5 ;--------------------------------------------------------
                              6 	.module sincoshf
                              7 	.optsdcc -mmcs51 --model-large
                              8 	
                              9 ;--------------------------------------------------------
                             10 ; Public variables in this module
                             11 ;--------------------------------------------------------
                             12 	.globl _sincoshf
                             13 	.globl _sincoshf_PARM_2
                             14 ;--------------------------------------------------------
                             15 ; special function registers
                             16 ;--------------------------------------------------------
                             17 	.area RSEG    (ABS,DATA)
   0000                      18 	.org 0x0000
                             19 ;--------------------------------------------------------
                             20 ; special function bits
                             21 ;--------------------------------------------------------
                             22 	.area RSEG    (ABS,DATA)
   0000                      23 	.org 0x0000
                             24 ;--------------------------------------------------------
                             25 ; overlayable register banks
                             26 ;--------------------------------------------------------
                             27 	.area REG_BANK_0	(REL,OVR,DATA)
   0000                      28 	.ds 8
                             29 ;--------------------------------------------------------
                             30 ; internal ram data
                             31 ;--------------------------------------------------------
                             32 	.area DSEG    (DATA)
   0000                      33 _sincoshf_sloc0_1_0:
   0000                      34 	.ds 4
   0004                      35 _sincoshf_sloc1_1_0:
   0004                      36 	.ds 4
   0008                      37 _sincoshf_sloc2_1_0:
   0008                      38 	.ds 4
                             39 ;--------------------------------------------------------
                             40 ; overlayable items in internal ram 
                             41 ;--------------------------------------------------------
                             42 	.area OSEG    (OVR,DATA)
                             43 ;--------------------------------------------------------
                             44 ; indirectly addressable internal ram data
                             45 ;--------------------------------------------------------
                             46 	.area ISEG    (DATA)
                             47 ;--------------------------------------------------------
                             48 ; absolute internal ram data
                             49 ;--------------------------------------------------------
                             50 	.area IABS    (ABS,DATA)
                             51 	.area IABS    (ABS,DATA)
                             52 ;--------------------------------------------------------
                             53 ; bit data
                             54 ;--------------------------------------------------------
                             55 	.area BSEG    (BIT)
   0000                      56 _sincoshf_sign_1_1:
   0000                      57 	.ds 1
                             58 ;--------------------------------------------------------
                             59 ; paged external ram data
                             60 ;--------------------------------------------------------
                             61 	.area PSEG    (PAG,XDATA)
                             62 ;--------------------------------------------------------
                             63 ; external ram data
                             64 ;--------------------------------------------------------
                             65 	.area XSEG    (XDATA)
   0000                      66 _sincoshf_PARM_2:
   0000                      67 	.ds 2
   0002                      68 _sincoshf_x_1_1:
   0002                      69 	.ds 4
   0006                      70 _sincoshf_y_1_1:
   0006                      71 	.ds 4
   000A                      72 _sincoshf_w_1_1:
   000A                      73 	.ds 4
   000E                      74 _sincoshf_z_1_1:
   000E                      75 	.ds 4
                             76 ;--------------------------------------------------------
                             77 ; absolute external ram data
                             78 ;--------------------------------------------------------
                             79 	.area XABS    (ABS,XDATA)
                             80 ;--------------------------------------------------------
                             81 ; external initialized ram data
                             82 ;--------------------------------------------------------
                             83 	.area XISEG   (XDATA)
                             84 	.area HOME    (CODE)
                             85 	.area GSINIT0 (CODE)
                             86 	.area GSINIT1 (CODE)
                             87 	.area GSINIT2 (CODE)
                             88 	.area GSINIT3 (CODE)
                             89 	.area GSINIT4 (CODE)
                             90 	.area GSINIT5 (CODE)
                             91 	.area GSINIT  (CODE)
                             92 	.area GSFINAL (CODE)
                             93 	.area CSEG    (CODE)
                             94 ;--------------------------------------------------------
                             95 ; global & static initialisations
                             96 ;--------------------------------------------------------
                             97 	.area HOME    (CODE)
                             98 	.area GSINIT  (CODE)
                             99 	.area GSFINAL (CODE)
                            100 	.area GSINIT  (CODE)
                            101 ;--------------------------------------------------------
                            102 ; Home
                            103 ;--------------------------------------------------------
                            104 	.area HOME    (CODE)
                            105 	.area HOME    (CODE)
                            106 ;--------------------------------------------------------
                            107 ; code
                            108 ;--------------------------------------------------------
                            109 	.area CSEG    (CODE)
                            110 ;------------------------------------------------------------
                            111 ;Allocation info for local variables in function 'sincoshf'
                            112 ;------------------------------------------------------------
                            113 ;sloc0                     Allocated with name '_sincoshf_sloc0_1_0'
                            114 ;sloc1                     Allocated with name '_sincoshf_sloc1_1_0'
                            115 ;sloc2                     Allocated with name '_sincoshf_sloc2_1_0'
                            116 ;iscosh                    Allocated with name '_sincoshf_PARM_2'
                            117 ;x                         Allocated with name '_sincoshf_x_1_1'
                            118 ;y                         Allocated with name '_sincoshf_y_1_1'
                            119 ;w                         Allocated with name '_sincoshf_w_1_1'
                            120 ;z                         Allocated with name '_sincoshf_z_1_1'
                            121 ;------------------------------------------------------------
                            122 ;	sincoshf.c:46: float sincoshf(const float x, const int iscosh)
                            123 ;	-----------------------------------------
                            124 ;	 function sincoshf
                            125 ;	-----------------------------------------
   0000                     126 _sincoshf:
                    0002    127 	ar2 = 0x02
                    0003    128 	ar3 = 0x03
                    0004    129 	ar4 = 0x04
                    0005    130 	ar5 = 0x05
                    0006    131 	ar6 = 0x06
                    0007    132 	ar7 = 0x07
                    0000    133 	ar0 = 0x00
                    0001    134 	ar1 = 0x01
   0000 AA 82               135 	mov	r2,dpl
   0002 AB 83               136 	mov	r3,dph
   0004 AC F0               137 	mov	r4,b
   0006 FD                  138 	mov	r5,a
   0007 90s00r02            139 	mov	dptr,#_sincoshf_x_1_1
   000A EA                  140 	mov	a,r2
   000B F0                  141 	movx	@dptr,a
   000C A3                  142 	inc	dptr
   000D EB                  143 	mov	a,r3
   000E F0                  144 	movx	@dptr,a
   000F A3                  145 	inc	dptr
   0010 EC                  146 	mov	a,r4
   0011 F0                  147 	movx	@dptr,a
   0012 A3                  148 	inc	dptr
   0013 ED                  149 	mov	a,r5
   0014 F0                  150 	movx	@dptr,a
                            151 ;	sincoshf.c:51: if (x<0.0) { y=-x; sign=1; }
   0015 90s00r02            152 	mov	dptr,#_sincoshf_x_1_1
   0018 E0                  153 	movx	a,@dptr
   0019 FA                  154 	mov	r2,a
   001A A3                  155 	inc	dptr
   001B E0                  156 	movx	a,@dptr
   001C FB                  157 	mov	r3,a
   001D A3                  158 	inc	dptr
   001E E0                  159 	movx	a,@dptr
   001F FC                  160 	mov	r4,a
   0020 A3                  161 	inc	dptr
   0021 E0                  162 	movx	a,@dptr
   0022 FD                  163 	mov	r5,a
   0023 C0 02               164 	push	ar2
   0025 C0 03               165 	push	ar3
   0027 C0 04               166 	push	ar4
   0029 C0 05               167 	push	ar5
   002B E4                  168 	clr	a
   002C C0 E0               169 	push	acc
   002E C0 E0               170 	push	acc
   0030 C0 E0               171 	push	acc
   0032 C0 E0               172 	push	acc
   0034 8A 82               173 	mov	dpl,r2
   0036 8B 83               174 	mov	dph,r3
   0038 8C F0               175 	mov	b,r4
   003A ED                  176 	mov	a,r5
   003B 12s00r00            177 	lcall	___fslt
   003E AE 82               178 	mov	r6,dpl
   0040 E5 81               179 	mov	a,sp
   0042 24 FC               180 	add	a,#0xfc
   0044 F5 81               181 	mov	sp,a
   0046 D0 05               182 	pop	ar5
   0048 D0 04               183 	pop	ar4
   004A D0 03               184 	pop	ar3
   004C D0 02               185 	pop	ar2
   004E EE                  186 	mov	a,r6
   004F 60 14               187 	jz	00102$
   0051 90s00r06            188 	mov	dptr,#_sincoshf_y_1_1
   0054 EA                  189 	mov	a,r2
   0055 F0                  190 	movx	@dptr,a
   0056 A3                  191 	inc	dptr
   0057 EB                  192 	mov	a,r3
   0058 F0                  193 	movx	@dptr,a
   0059 A3                  194 	inc	dptr
   005A EC                  195 	mov	a,r4
   005B F0                  196 	movx	@dptr,a
   005C ED                  197 	mov	a,r5
   005D B2 E7               198 	cpl	acc.7
   005F A3                  199 	inc	dptr
   0060 F0                  200 	movx	@dptr,a
   0061 D2*00               201 	setb	_sincoshf_sign_1_1
   0063 80 10               202 	sjmp	00103$
   0065                     203 00102$:
                            204 ;	sincoshf.c:52: else { y=x;  sign=0; }
   0065 90s00r06            205 	mov	dptr,#_sincoshf_y_1_1
   0068 EA                  206 	mov	a,r2
   0069 F0                  207 	movx	@dptr,a
   006A A3                  208 	inc	dptr
   006B EB                  209 	mov	a,r3
   006C F0                  210 	movx	@dptr,a
   006D A3                  211 	inc	dptr
   006E EC                  212 	mov	a,r4
   006F F0                  213 	movx	@dptr,a
   0070 A3                  214 	inc	dptr
   0071 ED                  215 	mov	a,r5
   0072 F0                  216 	movx	@dptr,a
   0073 C2*00               217 	clr	_sincoshf_sign_1_1
   0075                     218 00103$:
                            219 ;	sincoshf.c:54: if ((y>1.0) || iscosh)
   0075 90s00r06            220 	mov	dptr,#_sincoshf_y_1_1
   0078 E0                  221 	movx	a,@dptr
   0079 F5*00               222 	mov	_sincoshf_sloc0_1_0,a
   007B A3                  223 	inc	dptr
   007C E0                  224 	movx	a,@dptr
   007D F5*01               225 	mov	(_sincoshf_sloc0_1_0 + 1),a
   007F A3                  226 	inc	dptr
   0080 E0                  227 	movx	a,@dptr
   0081 F5*02               228 	mov	(_sincoshf_sloc0_1_0 + 2),a
   0083 A3                  229 	inc	dptr
   0084 E0                  230 	movx	a,@dptr
   0085 F5*03               231 	mov	(_sincoshf_sloc0_1_0 + 3),a
   0087 C0 02               232 	push	ar2
   0089 C0 03               233 	push	ar3
   008B C0 04               234 	push	ar4
   008D C0 05               235 	push	ar5
   008F E4                  236 	clr	a
   0090 C0 E0               237 	push	acc
   0092 C0 E0               238 	push	acc
   0094 74 80               239 	mov	a,#0x80
   0096 C0 E0               240 	push	acc
   0098 74 3F               241 	mov	a,#0x3F
   009A C0 E0               242 	push	acc
   009C 85*00 82            243 	mov	dpl,_sincoshf_sloc0_1_0
   009F 85*01 83            244 	mov	dph,(_sincoshf_sloc0_1_0 + 1)
   00A2 85*02 F0            245 	mov	b,(_sincoshf_sloc0_1_0 + 2)
   00A5 E5*03               246 	mov	a,(_sincoshf_sloc0_1_0 + 3)
   00A7 12s00r00            247 	lcall	___fsgt
   00AA AE 82               248 	mov	r6,dpl
   00AC E5 81               249 	mov	a,sp
   00AE 24 FC               250 	add	a,#0xfc
   00B0 F5 81               251 	mov	sp,a
   00B2 D0 05               252 	pop	ar5
   00B4 D0 04               253 	pop	ar4
   00B6 D0 03               254 	pop	ar3
   00B8 D0 02               255 	pop	ar2
   00BA EE                  256 	mov	a,r6
   00BB 70 0E               257 	jnz	00117$
   00BD 90s00r00            258 	mov	dptr,#_sincoshf_PARM_2
   00C0 E0                  259 	movx	a,@dptr
   00C1 FE                  260 	mov	r6,a
   00C2 A3                  261 	inc	dptr
   00C3 E0                  262 	movx	a,@dptr
   00C4 FF                  263 	mov	r7,a
   00C5 4E                  264 	orl	a,r6
   00C6 70 03               265 	jnz	00132$
   00C8 02s02rC2            266 	ljmp	00118$
   00CB                     267 00132$:
   00CB                     268 00117$:
                            269 ;	sincoshf.c:56: if(y>YBAR)
   00CB E4                  270 	clr	a
   00CC C0 E0               271 	push	acc
   00CE C0 E0               272 	push	acc
   00D0 74 10               273 	mov	a,#0x10
   00D2 C0 E0               274 	push	acc
   00D4 74 41               275 	mov	a,#0x41
   00D6 C0 E0               276 	push	acc
   00D8 85*00 82            277 	mov	dpl,_sincoshf_sloc0_1_0
   00DB 85*01 83            278 	mov	dph,(_sincoshf_sloc0_1_0 + 1)
   00DE 85*02 F0            279 	mov	b,(_sincoshf_sloc0_1_0 + 2)
   00E1 E5*03               280 	mov	a,(_sincoshf_sloc0_1_0 + 3)
   00E3 12s00r00            281 	lcall	___fsgt
   00E6 AE 82               282 	mov	r6,dpl
   00E8 E5 81               283 	mov	a,sp
   00EA 24 FC               284 	add	a,#0xfc
   00EC F5 81               285 	mov	sp,a
   00EE EE                  286 	mov	a,r6
   00EF 70 03               287 	jnz	00133$
   00F1 02s01rD2            288 	ljmp	00110$
   00F4                     289 00133$:
                            290 ;	sincoshf.c:58: w=y-K1;
   00F4 E4                  291 	clr	a
   00F5 C0 E0               292 	push	acc
   00F7 74 73               293 	mov	a,#0x73
   00F9 C0 E0               294 	push	acc
   00FB 74 31               295 	mov	a,#0x31
   00FD C0 E0               296 	push	acc
   00FF 74 3F               297 	mov	a,#0x3F
   0101 C0 E0               298 	push	acc
                            299 ;	sincoshf.c:59: if (w>WMAX)
   0103 85*00 82            300 	mov	dpl,_sincoshf_sloc0_1_0
   0106 85*01 83            301 	mov	dph,(_sincoshf_sloc0_1_0 + 1)
   0109 85*02 F0            302 	mov	b,(_sincoshf_sloc0_1_0 + 2)
   010C E5*03               303 	mov	a,(_sincoshf_sloc0_1_0 + 3)
   010E 12s00r00            304 	lcall	___fssub
   0111 85 82*04            305 	mov	_sincoshf_sloc1_1_0,dpl
   0114 85 83*05            306 	mov	(_sincoshf_sloc1_1_0 + 1),dph
   0117 85 F0*06            307 	mov	(_sincoshf_sloc1_1_0 + 2),b
   011A F5*07               308 	mov	(_sincoshf_sloc1_1_0 + 3),a
   011C E5 81               309 	mov	a,sp
   011E 24 FC               310 	add	a,#0xfc
   0120 F5 81               311 	mov	sp,a
   0122 74 CF               312 	mov	a,#0xCF
   0124 C0 E0               313 	push	acc
   0126 74 BD               314 	mov	a,#0xBD
   0128 C0 E0               315 	push	acc
   012A 74 33               316 	mov	a,#0x33
   012C C0 E0               317 	push	acc
   012E 74 42               318 	mov	a,#0x42
   0130 C0 E0               319 	push	acc
   0132 85*04 82            320 	mov	dpl,_sincoshf_sloc1_1_0
   0135 85*05 83            321 	mov	dph,(_sincoshf_sloc1_1_0 + 1)
   0138 85*06 F0            322 	mov	b,(_sincoshf_sloc1_1_0 + 2)
   013B E5*07               323 	mov	a,(_sincoshf_sloc1_1_0 + 3)
   013D 12s00r00            324 	lcall	___fsgt
   0140 AE 82               325 	mov	r6,dpl
   0142 E5 81               326 	mov	a,sp
   0144 24 FC               327 	add	a,#0xfc
   0146 F5 81               328 	mov	sp,a
   0148 EE                  329 	mov	a,r6
   0149 60 1A               330 	jz	00105$
                            331 ;	sincoshf.c:61: errno=ERANGE;
   014B 90s00r00            332 	mov	dptr,#_errno
   014E 74 22               333 	mov	a,#0x22
   0150 F0                  334 	movx	@dptr,a
   0151 E4                  335 	clr	a
   0152 A3                  336 	inc	dptr
   0153 F0                  337 	movx	@dptr,a
                            338 ;	sincoshf.c:62: z=HUGE_VALF;
   0154 90s00r0E            339 	mov	dptr,#_sincoshf_z_1_1
   0157 74 FF               340 	mov	a,#0xFF
   0159 F0                  341 	movx	@dptr,a
   015A A3                  342 	inc	dptr
   015B F0                  343 	movx	@dptr,a
   015C A3                  344 	inc	dptr
   015D 74 7F               345 	mov	a,#0x7F
   015F F0                  346 	movx	@dptr,a
   0160 A3                  347 	inc	dptr
   0161 F0                  348 	movx	@dptr,a
   0162 02s02r9B            349 	ljmp	00111$
   0165                     350 00105$:
                            351 ;	sincoshf.c:66: z=expf(w);
   0165 85*04 82            352 	mov	dpl,_sincoshf_sloc1_1_0
   0168 85*05 83            353 	mov	dph,(_sincoshf_sloc1_1_0 + 1)
   016B 85*06 F0            354 	mov	b,(_sincoshf_sloc1_1_0 + 2)
   016E E5*07               355 	mov	a,(_sincoshf_sloc1_1_0 + 3)
   0170 12s00r00            356 	lcall	_expf
   0173 85 82*04            357 	mov	_sincoshf_sloc1_1_0,dpl
   0176 85 83*05            358 	mov	(_sincoshf_sloc1_1_0 + 1),dph
   0179 85 F0*06            359 	mov	(_sincoshf_sloc1_1_0 + 2),b
   017C F5*07               360 	mov	(_sincoshf_sloc1_1_0 + 3),a
                            361 ;	sincoshf.c:67: z+=K3*z;
   017E C0*04               362 	push	_sincoshf_sloc1_1_0
   0180 C0*05               363 	push	(_sincoshf_sloc1_1_0 + 1)
   0182 C0*06               364 	push	(_sincoshf_sloc1_1_0 + 2)
   0184 C0*07               365 	push	(_sincoshf_sloc1_1_0 + 3)
   0186 90 08 97            366 	mov	dptr,#0x0897
   0189 75 F0 68            367 	mov	b,#0x68
   018C 74 37               368 	mov	a,#0x37
   018E 12s00r00            369 	lcall	___fsmul
   0191 AE 82               370 	mov	r6,dpl
   0193 AF 83               371 	mov	r7,dph
   0195 A8 F0               372 	mov	r0,b
   0197 F9                  373 	mov	r1,a
   0198 E5 81               374 	mov	a,sp
   019A 24 FC               375 	add	a,#0xfc
   019C F5 81               376 	mov	sp,a
   019E C0 06               377 	push	ar6
   01A0 C0 07               378 	push	ar7
   01A2 C0 00               379 	push	ar0
   01A4 C0 01               380 	push	ar1
   01A6 85*04 82            381 	mov	dpl,_sincoshf_sloc1_1_0
   01A9 85*05 83            382 	mov	dph,(_sincoshf_sloc1_1_0 + 1)
   01AC 85*06 F0            383 	mov	b,(_sincoshf_sloc1_1_0 + 2)
   01AF E5*07               384 	mov	a,(_sincoshf_sloc1_1_0 + 3)
   01B1 12s00r00            385 	lcall	___fsadd
   01B4 AE 82               386 	mov	r6,dpl
   01B6 AF 83               387 	mov	r7,dph
   01B8 A8 F0               388 	mov	r0,b
   01BA F9                  389 	mov	r1,a
   01BB E5 81               390 	mov	a,sp
   01BD 24 FC               391 	add	a,#0xfc
   01BF F5 81               392 	mov	sp,a
   01C1 90s00r0E            393 	mov	dptr,#_sincoshf_z_1_1
   01C4 EE                  394 	mov	a,r6
   01C5 F0                  395 	movx	@dptr,a
   01C6 A3                  396 	inc	dptr
   01C7 EF                  397 	mov	a,r7
   01C8 F0                  398 	movx	@dptr,a
   01C9 A3                  399 	inc	dptr
   01CA E8                  400 	mov	a,r0
   01CB F0                  401 	movx	@dptr,a
   01CC A3                  402 	inc	dptr
   01CD E9                  403 	mov	a,r1
   01CE F0                  404 	movx	@dptr,a
   01CF 02s02r9B            405 	ljmp	00111$
   01D2                     406 00110$:
                            407 ;	sincoshf.c:72: z=expf(y);
   01D2 85*00 82            408 	mov	dpl,_sincoshf_sloc0_1_0
   01D5 85*01 83            409 	mov	dph,(_sincoshf_sloc0_1_0 + 1)
   01D8 85*02 F0            410 	mov	b,(_sincoshf_sloc0_1_0 + 2)
   01DB E5*03               411 	mov	a,(_sincoshf_sloc0_1_0 + 3)
   01DD 12s00r00            412 	lcall	_expf
   01E0 85 82*08            413 	mov	_sincoshf_sloc2_1_0,dpl
   01E3 85 83*09            414 	mov	(_sincoshf_sloc2_1_0 + 1),dph
   01E6 85 F0*0A            415 	mov	(_sincoshf_sloc2_1_0 + 2),b
   01E9 F5*0B               416 	mov	(_sincoshf_sloc2_1_0 + 3),a
                            417 ;	sincoshf.c:73: w=1.0/z;
   01EB C0*08               418 	push	_sincoshf_sloc2_1_0
   01ED C0*09               419 	push	(_sincoshf_sloc2_1_0 + 1)
   01EF C0*0A               420 	push	(_sincoshf_sloc2_1_0 + 2)
   01F1 C0*0B               421 	push	(_sincoshf_sloc2_1_0 + 3)
   01F3 90 00 00            422 	mov	dptr,#0x0000
   01F6 75 F0 80            423 	mov	b,#0x80
   01F9 74 3F               424 	mov	a,#0x3F
   01FB 12s00r00            425 	lcall	___fsdiv
   01FE 85 82*04            426 	mov	_sincoshf_sloc1_1_0,dpl
   0201 85 83*05            427 	mov	(_sincoshf_sloc1_1_0 + 1),dph
   0204 85 F0*06            428 	mov	(_sincoshf_sloc1_1_0 + 2),b
   0207 F5*07               429 	mov	(_sincoshf_sloc1_1_0 + 3),a
   0209 E5 81               430 	mov	a,sp
   020B 24 FC               431 	add	a,#0xfc
   020D F5 81               432 	mov	sp,a
   020F 90s00r0A            433 	mov	dptr,#_sincoshf_w_1_1
   0212 E5*04               434 	mov	a,_sincoshf_sloc1_1_0
   0214 F0                  435 	movx	@dptr,a
   0215 A3                  436 	inc	dptr
   0216 E5*05               437 	mov	a,(_sincoshf_sloc1_1_0 + 1)
   0218 F0                  438 	movx	@dptr,a
   0219 A3                  439 	inc	dptr
   021A E5*06               440 	mov	a,(_sincoshf_sloc1_1_0 + 2)
   021C F0                  441 	movx	@dptr,a
   021D A3                  442 	inc	dptr
   021E E5*07               443 	mov	a,(_sincoshf_sloc1_1_0 + 3)
   0220 F0                  444 	movx	@dptr,a
                            445 ;	sincoshf.c:74: if(!iscosh) w=-w;
   0221 90s00r00            446 	mov	dptr,#_sincoshf_PARM_2
   0224 E0                  447 	movx	a,@dptr
   0225 FE                  448 	mov	r6,a
   0226 A3                  449 	inc	dptr
   0227 E0                  450 	movx	a,@dptr
   0228 FF                  451 	mov	r7,a
   0229 4E                  452 	orl	a,r6
   022A 70 14               453 	jnz	00108$
   022C 90s00r0A            454 	mov	dptr,#_sincoshf_w_1_1
   022F E5*04               455 	mov	a,_sincoshf_sloc1_1_0
   0231 F0                  456 	movx	@dptr,a
   0232 A3                  457 	inc	dptr
   0233 E5*05               458 	mov	a,(_sincoshf_sloc1_1_0 + 1)
   0235 F0                  459 	movx	@dptr,a
   0236 A3                  460 	inc	dptr
   0237 E5*06               461 	mov	a,(_sincoshf_sloc1_1_0 + 2)
   0239 F0                  462 	movx	@dptr,a
   023A E5*07               463 	mov	a,(_sincoshf_sloc1_1_0 + 3)
   023C B2 E7               464 	cpl	acc.7
   023E A3                  465 	inc	dptr
   023F F0                  466 	movx	@dptr,a
   0240                     467 00108$:
                            468 ;	sincoshf.c:75: z=(z+w)*0.5;
   0240 90s00r0A            469 	mov	dptr,#_sincoshf_w_1_1
   0243 E0                  470 	movx	a,@dptr
   0244 C0 E0               471 	push	acc
   0246 A3                  472 	inc	dptr
   0247 E0                  473 	movx	a,@dptr
   0248 C0 E0               474 	push	acc
   024A A3                  475 	inc	dptr
   024B E0                  476 	movx	a,@dptr
   024C C0 E0               477 	push	acc
   024E A3                  478 	inc	dptr
   024F E0                  479 	movx	a,@dptr
   0250 C0 E0               480 	push	acc
   0252 85*08 82            481 	mov	dpl,_sincoshf_sloc2_1_0
   0255 85*09 83            482 	mov	dph,(_sincoshf_sloc2_1_0 + 1)
   0258 85*0A F0            483 	mov	b,(_sincoshf_sloc2_1_0 + 2)
   025B E5*0B               484 	mov	a,(_sincoshf_sloc2_1_0 + 3)
   025D 12s00r00            485 	lcall	___fsadd
   0260 AE 82               486 	mov	r6,dpl
   0262 AF 83               487 	mov	r7,dph
   0264 A8 F0               488 	mov	r0,b
   0266 F9                  489 	mov	r1,a
   0267 E5 81               490 	mov	a,sp
   0269 24 FC               491 	add	a,#0xfc
   026B F5 81               492 	mov	sp,a
   026D C0 06               493 	push	ar6
   026F C0 07               494 	push	ar7
   0271 C0 00               495 	push	ar0
   0273 C0 01               496 	push	ar1
   0275 90 00 00            497 	mov	dptr,#(0x00&0x00ff)
   0278 E4                  498 	clr	a
   0279 F5 F0               499 	mov	b,a
   027B 74 3F               500 	mov	a,#0x3F
   027D 12s00r00            501 	lcall	___fsmul
   0280 AE 82               502 	mov	r6,dpl
   0282 AF 83               503 	mov	r7,dph
   0284 A8 F0               504 	mov	r0,b
   0286 F9                  505 	mov	r1,a
   0287 E5 81               506 	mov	a,sp
   0289 24 FC               507 	add	a,#0xfc
   028B F5 81               508 	mov	sp,a
   028D 90s00r0E            509 	mov	dptr,#_sincoshf_z_1_1
   0290 EE                  510 	mov	a,r6
   0291 F0                  511 	movx	@dptr,a
   0292 A3                  512 	inc	dptr
   0293 EF                  513 	mov	a,r7
   0294 F0                  514 	movx	@dptr,a
   0295 A3                  515 	inc	dptr
   0296 E8                  516 	mov	a,r0
   0297 F0                  517 	movx	@dptr,a
   0298 A3                  518 	inc	dptr
   0299 E9                  519 	mov	a,r1
   029A F0                  520 	movx	@dptr,a
   029B                     521 00111$:
                            522 ;	sincoshf.c:77: if(sign) z=-z;
   029B 20*00 03            523 	jb	_sincoshf_sign_1_1,00136$
   029E 02s04r58            524 	ljmp	00119$
   02A1                     525 00136$:
   02A1 90s00r0E            526 	mov	dptr,#_sincoshf_z_1_1
   02A4 E0                  527 	movx	a,@dptr
   02A5 FE                  528 	mov	r6,a
   02A6 A3                  529 	inc	dptr
   02A7 E0                  530 	movx	a,@dptr
   02A8 FF                  531 	mov	r7,a
   02A9 A3                  532 	inc	dptr
   02AA E0                  533 	movx	a,@dptr
   02AB F8                  534 	mov	r0,a
   02AC A3                  535 	inc	dptr
   02AD E0                  536 	movx	a,@dptr
   02AE F9                  537 	mov	r1,a
   02AF 90s00r0E            538 	mov	dptr,#_sincoshf_z_1_1
   02B2 EE                  539 	mov	a,r6
   02B3 F0                  540 	movx	@dptr,a
   02B4 A3                  541 	inc	dptr
   02B5 EF                  542 	mov	a,r7
   02B6 F0                  543 	movx	@dptr,a
   02B7 A3                  544 	inc	dptr
   02B8 E8                  545 	mov	a,r0
   02B9 F0                  546 	movx	@dptr,a
   02BA E9                  547 	mov	a,r1
   02BB B2 E7               548 	cpl	acc.7
   02BD A3                  549 	inc	dptr
   02BE F0                  550 	movx	@dptr,a
   02BF 02s04r58            551 	ljmp	00119$
   02C2                     552 00118$:
                            553 ;	sincoshf.c:81: if (y<EPS)
   02C2 C0 02               554 	push	ar2
   02C4 C0 03               555 	push	ar3
   02C6 C0 04               556 	push	ar4
   02C8 C0 05               557 	push	ar5
   02CA E4                  558 	clr	a
   02CB C0 E0               559 	push	acc
   02CD C0 E0               560 	push	acc
   02CF 74 80               561 	mov	a,#0x80
   02D1 C0 E0               562 	push	acc
   02D3 74 39               563 	mov	a,#0x39
   02D5 C0 E0               564 	push	acc
   02D7 85*00 82            565 	mov	dpl,_sincoshf_sloc0_1_0
   02DA 85*01 83            566 	mov	dph,(_sincoshf_sloc0_1_0 + 1)
   02DD 85*02 F0            567 	mov	b,(_sincoshf_sloc0_1_0 + 2)
   02E0 E5*03               568 	mov	a,(_sincoshf_sloc0_1_0 + 3)
   02E2 12s00r00            569 	lcall	___fslt
   02E5 AE 82               570 	mov	r6,dpl
   02E7 E5 81               571 	mov	a,sp
   02E9 24 FC               572 	add	a,#0xfc
   02EB F5 81               573 	mov	sp,a
   02ED D0 05               574 	pop	ar5
   02EF D0 04               575 	pop	ar4
   02F1 D0 03               576 	pop	ar3
   02F3 D0 02               577 	pop	ar2
   02F5 EE                  578 	mov	a,r6
   02F6 60 11               579 	jz	00115$
                            580 ;	sincoshf.c:82: z=x;
   02F8 90s00r0E            581 	mov	dptr,#_sincoshf_z_1_1
   02FB EA                  582 	mov	a,r2
   02FC F0                  583 	movx	@dptr,a
   02FD A3                  584 	inc	dptr
   02FE EB                  585 	mov	a,r3
   02FF F0                  586 	movx	@dptr,a
   0300 A3                  587 	inc	dptr
   0301 EC                  588 	mov	a,r4
   0302 F0                  589 	movx	@dptr,a
   0303 A3                  590 	inc	dptr
   0304 ED                  591 	mov	a,r5
   0305 F0                  592 	movx	@dptr,a
   0306 02s04r58            593 	ljmp	00119$
   0309                     594 00115$:
                            595 ;	sincoshf.c:85: z=x*x;
   0309 C0 02               596 	push	ar2
   030B C0 03               597 	push	ar3
   030D C0 04               598 	push	ar4
   030F C0 05               599 	push	ar5
   0311 C0 02               600 	push	ar2
   0313 C0 03               601 	push	ar3
   0315 C0 04               602 	push	ar4
   0317 C0 05               603 	push	ar5
                            604 ;	sincoshf.c:86: z=x+x*z*P(z)/Q(z);
   0319 8A 82               605 	mov	dpl,r2
   031B 8B 83               606 	mov	dph,r3
   031D 8C F0               607 	mov	b,r4
   031F ED                  608 	mov	a,r5
   0320 12s00r00            609 	lcall	___fsmul
   0323 85 82*08            610 	mov	_sincoshf_sloc2_1_0,dpl
   0326 85 83*09            611 	mov	(_sincoshf_sloc2_1_0 + 1),dph
   0329 85 F0*0A            612 	mov	(_sincoshf_sloc2_1_0 + 2),b
   032C F5*0B               613 	mov	(_sincoshf_sloc2_1_0 + 3),a
   032E E5 81               614 	mov	a,sp
   0330 24 FC               615 	add	a,#0xfc
   0332 F5 81               616 	mov	sp,a
   0334 D0 05               617 	pop	ar5
   0336 D0 04               618 	pop	ar4
   0338 D0 03               619 	pop	ar3
   033A D0 02               620 	pop	ar2
   033C C0 02               621 	push	ar2
   033E C0 03               622 	push	ar3
   0340 C0 04               623 	push	ar4
   0342 C0 05               624 	push	ar5
   0344 C0*08               625 	push	_sincoshf_sloc2_1_0
   0346 C0*09               626 	push	(_sincoshf_sloc2_1_0 + 1)
   0348 C0*0A               627 	push	(_sincoshf_sloc2_1_0 + 2)
   034A C0*0B               628 	push	(_sincoshf_sloc2_1_0 + 3)
   034C 8A 82               629 	mov	dpl,r2
   034E 8B 83               630 	mov	dph,r3
   0350 8C F0               631 	mov	b,r4
   0352 ED                  632 	mov	a,r5
   0353 12s00r00            633 	lcall	___fsmul
   0356 85 82*04            634 	mov	_sincoshf_sloc1_1_0,dpl
   0359 85 83*05            635 	mov	(_sincoshf_sloc1_1_0 + 1),dph
   035C 85 F0*06            636 	mov	(_sincoshf_sloc1_1_0 + 2),b
   035F F5*07               637 	mov	(_sincoshf_sloc1_1_0 + 3),a
   0361 E5 81               638 	mov	a,sp
   0363 24 FC               639 	add	a,#0xfc
   0365 F5 81               640 	mov	sp,a
   0367 C0*08               641 	push	_sincoshf_sloc2_1_0
   0369 C0*09               642 	push	(_sincoshf_sloc2_1_0 + 1)
   036B C0*0A               643 	push	(_sincoshf_sloc2_1_0 + 2)
   036D C0*0B               644 	push	(_sincoshf_sloc2_1_0 + 3)
   036F 90 E6 EA            645 	mov	dptr,#0xE6EA
   0372 75 F0 42            646 	mov	b,#0x42
   0375 74 BE               647 	mov	a,#0xBE
   0377 12s00r00            648 	lcall	___fsmul
   037A AE 82               649 	mov	r6,dpl
   037C AF 83               650 	mov	r7,dph
   037E A8 F0               651 	mov	r0,b
   0380 F9                  652 	mov	r1,a
   0381 E5 81               653 	mov	a,sp
   0383 24 FC               654 	add	a,#0xfc
   0385 F5 81               655 	mov	sp,a
   0387 74 F0               656 	mov	a,#0xF0
   0389 C0 E0               657 	push	acc
   038B 74 69               658 	mov	a,#0x69
   038D C0 E0               659 	push	acc
   038F 74 E4               660 	mov	a,#0xE4
   0391 C0 E0               661 	push	acc
   0393 74 C0               662 	mov	a,#0xC0
   0395 C0 E0               663 	push	acc
   0397 8E 82               664 	mov	dpl,r6
   0399 8F 83               665 	mov	dph,r7
   039B 88 F0               666 	mov	b,r0
   039D E9                  667 	mov	a,r1
   039E 12s00r00            668 	lcall	___fsadd
   03A1 AE 82               669 	mov	r6,dpl
   03A3 AF 83               670 	mov	r7,dph
   03A5 A8 F0               671 	mov	r0,b
   03A7 F9                  672 	mov	r1,a
   03A8 E5 81               673 	mov	a,sp
   03AA 24 FC               674 	add	a,#0xfc
   03AC F5 81               675 	mov	sp,a
   03AE C0 06               676 	push	ar6
   03B0 C0 07               677 	push	ar7
   03B2 C0 00               678 	push	ar0
   03B4 C0 01               679 	push	ar1
   03B6 85*04 82            680 	mov	dpl,_sincoshf_sloc1_1_0
   03B9 85*05 83            681 	mov	dph,(_sincoshf_sloc1_1_0 + 1)
   03BC 85*06 F0            682 	mov	b,(_sincoshf_sloc1_1_0 + 2)
   03BF E5*07               683 	mov	a,(_sincoshf_sloc1_1_0 + 3)
   03C1 12s00r00            684 	lcall	___fsmul
   03C4 85 82*04            685 	mov	_sincoshf_sloc1_1_0,dpl
   03C7 85 83*05            686 	mov	(_sincoshf_sloc1_1_0 + 1),dph
   03CA 85 F0*06            687 	mov	(_sincoshf_sloc1_1_0 + 2),b
   03CD F5*07               688 	mov	(_sincoshf_sloc1_1_0 + 3),a
   03CF E5 81               689 	mov	a,sp
   03D1 24 FC               690 	add	a,#0xfc
   03D3 F5 81               691 	mov	sp,a
   03D5 74 93               692 	mov	a,#0x93
   03D7 C0 E0               693 	push	acc
   03D9 74 4F               694 	mov	a,#0x4F
   03DB C0 E0               695 	push	acc
   03DD 74 2B               696 	mov	a,#0x2B
   03DF C0 E0               697 	push	acc
   03E1 74 C2               698 	mov	a,#0xC2
   03E3 C0 E0               699 	push	acc
   03E5 85*08 82            700 	mov	dpl,_sincoshf_sloc2_1_0
   03E8 85*09 83            701 	mov	dph,(_sincoshf_sloc2_1_0 + 1)
   03EB 85*0A F0            702 	mov	b,(_sincoshf_sloc2_1_0 + 2)
   03EE E5*0B               703 	mov	a,(_sincoshf_sloc2_1_0 + 3)
   03F0 12s00r00            704 	lcall	___fsadd
   03F3 AE 82               705 	mov	r6,dpl
   03F5 AF 83               706 	mov	r7,dph
   03F7 A8 F0               707 	mov	r0,b
   03F9 F9                  708 	mov	r1,a
   03FA E5 81               709 	mov	a,sp
   03FC 24 FC               710 	add	a,#0xfc
   03FE F5 81               711 	mov	sp,a
   0400 C0 06               712 	push	ar6
   0402 C0 07               713 	push	ar7
   0404 C0 00               714 	push	ar0
   0406 C0 01               715 	push	ar1
   0408 85*04 82            716 	mov	dpl,_sincoshf_sloc1_1_0
   040B 85*05 83            717 	mov	dph,(_sincoshf_sloc1_1_0 + 1)
   040E 85*06 F0            718 	mov	b,(_sincoshf_sloc1_1_0 + 2)
   0411 E5*07               719 	mov	a,(_sincoshf_sloc1_1_0 + 3)
   0413 12s00r00            720 	lcall	___fsdiv
   0416 AE 82               721 	mov	r6,dpl
   0418 AF 83               722 	mov	r7,dph
   041A A8 F0               723 	mov	r0,b
   041C F9                  724 	mov	r1,a
   041D E5 81               725 	mov	a,sp
   041F 24 FC               726 	add	a,#0xfc
   0421 F5 81               727 	mov	sp,a
   0423 D0 05               728 	pop	ar5
   0425 D0 04               729 	pop	ar4
   0427 D0 03               730 	pop	ar3
   0429 D0 02               731 	pop	ar2
   042B C0 06               732 	push	ar6
   042D C0 07               733 	push	ar7
   042F C0 00               734 	push	ar0
   0431 C0 01               735 	push	ar1
   0433 8A 82               736 	mov	dpl,r2
   0435 8B 83               737 	mov	dph,r3
   0437 8C F0               738 	mov	b,r4
   0439 ED                  739 	mov	a,r5
   043A 12s00r00            740 	lcall	___fsadd
   043D AA 82               741 	mov	r2,dpl
   043F AB 83               742 	mov	r3,dph
   0441 AC F0               743 	mov	r4,b
   0443 FD                  744 	mov	r5,a
   0444 E5 81               745 	mov	a,sp
   0446 24 FC               746 	add	a,#0xfc
   0448 F5 81               747 	mov	sp,a
   044A 90s00r0E            748 	mov	dptr,#_sincoshf_z_1_1
   044D EA                  749 	mov	a,r2
   044E F0                  750 	movx	@dptr,a
   044F A3                  751 	inc	dptr
   0450 EB                  752 	mov	a,r3
   0451 F0                  753 	movx	@dptr,a
   0452 A3                  754 	inc	dptr
   0453 EC                  755 	mov	a,r4
   0454 F0                  756 	movx	@dptr,a
   0455 A3                  757 	inc	dptr
   0456 ED                  758 	mov	a,r5
   0457 F0                  759 	movx	@dptr,a
   0458                     760 00119$:
                            761 ;	sincoshf.c:89: return z;
   0458 90s00r0E            762 	mov	dptr,#_sincoshf_z_1_1
   045B E0                  763 	movx	a,@dptr
   045C FA                  764 	mov	r2,a
   045D A3                  765 	inc	dptr
   045E E0                  766 	movx	a,@dptr
   045F FB                  767 	mov	r3,a
   0460 A3                  768 	inc	dptr
   0461 E0                  769 	movx	a,@dptr
   0462 FC                  770 	mov	r4,a
   0463 A3                  771 	inc	dptr
   0464 E0                  772 	movx	a,@dptr
   0465 8A 82               773 	mov	dpl,r2
   0467 8B 83               774 	mov	dph,r3
   0469 8C F0               775 	mov	b,r4
   046B 22                  776 	ret
                            777 	.area CSEG    (CODE)
                            778 	.area CONST   (CODE)
                            779 	.area XINIT   (CODE)
                            780 	.area CABS    (ABS,CODE)
