                              1 ;--------------------------------------------------------
                              2 ; File Created by SDCC : free open source ANSI-C Compiler
                              3 ; Version 2.9.4 #5595 (Oct 23 2013) (Mac OS X ppc)
                              4 ; This file was generated Wed Oct 23 12:25:52 2013
                              5 ;--------------------------------------------------------
                              6 	.module tancotf
                              7 	.optsdcc -mmcs51 --model-large
                              8 	
                              9 ;--------------------------------------------------------
                             10 ; Public variables in this module
                             11 ;--------------------------------------------------------
                             12 	.globl _tancotf
                             13 	.globl _tancotf_PARM_2
                             14 ;--------------------------------------------------------
                             15 ; special function registers
                             16 ;--------------------------------------------------------
                             17 	.area RSEG    (ABS,DATA)
   0000                      18 	.org 0x0000
                             19 ;--------------------------------------------------------
                             20 ; special function bits
                             21 ;--------------------------------------------------------
                             22 	.area RSEG    (ABS,DATA)
   0000                      23 	.org 0x0000
                             24 ;--------------------------------------------------------
                             25 ; overlayable register banks
                             26 ;--------------------------------------------------------
                             27 	.area REG_BANK_0	(REL,OVR,DATA)
   0000                      28 	.ds 8
                             29 ;--------------------------------------------------------
                             30 ; internal ram data
                             31 ;--------------------------------------------------------
                             32 	.area DSEG    (DATA)
   0000                      33 _tancotf_sloc0_1_0:
   0000                      34 	.ds 4
   0004                      35 _tancotf_sloc1_1_0:
   0004                      36 	.ds 4
   0008                      37 _tancotf_sloc2_1_0:
   0008                      38 	.ds 4
                             39 ;--------------------------------------------------------
                             40 ; overlayable items in internal ram 
                             41 ;--------------------------------------------------------
                             42 	.area OSEG    (OVR,DATA)
                             43 ;--------------------------------------------------------
                             44 ; indirectly addressable internal ram data
                             45 ;--------------------------------------------------------
                             46 	.area ISEG    (DATA)
                             47 ;--------------------------------------------------------
                             48 ; absolute internal ram data
                             49 ;--------------------------------------------------------
                             50 	.area IABS    (ABS,DATA)
                             51 	.area IABS    (ABS,DATA)
                             52 ;--------------------------------------------------------
                             53 ; bit data
                             54 ;--------------------------------------------------------
                             55 	.area BSEG    (BIT)
                             56 ;--------------------------------------------------------
                             57 ; paged external ram data
                             58 ;--------------------------------------------------------
                             59 	.area PSEG    (PAG,XDATA)
                             60 ;--------------------------------------------------------
                             61 ; external ram data
                             62 ;--------------------------------------------------------
                             63 	.area XSEG    (XDATA)
   0000                      64 _tancotf_PARM_2:
   0000                      65 	.ds 2
   0002                      66 _tancotf_x_1_1:
   0002                      67 	.ds 4
   0006                      68 _tancotf_xnum_1_1:
   0006                      69 	.ds 4
   000A                      70 _tancotf_xden_1_1:
   000A                      71 	.ds 4
                             72 ;--------------------------------------------------------
                             73 ; absolute external ram data
                             74 ;--------------------------------------------------------
                             75 	.area XABS    (ABS,XDATA)
                             76 ;--------------------------------------------------------
                             77 ; external initialized ram data
                             78 ;--------------------------------------------------------
                             79 	.area XISEG   (XDATA)
                             80 	.area HOME    (CODE)
                             81 	.area GSINIT0 (CODE)
                             82 	.area GSINIT1 (CODE)
                             83 	.area GSINIT2 (CODE)
                             84 	.area GSINIT3 (CODE)
                             85 	.area GSINIT4 (CODE)
                             86 	.area GSINIT5 (CODE)
                             87 	.area GSINIT  (CODE)
                             88 	.area GSFINAL (CODE)
                             89 	.area CSEG    (CODE)
                             90 ;--------------------------------------------------------
                             91 ; global & static initialisations
                             92 ;--------------------------------------------------------
                             93 	.area HOME    (CODE)
                             94 	.area GSINIT  (CODE)
                             95 	.area GSFINAL (CODE)
                             96 	.area GSINIT  (CODE)
                             97 ;--------------------------------------------------------
                             98 ; Home
                             99 ;--------------------------------------------------------
                            100 	.area HOME    (CODE)
                            101 	.area HOME    (CODE)
                            102 ;--------------------------------------------------------
                            103 ; code
                            104 ;--------------------------------------------------------
                            105 	.area CSEG    (CODE)
                            106 ;------------------------------------------------------------
                            107 ;Allocation info for local variables in function 'tancotf'
                            108 ;------------------------------------------------------------
                            109 ;sloc0                     Allocated with name '_tancotf_sloc0_1_0'
                            110 ;sloc1                     Allocated with name '_tancotf_sloc1_1_0'
                            111 ;sloc2                     Allocated with name '_tancotf_sloc2_1_0'
                            112 ;iscotan                   Allocated with name '_tancotf_PARM_2'
                            113 ;x                         Allocated with name '_tancotf_x_1_1'
                            114 ;f                         Allocated with name '_tancotf_f_1_1'
                            115 ;g                         Allocated with name '_tancotf_g_1_1'
                            116 ;xn                        Allocated with name '_tancotf_xn_1_1'
                            117 ;xnum                      Allocated with name '_tancotf_xnum_1_1'
                            118 ;xden                      Allocated with name '_tancotf_xden_1_1'
                            119 ;n                         Allocated with name '_tancotf_n_1_1'
                            120 ;------------------------------------------------------------
                            121 ;	tancotf.c:42: float tancotf(const float x, const int iscotan)
                            122 ;	-----------------------------------------
                            123 ;	 function tancotf
                            124 ;	-----------------------------------------
   0000                     125 _tancotf:
                    0002    126 	ar2 = 0x02
                    0003    127 	ar3 = 0x03
                    0004    128 	ar4 = 0x04
                    0005    129 	ar5 = 0x05
                    0006    130 	ar6 = 0x06
                    0007    131 	ar7 = 0x07
                    0000    132 	ar0 = 0x00
                    0001    133 	ar1 = 0x01
   0000 AA 82               134 	mov	r2,dpl
   0002 AB 83               135 	mov	r3,dph
   0004 AC F0               136 	mov	r4,b
   0006 FD                  137 	mov	r5,a
   0007 90s00r02            138 	mov	dptr,#_tancotf_x_1_1
   000A EA                  139 	mov	a,r2
   000B F0                  140 	movx	@dptr,a
   000C A3                  141 	inc	dptr
   000D EB                  142 	mov	a,r3
   000E F0                  143 	movx	@dptr,a
   000F A3                  144 	inc	dptr
   0010 EC                  145 	mov	a,r4
   0011 F0                  146 	movx	@dptr,a
   0012 A3                  147 	inc	dptr
   0013 ED                  148 	mov	a,r5
   0014 F0                  149 	movx	@dptr,a
                            150 ;	tancotf.c:47: if (fabsf(x) > YMAX)
   0015 90s00r02            151 	mov	dptr,#_tancotf_x_1_1
   0018 E0                  152 	movx	a,@dptr
   0019 FA                  153 	mov	r2,a
   001A A3                  154 	inc	dptr
   001B E0                  155 	movx	a,@dptr
   001C FB                  156 	mov	r3,a
   001D A3                  157 	inc	dptr
   001E E0                  158 	movx	a,@dptr
   001F FC                  159 	mov	r4,a
   0020 A3                  160 	inc	dptr
   0021 E0                  161 	movx	a,@dptr
   0022 FD                  162 	mov	r5,a
   0023 8A 82               163 	mov	dpl,r2
   0025 8B 83               164 	mov	dph,r3
   0027 8C F0               165 	mov	b,r4
   0029 C0 02               166 	push	ar2
   002B C0 03               167 	push	ar3
   002D C0 04               168 	push	ar4
   002F C0 05               169 	push	ar5
   0031 12s00r00            170 	lcall	_fabsf
   0034 AE 82               171 	mov	r6,dpl
   0036 AF 83               172 	mov	r7,dph
   0038 A8 F0               173 	mov	r0,b
   003A F9                  174 	mov	r1,a
   003B E4                  175 	clr	a
   003C C0 E0               176 	push	acc
   003E 74 08               177 	mov	a,#0x08
   0040 C0 E0               178 	push	acc
   0042 74 C9               179 	mov	a,#0xC9
   0044 C0 E0               180 	push	acc
   0046 74 45               181 	mov	a,#0x45
   0048 C0 E0               182 	push	acc
   004A 8E 82               183 	mov	dpl,r6
   004C 8F 83               184 	mov	dph,r7
   004E 88 F0               185 	mov	b,r0
   0050 E9                  186 	mov	a,r1
   0051 12s00r00            187 	lcall	___fsgt
   0054 AE 82               188 	mov	r6,dpl
   0056 E5 81               189 	mov	a,sp
   0058 24 FC               190 	add	a,#0xfc
   005A F5 81               191 	mov	sp,a
   005C D0 05               192 	pop	ar5
   005E D0 04               193 	pop	ar4
   0060 D0 03               194 	pop	ar3
   0062 D0 02               195 	pop	ar2
   0064 EE                  196 	mov	a,r6
   0065 60 10               197 	jz	00102$
                            198 ;	tancotf.c:49: errno = ERANGE;
   0067 90s00r00            199 	mov	dptr,#_errno
   006A 74 22               200 	mov	a,#0x22
   006C F0                  201 	movx	@dptr,a
   006D E4                  202 	clr	a
   006E A3                  203 	inc	dptr
   006F F0                  204 	movx	@dptr,a
                            205 ;	tancotf.c:50: return 0.0;
   0070 90 00 00            206 	mov	dptr,#(0x00&0x00ff)
   0073 E4                  207 	clr	a
   0074 F5 F0               208 	mov	b,a
   0076 22                  209 	ret
   0077                     210 00102$:
                            211 ;	tancotf.c:54: n=(x*TWO_O_PI+(x>0.0?0.5:-0.5)); /*works for +-x*/
   0077 C0 02               212 	push	ar2
   0079 C0 03               213 	push	ar3
   007B C0 04               214 	push	ar4
   007D C0 05               215 	push	ar5
   007F C0 02               216 	push	ar2
   0081 C0 03               217 	push	ar3
   0083 C0 04               218 	push	ar4
   0085 C0 05               219 	push	ar5
   0087 90 F9 83            220 	mov	dptr,#0xF983
   008A 75 F0 22            221 	mov	b,#0x22
   008D 74 3F               222 	mov	a,#0x3F
   008F 12s00r00            223 	lcall	___fsmul
   0092 85 82*00            224 	mov	_tancotf_sloc0_1_0,dpl
   0095 85 83*01            225 	mov	(_tancotf_sloc0_1_0 + 1),dph
   0098 85 F0*02            226 	mov	(_tancotf_sloc0_1_0 + 2),b
   009B F5*03               227 	mov	(_tancotf_sloc0_1_0 + 3),a
   009D E5 81               228 	mov	a,sp
   009F 24 FC               229 	add	a,#0xfc
   00A1 F5 81               230 	mov	sp,a
   00A3 D0 05               231 	pop	ar5
   00A5 D0 04               232 	pop	ar4
   00A7 D0 03               233 	pop	ar3
   00A9 D0 02               234 	pop	ar2
   00AB C0 02               235 	push	ar2
   00AD C0 03               236 	push	ar3
   00AF C0 04               237 	push	ar4
   00B1 C0 05               238 	push	ar5
   00B3 E4                  239 	clr	a
   00B4 C0 E0               240 	push	acc
   00B6 C0 E0               241 	push	acc
   00B8 C0 E0               242 	push	acc
   00BA C0 E0               243 	push	acc
   00BC 8A 82               244 	mov	dpl,r2
   00BE 8B 83               245 	mov	dph,r3
   00C0 8C F0               246 	mov	b,r4
   00C2 ED                  247 	mov	a,r5
   00C3 12s00r00            248 	lcall	___fsgt
   00C6 AE 82               249 	mov	r6,dpl
   00C8 E5 81               250 	mov	a,sp
   00CA 24 FC               251 	add	a,#0xfc
   00CC F5 81               252 	mov	sp,a
   00CE D0 05               253 	pop	ar5
   00D0 D0 04               254 	pop	ar4
   00D2 D0 03               255 	pop	ar3
   00D4 D0 02               256 	pop	ar2
   00D6 EE                  257 	mov	a,r6
   00D7 60 0A               258 	jz	00117$
   00D9 7E 00               259 	mov	r6,#0x00
   00DB 7F 00               260 	mov	r7,#0x00
   00DD 78 00               261 	mov	r0,#0x00
   00DF 79 3F               262 	mov	r1,#0x3F
   00E1 80 08               263 	sjmp	00118$
   00E3                     264 00117$:
   00E3 7E 00               265 	mov	r6,#0x00
   00E5 7F 00               266 	mov	r7,#0x00
   00E7 78 00               267 	mov	r0,#0x00
   00E9 79 BF               268 	mov	r1,#0xBF
   00EB                     269 00118$:
   00EB C0 02               270 	push	ar2
   00ED C0 03               271 	push	ar3
   00EF C0 04               272 	push	ar4
   00F1 C0 05               273 	push	ar5
   00F3 C0 06               274 	push	ar6
   00F5 C0 07               275 	push	ar7
   00F7 C0 00               276 	push	ar0
   00F9 C0 01               277 	push	ar1
   00FB 85*00 82            278 	mov	dpl,_tancotf_sloc0_1_0
   00FE 85*01 83            279 	mov	dph,(_tancotf_sloc0_1_0 + 1)
   0101 85*02 F0            280 	mov	b,(_tancotf_sloc0_1_0 + 2)
   0104 E5*03               281 	mov	a,(_tancotf_sloc0_1_0 + 3)
   0106 12s00r00            282 	lcall	___fsadd
   0109 AE 82               283 	mov	r6,dpl
   010B AF 83               284 	mov	r7,dph
   010D A8 F0               285 	mov	r0,b
   010F F9                  286 	mov	r1,a
   0110 E5 81               287 	mov	a,sp
   0112 24 FC               288 	add	a,#0xfc
   0114 F5 81               289 	mov	sp,a
   0116 8E 82               290 	mov	dpl,r6
   0118 8F 83               291 	mov	dph,r7
   011A 88 F0               292 	mov	b,r0
   011C E9                  293 	mov	a,r1
   011D 12s00r00            294 	lcall	___fs2sint
                            295 ;	tancotf.c:55: xn=n;
   0120 85 82*00            296 	mov	_tancotf_sloc0_1_0,dpl
   0123 85 83*01            297 	mov  (_tancotf_sloc0_1_0 + 1),dph
   0126 12s00r00            298 	lcall	___sint2fs
   0129 85 82*04            299 	mov	_tancotf_sloc1_1_0,dpl
   012C 85 83*05            300 	mov	(_tancotf_sloc1_1_0 + 1),dph
   012F 85 F0*06            301 	mov	(_tancotf_sloc1_1_0 + 2),b
   0132 F5*07               302 	mov	(_tancotf_sloc1_1_0 + 3),a
   0134 D0 05               303 	pop	ar5
   0136 D0 04               304 	pop	ar4
   0138 D0 03               305 	pop	ar3
   013A D0 02               306 	pop	ar2
                            307 ;	tancotf.c:57: xnum=(int)x;
   013C 8A 82               308 	mov	dpl,r2
   013E 8B 83               309 	mov	dph,r3
   0140 8C F0               310 	mov	b,r4
   0142 ED                  311 	mov	a,r5
   0143 C0 02               312 	push	ar2
   0145 C0 03               313 	push	ar3
   0147 C0 04               314 	push	ar4
   0149 C0 05               315 	push	ar5
   014B 12s00r00            316 	lcall	___fs2sint
   014E 12s00r00            317 	lcall	___sint2fs
   0151 AE 82               318 	mov	r6,dpl
   0153 AF 83               319 	mov	r7,dph
   0155 A8 F0               320 	mov	r0,b
   0157 F9                  321 	mov	r1,a
   0158 D0 05               322 	pop	ar5
   015A D0 04               323 	pop	ar4
   015C D0 03               324 	pop	ar3
   015E D0 02               325 	pop	ar2
                            326 ;	tancotf.c:58: xden=x-xnum;
   0160 C0 06               327 	push	ar6
   0162 C0 07               328 	push	ar7
   0164 C0 00               329 	push	ar0
   0166 C0 01               330 	push	ar1
   0168 C0 06               331 	push	ar6
   016A C0 07               332 	push	ar7
   016C C0 00               333 	push	ar0
   016E C0 01               334 	push	ar1
                            335 ;	tancotf.c:59: f=((xnum-xn*C1)+xden)-xn*C2;
   0170 8A 82               336 	mov	dpl,r2
   0172 8B 83               337 	mov	dph,r3
   0174 8C F0               338 	mov	b,r4
   0176 ED                  339 	mov	a,r5
   0177 12s00r00            340 	lcall	___fssub
   017A 85 82*08            341 	mov	_tancotf_sloc2_1_0,dpl
   017D 85 83*09            342 	mov	(_tancotf_sloc2_1_0 + 1),dph
   0180 85 F0*0A            343 	mov	(_tancotf_sloc2_1_0 + 2),b
   0183 F5*0B               344 	mov	(_tancotf_sloc2_1_0 + 3),a
   0185 E5 81               345 	mov	a,sp
   0187 24 FC               346 	add	a,#0xfc
   0189 F5 81               347 	mov	sp,a
   018B C0*04               348 	push	_tancotf_sloc1_1_0
   018D C0*05               349 	push	(_tancotf_sloc1_1_0 + 1)
   018F C0*06               350 	push	(_tancotf_sloc1_1_0 + 2)
   0191 C0*07               351 	push	(_tancotf_sloc1_1_0 + 3)
   0193 90 00 00            352 	mov	dptr,#0x0000
   0196 75 F0 C9            353 	mov	b,#0xC9
   0199 74 3F               354 	mov	a,#0x3F
   019B 12s00r00            355 	lcall	___fsmul
   019E AA 82               356 	mov	r2,dpl
   01A0 AB 83               357 	mov	r3,dph
   01A2 AC F0               358 	mov	r4,b
   01A4 FD                  359 	mov	r5,a
   01A5 E5 81               360 	mov	a,sp
   01A7 24 FC               361 	add	a,#0xfc
   01A9 F5 81               362 	mov	sp,a
   01AB D0 01               363 	pop	ar1
   01AD D0 00               364 	pop	ar0
   01AF D0 07               365 	pop	ar7
   01B1 D0 06               366 	pop	ar6
   01B3 C0 02               367 	push	ar2
   01B5 C0 03               368 	push	ar3
   01B7 C0 04               369 	push	ar4
   01B9 C0 05               370 	push	ar5
   01BB 8E 82               371 	mov	dpl,r6
   01BD 8F 83               372 	mov	dph,r7
   01BF 88 F0               373 	mov	b,r0
   01C1 E9                  374 	mov	a,r1
   01C2 12s00r00            375 	lcall	___fssub
   01C5 AA 82               376 	mov	r2,dpl
   01C7 AB 83               377 	mov	r3,dph
   01C9 AC F0               378 	mov	r4,b
   01CB FD                  379 	mov	r5,a
   01CC E5 81               380 	mov	a,sp
   01CE 24 FC               381 	add	a,#0xfc
   01D0 F5 81               382 	mov	sp,a
   01D2 C0*08               383 	push	_tancotf_sloc2_1_0
   01D4 C0*09               384 	push	(_tancotf_sloc2_1_0 + 1)
   01D6 C0*0A               385 	push	(_tancotf_sloc2_1_0 + 2)
   01D8 C0*0B               386 	push	(_tancotf_sloc2_1_0 + 3)
   01DA 8A 82               387 	mov	dpl,r2
   01DC 8B 83               388 	mov	dph,r3
   01DE 8C F0               389 	mov	b,r4
   01E0 ED                  390 	mov	a,r5
   01E1 12s00r00            391 	lcall	___fsadd
   01E4 AA 82               392 	mov	r2,dpl
   01E6 AB 83               393 	mov	r3,dph
   01E8 AC F0               394 	mov	r4,b
   01EA FD                  395 	mov	r5,a
   01EB E5 81               396 	mov	a,sp
   01ED 24 FC               397 	add	a,#0xfc
   01EF F5 81               398 	mov	sp,a
   01F1 C0 02               399 	push	ar2
   01F3 C0 03               400 	push	ar3
   01F5 C0 04               401 	push	ar4
   01F7 C0 05               402 	push	ar5
   01F9 C0*04               403 	push	_tancotf_sloc1_1_0
   01FB C0*05               404 	push	(_tancotf_sloc1_1_0 + 1)
   01FD C0*06               405 	push	(_tancotf_sloc1_1_0 + 2)
   01FF C0*07               406 	push	(_tancotf_sloc1_1_0 + 3)
   0201 90 AA 22            407 	mov	dptr,#0xAA22
   0204 75 F0 FD            408 	mov	b,#0xFD
   0207 74 39               409 	mov	a,#0x39
   0209 12s00r00            410 	lcall	___fsmul
   020C AE 82               411 	mov	r6,dpl
   020E AF 83               412 	mov	r7,dph
   0210 A8 F0               413 	mov	r0,b
   0212 F9                  414 	mov	r1,a
   0213 E5 81               415 	mov	a,sp
   0215 24 FC               416 	add	a,#0xfc
   0217 F5 81               417 	mov	sp,a
   0219 D0 05               418 	pop	ar5
   021B D0 04               419 	pop	ar4
   021D D0 03               420 	pop	ar3
   021F D0 02               421 	pop	ar2
   0221 C0 06               422 	push	ar6
   0223 C0 07               423 	push	ar7
   0225 C0 00               424 	push	ar0
   0227 C0 01               425 	push	ar1
                            426 ;	tancotf.c:61: if (fabsf(f) < EPS)
   0229 8A 82               427 	mov	dpl,r2
   022B 8B 83               428 	mov	dph,r3
   022D 8C F0               429 	mov	b,r4
   022F ED                  430 	mov	a,r5
   0230 12s00r00            431 	lcall	___fssub
   0233 AA 82               432 	mov	r2,dpl
   0235 AB 83               433 	mov	r3,dph
   0237 AC F0               434 	mov	r4,b
   0239 FD                  435 	mov	r5,a
   023A E5 81               436 	mov	a,sp
   023C 24 FC               437 	add	a,#0xfc
   023E F5 81               438 	mov	sp,a
   0240 8A 82               439 	mov	dpl,r2
   0242 8B 83               440 	mov	dph,r3
   0244 8C F0               441 	mov	b,r4
   0246 ED                  442 	mov	a,r5
   0247 C0 02               443 	push	ar2
   0249 C0 03               444 	push	ar3
   024B C0 04               445 	push	ar4
   024D C0 05               446 	push	ar5
   024F 12s00r00            447 	lcall	_fabsf
   0252 AE 82               448 	mov	r6,dpl
   0254 AF 83               449 	mov	r7,dph
   0256 A8 F0               450 	mov	r0,b
   0258 F9                  451 	mov	r1,a
   0259 E4                  452 	clr	a
   025A C0 E0               453 	push	acc
   025C C0 E0               454 	push	acc
   025E 74 80               455 	mov	a,#0x80
   0260 C0 E0               456 	push	acc
   0262 74 39               457 	mov	a,#0x39
   0264 C0 E0               458 	push	acc
   0266 8E 82               459 	mov	dpl,r6
   0268 8F 83               460 	mov	dph,r7
   026A 88 F0               461 	mov	b,r0
   026C E9                  462 	mov	a,r1
   026D 12s00r00            463 	lcall	___fslt
   0270 AE 82               464 	mov	r6,dpl
   0272 E5 81               465 	mov	a,sp
   0274 24 FC               466 	add	a,#0xfc
   0276 F5 81               467 	mov	sp,a
   0278 D0 05               468 	pop	ar5
   027A D0 04               469 	pop	ar4
   027C D0 03               470 	pop	ar3
   027E D0 02               471 	pop	ar2
   0280 EE                  472 	mov	a,r6
   0281 60 20               473 	jz	00104$
                            474 ;	tancotf.c:63: xnum = f;
   0283 90s00r06            475 	mov	dptr,#_tancotf_xnum_1_1
   0286 EA                  476 	mov	a,r2
   0287 F0                  477 	movx	@dptr,a
   0288 A3                  478 	inc	dptr
   0289 EB                  479 	mov	a,r3
   028A F0                  480 	movx	@dptr,a
   028B A3                  481 	inc	dptr
   028C EC                  482 	mov	a,r4
   028D F0                  483 	movx	@dptr,a
   028E A3                  484 	inc	dptr
   028F ED                  485 	mov	a,r5
   0290 F0                  486 	movx	@dptr,a
                            487 ;	tancotf.c:64: xden = 1.0;
   0291 90s00r0A            488 	mov	dptr,#_tancotf_xden_1_1
   0294 E4                  489 	clr	a
   0295 F0                  490 	movx	@dptr,a
   0296 A3                  491 	inc	dptr
   0297 F0                  492 	movx	@dptr,a
   0298 A3                  493 	inc	dptr
   0299 74 80               494 	mov	a,#0x80
   029B F0                  495 	movx	@dptr,a
   029C A3                  496 	inc	dptr
   029D 74 3F               497 	mov	a,#0x3F
   029F F0                  498 	movx	@dptr,a
   02A0 02s03rDA            499 	ljmp	00105$
   02A3                     500 00104$:
                            501 ;	tancotf.c:68: g = f*f;
   02A3 C0 02               502 	push	ar2
   02A5 C0 03               503 	push	ar3
   02A7 C0 04               504 	push	ar4
   02A9 C0 05               505 	push	ar5
   02AB C0 02               506 	push	ar2
   02AD C0 03               507 	push	ar3
   02AF C0 04               508 	push	ar4
   02B1 C0 05               509 	push	ar5
                            510 ;	tancotf.c:69: xnum = P(f,g);
   02B3 8A 82               511 	mov	dpl,r2
   02B5 8B 83               512 	mov	dph,r3
   02B7 8C F0               513 	mov	b,r4
   02B9 ED                  514 	mov	a,r5
   02BA 12s00r00            515 	lcall	___fsmul
   02BD 85 82*08            516 	mov	_tancotf_sloc2_1_0,dpl
   02C0 85 83*09            517 	mov	(_tancotf_sloc2_1_0 + 1),dph
   02C3 85 F0*0A            518 	mov	(_tancotf_sloc2_1_0 + 2),b
   02C6 F5*0B               519 	mov	(_tancotf_sloc2_1_0 + 3),a
   02C8 E5 81               520 	mov	a,sp
   02CA 24 FC               521 	add	a,#0xfc
   02CC F5 81               522 	mov	sp,a
   02CE C0*08               523 	push	_tancotf_sloc2_1_0
   02D0 C0*09               524 	push	(_tancotf_sloc2_1_0 + 1)
   02D2 C0*0A               525 	push	(_tancotf_sloc2_1_0 + 2)
   02D4 C0*0B               526 	push	(_tancotf_sloc2_1_0 + 3)
   02D6 90 33 B8            527 	mov	dptr,#0x33B8
   02D9 75 F0 C4            528 	mov	b,#0xC4
   02DC 74 BD               529 	mov	a,#0xBD
   02DE 12s00r00            530 	lcall	___fsmul
   02E1 AE 82               531 	mov	r6,dpl
   02E3 AF 83               532 	mov	r7,dph
   02E5 A8 F0               533 	mov	r0,b
   02E7 F9                  534 	mov	r1,a
   02E8 E5 81               535 	mov	a,sp
   02EA 24 FC               536 	add	a,#0xfc
   02EC F5 81               537 	mov	sp,a
   02EE D0 05               538 	pop	ar5
   02F0 D0 04               539 	pop	ar4
   02F2 D0 03               540 	pop	ar3
   02F4 D0 02               541 	pop	ar2
   02F6 C0 02               542 	push	ar2
   02F8 C0 03               543 	push	ar3
   02FA C0 04               544 	push	ar4
   02FC C0 05               545 	push	ar5
   02FE C0 02               546 	push	ar2
   0300 C0 03               547 	push	ar3
   0302 C0 04               548 	push	ar4
   0304 C0 05               549 	push	ar5
   0306 8E 82               550 	mov	dpl,r6
   0308 8F 83               551 	mov	dph,r7
   030A 88 F0               552 	mov	b,r0
   030C E9                  553 	mov	a,r1
   030D 12s00r00            554 	lcall	___fsmul
   0310 AE 82               555 	mov	r6,dpl
   0312 AF 83               556 	mov	r7,dph
   0314 A8 F0               557 	mov	r0,b
   0316 F9                  558 	mov	r1,a
   0317 E5 81               559 	mov	a,sp
   0319 24 FC               560 	add	a,#0xfc
   031B F5 81               561 	mov	sp,a
   031D 8E 82               562 	mov	dpl,r6
   031F 8F 83               563 	mov	dph,r7
   0321 88 F0               564 	mov	b,r0
   0323 E9                  565 	mov	a,r1
   0324 12s00r00            566 	lcall	___fsadd
   0327 AA 82               567 	mov	r2,dpl
   0329 AB 83               568 	mov	r3,dph
   032B AC F0               569 	mov	r4,b
   032D FD                  570 	mov	r5,a
   032E E5 81               571 	mov	a,sp
   0330 24 FC               572 	add	a,#0xfc
   0332 F5 81               573 	mov	sp,a
   0334 90s00r06            574 	mov	dptr,#_tancotf_xnum_1_1
   0337 EA                  575 	mov	a,r2
   0338 F0                  576 	movx	@dptr,a
   0339 A3                  577 	inc	dptr
   033A EB                  578 	mov	a,r3
   033B F0                  579 	movx	@dptr,a
   033C A3                  580 	inc	dptr
   033D EC                  581 	mov	a,r4
   033E F0                  582 	movx	@dptr,a
   033F A3                  583 	inc	dptr
   0340 ED                  584 	mov	a,r5
   0341 F0                  585 	movx	@dptr,a
                            586 ;	tancotf.c:70: xden = Q(g);
   0342 C0*08               587 	push	_tancotf_sloc2_1_0
   0344 C0*09               588 	push	(_tancotf_sloc2_1_0 + 1)
   0346 C0*0A               589 	push	(_tancotf_sloc2_1_0 + 2)
   0348 C0*0B               590 	push	(_tancotf_sloc2_1_0 + 3)
   034A 90 33 75            591 	mov	dptr,#0x3375
   034D 75 F0 1F            592 	mov	b,#0x1F
   0350 74 3C               593 	mov	a,#0x3C
   0352 12s00r00            594 	lcall	___fsmul
   0355 AA 82               595 	mov	r2,dpl
   0357 AB 83               596 	mov	r3,dph
   0359 AC F0               597 	mov	r4,b
   035B FD                  598 	mov	r5,a
   035C E5 81               599 	mov	a,sp
   035E 24 FC               600 	add	a,#0xfc
   0360 F5 81               601 	mov	sp,a
   0362 74 AF               602 	mov	a,#0xAF
   0364 C0 E0               603 	push	acc
   0366 74 B7               604 	mov	a,#0xB7
   0368 C0 E0               605 	push	acc
   036A 74 DB               606 	mov	a,#0xDB
   036C C0 E0               607 	push	acc
   036E 74 BE               608 	mov	a,#0xBE
   0370 C0 E0               609 	push	acc
   0372 8A 82               610 	mov	dpl,r2
   0374 8B 83               611 	mov	dph,r3
   0376 8C F0               612 	mov	b,r4
   0378 ED                  613 	mov	a,r5
   0379 12s00r00            614 	lcall	___fsadd
   037C AA 82               615 	mov	r2,dpl
   037E AB 83               616 	mov	r3,dph
   0380 AC F0               617 	mov	r4,b
   0382 FD                  618 	mov	r5,a
   0383 E5 81               619 	mov	a,sp
   0385 24 FC               620 	add	a,#0xfc
   0387 F5 81               621 	mov	sp,a
   0389 C0*08               622 	push	_tancotf_sloc2_1_0
   038B C0*09               623 	push	(_tancotf_sloc2_1_0 + 1)
   038D C0*0A               624 	push	(_tancotf_sloc2_1_0 + 2)
   038F C0*0B               625 	push	(_tancotf_sloc2_1_0 + 3)
   0391 8A 82               626 	mov	dpl,r2
   0393 8B 83               627 	mov	dph,r3
   0395 8C F0               628 	mov	b,r4
   0397 ED                  629 	mov	a,r5
   0398 12s00r00            630 	lcall	___fsmul
   039B AA 82               631 	mov	r2,dpl
   039D AB 83               632 	mov	r3,dph
   039F AC F0               633 	mov	r4,b
   03A1 FD                  634 	mov	r5,a
   03A2 E5 81               635 	mov	a,sp
   03A4 24 FC               636 	add	a,#0xfc
   03A6 F5 81               637 	mov	sp,a
   03A8 E4                  638 	clr	a
   03A9 C0 E0               639 	push	acc
   03AB C0 E0               640 	push	acc
   03AD 74 80               641 	mov	a,#0x80
   03AF C0 E0               642 	push	acc
   03B1 74 3F               643 	mov	a,#0x3F
   03B3 C0 E0               644 	push	acc
   03B5 8A 82               645 	mov	dpl,r2
   03B7 8B 83               646 	mov	dph,r3
   03B9 8C F0               647 	mov	b,r4
   03BB ED                  648 	mov	a,r5
   03BC 12s00r00            649 	lcall	___fsadd
   03BF AA 82               650 	mov	r2,dpl
   03C1 AB 83               651 	mov	r3,dph
   03C3 AC F0               652 	mov	r4,b
   03C5 FD                  653 	mov	r5,a
   03C6 E5 81               654 	mov	a,sp
   03C8 24 FC               655 	add	a,#0xfc
   03CA F5 81               656 	mov	sp,a
   03CC 90s00r0A            657 	mov	dptr,#_tancotf_xden_1_1
   03CF EA                  658 	mov	a,r2
   03D0 F0                  659 	movx	@dptr,a
   03D1 A3                  660 	inc	dptr
   03D2 EB                  661 	mov	a,r3
   03D3 F0                  662 	movx	@dptr,a
   03D4 A3                  663 	inc	dptr
   03D5 EC                  664 	mov	a,r4
   03D6 F0                  665 	movx	@dptr,a
   03D7 A3                  666 	inc	dptr
   03D8 ED                  667 	mov	a,r5
   03D9 F0                  668 	movx	@dptr,a
   03DA                     669 00105$:
                            670 ;	tancotf.c:73: if(n&1)
   03DA E5*00               671 	mov	a,_tancotf_sloc0_1_0
   03DC 20 E0 03            672 	jb	acc.0,00128$
   03DF 02s04r6F            673 	ljmp	00113$
   03E2                     674 00128$:
                            675 ;	tancotf.c:76: if(iscotan) return (-xnum/xden);
   03E2 90s00r00            676 	mov	dptr,#_tancotf_PARM_2
   03E5 E0                  677 	movx	a,@dptr
   03E6 FA                  678 	mov	r2,a
   03E7 A3                  679 	inc	dptr
   03E8 E0                  680 	movx	a,@dptr
   03E9 FB                  681 	mov	r3,a
   03EA 4A                  682 	orl	a,r2
   03EB 60 41               683 	jz	00107$
   03ED 90s00r06            684 	mov	dptr,#_tancotf_xnum_1_1
   03F0 E0                  685 	movx	a,@dptr
   03F1 FA                  686 	mov	r2,a
   03F2 A3                  687 	inc	dptr
   03F3 E0                  688 	movx	a,@dptr
   03F4 FB                  689 	mov	r3,a
   03F5 A3                  690 	inc	dptr
   03F6 E0                  691 	movx	a,@dptr
   03F7 FC                  692 	mov	r4,a
   03F8 A3                  693 	inc	dptr
   03F9 E0                  694 	movx	a,@dptr
   03FA B2 E7               695 	cpl	acc.7
   03FC FD                  696 	mov	r5,a
   03FD 90s00r0A            697 	mov	dptr,#_tancotf_xden_1_1
   0400 E0                  698 	movx	a,@dptr
   0401 C0 E0               699 	push	acc
   0403 A3                  700 	inc	dptr
   0404 E0                  701 	movx	a,@dptr
   0405 C0 E0               702 	push	acc
   0407 A3                  703 	inc	dptr
   0408 E0                  704 	movx	a,@dptr
   0409 C0 E0               705 	push	acc
   040B A3                  706 	inc	dptr
   040C E0                  707 	movx	a,@dptr
   040D C0 E0               708 	push	acc
   040F 8A 82               709 	mov	dpl,r2
   0411 8B 83               710 	mov	dph,r3
   0413 8C F0               711 	mov	b,r4
   0415 ED                  712 	mov	a,r5
   0416 12s00r00            713 	lcall	___fsdiv
   0419 AA 82               714 	mov	r2,dpl
   041B AB 83               715 	mov	r3,dph
   041D AC F0               716 	mov	r4,b
   041F FD                  717 	mov	r5,a
   0420 E5 81               718 	mov	a,sp
   0422 24 FC               719 	add	a,#0xfc
   0424 F5 81               720 	mov	sp,a
   0426 8A 82               721 	mov	dpl,r2
   0428 8B 83               722 	mov	dph,r3
   042A 8C F0               723 	mov	b,r4
   042C ED                  724 	mov	a,r5
   042D 22                  725 	ret
   042E                     726 00107$:
                            727 ;	tancotf.c:77: else return (-xden/xnum);
   042E 90s00r0A            728 	mov	dptr,#_tancotf_xden_1_1
   0431 E0                  729 	movx	a,@dptr
   0432 FA                  730 	mov	r2,a
   0433 A3                  731 	inc	dptr
   0434 E0                  732 	movx	a,@dptr
   0435 FB                  733 	mov	r3,a
   0436 A3                  734 	inc	dptr
   0437 E0                  735 	movx	a,@dptr
   0438 FC                  736 	mov	r4,a
   0439 A3                  737 	inc	dptr
   043A E0                  738 	movx	a,@dptr
   043B B2 E7               739 	cpl	acc.7
   043D FD                  740 	mov	r5,a
   043E 90s00r06            741 	mov	dptr,#_tancotf_xnum_1_1
   0441 E0                  742 	movx	a,@dptr
   0442 C0 E0               743 	push	acc
   0444 A3                  744 	inc	dptr
   0445 E0                  745 	movx	a,@dptr
   0446 C0 E0               746 	push	acc
   0448 A3                  747 	inc	dptr
   0449 E0                  748 	movx	a,@dptr
   044A C0 E0               749 	push	acc
   044C A3                  750 	inc	dptr
   044D E0                  751 	movx	a,@dptr
   044E C0 E0               752 	push	acc
   0450 8A 82               753 	mov	dpl,r2
   0452 8B 83               754 	mov	dph,r3
   0454 8C F0               755 	mov	b,r4
   0456 ED                  756 	mov	a,r5
   0457 12s00r00            757 	lcall	___fsdiv
   045A AA 82               758 	mov	r2,dpl
   045C AB 83               759 	mov	r3,dph
   045E AC F0               760 	mov	r4,b
   0460 FD                  761 	mov	r5,a
   0461 E5 81               762 	mov	a,sp
   0463 24 FC               763 	add	a,#0xfc
   0465 F5 81               764 	mov	sp,a
   0467 8A 82               765 	mov	dpl,r2
   0469 8B 83               766 	mov	dph,r3
   046B 8C F0               767 	mov	b,r4
   046D ED                  768 	mov	a,r5
   046E 22                  769 	ret
   046F                     770 00113$:
                            771 ;	tancotf.c:81: if(iscotan) return (xden/xnum);
   046F 90s00r00            772 	mov	dptr,#_tancotf_PARM_2
   0472 E0                  773 	movx	a,@dptr
   0473 FA                  774 	mov	r2,a
   0474 A3                  775 	inc	dptr
   0475 E0                  776 	movx	a,@dptr
   0476 FB                  777 	mov	r3,a
   0477 4A                  778 	orl	a,r2
   0478 60 3F               779 	jz	00110$
   047A 90s00r0A            780 	mov	dptr,#_tancotf_xden_1_1
   047D E0                  781 	movx	a,@dptr
   047E FA                  782 	mov	r2,a
   047F A3                  783 	inc	dptr
   0480 E0                  784 	movx	a,@dptr
   0481 FB                  785 	mov	r3,a
   0482 A3                  786 	inc	dptr
   0483 E0                  787 	movx	a,@dptr
   0484 FC                  788 	mov	r4,a
   0485 A3                  789 	inc	dptr
   0486 E0                  790 	movx	a,@dptr
   0487 FD                  791 	mov	r5,a
   0488 90s00r06            792 	mov	dptr,#_tancotf_xnum_1_1
   048B E0                  793 	movx	a,@dptr
   048C C0 E0               794 	push	acc
   048E A3                  795 	inc	dptr
   048F E0                  796 	movx	a,@dptr
   0490 C0 E0               797 	push	acc
   0492 A3                  798 	inc	dptr
   0493 E0                  799 	movx	a,@dptr
   0494 C0 E0               800 	push	acc
   0496 A3                  801 	inc	dptr
   0497 E0                  802 	movx	a,@dptr
   0498 C0 E0               803 	push	acc
   049A 8A 82               804 	mov	dpl,r2
   049C 8B 83               805 	mov	dph,r3
   049E 8C F0               806 	mov	b,r4
   04A0 ED                  807 	mov	a,r5
   04A1 12s00r00            808 	lcall	___fsdiv
   04A4 AA 82               809 	mov	r2,dpl
   04A6 AB 83               810 	mov	r3,dph
   04A8 AC F0               811 	mov	r4,b
   04AA FD                  812 	mov	r5,a
   04AB E5 81               813 	mov	a,sp
   04AD 24 FC               814 	add	a,#0xfc
   04AF F5 81               815 	mov	sp,a
   04B1 8A 82               816 	mov	dpl,r2
   04B3 8B 83               817 	mov	dph,r3
   04B5 8C F0               818 	mov	b,r4
   04B7 ED                  819 	mov	a,r5
   04B8 22                  820 	ret
   04B9                     821 00110$:
                            822 ;	tancotf.c:82: else return (xnum/xden);
   04B9 90s00r06            823 	mov	dptr,#_tancotf_xnum_1_1
   04BC E0                  824 	movx	a,@dptr
   04BD FA                  825 	mov	r2,a
   04BE A3                  826 	inc	dptr
   04BF E0                  827 	movx	a,@dptr
   04C0 FB                  828 	mov	r3,a
   04C1 A3                  829 	inc	dptr
   04C2 E0                  830 	movx	a,@dptr
   04C3 FC                  831 	mov	r4,a
   04C4 A3                  832 	inc	dptr
   04C5 E0                  833 	movx	a,@dptr
   04C6 FD                  834 	mov	r5,a
   04C7 90s00r0A            835 	mov	dptr,#_tancotf_xden_1_1
   04CA E0                  836 	movx	a,@dptr
   04CB C0 E0               837 	push	acc
   04CD A3                  838 	inc	dptr
   04CE E0                  839 	movx	a,@dptr
   04CF C0 E0               840 	push	acc
   04D1 A3                  841 	inc	dptr
   04D2 E0                  842 	movx	a,@dptr
   04D3 C0 E0               843 	push	acc
   04D5 A3                  844 	inc	dptr
   04D6 E0                  845 	movx	a,@dptr
   04D7 C0 E0               846 	push	acc
   04D9 8A 82               847 	mov	dpl,r2
   04DB 8B 83               848 	mov	dph,r3
   04DD 8C F0               849 	mov	b,r4
   04DF ED                  850 	mov	a,r5
   04E0 12s00r00            851 	lcall	___fsdiv
   04E3 AA 82               852 	mov	r2,dpl
   04E5 AB 83               853 	mov	r3,dph
   04E7 AC F0               854 	mov	r4,b
   04E9 FD                  855 	mov	r5,a
   04EA E5 81               856 	mov	a,sp
   04EC 24 FC               857 	add	a,#0xfc
   04EE F5 81               858 	mov	sp,a
   04F0 8A 82               859 	mov	dpl,r2
   04F2 8B 83               860 	mov	dph,r3
   04F4 8C F0               861 	mov	b,r4
   04F6 ED                  862 	mov	a,r5
   04F7 22                  863 	ret
                            864 	.area CSEG    (CODE)
                            865 	.area CONST   (CODE)
                            866 	.area XINIT   (CODE)
                            867 	.area CABS    (ABS,CODE)
