                              1 ;--------------------------------------------------------
                              2 ; File Created by SDCC : free open source ANSI-C Compiler
                              3 ; Version 2.9.4 #5595 (Oct 23 2013) (Mac OS X ppc)
                              4 ; This file was generated Wed Oct 23 12:26:06 2013
                              5 ;--------------------------------------------------------
                              6 	.module _fs2sint
                              7 	.optsdcc -mz80
                              8 	
                              9 ;--------------------------------------------------------
                             10 ; Public variables in this module
                             11 ;--------------------------------------------------------
                             12 	.globl ___fs2sint
                             13 ;--------------------------------------------------------
                             14 ; special function registers
                             15 ;--------------------------------------------------------
                             16 ;--------------------------------------------------------
                             17 ;  ram data
                             18 ;--------------------------------------------------------
                             19 	.area _DATA
                             20 ;--------------------------------------------------------
                             21 ; overlayable items in  ram 
                             22 ;--------------------------------------------------------
                             23 	.area _OVERLAY
                             24 ;--------------------------------------------------------
                             25 ; external initialized ram data
                             26 ;--------------------------------------------------------
                             27 ;--------------------------------------------------------
                             28 ; global & static initialisations
                             29 ;--------------------------------------------------------
                             30 	.area _HOME
                             31 	.area _GSINIT
                             32 	.area _GSFINAL
                             33 	.area _GSINIT
                             34 ;--------------------------------------------------------
                             35 ; Home
                             36 ;--------------------------------------------------------
                             37 	.area _HOME
                             38 	.area _HOME
                             39 ;--------------------------------------------------------
                             40 ; code
                             41 ;--------------------------------------------------------
                             42 	.area _CODE
                             43 ;../_fs2sint.c:71: signed int __fs2sint (float f)
                             44 ;	---------------------------------
                             45 ; Function __fs2sint
                             46 ; ---------------------------------
   0000                      47 ___fs2sint_start::
   0000                      48 ___fs2sint:
   0000 DD E5                49 	push	ix
   0002 DD 21 00 00          50 	ld	ix,#0
   0006 DD 39                51 	add	ix,sp
                             52 ;../_fs2sint.c:73: signed long sl=__fs2slong(f);
   0008 DD 6E 06             53 	ld	l,6 (ix)
   000B DD 66 07             54 	ld	h,7 (ix)
   000E E5                   55 	push	hl
   000F DD 6E 04             56 	ld	l,4 (ix)
   0012 DD 66 05             57 	ld	h,5 (ix)
   0015 E5                   58 	push	hl
   0016 CDr00s00             59 	call	___fs2slong
   0019 F1                   60 	pop	af
   001A F1                   61 	pop	af
   001B 44                   62 	ld	b,h
   001C 4D                   63 	ld	c,l
                             64 ;../_fs2sint.c:74: if (sl>=INT_MAX)
   001D 79                   65 	ld	a,c
   001E D6 FF                66 	sub	a,#0xFF
   0020 78                   67 	ld	a,b
   0021 DE 7F                68 	sbc	a,#0x7F
   0023 7B                   69 	ld	a,e
   0024 DE 00                70 	sbc	a,#0x00
   0026 7A                   71 	ld	a,d
   0027 DE 00                72 	sbc	a,#0x00
   0029 FAr31s00             73 	jp	M,00102$
                             74 ;../_fs2sint.c:75: return INT_MAX;
   002C 21 FF 7F             75 	ld	hl,#0x7FFF
   002F 18 16                76 	jr	00105$
   0031                      77 00102$:
                             78 ;../_fs2sint.c:76: if (sl<=INT_MIN)
   0031 3E 00                79 	ld	a,#0x00
   0033 91                   80 	sub	a,c
   0034 3E 80                81 	ld	a,#0x80
   0036 98                   82 	sbc	a,b
   0037 3E FF                83 	ld	a,#0xFF
   0039 9B                   84 	sbc	a,e
   003A 3E FF                85 	ld	a,#0xFF
   003C 9A                   86 	sbc	a,d
   003D FAr45s00             87 	jp	M,00104$
                             88 ;../_fs2sint.c:77: return -INT_MIN;
   0040 21 00 80             89 	ld	hl,#0xFFFF8000
   0043 18 02                90 	jr	00105$
   0045                      91 00104$:
                             92 ;../_fs2sint.c:78: return sl;
   0045 69                   93 	ld	l,c
   0046 60                   94 	ld	h,b
   0047                      95 00105$:
   0047 DD E1                96 	pop	ix
   0049 C9                   97 	ret
   004A                      98 ___fs2sint_end::
                             99 	.area _CODE
                            100 	.area _CABS
