                              1 ;--------------------------------------------------------
                              2 ; File Created by SDCC : free open source ANSI-C Compiler
                              3 ; Version 2.9.4 #5595 (Oct 23 2013) (Mac OS X ppc)
                              4 ; This file was generated Wed Oct 23 12:26:06 2013
                              5 ;--------------------------------------------------------
                              6 	.module _fs2schar
                              7 	.optsdcc -mz80
                              8 	
                              9 ;--------------------------------------------------------
                             10 ; Public variables in this module
                             11 ;--------------------------------------------------------
                             12 	.globl ___fs2schar
                             13 ;--------------------------------------------------------
                             14 ; special function registers
                             15 ;--------------------------------------------------------
                             16 ;--------------------------------------------------------
                             17 ;  ram data
                             18 ;--------------------------------------------------------
                             19 	.area _DATA
                             20 ;--------------------------------------------------------
                             21 ; overlayable items in  ram 
                             22 ;--------------------------------------------------------
                             23 	.area _OVERLAY
                             24 ;--------------------------------------------------------
                             25 ; external initialized ram data
                             26 ;--------------------------------------------------------
                             27 ;--------------------------------------------------------
                             28 ; global & static initialisations
                             29 ;--------------------------------------------------------
                             30 	.area _HOME
                             31 	.area _GSINIT
                             32 	.area _GSFINAL
                             33 	.area _GSINIT
                             34 ;--------------------------------------------------------
                             35 ; Home
                             36 ;--------------------------------------------------------
                             37 	.area _HOME
                             38 	.area _HOME
                             39 ;--------------------------------------------------------
                             40 ; code
                             41 ;--------------------------------------------------------
                             42 	.area _CODE
                             43 ;../_fs2schar.c:77: signed char __fs2schar (float f)
                             44 ;	---------------------------------
                             45 ; Function __fs2schar
                             46 ; ---------------------------------
   0000                      47 ___fs2schar_start::
   0000                      48 ___fs2schar:
   0000 DD E5                49 	push	ix
   0002 DD 21 00 00          50 	ld	ix,#0
   0006 DD 39                51 	add	ix,sp
                             52 ;../_fs2schar.c:79: signed long sl=__fs2slong(f);
   0008 DD 6E 06             53 	ld	l,6 (ix)
   000B DD 66 07             54 	ld	h,7 (ix)
   000E E5                   55 	push	hl
   000F DD 6E 04             56 	ld	l,4 (ix)
   0012 DD 66 05             57 	ld	h,5 (ix)
   0015 E5                   58 	push	hl
   0016 CDr00s00             59 	call	___fs2slong
   0019 F1                   60 	pop	af
   001A F1                   61 	pop	af
   001B 44                   62 	ld	b,h
   001C 4D                   63 	ld	c,l
                             64 ;../_fs2schar.c:80: if (sl>=SCHAR_MAX)
   001D 79                   65 	ld	a,c
   001E D6 7F                66 	sub	a,#0x7F
   0020 78                   67 	ld	a,b
   0021 DE 00                68 	sbc	a,#0x00
   0023 7B                   69 	ld	a,e
   0024 DE 00                70 	sbc	a,#0x00
   0026 7A                   71 	ld	a,d
   0027 DE 00                72 	sbc	a,#0x00
   0029 FAr30s00             73 	jp	M,00102$
                             74 ;../_fs2schar.c:81: return SCHAR_MAX;
   002C 2E 7F                75 	ld	l,#0x7F
   002E 18 14                76 	jr	00105$
   0030                      77 00102$:
                             78 ;../_fs2schar.c:82: if (sl<=SCHAR_MIN)
   0030 3E 80                79 	ld	a,#0x80
   0032 91                   80 	sub	a,c
   0033 3E FF                81 	ld	a,#0xFF
   0035 98                   82 	sbc	a,b
   0036 3E FF                83 	ld	a,#0xFF
   0038 9B                   84 	sbc	a,e
   0039 3E FF                85 	ld	a,#0xFF
   003B 9A                   86 	sbc	a,d
   003C FAr43s00             87 	jp	M,00104$
                             88 ;../_fs2schar.c:83: return -SCHAR_MIN;
   003F 2E 80                89 	ld	l,#0x80
   0041 18 01                90 	jr	00105$
   0043                      91 00104$:
                             92 ;../_fs2schar.c:84: return sl;
   0043 69                   93 	ld	l,c
   0044                      94 00105$:
   0044 DD E1                95 	pop	ix
   0046 C9                   96 	ret
   0047                      97 ___fs2schar_end::
                             98 	.area _CODE
                             99 	.area _CABS
