                              1 ;--------------------------------------------------------
                              2 ; File Created by SDCC : free open source ANSI-C Compiler
                              3 ; Version 2.9.4 #5595 (Oct 23 2013) (Mac OS X ppc)
                              4 ; This file was generated Wed Oct 23 12:26:07 2013
                              5 ;--------------------------------------------------------
                              6 	.module _fslt
                              7 	.optsdcc -mz80
                              8 	
                              9 ;--------------------------------------------------------
                             10 ; Public variables in this module
                             11 ;--------------------------------------------------------
                             12 	.globl ___fslt
                             13 ;--------------------------------------------------------
                             14 ; special function registers
                             15 ;--------------------------------------------------------
                             16 ;--------------------------------------------------------
                             17 ;  ram data
                             18 ;--------------------------------------------------------
                             19 	.area _DATA
                             20 ;--------------------------------------------------------
                             21 ; overlayable items in  ram 
                             22 ;--------------------------------------------------------
                             23 	.area _OVERLAY
                             24 ;--------------------------------------------------------
                             25 ; external initialized ram data
                             26 ;--------------------------------------------------------
                             27 ;--------------------------------------------------------
                             28 ; global & static initialisations
                             29 ;--------------------------------------------------------
                             30 	.area _HOME
                             31 	.area _GSINIT
                             32 	.area _GSFINAL
                             33 	.area _GSINIT
                             34 ;--------------------------------------------------------
                             35 ; Home
                             36 ;--------------------------------------------------------
                             37 	.area _HOME
                             38 	.area _HOME
                             39 ;--------------------------------------------------------
                             40 ; code
                             41 ;--------------------------------------------------------
                             42 	.area _CODE
                             43 ;../_fslt.c:98: char __fslt (float a1, float a2)
                             44 ;	---------------------------------
                             45 ; Function __fslt
                             46 ; ---------------------------------
   0000                      47 ___fslt_start::
   0000                      48 ___fslt:
   0000 DD E5                49 	push	ix
   0002 DD 21 00 00          50 	ld	ix,#0
   0006 DD 39                51 	add	ix,sp
   0008 21 F4 FF             52 	ld	hl,#-12
   000B 39                   53 	add	hl,sp
   000C F9                   54 	ld	sp,hl
                             55 ;../_fslt.c:102: fl1.f = a1;
   000D 21 08 00             56 	ld	hl,#0x0008
   0010 39                   57 	add	hl,sp
   0011 DD 7E 04             58 	ld	a,4 (ix)
   0014 77                   59 	ld	(hl),a
   0015 23                   60 	inc	hl
   0016 DD 7E 05             61 	ld	a,5 (ix)
   0019 77                   62 	ld	(hl),a
   001A 23                   63 	inc	hl
   001B DD 7E 06             64 	ld	a,6 (ix)
   001E 77                   65 	ld	(hl),a
   001F 23                   66 	inc	hl
   0020 DD 7E 07             67 	ld	a,7 (ix)
   0023 77                   68 	ld	(hl),a
                             69 ;../_fslt.c:103: fl2.f = a2;
   0024 21 04 00             70 	ld	hl,#0x0004
   0027 39                   71 	add	hl,sp
   0028 DD 7E 08             72 	ld	a,8 (ix)
   002B 77                   73 	ld	(hl),a
   002C 23                   74 	inc	hl
   002D DD 7E 09             75 	ld	a,9 (ix)
   0030 77                   76 	ld	(hl),a
   0031 23                   77 	inc	hl
   0032 DD 7E 0A             78 	ld	a,10 (ix)
   0035 77                   79 	ld	(hl),a
   0036 23                   80 	inc	hl
   0037 DD 7E 0B             81 	ld	a,11 (ix)
   003A 77                   82 	ld	(hl),a
                             83 ;../_fslt.c:105: if (fl1.l<0 && fl2.l<0) {
   003B 21 08 00             84 	ld	hl,#0x0008
   003E 39                   85 	add	hl,sp
   003F 4E                   86 	ld	c,(hl)
   0040 23                   87 	inc	hl
   0041 46                   88 	ld	b,(hl)
   0042 23                   89 	inc	hl
   0043 5E                   90 	ld	e,(hl)
   0044 23                   91 	inc	hl
   0045 56                   92 	ld	d,(hl)
   0046 7A                   93 	ld	a,d
   0047 CB 7F                94 	bit	7,a
   0049 CAr99s00             95 	jp	Z,00104$
   004C 21 04 00             96 	ld	hl,#0x0004
   004F 39                   97 	add	hl,sp
   0050 4E                   98 	ld	c,(hl)
   0051 23                   99 	inc	hl
   0052 46                  100 	ld	b,(hl)
   0053 23                  101 	inc	hl
   0054 5E                  102 	ld	e,(hl)
   0055 23                  103 	inc	hl
   0056 56                  104 	ld	d,(hl)
   0057 7A                  105 	ld	a,d
   0058 CB 7F               106 	bit	7,a
   005A 28 3D               107 	jr	Z,00104$
                            108 ;../_fslt.c:106: if (fl2.l < fl1.l)
   005C 21 04 00            109 	ld	hl,#0x0004
   005F 39                  110 	add	hl,sp
   0060 7E                  111 	ld	a,(hl)
   0061 DD 77 F4            112 	ld	-12 (ix),a
   0064 23                  113 	inc	hl
   0065 7E                  114 	ld	a,(hl)
   0066 DD 77 F5            115 	ld	-11 (ix),a
   0069 23                  116 	inc	hl
   006A 7E                  117 	ld	a,(hl)
   006B DD 77 F6            118 	ld	-10 (ix),a
   006E 23                  119 	inc	hl
   006F 7E                  120 	ld	a,(hl)
   0070 DD 77 F7            121 	ld	-9 (ix),a
   0073 21 08 00            122 	ld	hl,#0x0008
   0076 39                  123 	add	hl,sp
   0077 4E                  124 	ld	c,(hl)
   0078 23                  125 	inc	hl
   0079 46                  126 	ld	b,(hl)
   007A 23                  127 	inc	hl
   007B 5E                  128 	ld	e,(hl)
   007C 23                  129 	inc	hl
   007D 56                  130 	ld	d,(hl)
   007E DD 7E F4            131 	ld	a,-12 (ix)
   0081 91                  132 	sub	a,c
   0082 DD 7E F5            133 	ld	a,-11 (ix)
   0085 98                  134 	sbc	a,b
   0086 DD 7E F6            135 	ld	a,-10 (ix)
   0089 9B                  136 	sbc	a,e
   008A DD 7E F7            137 	ld	a,-9 (ix)
   008D 9A                  138 	sbc	a,d
   008E F2r95s00            139 	jp	P,00102$
                            140 ;../_fslt.c:107: return (1);
   0091 2E 01               141 	ld	l,#0x01
   0093 18 3F               142 	jr	00108$
   0095                     143 00102$:
                            144 ;../_fslt.c:108: return (0);
   0095 2E 00               145 	ld	l,#0x00
   0097 18 3B               146 	jr	00108$
   0099                     147 00104$:
                            148 ;../_fslt.c:111: if (fl1.l < fl2.l)
   0099 21 08 00            149 	ld	hl,#0x0008
   009C 39                  150 	add	hl,sp
   009D 7E                  151 	ld	a,(hl)
   009E DD 77 F4            152 	ld	-12 (ix),a
   00A1 23                  153 	inc	hl
   00A2 7E                  154 	ld	a,(hl)
   00A3 DD 77 F5            155 	ld	-11 (ix),a
   00A6 23                  156 	inc	hl
   00A7 7E                  157 	ld	a,(hl)
   00A8 DD 77 F6            158 	ld	-10 (ix),a
   00AB 23                  159 	inc	hl
   00AC 7E                  160 	ld	a,(hl)
   00AD DD 77 F7            161 	ld	-9 (ix),a
   00B0 21 04 00            162 	ld	hl,#0x0004
   00B3 39                  163 	add	hl,sp
   00B4 4E                  164 	ld	c,(hl)
   00B5 23                  165 	inc	hl
   00B6 46                  166 	ld	b,(hl)
   00B7 23                  167 	inc	hl
   00B8 5E                  168 	ld	e,(hl)
   00B9 23                  169 	inc	hl
   00BA 56                  170 	ld	d,(hl)
   00BB DD 7E F4            171 	ld	a,-12 (ix)
   00BE 91                  172 	sub	a,c
   00BF DD 7E F5            173 	ld	a,-11 (ix)
   00C2 98                  174 	sbc	a,b
   00C3 DD 7E F6            175 	ld	a,-10 (ix)
   00C6 9B                  176 	sbc	a,e
   00C7 DD 7E F7            177 	ld	a,-9 (ix)
   00CA 9A                  178 	sbc	a,d
   00CB F2rD2s00            179 	jp	P,00107$
                            180 ;../_fslt.c:112: return (1);
   00CE 2E 01               181 	ld	l,#0x01
   00D0 18 02               182 	jr	00108$
   00D2                     183 00107$:
                            184 ;../_fslt.c:113: return (0);
   00D2 2E 00               185 	ld	l,#0x00
   00D4                     186 00108$:
   00D4 DD F9               187 	ld	sp,ix
   00D6 DD E1               188 	pop	ix
   00D8 C9                  189 	ret
   00D9                     190 ___fslt_end::
                            191 	.area _CODE
                            192 	.area _CABS
