                              1 ;--------------------------------------------------------
                              2 ; File Created by SDCC : free open source ANSI-C Compiler
                              3 ; Version 2.9.4 #5595 (Oct 23 2013) (Mac OS X ppc)
                              4 ; This file was generated Wed Oct 23 12:26:06 2013
                              5 ;--------------------------------------------------------
                              6 	.module _sint2fs
                              7 	.optsdcc -mz80
                              8 	
                              9 ;--------------------------------------------------------
                             10 ; Public variables in this module
                             11 ;--------------------------------------------------------
                             12 	.globl ___sint2fs
                             13 ;--------------------------------------------------------
                             14 ; special function registers
                             15 ;--------------------------------------------------------
                             16 ;--------------------------------------------------------
                             17 ;  ram data
                             18 ;--------------------------------------------------------
                             19 	.area _DATA
                             20 ;--------------------------------------------------------
                             21 ; overlayable items in  ram 
                             22 ;--------------------------------------------------------
                             23 	.area _OVERLAY
                             24 ;--------------------------------------------------------
                             25 ; external initialized ram data
                             26 ;--------------------------------------------------------
                             27 ;--------------------------------------------------------
                             28 ; global & static initialisations
                             29 ;--------------------------------------------------------
                             30 	.area _HOME
                             31 	.area _GSINIT
                             32 	.area _GSFINAL
                             33 	.area _GSINIT
                             34 ;--------------------------------------------------------
                             35 ; Home
                             36 ;--------------------------------------------------------
                             37 	.area _HOME
                             38 	.area _HOME
                             39 ;--------------------------------------------------------
                             40 ; code
                             41 ;--------------------------------------------------------
                             42 	.area _CODE
                             43 ;../_sint2fs.c:44: float __sint2fs (signed int si) {
                             44 ;	---------------------------------
                             45 ; Function __sint2fs
                             46 ; ---------------------------------
   0000                      47 ___sint2fs_start::
   0000                      48 ___sint2fs:
   0000 DD E5                49 	push	ix
   0002 DD 21 00 00          50 	ld	ix,#0
   0006 DD 39                51 	add	ix,sp
                             52 ;../_sint2fs.c:45: return __slong2fs(si);
   0008 DD 4E 04             53 	ld	c,4 (ix)
   000B DD 46 05             54 	ld	b,5 (ix)
   000E DD 7E 05             55 	ld	a,5 (ix)
   0011 17                   56 	rla	
   0012 9F                   57 	sbc	a,a
   0013 6F                   58 	ld	l,a
   0014 67                   59 	ld	h,a
   0015 E5                   60 	push	hl
   0016 C5                   61 	push	bc
   0017 CDr00s00             62 	call	___slong2fs
   001A F1                   63 	pop	af
   001B F1                   64 	pop	af
   001C 44                   65 	ld	b,h
   001D 4D                   66 	ld	c,l
   001E 69                   67 	ld	l,c
   001F 60                   68 	ld	h,b
   0020 DD E1                69 	pop	ix
   0022 C9                   70 	ret
   0023                      71 ___sint2fs_end::
                             72 	.area _CODE
                             73 	.area _CABS
