                              1 ;--------------------------------------------------------
                              2 ; File Created by SDCC : free open source ANSI-C Compiler
                              3 ; Version 2.9.4 #5595 (Oct 23 2013) (Mac OS X ppc)
                              4 ; This file was generated Wed Oct 23 12:26:09 2013
                              5 ;--------------------------------------------------------
                              6 	.module _strcat
                              7 	.optsdcc -mz80
                              8 	
                              9 ;--------------------------------------------------------
                             10 ; Public variables in this module
                             11 ;--------------------------------------------------------
                             12 	.globl _strcat
                             13 ;--------------------------------------------------------
                             14 ; special function registers
                             15 ;--------------------------------------------------------
                             16 ;--------------------------------------------------------
                             17 ;  ram data
                             18 ;--------------------------------------------------------
                             19 	.area _DATA
                             20 ;--------------------------------------------------------
                             21 ; overlayable items in  ram 
                             22 ;--------------------------------------------------------
                             23 	.area _OVERLAY
                             24 ;--------------------------------------------------------
                             25 ; external initialized ram data
                             26 ;--------------------------------------------------------
                             27 ;--------------------------------------------------------
                             28 ; global & static initialisations
                             29 ;--------------------------------------------------------
                             30 	.area _HOME
                             31 	.area _GSINIT
                             32 	.area _GSFINAL
                             33 	.area _GSINIT
                             34 ;--------------------------------------------------------
                             35 ; Home
                             36 ;--------------------------------------------------------
                             37 	.area _HOME
                             38 	.area _HOME
                             39 ;--------------------------------------------------------
                             40 ; code
                             41 ;--------------------------------------------------------
                             42 	.area _CODE
                             43 ;../_strcat.c:26: char * strcat (
                             44 ;	---------------------------------
                             45 ; Function strcat
                             46 ; ---------------------------------
   0000                      47 _strcat_start::
   0000                      48 _strcat:
   0000 DD E5                49 	push	ix
   0002 DD 21 00 00          50 	ld	ix,#0
   0006 DD 39                51 	add	ix,sp
                             52 ;../_strcat.c:31: char * cp = dst;
   0008 DD 6E 04             53 	ld	l,4 (ix)
   000B DD 66 05             54 	ld	h,5 (ix)
                             55 ;../_strcat.c:33: while( *cp )
   000E 4D                   56 	ld	c,l
   000F 44                   57 	ld	b,h
   0010                      58 00101$:
   0010 0A                   59 	ld	a,(bc)
   0011 B7                   60 	or	a,a
   0012 28 03                61 	jr	Z,00111$
                             62 ;../_strcat.c:34: cp++;                   /* find end of dst */
   0014 03                   63 	inc	bc
   0015 18 F9                64 	jr	00101$
                             65 ;../_strcat.c:36: while( *cp++ = *src++ ) ;       /* Copy src to end of dst */
   0017                      66 00111$:
   0017 DD 5E 06             67 	ld	e,6 (ix)
   001A DD 56 07             68 	ld	d,7 (ix)
   001D                      69 00104$:
   001D 1A                   70 	ld	a,(de)
   001E 13                   71 	inc	de
   001F 02                   72 	ld	(bc),a
   0020 03                   73 	inc	bc
   0021 B7                   74 	or	a,a
   0022 20 F9                75 	jr	NZ,00104$
                             76 ;../_strcat.c:38: return( dst );                  /* return dst */
   0024 DD 6E 04             77 	ld	l,4 (ix)
   0027 DD 66 05             78 	ld	h,5 (ix)
   002A DD E1                79 	pop	ix
   002C C9                   80 	ret
   002D                      81 _strcat_end::
                             82 	.area _CODE
                             83 	.area _CABS
