                              1 ;--------------------------------------------------------
                              2 ; File Created by SDCC : free open source ANSI-C Compiler
                              3 ; Version 2.9.4 #5595 (Oct 23 2013) (Mac OS X ppc)
                              4 ; This file was generated Wed Oct 23 12:26:09 2013
                              5 ;--------------------------------------------------------
                              6 	.module _strpbrk
                              7 	.optsdcc -mz80
                              8 	
                              9 ;--------------------------------------------------------
                             10 ; Public variables in this module
                             11 ;--------------------------------------------------------
                             12 	.globl _strpbrk
                             13 ;--------------------------------------------------------
                             14 ; special function registers
                             15 ;--------------------------------------------------------
                             16 ;--------------------------------------------------------
                             17 ;  ram data
                             18 ;--------------------------------------------------------
                             19 	.area _DATA
                             20 ;--------------------------------------------------------
                             21 ; overlayable items in  ram 
                             22 ;--------------------------------------------------------
                             23 	.area _OVERLAY
                             24 ;--------------------------------------------------------
                             25 ; external initialized ram data
                             26 ;--------------------------------------------------------
                             27 ;--------------------------------------------------------
                             28 ; global & static initialisations
                             29 ;--------------------------------------------------------
                             30 	.area _HOME
                             31 	.area _GSINIT
                             32 	.area _GSFINAL
                             33 	.area _GSINIT
                             34 ;--------------------------------------------------------
                             35 ; Home
                             36 ;--------------------------------------------------------
                             37 	.area _HOME
                             38 	.area _HOME
                             39 ;--------------------------------------------------------
                             40 ; code
                             41 ;--------------------------------------------------------
                             42 	.area _CODE
                             43 ;../_strpbrk.c:26: char * strpbrk ( 
                             44 ;	---------------------------------
                             45 ; Function strpbrk
                             46 ; ---------------------------------
   0000                      47 _strpbrk_start::
   0000                      48 _strpbrk:
   0000 DD E5                49 	push	ix
   0002 DD 21 00 00          50 	ld	ix,#0
   0006 DD 39                51 	add	ix,sp
                             52 ;../_strpbrk.c:33: while ( ch = *string ) {
   0008 DD 4E 04             53 	ld	c,4 (ix)
   000B DD 46 05             54 	ld	b,5 (ix)
   000E                      55 00103$:
   000E 0A                   56 	ld	a,(bc)
   000F 6F                   57 	ld	l,a
   0010 5D                   58 	ld	e,l
   0011 AF                   59 	xor	a,a
   0012 B5                   60 	or	a,l
   0013 28 19                61 	jr	Z,00105$
                             62 ;../_strpbrk.c:34: if (strchr (control, ch ))
   0015 C5                   63 	push	bc
   0016 7B                   64 	ld	a,e
   0017 F5                   65 	push	af
   0018 33                   66 	inc	sp
   0019 DD 6E 06             67 	ld	l,6 (ix)
   001C DD 66 07             68 	ld	h,7 (ix)
   001F E5                   69 	push	hl
   0020 CDr00s00             70 	call	_strchr
   0023 F1                   71 	pop	af
   0024 33                   72 	inc	sp
   0025 C1                   73 	pop	bc
   0026 7D                   74 	ld	a,l
   0027 B4                   75 	or	a,h
   0028 28 E4                76 	jr	Z,00103$
                             77 ;../_strpbrk.c:35: return string ;
   002A 69                   78 	ld	l,c
   002B 60                   79 	ld	h,b
   002C 18 03                80 	jr	00106$
   002E                      81 00105$:
                             82 ;../_strpbrk.c:38: return (NULL);
   002E 21 00 00             83 	ld	hl,#0x0000
   0031                      84 00106$:
   0031 DD E1                85 	pop	ix
   0033 C9                   86 	ret
   0034                      87 _strpbrk_end::
                             88 	.area _CODE
                             89 	.area _CABS
