                              1 ;--------------------------------------------------------
                              2 ; File Created by SDCC : free open source ANSI-C Compiler
                              3 ; Version 2.9.4 #5595 (Oct 23 2013) (Mac OS X ppc)
                              4 ; This file was generated Wed Oct 23 12:26:09 2013
                              5 ;--------------------------------------------------------
                              6 	.module _strchr
                              7 	.optsdcc -mz80
                              8 	
                              9 ;--------------------------------------------------------
                             10 ; Public variables in this module
                             11 ;--------------------------------------------------------
                             12 	.globl _strchr
                             13 ;--------------------------------------------------------
                             14 ; special function registers
                             15 ;--------------------------------------------------------
                             16 ;--------------------------------------------------------
                             17 ;  ram data
                             18 ;--------------------------------------------------------
                             19 	.area _DATA
                             20 ;--------------------------------------------------------
                             21 ; overlayable items in  ram 
                             22 ;--------------------------------------------------------
                             23 	.area _OVERLAY
                             24 ;--------------------------------------------------------
                             25 ; external initialized ram data
                             26 ;--------------------------------------------------------
                             27 ;--------------------------------------------------------
                             28 ; global & static initialisations
                             29 ;--------------------------------------------------------
                             30 	.area _HOME
                             31 	.area _GSINIT
                             32 	.area _GSFINAL
                             33 	.area _GSINIT
                             34 ;--------------------------------------------------------
                             35 ; Home
                             36 ;--------------------------------------------------------
                             37 	.area _HOME
                             38 	.area _HOME
                             39 ;--------------------------------------------------------
                             40 ; code
                             41 ;--------------------------------------------------------
                             42 	.area _CODE
                             43 ;../_strchr.c:26: char * strchr (
                             44 ;	---------------------------------
                             45 ; Function strchr
                             46 ; ---------------------------------
   0000                      47 _strchr_start::
   0000                      48 _strchr:
   0000 DD E5                49 	push	ix
   0002 DD 21 00 00          50 	ld	ix,#0
   0006 DD 39                51 	add	ix,sp
                             52 ;../_strchr.c:31: while (*string && *string != ch)
   0008 DD 4E 04             53 	ld	c,4 (ix)
   000B DD 46 05             54 	ld	b,5 (ix)
   000E                      55 00102$:
   000E 0A                   56 	ld	a,(bc)
   000F 6F                   57 	ld	l,a
   0010 B7                   58 	or	a,a
   0011 28 09                59 	jr	Z,00104$
   0013 7D                   60 	ld	a,l
   0014 DD 96 06             61 	sub	a,6 (ix)
   0017 28 03                62 	jr	Z,00104$
                             63 ;../_strchr.c:32: string++;
   0019 03                   64 	inc	bc
   001A 18 F2                65 	jr	00102$
   001C                      66 00104$:
                             67 ;../_strchr.c:34: if (*string == ch)
   001C 0A                   68 	ld	a,(bc)
   001D DD 96 06             69 	sub	a,6 (ix)
   0020 20 04                70 	jr	NZ,00106$
                             71 ;../_strchr.c:35: return(string);
   0022 69                   72 	ld	l,c
   0023 60                   73 	ld	h,b
   0024 18 03                74 	jr	00107$
   0026                      75 00106$:
                             76 ;../_strchr.c:36: return ( NULL );
   0026 21 00 00             77 	ld	hl,#0x0000
   0029                      78 00107$:
   0029 DD E1                79 	pop	ix
   002B C9                   80 	ret
   002C                      81 _strchr_end::
                             82 	.area _CODE
                             83 	.area _CABS
