                              1 ;--------------------------------------------------------
                              2 ; File Created by SDCC : free open source ANSI-C Compiler
                              3 ; Version 2.9.4 #5595 (Oct 23 2013) (Mac OS X ppc)
                              4 ; This file was generated Wed Oct 23 12:26:06 2013
                              5 ;--------------------------------------------------------
                              6 	.module _uint2fs
                              7 	.optsdcc -mz80
                              8 	
                              9 ;--------------------------------------------------------
                             10 ; Public variables in this module
                             11 ;--------------------------------------------------------
                             12 	.globl ___uint2fs
                             13 ;--------------------------------------------------------
                             14 ; special function registers
                             15 ;--------------------------------------------------------
                             16 ;--------------------------------------------------------
                             17 ;  ram data
                             18 ;--------------------------------------------------------
                             19 	.area _DATA
                             20 ;--------------------------------------------------------
                             21 ; overlayable items in  ram 
                             22 ;--------------------------------------------------------
                             23 	.area _OVERLAY
                             24 ;--------------------------------------------------------
                             25 ; external initialized ram data
                             26 ;--------------------------------------------------------
                             27 ;--------------------------------------------------------
                             28 ; global & static initialisations
                             29 ;--------------------------------------------------------
                             30 	.area _HOME
                             31 	.area _GSINIT
                             32 	.area _GSFINAL
                             33 	.area _GSINIT
                             34 ;--------------------------------------------------------
                             35 ; Home
                             36 ;--------------------------------------------------------
                             37 	.area _HOME
                             38 	.area _HOME
                             39 ;--------------------------------------------------------
                             40 ; code
                             41 ;--------------------------------------------------------
                             42 	.area _CODE
                             43 ;../_uint2fs.c:44: float __uint2fs (unsigned int ui) {
                             44 ;	---------------------------------
                             45 ; Function __uint2fs
                             46 ; ---------------------------------
   0000                      47 ___uint2fs_start::
   0000                      48 ___uint2fs:
   0000 DD E5                49 	push	ix
   0002 DD 21 00 00          50 	ld	ix,#0
   0006 DD 39                51 	add	ix,sp
                             52 ;../_uint2fs.c:45: return __ulong2fs(ui);
   0008 DD 4E 04             53 	ld	c,4 (ix)
   000B DD 46 05             54 	ld	b,5 (ix)
   000E 21 00 00             55 	ld	hl,#0x0000
   0011 E5                   56 	push	hl
   0012 C5                   57 	push	bc
   0013 CDr00s00             58 	call	___ulong2fs
   0016 F1                   59 	pop	af
   0017 F1                   60 	pop	af
   0018 44                   61 	ld	b,h
   0019 4D                   62 	ld	c,l
   001A 69                   63 	ld	l,c
   001B 60                   64 	ld	h,b
   001C DD E1                65 	pop	ix
   001E C9                   66 	ret
   001F                      67 ___uint2fs_end::
                             68 	.area _CODE
                             69 	.area _CABS
