                              1 ;--------------------------------------------------------
                              2 ; File Created by SDCC : free open source ANSI-C Compiler
                              3 ; Version 2.9.4 #5595 (Oct 23 2013) (Mac OS X ppc)
                              4 ; This file was generated Wed Oct 23 12:26:08 2013
                              5 ;--------------------------------------------------------
                              6 	.module abs
                              7 	.optsdcc -mz80
                              8 	
                              9 ;--------------------------------------------------------
                             10 ; Public variables in this module
                             11 ;--------------------------------------------------------
                             12 	.globl _abs
                             13 ;--------------------------------------------------------
                             14 ; special function registers
                             15 ;--------------------------------------------------------
                             16 ;--------------------------------------------------------
                             17 ;  ram data
                             18 ;--------------------------------------------------------
                             19 	.area _DATA
                             20 ;--------------------------------------------------------
                             21 ; overlayable items in  ram 
                             22 ;--------------------------------------------------------
                             23 	.area _OVERLAY
                             24 ;--------------------------------------------------------
                             25 ; external initialized ram data
                             26 ;--------------------------------------------------------
                             27 ;--------------------------------------------------------
                             28 ; global & static initialisations
                             29 ;--------------------------------------------------------
                             30 	.area _HOME
                             31 	.area _GSINIT
                             32 	.area _GSFINAL
                             33 	.area _GSINIT
                             34 ;--------------------------------------------------------
                             35 ; Home
                             36 ;--------------------------------------------------------
                             37 	.area _HOME
                             38 	.area _HOME
                             39 ;--------------------------------------------------------
                             40 ; code
                             41 ;--------------------------------------------------------
                             42 	.area _CODE
                             43 ;../abs.c:23: int abs(int j)
                             44 ;	---------------------------------
                             45 ; Function abs
                             46 ; ---------------------------------
   0000                      47 _abs_start::
   0000                      48 _abs:
   0000 DD E5                49 	push	ix
   0002 DD 21 00 00          50 	ld	ix,#0
   0006 DD 39                51 	add	ix,sp
                             52 ;../abs.c:25: return (j >= 0) ? j : -j;
   0008 DD 7E 05             53 	ld	a,5 (ix)
   000B 07                   54 	rlca
   000C E6 01                55 	and	a,#0x01
   000E D6 01                56 	sub	a,#0x01
   0010 3E 00                57 	ld	a,#0x00
   0012 17                   58 	rla
   0013 B7                   59 	or	a,a
   0014 28 08                60 	jr	Z,00103$
   0016 DD 4E 04             61 	ld	c,4 (ix)
   0019 DD 46 05             62 	ld	b,5 (ix)
   001C 18 0B                63 	jr	00104$
   001E                      64 00103$:
   001E AF                   65 	xor	a,a
   001F DD 9E 04             66 	sbc	a,4 (ix)
   0022 4F                   67 	ld	c,a
   0023 3E 00                68 	ld	a,#0x00
   0025 DD 9E 05             69 	sbc	a,5 (ix)
   0028 47                   70 	ld	b,a
   0029                      71 00104$:
   0029 69                   72 	ld	l,c
   002A 60                   73 	ld	h,b
   002B DD E1                74 	pop	ix
   002D C9                   75 	ret
   002E                      76 _abs_end::
                             77 	.area _CODE
                             78 	.area _CABS
