                              1 ;--------------------------------------------------------
                              2 ; File Created by SDCC : free open source ANSI-C Compiler
                              3 ; Version 2.9.4 #5595 (Oct 23 2013) (Mac OS X ppc)
                              4 ; This file was generated Wed Oct 23 12:26:07 2013
                              5 ;--------------------------------------------------------
                              6 	.module cosf
                              7 	.optsdcc -mz80
                              8 	
                              9 ;--------------------------------------------------------
                             10 ; Public variables in this module
                             11 ;--------------------------------------------------------
                             12 	.globl _cosf
                             13 ;--------------------------------------------------------
                             14 ; special function registers
                             15 ;--------------------------------------------------------
                             16 ;--------------------------------------------------------
                             17 ;  ram data
                             18 ;--------------------------------------------------------
                             19 	.area _DATA
                             20 ;--------------------------------------------------------
                             21 ; overlayable items in  ram 
                             22 ;--------------------------------------------------------
                             23 	.area _OVERLAY
                             24 ;--------------------------------------------------------
                             25 ; external initialized ram data
                             26 ;--------------------------------------------------------
                             27 ;--------------------------------------------------------
                             28 ; global & static initialisations
                             29 ;--------------------------------------------------------
                             30 	.area _HOME
                             31 	.area _GSINIT
                             32 	.area _GSFINAL
                             33 	.area _GSINIT
                             34 ;--------------------------------------------------------
                             35 ; Home
                             36 ;--------------------------------------------------------
                             37 	.area _HOME
                             38 	.area _HOME
                             39 ;--------------------------------------------------------
                             40 ; code
                             41 ;--------------------------------------------------------
                             42 	.area _CODE
                             43 ;../cosf.c:26: float cosf(const float x) _FLOAT_FUNC_REENTRANT
                             44 ;	---------------------------------
                             45 ; Function cosf
                             46 ; ---------------------------------
   0000                      47 _cosf_start::
   0000                      48 _cosf:
   0000 DD E5                49 	push	ix
   0002 DD 21 00 00          50 	ld	ix,#0
   0006 DD 39                51 	add	ix,sp
                             52 ;../cosf.c:28: if (x==0.0) return 1.0;
   0008 DD 7E 04             53 	ld	a,4 (ix)
   000B DD B6 05             54 	or	a,5 (ix)
   000E DD B6 06             55 	or	a,6 (ix)
   0011 DD B6 07             56 	or	a,7 (ix)
   0014 20 08                57 	jr	NZ,00102$
   0016 21 00 00             58 	ld	hl,#0x0000
   0019 11 80 3F             59 	ld	de,#0x3F80
   001C 18 1C                60 	jr	00103$
   001E                      61 00102$:
                             62 ;../cosf.c:29: return sincosf(x, 1);
   001E 3E 01                63 	ld	a,#0x01
   0020 F5                   64 	push	af
   0021 33                   65 	inc	sp
   0022 DD 6E 06             66 	ld	l,6 (ix)
   0025 DD 66 07             67 	ld	h,7 (ix)
   0028 E5                   68 	push	hl
   0029 DD 6E 04             69 	ld	l,4 (ix)
   002C DD 66 05             70 	ld	h,5 (ix)
   002F E5                   71 	push	hl
   0030 CDr00s00             72 	call	_sincosf
   0033 F1                   73 	pop	af
   0034 F1                   74 	pop	af
   0035 33                   75 	inc	sp
   0036 44                   76 	ld	b,h
   0037 4D                   77 	ld	c,l
   0038 69                   78 	ld	l,c
   0039 60                   79 	ld	h,b
   003A                      80 00103$:
   003A DD E1                81 	pop	ix
   003C C9                   82 	ret
   003D                      83 _cosf_end::
                             84 	.area _CODE
                             85 	.area _CABS
