                              1 ;--------------------------------------------------------
                              2 ; File Created by SDCC : free open source ANSI-C Compiler
                              3 ; Version 2.9.4 #5595 (Oct 23 2013) (Mac OS X ppc)
                              4 ; This file was generated Wed Oct 23 12:26:07 2013
                              5 ;--------------------------------------------------------
                              6 	.module expf
                              7 	.optsdcc -mz80
                              8 	
                              9 ;--------------------------------------------------------
                             10 ; Public variables in this module
                             11 ;--------------------------------------------------------
                             12 	.globl _expf
                             13 ;--------------------------------------------------------
                             14 ; special function registers
                             15 ;--------------------------------------------------------
                             16 ;--------------------------------------------------------
                             17 ;  ram data
                             18 ;--------------------------------------------------------
                             19 	.area _DATA
                             20 ;--------------------------------------------------------
                             21 ; overlayable items in  ram 
                             22 ;--------------------------------------------------------
                             23 	.area _OVERLAY
                             24 ;--------------------------------------------------------
                             25 ; external initialized ram data
                             26 ;--------------------------------------------------------
                             27 ;--------------------------------------------------------
                             28 ; global & static initialisations
                             29 ;--------------------------------------------------------
                             30 	.area _HOME
                             31 	.area _GSINIT
                             32 	.area _GSFINAL
                             33 	.area _GSINIT
                             34 ;--------------------------------------------------------
                             35 ; Home
                             36 ;--------------------------------------------------------
                             37 	.area _HOME
                             38 	.area _HOME
                             39 ;--------------------------------------------------------
                             40 ; code
                             41 ;--------------------------------------------------------
                             42 	.area _CODE
                             43 ;../expf.c:320: float expf(const float x)
                             44 ;	---------------------------------
                             45 ; Function expf
                             46 ; ---------------------------------
   0000                      47 _expf_start::
   0000                      48 _expf:
   0000 DD E5                49 	push	ix
   0002 DD 21 00 00          50 	ld	ix,#0
   0006 DD 39                51 	add	ix,sp
   0008 21 E5 FF             52 	ld	hl,#-27
   000B 39                   53 	add	hl,sp
   000C F9                   54 	ld	sp,hl
                             55 ;../expf.c:326: if(x>=0.0)
   000D 21 00 00             56 	ld	hl,#0x0000
   0010 E5                   57 	push	hl
   0011 21 00 00             58 	ld	hl,#0x0000
   0014 E5                   59 	push	hl
   0015 DD 6E 06             60 	ld	l,6 (ix)
   0018 DD 66 07             61 	ld	h,7 (ix)
   001B E5                   62 	push	hl
   001C DD 6E 04             63 	ld	l,4 (ix)
   001F DD 66 05             64 	ld	h,5 (ix)
   0022 E5                   65 	push	hl
   0023 CDr00s00             66 	call	___fslt
   0026 F1                   67 	pop	af
   0027 F1                   68 	pop	af
   0028 F1                   69 	pop	af
   0029 F1                   70 	pop	af
   002A AF                   71 	xor	a,a
   002B B5                   72 	or	a,l
   002C 20 1E                73 	jr	NZ,00102$
                             74 ;../expf.c:327: { y=x;  sign=0; }
   002E DD 7E 04             75 	ld	a,4 (ix)
   0031 DD 77 EA             76 	ld	-22 (ix),a
   0034 DD 7E 05             77 	ld	a,5 (ix)
   0037 DD 77 EB             78 	ld	-21 (ix),a
   003A DD 7E 06             79 	ld	a,6 (ix)
   003D DD 77 EC             80 	ld	-20 (ix),a
   0040 DD 7E 07             81 	ld	a,7 (ix)
   0043 DD 77 ED             82 	ld	-19 (ix),a
   0046 DD 36 E9 00          83 	ld	-23 (ix),#0x00
   004A 18 1F                84 	jr	00103$
   004C                      85 00102$:
                             86 ;../expf.c:329: { y=-x; sign=1; }
   004C DD 7E 07             87 	ld	a,7 (ix)
   004F EE 80                88 	xor	a,#0x80
   0051 57                   89 	ld	d,a
   0052 DD 4E 04             90 	ld	c,4 (ix)
   0055 DD 46 05             91 	ld	b,5 (ix)
   0058 DD 5E 06             92 	ld	e,6 (ix)
   005B DD 71 EA             93 	ld	-22 (ix),c
   005E DD 70 EB             94 	ld	-21 (ix),b
   0061 DD 73 EC             95 	ld	-20 (ix),e
   0064 DD 72 ED             96 	ld	-19 (ix),d
   0067 DD 36 E9 01          97 	ld	-23 (ix),#0x01
   006B                      98 00103$:
                             99 ;../expf.c:331: if(y<EXPEPS) return 1.0;
   006B 21 D6 33            100 	ld	hl,#0x33D6
   006E E5                  101 	push	hl
   006F 21 95 BF            102 	ld	hl,#0xBF95
   0072 E5                  103 	push	hl
   0073 DD 6E EC            104 	ld	l,-20 (ix)
   0076 DD 66 ED            105 	ld	h,-19 (ix)
   0079 E5                  106 	push	hl
   007A DD 6E EA            107 	ld	l,-22 (ix)
   007D DD 66 EB            108 	ld	h,-21 (ix)
   0080 E5                  109 	push	hl
   0081 CDr00s00            110 	call	___fslt
   0084 F1                  111 	pop	af
   0085 F1                  112 	pop	af
   0086 F1                  113 	pop	af
   0087 F1                  114 	pop	af
   0088 AF                  115 	xor	a,a
   0089 B5                  116 	or	a,l
   008A 28 09               117 	jr	Z,00105$
   008C 21 00 00            118 	ld	hl,#0x0000
   008F 11 80 3F            119 	ld	de,#0x3F80
   0092 C3r7Ds03            120 	jp	00118$
   0095                     121 00105$:
                            122 ;../expf.c:333: if(y>BIGX)
   0095 21 B1 42            123 	ld	hl,#0x42B1
   0098 E5                  124 	push	hl
   0099 21 18 72            125 	ld	hl,#0x7218
   009C E5                  126 	push	hl
   009D DD 6E EC            127 	ld	l,-20 (ix)
   00A0 DD 66 ED            128 	ld	h,-19 (ix)
   00A3 E5                  129 	push	hl
   00A4 DD 6E EA            130 	ld	l,-22 (ix)
   00A7 DD 66 EB            131 	ld	h,-21 (ix)
   00AA E5                  132 	push	hl
   00AB CDr00s00            133 	call	___fsgt
   00AE F1                  134 	pop	af
   00AF F1                  135 	pop	af
   00B0 F1                  136 	pop	af
   00B1 F1                  137 	pop	af
   00B2 AF                  138 	xor	a,a
   00B3 B5                  139 	or	a,l
   00B4 28 23               140 	jr	Z,00110$
                            141 ;../expf.c:335: if(sign)
   00B6 AF                  142 	xor	a,a
   00B7 DD B6 E9            143 	or	a,-23 (ix)
   00BA 28 15               144 	jr	Z,00107$
                            145 ;../expf.c:337: errno=ERANGE;
   00BC FD 21r00s00         146 	ld	iy,#_errno
   00C0 FD 36 00 22         147 	ld	0 (iy),#0x22
   00C4 FD 36 01 00         148 	ld	1 (iy),#0x00
                            149 ;../expf.c:339: ;
   00C8 21 FF FF            150 	ld	hl,#0xFFFF
   00CB 11 7F 7F            151 	ld	de,#0x7F7F
   00CE C3r7Ds03            152 	jp	00118$
   00D1                     153 00107$:
                            154 ;../expf.c:343: return 0.0;
   00D1 21 00 00            155 	ld	hl,#0x0000
   00D4 5D                  156 	ld	e,l
   00D5 54                  157 	ld	d,h
   00D6 C3r7Ds03            158 	jp	00118$
   00D9                     159 00110$:
                            160 ;../expf.c:347: z=y*K1;
   00D9 DD 6E EC            161 	ld	l,-20 (ix)
   00DC DD 66 ED            162 	ld	h,-19 (ix)
   00DF E5                  163 	push	hl
   00E0 DD 6E EA            164 	ld	l,-22 (ix)
   00E3 DD 66 EB            165 	ld	h,-21 (ix)
   00E6 E5                  166 	push	hl
   00E7 21 B8 3F            167 	ld	hl,#0x3FB8
   00EA E5                  168 	push	hl
   00EB 21 3B AA            169 	ld	hl,#0xAA3B
   00EE E5                  170 	push	hl
   00EF CDr00s00            171 	call	___fsmul
   00F2 F1                  172 	pop	af
   00F3 F1                  173 	pop	af
   00F4 F1                  174 	pop	af
   00F5 F1                  175 	pop	af
   00F6 44                  176 	ld	b,h
   00F7 DD 75 EE            177 	ld	-18 (ix),l
   00FA DD 70 EF            178 	ld	-17 (ix),b
   00FD DD 73 F0            179 	ld	-16 (ix),e
   0100 DD 72 F1            180 	ld	-15 (ix),d
                            181 ;../expf.c:348: n=z;
   0103 DD 6E F0            182 	ld	l,-16 (ix)
   0106 DD 66 F1            183 	ld	h,-15 (ix)
   0109 E5                  184 	push	hl
   010A DD 6E EE            185 	ld	l,-18 (ix)
   010D DD 66 EF            186 	ld	h,-17 (ix)
   0110 E5                  187 	push	hl
   0111 CDr00s00            188 	call	___fs2sint
   0114 F1                  189 	pop	af
   0115 F1                  190 	pop	af
   0116 44                  191 	ld	b,h
   0117 4D                  192 	ld	c,l
   0118 DD 71 FE            193 	ld	-2 (ix),c
                            194 ;../expf.c:350: if(n<0) --n;
   011B DD 70 FF            195 	ld	-1 (ix),b
   011E 78                  196 	ld	a, b
   011F CB 7F               197 	bit	7,a
   0121 28 0D               198 	jr	Z,00112$
   0123 DD 6E FE            199 	ld	l,-2 (ix)
   0126 DD 66 FF            200 	ld	h,-1 (ix)
   0129 2B                  201 	dec	hl
   012A DD 75 FE            202 	ld	-2 (ix),l
   012D DD 74 FF            203 	ld	-1 (ix),h
   0130                     204 00112$:
                            205 ;../expf.c:351: if(z-n>=0.5) ++n;
   0130 DD 6E FE            206 	ld	l,-2 (ix)
   0133 DD 66 FF            207 	ld	h,-1 (ix)
   0136 E5                  208 	push	hl
   0137 CDr00s00            209 	call	___sint2fs
   013A F1                  210 	pop	af
   013B 42                  211 	ld	b,d
   013C 4B                  212 	ld	c,e
   013D C5                  213 	push	bc
   013E E5                  214 	push	hl
   013F DD 6E F0            215 	ld	l,-16 (ix)
   0142 DD 66 F1            216 	ld	h,-15 (ix)
   0145 E5                  217 	push	hl
   0146 DD 6E EE            218 	ld	l,-18 (ix)
   0149 DD 66 EF            219 	ld	h,-17 (ix)
   014C E5                  220 	push	hl
   014D CDr00s00            221 	call	___fssub
   0150 F1                  222 	pop	af
   0151 F1                  223 	pop	af
   0152 F1                  224 	pop	af
   0153 F1                  225 	pop	af
   0154 44                  226 	ld	b,h
   0155 4D                  227 	ld	c,l
   0156 21 00 3F            228 	ld	hl,#0x3F00
   0159 E5                  229 	push	hl
   015A 21 00 00            230 	ld	hl,#0x0000
   015D E5                  231 	push	hl
   015E D5                  232 	push	de
   015F C5                  233 	push	bc
   0160 CDr00s00            234 	call	___fslt
   0163 F1                  235 	pop	af
   0164 F1                  236 	pop	af
   0165 F1                  237 	pop	af
   0166 F1                  238 	pop	af
   0167 AF                  239 	xor	a,a
   0168 B5                  240 	or	a,l
   0169 20 08               241 	jr	NZ,00114$
   016B DD 34 FE            242 	inc	-2 (ix)
   016E 20 03               243 	jr	NZ,00127$
   0170 DD 34 FF            244 	inc	-1 (ix)
   0173                     245 00127$:
   0173                     246 00114$:
                            247 ;../expf.c:352: xn=n;
   0173 DD 6E FE            248 	ld	l,-2 (ix)
   0176 DD 66 FF            249 	ld	h,-1 (ix)
   0179 E5                  250 	push	hl
   017A CDr00s00            251 	call	___sint2fs
   017D F1                  252 	pop	af
   017E 44                  253 	ld	b,h
   017F DD 75 FA            254 	ld	-6 (ix),l
   0182 DD 70 FB            255 	ld	-5 (ix),b
   0185 DD 73 FC            256 	ld	-4 (ix),e
   0188 DD 72 FD            257 	ld	-3 (ix),d
                            258 ;../expf.c:353: g=((y-xn*C1))-xn*C2;
   018B DD 6E FC            259 	ld	l,-4 (ix)
   018E DD 66 FD            260 	ld	h,-3 (ix)
   0191 E5                  261 	push	hl
   0192 DD 6E FA            262 	ld	l,-6 (ix)
   0195 DD 66 FB            263 	ld	h,-5 (ix)
   0198 E5                  264 	push	hl
   0199 21 31 3F            265 	ld	hl,#0x3F31
   019C E5                  266 	push	hl
   019D 21 00 80            267 	ld	hl,#0x8000
   01A0 E5                  268 	push	hl
   01A1 CDr00s00            269 	call	___fsmul
   01A4 F1                  270 	pop	af
   01A5 F1                  271 	pop	af
   01A6 F1                  272 	pop	af
   01A7 F1                  273 	pop	af
   01A8 44                  274 	ld	b,h
   01A9 4D                  275 	ld	c,l
   01AA D5                  276 	push	de
   01AB C5                  277 	push	bc
   01AC DD 6E EC            278 	ld	l,-20 (ix)
   01AF DD 66 ED            279 	ld	h,-19 (ix)
   01B2 E5                  280 	push	hl
   01B3 DD 6E EA            281 	ld	l,-22 (ix)
   01B6 DD 66 EB            282 	ld	h,-21 (ix)
   01B9 E5                  283 	push	hl
   01BA CDr00s00            284 	call	___fssub
   01BD F1                  285 	pop	af
   01BE F1                  286 	pop	af
   01BF F1                  287 	pop	af
   01C0 F1                  288 	pop	af
   01C1 DD 72 E8            289 	ld	-24 (ix),d
   01C4 DD 73 E7            290 	ld	-25 (ix),e
   01C7 DD 74 E6            291 	ld	-26 (ix),h
   01CA DD 75 E5            292 	ld	-27 (ix),l
   01CD DD 6E FC            293 	ld	l,-4 (ix)
   01D0 DD 66 FD            294 	ld	h,-3 (ix)
   01D3 E5                  295 	push	hl
   01D4 DD 6E FA            296 	ld	l,-6 (ix)
   01D7 DD 66 FB            297 	ld	h,-5 (ix)
   01DA E5                  298 	push	hl
   01DB 21 5E B9            299 	ld	hl,#0xB95E
   01DE E5                  300 	push	hl
   01DF 21 83 80            301 	ld	hl,#0x8083
   01E2 E5                  302 	push	hl
   01E3 CDr00s00            303 	call	___fsmul
   01E6 F1                  304 	pop	af
   01E7 F1                  305 	pop	af
   01E8 F1                  306 	pop	af
   01E9 F1                  307 	pop	af
   01EA 44                  308 	ld	b,h
   01EB 4D                  309 	ld	c,l
   01EC D5                  310 	push	de
   01ED C5                  311 	push	bc
   01EE DD 6E E7            312 	ld	l,-25 (ix)
   01F1 DD 66 E8            313 	ld	h,-24 (ix)
   01F4 E5                  314 	push	hl
   01F5 DD 6E E5            315 	ld	l,-27 (ix)
   01F8 DD 66 E6            316 	ld	h,-26 (ix)
   01FB E5                  317 	push	hl
   01FC CDr00s00            318 	call	___fssub
   01FF F1                  319 	pop	af
   0200 F1                  320 	pop	af
   0201 F1                  321 	pop	af
   0202 F1                  322 	pop	af
   0203 44                  323 	ld	b,h
   0204 DD 75 F6            324 	ld	-10 (ix),l
   0207 DD 70 F7            325 	ld	-9 (ix),b
   020A DD 73 F8            326 	ld	-8 (ix),e
   020D DD 72 F9            327 	ld	-7 (ix),d
                            328 ;../expf.c:354: z=g*g;
   0210 DD 6E F8            329 	ld	l,-8 (ix)
   0213 DD 66 F9            330 	ld	h,-7 (ix)
   0216 E5                  331 	push	hl
   0217 DD 6E F6            332 	ld	l,-10 (ix)
   021A DD 66 F7            333 	ld	h,-9 (ix)
   021D E5                  334 	push	hl
   021E DD 6E F8            335 	ld	l,-8 (ix)
   0221 DD 66 F9            336 	ld	h,-7 (ix)
   0224 E5                  337 	push	hl
   0225 DD 6E F6            338 	ld	l,-10 (ix)
   0228 DD 66 F7            339 	ld	h,-9 (ix)
   022B E5                  340 	push	hl
   022C CDr00s00            341 	call	___fsmul
   022F F1                  342 	pop	af
   0230 F1                  343 	pop	af
   0231 F1                  344 	pop	af
   0232 F1                  345 	pop	af
   0233 44                  346 	ld	b,h
   0234 DD 75 EE            347 	ld	-18 (ix),l
   0237 DD 70 EF            348 	ld	-17 (ix),b
   023A DD 73 F0            349 	ld	-16 (ix),e
   023D DD 72 F1            350 	ld	-15 (ix),d
                            351 ;../expf.c:355: r=P(z)*g;
   0240 DD 6E F0            352 	ld	l,-16 (ix)
   0243 DD 66 F1            353 	ld	h,-15 (ix)
   0246 E5                  354 	push	hl
   0247 DD 6E EE            355 	ld	l,-18 (ix)
   024A DD 66 EF            356 	ld	h,-17 (ix)
   024D E5                  357 	push	hl
   024E 21 88 3B            358 	ld	hl,#0x3B88
   0251 E5                  359 	push	hl
   0252 21 08 53            360 	ld	hl,#0x5308
   0255 E5                  361 	push	hl
   0256 CDr00s00            362 	call	___fsmul
   0259 F1                  363 	pop	af
   025A F1                  364 	pop	af
   025B F1                  365 	pop	af
   025C F1                  366 	pop	af
   025D 44                  367 	ld	b,h
   025E 4D                  368 	ld	c,l
   025F 21 80 3E            369 	ld	hl,#0x3E80
   0262 E5                  370 	push	hl
   0263 21 00 00            371 	ld	hl,#0x0000
   0266 E5                  372 	push	hl
   0267 D5                  373 	push	de
   0268 C5                  374 	push	bc
   0269 CDr00s00            375 	call	___fsadd
   026C F1                  376 	pop	af
   026D F1                  377 	pop	af
   026E F1                  378 	pop	af
   026F F1                  379 	pop	af
   0270 44                  380 	ld	b,h
   0271 4D                  381 	ld	c,l
   0272 DD 6E F8            382 	ld	l,-8 (ix)
   0275 DD 66 F9            383 	ld	h,-7 (ix)
   0278 E5                  384 	push	hl
   0279 DD 6E F6            385 	ld	l,-10 (ix)
   027C DD 66 F7            386 	ld	h,-9 (ix)
   027F E5                  387 	push	hl
   0280 D5                  388 	push	de
   0281 C5                  389 	push	bc
   0282 CDr00s00            390 	call	___fsmul
   0285 F1                  391 	pop	af
   0286 F1                  392 	pop	af
   0287 F1                  393 	pop	af
   0288 F1                  394 	pop	af
   0289 44                  395 	ld	b,h
   028A DD 75 F2            396 	ld	-14 (ix),l
   028D DD 70 F3            397 	ld	-13 (ix),b
   0290 DD 73 F4            398 	ld	-12 (ix),e
   0293 DD 72 F5            399 	ld	-11 (ix),d
                            400 ;../expf.c:356: r=0.5+(r/(Q(z)-r));
   0296 DD 6E F0            401 	ld	l,-16 (ix)
   0299 DD 66 F1            402 	ld	h,-15 (ix)
   029C E5                  403 	push	hl
   029D DD 6E EE            404 	ld	l,-18 (ix)
   02A0 DD 66 EF            405 	ld	h,-17 (ix)
   02A3 E5                  406 	push	hl
   02A4 21 4C 3D            407 	ld	hl,#0x3D4C
   02A7 E5                  408 	push	hl
   02A8 21 5B BF            409 	ld	hl,#0xBF5B
   02AB E5                  410 	push	hl
   02AC CDr00s00            411 	call	___fsmul
   02AF F1                  412 	pop	af
   02B0 F1                  413 	pop	af
   02B1 F1                  414 	pop	af
   02B2 F1                  415 	pop	af
   02B3 44                  416 	ld	b,h
   02B4 4D                  417 	ld	c,l
   02B5 21 00 3F            418 	ld	hl,#0x3F00
   02B8 E5                  419 	push	hl
   02B9 21 00 00            420 	ld	hl,#0x0000
   02BC E5                  421 	push	hl
   02BD D5                  422 	push	de
   02BE C5                  423 	push	bc
   02BF CDr00s00            424 	call	___fsadd
   02C2 F1                  425 	pop	af
   02C3 F1                  426 	pop	af
   02C4 F1                  427 	pop	af
   02C5 F1                  428 	pop	af
   02C6 44                  429 	ld	b,h
   02C7 4D                  430 	ld	c,l
   02C8 DD 6E F4            431 	ld	l,-12 (ix)
   02CB DD 66 F5            432 	ld	h,-11 (ix)
   02CE E5                  433 	push	hl
   02CF DD 6E F2            434 	ld	l,-14 (ix)
   02D2 DD 66 F3            435 	ld	h,-13 (ix)
   02D5 E5                  436 	push	hl
   02D6 D5                  437 	push	de
   02D7 C5                  438 	push	bc
   02D8 CDr00s00            439 	call	___fssub
   02DB F1                  440 	pop	af
   02DC F1                  441 	pop	af
   02DD F1                  442 	pop	af
   02DE F1                  443 	pop	af
   02DF 44                  444 	ld	b,h
   02E0 4D                  445 	ld	c,l
   02E1 D5                  446 	push	de
   02E2 C5                  447 	push	bc
   02E3 DD 6E F4            448 	ld	l,-12 (ix)
   02E6 DD 66 F5            449 	ld	h,-11 (ix)
   02E9 E5                  450 	push	hl
   02EA DD 6E F2            451 	ld	l,-14 (ix)
   02ED DD 66 F3            452 	ld	h,-13 (ix)
   02F0 E5                  453 	push	hl
   02F1 CDr00s00            454 	call	___fsdiv
   02F4 F1                  455 	pop	af
   02F5 F1                  456 	pop	af
   02F6 F1                  457 	pop	af
   02F7 F1                  458 	pop	af
   02F8 44                  459 	ld	b,h
   02F9 4D                  460 	ld	c,l
   02FA 21 00 3F            461 	ld	hl,#0x3F00
   02FD E5                  462 	push	hl
   02FE 21 00 00            463 	ld	hl,#0x0000
   0301 E5                  464 	push	hl
   0302 D5                  465 	push	de
   0303 C5                  466 	push	bc
   0304 CDr00s00            467 	call	___fsadd
   0307 F1                  468 	pop	af
   0308 F1                  469 	pop	af
   0309 F1                  470 	pop	af
   030A F1                  471 	pop	af
   030B 44                  472 	ld	b,h
   030C DD 75 F2            473 	ld	-14 (ix),l
   030F DD 70 F3            474 	ld	-13 (ix),b
   0312 DD 73 F4            475 	ld	-12 (ix),e
   0315 DD 72 F5            476 	ld	-11 (ix),d
                            477 ;../expf.c:358: n++;
   0318 DD 34 FE            478 	inc	-2 (ix)
   031B 20 03               479 	jr	NZ,00128$
   031D DD 34 FF            480 	inc	-1 (ix)
   0320                     481 00128$:
                            482 ;../expf.c:359: z=ldexpf(r, n);
   0320 DD 6E FE            483 	ld	l,-2 (ix)
   0323 DD 66 FF            484 	ld	h,-1 (ix)
   0326 E5                  485 	push	hl
   0327 DD 6E F4            486 	ld	l,-12 (ix)
   032A DD 66 F5            487 	ld	h,-11 (ix)
   032D E5                  488 	push	hl
   032E DD 6E F2            489 	ld	l,-14 (ix)
   0331 DD 66 F3            490 	ld	h,-13 (ix)
   0334 E5                  491 	push	hl
   0335 CDr00s00            492 	call	_ldexpf
   0338 F1                  493 	pop	af
   0339 F1                  494 	pop	af
   033A F1                  495 	pop	af
   033B 44                  496 	ld	b,h
   033C DD 75 EE            497 	ld	-18 (ix),l
   033F DD 70 EF            498 	ld	-17 (ix),b
   0342 DD 73 F0            499 	ld	-16 (ix),e
   0345 DD 72 F1            500 	ld	-15 (ix),d
                            501 ;../expf.c:360: if(sign)
   0348 AF                  502 	xor	a,a
   0349 DD B6 E9            503 	or	a,-23 (ix)
   034C 28 23               504 	jr	Z,00116$
                            505 ;../expf.c:361: return 1.0/z;
   034E DD 6E F0            506 	ld	l,-16 (ix)
   0351 DD 66 F1            507 	ld	h,-15 (ix)
   0354 E5                  508 	push	hl
   0355 DD 6E EE            509 	ld	l,-18 (ix)
   0358 DD 66 EF            510 	ld	h,-17 (ix)
   035B E5                  511 	push	hl
   035C 21 80 3F            512 	ld	hl,#0x3F80
   035F E5                  513 	push	hl
   0360 21 00 00            514 	ld	hl,#0x0000
   0363 E5                  515 	push	hl
   0364 CDr00s00            516 	call	___fsdiv
   0367 F1                  517 	pop	af
   0368 F1                  518 	pop	af
   0369 F1                  519 	pop	af
   036A F1                  520 	pop	af
   036B 44                  521 	ld	b,h
   036C 4D                  522 	ld	c,l
   036D 69                  523 	ld	l,c
   036E 60                  524 	ld	h,b
   036F 18 0C               525 	jr	00118$
   0371                     526 00116$:
                            527 ;../expf.c:363: return z;
   0371 DD 6E EE            528 	ld	l,-18 (ix)
   0374 DD 66 EF            529 	ld	h,-17 (ix)
   0377 DD 5E F0            530 	ld	e,-16 (ix)
   037A DD 56 F1            531 	ld	d,-15 (ix)
   037D                     532 00118$:
   037D DD F9               533 	ld	sp,ix
   037F DD E1               534 	pop	ix
   0381 C9                  535 	ret
   0382                     536 _expf_end::
                            537 	.area _CODE
                            538 	.area _CABS
