                              1 ;--------------------------------------------------------
                              2 ; File Created by SDCC : free open source ANSI-C Compiler
                              3 ; Version 2.9.4 #5595 (Oct 23 2013) (Mac OS X ppc)
                              4 ; This file was generated Wed Oct 23 12:26:08 2013
                              5 ;--------------------------------------------------------
                              6 	.module labs
                              7 	.optsdcc -mz80
                              8 	
                              9 ;--------------------------------------------------------
                             10 ; Public variables in this module
                             11 ;--------------------------------------------------------
                             12 	.globl _labs
                             13 ;--------------------------------------------------------
                             14 ; special function registers
                             15 ;--------------------------------------------------------
                             16 ;--------------------------------------------------------
                             17 ;  ram data
                             18 ;--------------------------------------------------------
                             19 	.area _DATA
                             20 ;--------------------------------------------------------
                             21 ; overlayable items in  ram 
                             22 ;--------------------------------------------------------
                             23 	.area _OVERLAY
                             24 ;--------------------------------------------------------
                             25 ; external initialized ram data
                             26 ;--------------------------------------------------------
                             27 ;--------------------------------------------------------
                             28 ; global & static initialisations
                             29 ;--------------------------------------------------------
                             30 	.area _HOME
                             31 	.area _GSINIT
                             32 	.area _GSFINAL
                             33 	.area _GSINIT
                             34 ;--------------------------------------------------------
                             35 ; Home
                             36 ;--------------------------------------------------------
                             37 	.area _HOME
                             38 	.area _HOME
                             39 ;--------------------------------------------------------
                             40 ; code
                             41 ;--------------------------------------------------------
                             42 	.area _CODE
                             43 ;../labs.c:23: long int labs(long int j)
                             44 ;	---------------------------------
                             45 ; Function labs
                             46 ; ---------------------------------
   0000                      47 _labs_start::
   0000                      48 _labs:
   0000 DD E5                49 	push	ix
   0002 DD 21 00 00          50 	ld	ix,#0
   0006 DD 39                51 	add	ix,sp
                             52 ;../labs.c:25: return (j >= 0) ? j : -j;
   0008 DD 7E 07             53 	ld	a,7 (ix)
   000B 07                   54 	rlca
   000C E6 01                55 	and	a,#0x01
   000E D6 01                56 	sub	a,#0x01
   0010 3E 00                57 	ld	a,#0x00
   0012 17                   58 	rla
   0013 B7                   59 	or	a,a
   0014 28 0E                60 	jr	Z,00103$
   0016 DD 4E 04             61 	ld	c,4 (ix)
   0019 DD 46 05             62 	ld	b,5 (ix)
   001C DD 5E 06             63 	ld	e,6 (ix)
   001F DD 56 07             64 	ld	d,7 (ix)
   0022 18 17                65 	jr	00104$
   0024                      66 00103$:
   0024 AF                   67 	xor	a,a
   0025 DD 9E 04             68 	sbc	a,4 (ix)
   0028 4F                   69 	ld	c,a
   0029 3E 00                70 	ld	a,#0x00
   002B DD 9E 05             71 	sbc	a,5 (ix)
   002E 47                   72 	ld	b,a
   002F 3E 00                73 	ld	a,#0x00
   0031 DD 9E 06             74 	sbc	a,6 (ix)
   0034 5F                   75 	ld	e,a
   0035 3E 00                76 	ld	a,#0x00
   0037 DD 9E 07             77 	sbc	a,7 (ix)
   003A 57                   78 	ld	d,a
   003B                      79 00104$:
   003B 69                   80 	ld	l,c
   003C 60                   81 	ld	h,b
   003D DD E1                82 	pop	ix
   003F C9                   83 	ret
   0040                      84 _labs_end::
                             85 	.area _CODE
                             86 	.area _CABS
