                              1         .area   _CODE
                              2 
   0000                       3 __modschar_rrx_s::
   0000 21 03 00              4         ld      hl,#2+1
   0003 39                    5         add     hl,sp
                              6 
   0004 5E                    7         ld      e,(hl)
   0005 2B                    8         dec     hl
   0006 6E                    9         ld      l,(hl)
                             10 
                             11         ;; Fall through
   0007                      12 __modschar_rrx_hds::
   0007 CDr00s00             13         call    __div8
                             14 
   000A EB                   15         ex	de,hl
   000B C9                   16         ret
                             17 
   000C                      18 __modsint_rrx_s::
   000C F1                   19         pop     af
   000D E1                   20         pop     hl
   000E D1                   21         pop     de
   000F D5                   22         push    de
   0010 E5                   23         push    hl
   0011 F5                   24         push    af
                             25 
                             26         ;; Fall through
   0012                      27 __modsint_rrx_hds::
   0012 CDr00s00             28         call    __div16
                             29 
   0015 EB                   30         ex      de,hl
                             31 
   0016 C9                   32         ret
                             33 
