This file contains any messages produced by compilers while
running configure, to aid debugging if configure makes a mistake.

It was created by pic16lib configure 0.3, which was
generated by GNU Autoconf 2.61.  Invocation command line was

  $ ./configure --disable-option-checking --prefix=/usr/local docdir=${datarootdir}/doc/${PACKAGE} --cache-file=/dev/null --srcdir=.

## --------- ##
## Platform. ##
## --------- ##

hostname = Jsday.local
uname -m = x86_64
uname -r = 11.4.2
uname -s = Darwin
uname -v = Darwin Kernel Version 11.4.2: Thu Aug 23 16:25:48 PDT 2012; root:xnu-1699.32.7~1/RELEASE_X86_64

/usr/bin/uname -p = i386
/bin/uname -X     = unknown

/bin/arch              = unknown
/usr/bin/arch -k       = unknown
/usr/convex/getsysinfo = unknown
/usr/bin/hostinfo      = Mach kernel version:
	 Darwin Kernel Version 11.4.2: Thu Aug 23 16:25:48 PDT 2012; root:xnu-1699.32.7~1/RELEASE_X86_64
Kernel configured for up to 4 processors.
2 processors are physically available.
4 processors are logically available.
Processor type: i486 (Intel 80486)
Processors active: 0 1 2 3
Primary memory available: 4.00 gigabytes
Default processor set: 115 tasks, 638 threads, 4 processors
Load average: 2.63, Mach factor: 1.78
/bin/machine           = unknown
/usr/bin/oslevel       = unknown
/bin/universe          = unknown

PATH: /opt/local/bin
PATH: /opt/local/sbin
PATH: /usr/bin
PATH: /bin
PATH: /usr/sbin
PATH: /sbin
PATH: /usr/local/bin
PATH: /usr/X11/bin
PATH: /Users/lil-j-01/.rvm/bin


## ----------- ##
## Core tests. ##
## ----------- ##

configure:1723: checking for a BSD-compatible install
configure:1779: result: /usr/bin/install -c
configure:1790: checking whether build environment is sane
configure:1833: result: yes
configure:1857: WARNING: `missing' script is too old or missing
configure:1861: checking for a thread-safe mkdir -p
configure:1900: result: ./install-sh -c -d
configure:1913: checking for gawk
configure:1943: result: no
configure:1913: checking for mawk
configure:1943: result: no
configure:1913: checking for nawk
configure:1943: result: no
configure:1913: checking for awk
configure:1929: found /usr/bin/awk
configure:1940: result: awk
configure:1951: checking whether make sets $(MAKE)
configure:1972: result: yes
configure:2205: checking for gpasm
configure:2236: result: :
configure:2250: checking for gplink
configure:2281: result: :
configure:2293: checking for gplib
configure:2324: result: :
configure:2355: checking for style of include used by make
configure:2383: result: GNU
configure:2408: checking dependency style of '/Users/lil-j-01/UCL Cours/SINF13BA/Q1/Computer sciences/LINGI1113(Système info 2)/GIT/LINGI1113_P2/sdcc/device/lib/pic16//../../../bin/sdcc'
configure:2499: result: none
configure:2517: checking dependency style of ':'
configure:2608: result: none
configure:2763: creating ./config.status

## ---------------------- ##
## Running config.status. ##
## ---------------------- ##

This file was extended by pic16lib config.status 0.3, which was
generated by GNU Autoconf 2.61.  Invocation command line was

  CONFIG_FILES    = 
  CONFIG_HEADERS  = 
  CONFIG_LINKS    = 
  CONFIG_COMMANDS = 
  $ ./config.status 

on Jsday.local

config.status:646: creating Makefile
config.status:646: creating debug/Makefile
config.status:646: creating libc/Makefile
config.status:646: creating libdev/Makefile
config.status:646: creating libio/Makefile
config.status:646: creating libm/Makefile
config.status:646: creating libsdcc/Makefile
config.status:646: creating startup/Makefile
config.status:646: creating config.h
config.status:909: executing depfiles commands

## ---------------- ##
## Cache variables. ##
## ---------------- ##

ac_cv_env_build_alias_set=
ac_cv_env_build_alias_value=
ac_cv_env_host_alias_set=
ac_cv_env_host_alias_value=
ac_cv_env_target_alias_set=
ac_cv_env_target_alias_value=
ac_cv_path_AR=:
ac_cv_path_CCAS=:
ac_cv_path_LD=:
ac_cv_path_install='/usr/bin/install -c'
ac_cv_prog_AWK=awk
ac_cv_prog_make_make_set=yes
am_cv_CCAS_dependencies_compiler_type=none
am_cv_CC_dependencies_compiler_type=none

## ----------------- ##
## Output variables. ##
## ----------------- ##

ACLOCAL='aclocal-1.10'
AMDEPBACKSLASH='\'
AMDEP_FALSE='#'
AMDEP_TRUE=''
AMTAR='tar'
AR=''\'':'\'''
ARCH='18f452'
ARFLAGS='-c'
AUTOCONF='autoconf'
AUTOHEADER='autoheader'
AUTOMAKE='automake-1.10'
AWK='awk'
CC=''\''/Users/lil-j-01/UCL Cours/SINF13BA/Q1/Computer sciences/LINGI1113(Système info 2)/GIT/LINGI1113_P2/sdcc/device/lib/pic16//../../../bin/sdcc'\'''
CCAS=''\'':'\'''
CCASDEPMODE='depmode=none'
CCASFLAGS='-p18f452'
CCDEPMODE='depmode=none'
CFLAGS='-mpic16 -p18f452'
CYGPATH_W='echo'
DEFS='-DHAVE_CONFIG_H'
DEPDIR='.deps'
ECHO_C='ECHO_N=''
ECHO_T=''
INSTALL_DATA='${INSTALL} -m 644'
INSTALL_PROGRAM='${INSTALL}'
INSTALL_SCRIPT='${INSTALL}'
INSTALL_STRIP_PROGRAM='$(install_sh) -c -s'
LD=''\'':'\'''
LIBOBJS=''
LIBS=''
LTLIBOBJS=''
MAKEINFO='makeinfo'
OBJEXT='o'
PACKAGE='pic16lib'
PACKAGE_BUGREPORT='tecodev AT users sourceforge net'
PACKAGE_NAME='pic16lib'
PACKAGE_STRING='pic16lib 0.3'
PACKAGE_TARNAME='pic16lib'
PACKAGE_VERSION='0.3'
PATH_SEPARATOR=':'
RANLIB=':'
SET_MAKE=''
SHELL='/bin/sh'
STRIP=''
USE_FLOATS='-DUSE_FLOATS=0'
VERSION='0.3'
am__fastdepCCAS_FALSE=''
am__fastdepCCAS_TRUE='#'
am__fastdepCC_FALSE=''
am__fastdepCC_TRUE='#'
am__include='include'
am__isrc=''
am__leading_dot='.'
am__quote=''
am__tar='${AMTAR} chof - "$$tardir"'
am__untar='${AMTAR} xf -'
bindir='${exec_prefix}/bin'
build_alias=''
datadir='${datarootdir}'
datarootdir='${prefix}/share'
docdir='${datarootdir}/doc/${PACKAGE}'
dvidir='${docdir}'
exec_prefix='${prefix}'
host_alias=''
htmldir='${docdir}'
includedir='${prefix}/include'
infodir='${datarootdir}/info'
install_sh='$(SHELL) /Users/lil-j-01/UCL Cours/SINF13BA/Q1/Computer sciences/LINGI1113(Système info 2)/GIT/LINGI1113_P2/sdcc/device/lib/pic16/install-sh'
libdir='${exec_prefix}/lib/pic16'
libexecdir='${exec_prefix}/libexec'
localedir='${datarootdir}/locale'
localstatedir='${prefix}/var'
mandir='${datarootdir}/man'
mkdir_p='$(top_builddir)/./install-sh -c -d'
oldincludedir='/usr/include'
pdfdir='${docdir}'
prefix='/usr/local'
program_transform_name='s,x,x,'
psdir='${docdir}'
sbindir='${exec_prefix}/sbin'
sharedstatedir='${prefix}/com'
sysconfdir='${prefix}/etc'
target_alias=''

## ----------- ##
## confdefs.h. ##
## ----------- ##

#define PACKAGE_NAME "pic16lib"
#define PACKAGE_TARNAME "pic16lib"
#define PACKAGE_VERSION "0.3"
#define PACKAGE_STRING "pic16lib 0.3"
#define PACKAGE_BUGREPORT "tecodev AT users sourceforge net"
#define PACKAGE "pic16lib"
#define VERSION "0.3"

configure: exit 0
