                              1 ; /*-------------------------------------------------------------------------
                              2 ;
                              3 ;   crtclear.asm :- C run-time: clear DATA/IDATA
                              4 ;
                              5 ;    This library is free software; you can redistribute it and/or modify it
                              6 ;    under the terms of the GNU Library General Public License as published by the
                              7 ;    Free Software Foundation; either version 2, or (at your option) any
                              8 ;    later version.
                              9 ;
                             10 ;    This library is distributed in the hope that it will be useful,
                             11 ;    but WITHOUT ANY WARRANTY; without even the implied warranty of
                             12 ;    MERCHANTABILITY or FITNESS FOR A PARTICULAR PURPOSE.  See the
                             13 ;    GNU Library General Public License for more details.
                             14 ;
                             15 ;    You should have received a copy of the GNU Library General Public License
                             16 ;    along with this program; if not, write to the Free Software
                             17 ;    Foundation, 59 Temple Place - Suite 330, Boston, MA 02111-1307, USA.
                             18 ;
                             19 ;    In other words, you are welcome to use, share and improve this program.
                             20 ;    You are forbidden to forbid anyone else to use, share and improve
                             21 ;    what you give them.   Help stamp out software-hoarding!
                             22 ; -------------------------------------------------------------------------*/
                             23 
                             24 	.area CSEG    (CODE)
                             25 	.area GSINIT0 (CODE)
                             26 	.area GSINIT1 (CODE)
                             27 	.area GSINIT2 (CODE)
                             28 	.area GSINIT3 (CODE)
                             29 	.area GSINIT4 (CODE)
                             30 	.area GSINIT5 (CODE)
                             31 	.area GSINIT  (CODE)
                             32 	.area GSFINAL (CODE)
                             33 
                             34 	.area GSINIT4 (CODE)
                             35 
   0000                      36 __mcs51_genRAMCLEAR::
   0000 E4                   37 	clr	a
   0001 78rFF                38 	mov	r0,#(l_IRAM-1)	; mov r0,a will do for most devices
   0003 F6                   39 00004$:	mov	@r0,a
   0004 D8 FD                40 	djnz	r0,00004$
                             41 ;	_mcs51_genRAMCLEAR() end
