                              1 ; /*-------------------------------------------------------------------------
                              2 ; 
                              3 ;   crtpagesfr.asm :- C run-time: define page sfr for movx @r0/r1 instructions
                              4 ; 
                              5 ;    This library is free software; you can redistribute it and/or modify it
                              6 ;    under the terms of the GNU Library General Public License as published by the
                              7 ;    Free Software Foundation; either version 2, or (at your option) any
                              8 ;    later version.
                              9 ;    
                             10 ;    This library is distributed in the hope that it will be useful,
                             11 ;    but WITHOUT ANY WARRANTY; without even the implied warranty of
                             12 ;    MERCHANTABILITY or FITNESS FOR A PARTICULAR PURPOSE.  See the
                             13 ;    GNU Library General Public License for more details.
                             14 ;    
                             15 ;    You should have received a copy of the GNU Library General Public License
                             16 ;    along with this program; if not, write to the Free Software
                             17 ;    Foundation, 59 Temple Place - Suite 330, Boston, MA 02111-1307, USA.
                             18 ;    
                             19 ;    In other words, you are welcome to use, share and improve this program.
                             20 ;    You are forbidden to forbid anyone else to use, share and improve
                             21 ;    what you give them.   Help stamp out software-hoarding!  
                             22 ; -------------------------------------------------------------------------*/
                             23 
                    00A0     24 __XPAGE == 0xa0	; 0xa0 is P2 on the original 8051
