                              1 ;--------------------------------------------------------
                              2 ; File Created by SDCC : free open source ANSI-C Compiler
                              3 ; Version 2.9.4 #5595 (Oct 23 2013) (Mac OS X ppc)
                              4 ; This file was generated Wed Oct 23 12:25:37 2013
                              5 ;--------------------------------------------------------
                              6 	.module _fsadd
                              7 	.optsdcc -mhc08
                              8 	
                              9 	.area HOME (CODE)
                             10 	.area GSINIT0 (CODE)
                             11 	.area GSINIT (CODE)
                             12 	.area GSFINAL (CODE)
                             13 	.area CSEG (CODE)
                             14 	.area XINIT
                             15 	.area CONST   (CODE)
                             16 	.area DSEG
                             17 	.area OSEG    (OVR)
                             18 	.area BSEG
                             19 	.area XSEG
                             20 	.area XISEG
                             21 ;--------------------------------------------------------
                             22 ; Public variables in this module
                             23 ;--------------------------------------------------------
                             24 	.globl ___fsadd_PARM_2
                             25 	.globl ___fsadd_PARM_1
                             26 	.globl ___fsadd
                             27 ;--------------------------------------------------------
                             28 ;  ram data
                             29 ;--------------------------------------------------------
                             30 	.area DSEG
                             31 ;--------------------------------------------------------
                             32 ; overlayable items in  ram 
                             33 ;--------------------------------------------------------
                             34 	.area	OSEG    (OVR)
   0000                      35 ___fsadd_sloc0_1_0::
   0000                      36 	.ds 4
   0004                      37 ___fsadd_sloc1_1_0::
   0004                      38 	.ds 4
                             39 ;--------------------------------------------------------
                             40 ; absolute external ram data
                             41 ;--------------------------------------------------------
                             42 	.area XABS    (ABS)
                             43 ;--------------------------------------------------------
                             44 ; external initialized ram data
                             45 ;--------------------------------------------------------
                             46 	.area XISEG
                             47 ;--------------------------------------------------------
                             48 ; extended address mode data
                             49 ;--------------------------------------------------------
                             50 	.area XSEG
   0000                      51 ___fsadd_PARM_1:
   0000                      52 	.ds 4
   0004                      53 ___fsadd_PARM_2:
   0004                      54 	.ds 4
   0008                      55 ___fsadd_mant1_1_1:
   0008                      56 	.ds 4
   000C                      57 ___fsadd_mant2_1_1:
   000C                      58 	.ds 4
   0010                      59 ___fsadd_exp1_1_1:
   0010                      60 	.ds 2
   0012                      61 ___fsadd_exp2_1_1:
   0012                      62 	.ds 2
   0014                      63 ___fsadd_expd_1_1:
   0014                      64 	.ds 2
   0016                      65 ___fsadd_sign_1_1:
   0016                      66 	.ds 1
                             67 ;--------------------------------------------------------
                             68 ; global & static initialisations
                             69 ;--------------------------------------------------------
                             70 	.area HOME (CODE)
                             71 	.area GSINIT (CODE)
                             72 	.area GSFINAL (CODE)
                             73 	.area GSINIT (CODE)
                             74 ;--------------------------------------------------------
                             75 ; Home
                             76 ;--------------------------------------------------------
                             77 	.area HOME (CODE)
                             78 	.area HOME (CODE)
                             79 ;--------------------------------------------------------
                             80 ; code
                             81 ;--------------------------------------------------------
                             82 	.area CSEG (CODE)
                             83 ;------------------------------------------------------------
                             84 ;Allocation info for local variables in function '__fsadd'
                             85 ;------------------------------------------------------------
                             86 ;a1                        Allocated with name '___fsadd_PARM_1'
                             87 ;a2                        Allocated with name '___fsadd_PARM_2'
                             88 ;mant1                     Allocated with name '___fsadd_mant1_1_1'
                             89 ;mant2                     Allocated with name '___fsadd_mant2_1_1'
                             90 ;pfl1                      Allocated to registers 
                             91 ;pfl2                      Allocated to registers 
                             92 ;exp1                      Allocated with name '___fsadd_exp1_1_1'
                             93 ;exp2                      Allocated with name '___fsadd_exp2_1_1'
                             94 ;expd                      Allocated with name '___fsadd_expd_1_1'
                             95 ;sign                      Allocated with name '___fsadd_sign_1_1'
                             96 ;sloc0                     Allocated with name '___fsadd_sloc0_1_0'
                             97 ;sloc1                     Allocated with name '___fsadd_sloc1_1_0'
                             98 ;------------------------------------------------------------
                             99 ;../_fsadd.c:161: float __fsadd (float a1, float a2)
                            100 ;	-----------------------------------------
                            101 ;	 function __fsadd
                            102 ;	-----------------------------------------
   0000                     103 ___fsadd:
                            104 ;../_fsadd.c:169: pfl2 = (long _AUTOMEM *)&a2;
                            105 ;../_fsadd.c:170: exp2 = EXP (*pfl2);
   0000 C6s00r04            106 	lda	___fsadd_PARM_2
   0003 B7*00               107 	sta	*___fsadd_sloc0_1_0
   0005 C6s00r05            108 	lda	(___fsadd_PARM_2 + 1)
   0008 B7*01               109 	sta	*(___fsadd_sloc0_1_0 + 1)
   000A C6s00r06            110 	lda	(___fsadd_PARM_2 + 2)
   000D B7*02               111 	sta	*(___fsadd_sloc0_1_0 + 2)
   000F C6s00r07            112 	lda	(___fsadd_PARM_2 + 3)
   0012 B7*03               113 	sta	*(___fsadd_sloc0_1_0 + 3)
   0014 B6*01               114 	lda	*(___fsadd_sloc0_1_0 + 1)
   0016 BE*00               115 	ldx	*___fsadd_sloc0_1_0
   0018 48                  116 	lsla
   0019 9F                  117 	txa
   001A 49                  118 	rola
   001B 5F                  119 	clrx
   001C 59                  120 	rolx
   001D B7*03               121 	sta	*(___fsadd_sloc0_1_0 + 3)
   001F BF*02               122 	stx	*(___fsadd_sloc0_1_0 + 2)
   0021 3F*01               123 	clr	*(___fsadd_sloc0_1_0 + 1)
   0023 3F*00               124 	clr	*___fsadd_sloc0_1_0
   0025 3F*02               125 	clr	*(___fsadd_sloc0_1_0 + 2)
   0027 3F*01               126 	clr	*(___fsadd_sloc0_1_0 + 1)
   0029 3F*00               127 	clr	*___fsadd_sloc0_1_0
   002B B6*03               128 	lda	*(___fsadd_sloc0_1_0 + 3)
   002D C7s00r13            129 	sta	(___fsadd_exp2_1_1 + 1)
   0030 B6*02               130 	lda	*(___fsadd_sloc0_1_0 + 2)
   0032 C7s00r12            131 	sta	___fsadd_exp2_1_1
                            132 ;../_fsadd.c:171: mant2 = MANT (*pfl2) << 4;
   0035 C6s00r04            133 	lda	___fsadd_PARM_2
   0038 B7*00               134 	sta	*___fsadd_sloc0_1_0
   003A C6s00r05            135 	lda	(___fsadd_PARM_2 + 1)
   003D B7*01               136 	sta	*(___fsadd_sloc0_1_0 + 1)
   003F C6s00r06            137 	lda	(___fsadd_PARM_2 + 2)
   0042 B7*02               138 	sta	*(___fsadd_sloc0_1_0 + 2)
   0044 C6s00r07            139 	lda	(___fsadd_PARM_2 + 3)
   0047 B7*03               140 	sta	*(___fsadd_sloc0_1_0 + 3)
   0049 B6*01               141 	lda	*(___fsadd_sloc0_1_0 + 1)
   004B A4 7F               142 	and	#0x7F
   004D B7*01               143 	sta	*(___fsadd_sloc0_1_0 + 1)
   004F 3F*00               144 	clr	*___fsadd_sloc0_1_0
   0051 1E*01               145 	bset	#7,*(___fsadd_sloc0_1_0 + 1)
   0053 B6*01               146 	lda	*(___fsadd_sloc0_1_0 + 1)
   0055 BE*00               147 	ldx	*___fsadd_sloc0_1_0
   0057 48                  148 	lsla
   0058 59                  149 	rolx
   0059 48                  150 	lsla
   005A 59                  151 	rolx
   005B 48                  152 	lsla
   005C 59                  153 	rolx
   005D 48                  154 	lsla
   005E 59                  155 	rolx
   005F C7s00r0D            156 	sta	(___fsadd_mant2_1_1 + 1)
   0062 CFs00r0C            157 	stx	___fsadd_mant2_1_1
   0065 B6*02               158 	lda	*(___fsadd_sloc0_1_0 + 2)
   0067 62                  159 	nsa	
   0068 A4 0F               160 	and	#0x0f
   006A CAs00r0D            161 	ora	(___fsadd_mant2_1_1 + 1)
   006D C7s00r0D            162 	sta	(___fsadd_mant2_1_1 + 1)
   0070 B6*03               163 	lda	*(___fsadd_sloc0_1_0 + 3)
   0072 BE*02               164 	ldx	*(___fsadd_sloc0_1_0 + 2)
   0074 48                  165 	lsla
   0075 59                  166 	rolx
   0076 48                  167 	lsla
   0077 59                  168 	rolx
   0078 48                  169 	lsla
   0079 59                  170 	rolx
   007A 48                  171 	lsla
   007B 59                  172 	rolx
   007C C7s00r0F            173 	sta	(___fsadd_mant2_1_1 + 3)
   007F CFs00r0E            174 	stx	(___fsadd_mant2_1_1 + 2)
                            175 ;../_fsadd.c:172: if (SIGN (*pfl2))
   0082 C6s00r04            176 	lda	___fsadd_PARM_2
   0085 B7*00               177 	sta	*___fsadd_sloc0_1_0
   0087 C6s00r05            178 	lda	(___fsadd_PARM_2 + 1)
   008A B7*01               179 	sta	*(___fsadd_sloc0_1_0 + 1)
   008C C6s00r06            180 	lda	(___fsadd_PARM_2 + 2)
   008F B7*02               181 	sta	*(___fsadd_sloc0_1_0 + 2)
   0091 C6s00r07            182 	lda	(___fsadd_PARM_2 + 3)
   0094 B7*03               183 	sta	*(___fsadd_sloc0_1_0 + 3)
   0096 B6*00               184 	lda	*___fsadd_sloc0_1_0
   0098 49                  185 	rola
   0099 4F                  186 	clra
   009A 49                  187 	rola
   009B 4D                  188 	tsta
   009C 27 1C               189 	beq	00102$
   009E                     190 00164$:
                            191 ;../_fsadd.c:173: mant2 = -mant2;
   009E 4F                  192 	clra
   009F C0s00r0F            193 	sub	(___fsadd_mant2_1_1 + 3)
   00A2 C7s00r0F            194 	sta	(___fsadd_mant2_1_1 + 3)
   00A5 4F                  195 	clra
   00A6 C2s00r0E            196 	sbc	(___fsadd_mant2_1_1 + 2)
   00A9 C7s00r0E            197 	sta	(___fsadd_mant2_1_1 + 2)
   00AC 4F                  198 	clra
   00AD C2s00r0D            199 	sbc	(___fsadd_mant2_1_1 + 1)
   00B0 C7s00r0D            200 	sta	(___fsadd_mant2_1_1 + 1)
   00B3 4F                  201 	clra
   00B4 C2s00r0C            202 	sbc	___fsadd_mant2_1_1
   00B7 C7s00r0C            203 	sta	___fsadd_mant2_1_1
   00BA                     204 00102$:
                            205 ;../_fsadd.c:175: if (!*pfl2)
   00BA C6s00r04            206 	lda	___fsadd_PARM_2
   00BD B7*00               207 	sta	*___fsadd_sloc0_1_0
   00BF C6s00r05            208 	lda	(___fsadd_PARM_2 + 1)
   00C2 B7*01               209 	sta	*(___fsadd_sloc0_1_0 + 1)
   00C4 C6s00r06            210 	lda	(___fsadd_PARM_2 + 2)
   00C7 B7*02               211 	sta	*(___fsadd_sloc0_1_0 + 2)
   00C9 C6s00r07            212 	lda	(___fsadd_PARM_2 + 3)
   00CC B7*03               213 	sta	*(___fsadd_sloc0_1_0 + 3)
   00CE BA*02               214 	ora	*(___fsadd_sloc0_1_0 + 2)
   00D0 BA*01               215 	ora	*(___fsadd_sloc0_1_0 + 1)
   00D2 BA*00               216 	ora	*___fsadd_sloc0_1_0
   00D4 26 11               217 	bne	00104$
   00D6                     218 00165$:
                            219 ;../_fsadd.c:176: return (a1);
   00D6 C6s00r00            220 	lda	___fsadd_PARM_1
   00D9 B7*00               221 	sta	*__ret3
   00DB C6s00r01            222 	lda	(___fsadd_PARM_1 + 1)
   00DE B7*00               223 	sta	*__ret2
   00E0 CEs00r02            224 	ldx	(___fsadd_PARM_1 + 2)
   00E3 C6s00r03            225 	lda	(___fsadd_PARM_1 + 3)
   00E6 81                  226 	rts
   00E7                     227 00104$:
                            228 ;../_fsadd.c:178: pfl1 = (long _AUTOMEM *)&a1;
                            229 ;../_fsadd.c:179: exp1 = EXP (*pfl1);
   00E7 C6s00r00            230 	lda	___fsadd_PARM_1
   00EA B7*00               231 	sta	*___fsadd_sloc0_1_0
   00EC C6s00r01            232 	lda	(___fsadd_PARM_1 + 1)
   00EF B7*01               233 	sta	*(___fsadd_sloc0_1_0 + 1)
   00F1 C6s00r02            234 	lda	(___fsadd_PARM_1 + 2)
   00F4 B7*02               235 	sta	*(___fsadd_sloc0_1_0 + 2)
   00F6 C6s00r03            236 	lda	(___fsadd_PARM_1 + 3)
   00F9 B7*03               237 	sta	*(___fsadd_sloc0_1_0 + 3)
   00FB B6*01               238 	lda	*(___fsadd_sloc0_1_0 + 1)
   00FD BE*00               239 	ldx	*___fsadd_sloc0_1_0
   00FF 48                  240 	lsla
   0100 9F                  241 	txa
   0101 49                  242 	rola
   0102 5F                  243 	clrx
   0103 59                  244 	rolx
   0104 B7*03               245 	sta	*(___fsadd_sloc0_1_0 + 3)
   0106 BF*02               246 	stx	*(___fsadd_sloc0_1_0 + 2)
   0108 3F*01               247 	clr	*(___fsadd_sloc0_1_0 + 1)
   010A 3F*00               248 	clr	*___fsadd_sloc0_1_0
   010C 3F*02               249 	clr	*(___fsadd_sloc0_1_0 + 2)
   010E 3F*01               250 	clr	*(___fsadd_sloc0_1_0 + 1)
   0110 3F*00               251 	clr	*___fsadd_sloc0_1_0
   0112 B6*03               252 	lda	*(___fsadd_sloc0_1_0 + 3)
   0114 C7s00r11            253 	sta	(___fsadd_exp1_1_1 + 1)
   0117 B6*02               254 	lda	*(___fsadd_sloc0_1_0 + 2)
   0119 C7s00r10            255 	sta	___fsadd_exp1_1_1
                            256 ;../_fsadd.c:180: mant1 = MANT (*pfl1) << 4;
   011C C6s00r00            257 	lda	___fsadd_PARM_1
   011F B7*00               258 	sta	*___fsadd_sloc0_1_0
   0121 C6s00r01            259 	lda	(___fsadd_PARM_1 + 1)
   0124 B7*01               260 	sta	*(___fsadd_sloc0_1_0 + 1)
   0126 C6s00r02            261 	lda	(___fsadd_PARM_1 + 2)
   0129 B7*02               262 	sta	*(___fsadd_sloc0_1_0 + 2)
   012B C6s00r03            263 	lda	(___fsadd_PARM_1 + 3)
   012E B7*03               264 	sta	*(___fsadd_sloc0_1_0 + 3)
   0130 B6*01               265 	lda	*(___fsadd_sloc0_1_0 + 1)
   0132 A4 7F               266 	and	#0x7F
   0134 B7*01               267 	sta	*(___fsadd_sloc0_1_0 + 1)
   0136 3F*00               268 	clr	*___fsadd_sloc0_1_0
   0138 1E*01               269 	bset	#7,*(___fsadd_sloc0_1_0 + 1)
   013A B6*01               270 	lda	*(___fsadd_sloc0_1_0 + 1)
   013C BE*00               271 	ldx	*___fsadd_sloc0_1_0
   013E 48                  272 	lsla
   013F 59                  273 	rolx
   0140 48                  274 	lsla
   0141 59                  275 	rolx
   0142 48                  276 	lsla
   0143 59                  277 	rolx
   0144 48                  278 	lsla
   0145 59                  279 	rolx
   0146 C7s00r09            280 	sta	(___fsadd_mant1_1_1 + 1)
   0149 CFs00r08            281 	stx	___fsadd_mant1_1_1
   014C B6*02               282 	lda	*(___fsadd_sloc0_1_0 + 2)
   014E 62                  283 	nsa	
   014F A4 0F               284 	and	#0x0f
   0151 CAs00r09            285 	ora	(___fsadd_mant1_1_1 + 1)
   0154 C7s00r09            286 	sta	(___fsadd_mant1_1_1 + 1)
   0157 B6*03               287 	lda	*(___fsadd_sloc0_1_0 + 3)
   0159 BE*02               288 	ldx	*(___fsadd_sloc0_1_0 + 2)
   015B 48                  289 	lsla
   015C 59                  290 	rolx
   015D 48                  291 	lsla
   015E 59                  292 	rolx
   015F 48                  293 	lsla
   0160 59                  294 	rolx
   0161 48                  295 	lsla
   0162 59                  296 	rolx
   0163 C7s00r0B            297 	sta	(___fsadd_mant1_1_1 + 3)
   0166 CFs00r0A            298 	stx	(___fsadd_mant1_1_1 + 2)
                            299 ;../_fsadd.c:181: if (SIGN(*pfl1))
   0169 C6s00r00            300 	lda	___fsadd_PARM_1
   016C B7*00               301 	sta	*___fsadd_sloc0_1_0
   016E C6s00r01            302 	lda	(___fsadd_PARM_1 + 1)
   0171 B7*01               303 	sta	*(___fsadd_sloc0_1_0 + 1)
   0173 C6s00r02            304 	lda	(___fsadd_PARM_1 + 2)
   0176 B7*02               305 	sta	*(___fsadd_sloc0_1_0 + 2)
   0178 C6s00r03            306 	lda	(___fsadd_PARM_1 + 3)
   017B B7*03               307 	sta	*(___fsadd_sloc0_1_0 + 3)
   017D B6*00               308 	lda	*___fsadd_sloc0_1_0
   017F 49                  309 	rola
   0180 4F                  310 	clra
   0181 49                  311 	rola
   0182 4D                  312 	tsta
   0183 27 36               313 	beq	00108$
   0185                     314 00166$:
                            315 ;../_fsadd.c:182: if (*pfl1 & 0x80000000)
   0185 C6s00r00            316 	lda	___fsadd_PARM_1
   0188 B7*00               317 	sta	*___fsadd_sloc0_1_0
   018A C6s00r01            318 	lda	(___fsadd_PARM_1 + 1)
   018D B7*01               319 	sta	*(___fsadd_sloc0_1_0 + 1)
   018F C6s00r02            320 	lda	(___fsadd_PARM_1 + 2)
   0192 B7*02               321 	sta	*(___fsadd_sloc0_1_0 + 2)
   0194 C6s00r03            322 	lda	(___fsadd_PARM_1 + 3)
   0197 B7*03               323 	sta	*(___fsadd_sloc0_1_0 + 3)
   0199 B6*00               324 	lda	*___fsadd_sloc0_1_0
   019B A4 80               325 	and	#0x80
   019D 27 1C               326 	beq	00108$
   019F                     327 00167$:
                            328 ;../_fsadd.c:183: mant1 = -mant1;
   019F 4F                  329 	clra
   01A0 C0s00r0B            330 	sub	(___fsadd_mant1_1_1 + 3)
   01A3 C7s00r0B            331 	sta	(___fsadd_mant1_1_1 + 3)
   01A6 4F                  332 	clra
   01A7 C2s00r0A            333 	sbc	(___fsadd_mant1_1_1 + 2)
   01AA C7s00r0A            334 	sta	(___fsadd_mant1_1_1 + 2)
   01AD 4F                  335 	clra
   01AE C2s00r09            336 	sbc	(___fsadd_mant1_1_1 + 1)
   01B1 C7s00r09            337 	sta	(___fsadd_mant1_1_1 + 1)
   01B4 4F                  338 	clra
   01B5 C2s00r08            339 	sbc	___fsadd_mant1_1_1
   01B8 C7s00r08            340 	sta	___fsadd_mant1_1_1
   01BB                     341 00108$:
                            342 ;../_fsadd.c:185: if (!*pfl1)
   01BB C6s00r00            343 	lda	___fsadd_PARM_1
   01BE B7*00               344 	sta	*___fsadd_sloc0_1_0
   01C0 C6s00r01            345 	lda	(___fsadd_PARM_1 + 1)
   01C3 B7*01               346 	sta	*(___fsadd_sloc0_1_0 + 1)
   01C5 C6s00r02            347 	lda	(___fsadd_PARM_1 + 2)
   01C8 B7*02               348 	sta	*(___fsadd_sloc0_1_0 + 2)
   01CA C6s00r03            349 	lda	(___fsadd_PARM_1 + 3)
   01CD B7*03               350 	sta	*(___fsadd_sloc0_1_0 + 3)
   01CF BA*02               351 	ora	*(___fsadd_sloc0_1_0 + 2)
   01D1 BA*01               352 	ora	*(___fsadd_sloc0_1_0 + 1)
   01D3 BA*00               353 	ora	*___fsadd_sloc0_1_0
   01D5 26 11               354 	bne	00110$
   01D7                     355 00168$:
                            356 ;../_fsadd.c:186: return (a2);
   01D7 C6s00r04            357 	lda	___fsadd_PARM_2
   01DA B7*00               358 	sta	*__ret3
   01DC C6s00r05            359 	lda	(___fsadd_PARM_2 + 1)
   01DF B7*00               360 	sta	*__ret2
   01E1 CEs00r06            361 	ldx	(___fsadd_PARM_2 + 2)
   01E4 C6s00r07            362 	lda	(___fsadd_PARM_2 + 3)
   01E7 81                  363 	rts
   01E8                     364 00110$:
                            365 ;../_fsadd.c:188: expd = exp1 - exp2;
   01E8 C6s00r11            366 	lda	(___fsadd_exp1_1_1 + 1)
   01EB C0s00r13            367 	sub	(___fsadd_exp2_1_1 + 1)
   01EE C7s00r15            368 	sta	(___fsadd_expd_1_1 + 1)
   01F1 C6s00r10            369 	lda	___fsadd_exp1_1_1
   01F4 C2s00r12            370 	sbc	___fsadd_exp2_1_1
   01F7 C7s00r14            371 	sta	___fsadd_expd_1_1
                            372 ;../_fsadd.c:189: if (expd > 25)
   01FA A6 19               373 	lda	#0x19
   01FC C0s00r15            374 	sub	(___fsadd_expd_1_1 + 1)
   01FF 4F                  375 	clra
   0200 C2s00r14            376 	sbc	___fsadd_expd_1_1
   0203 90 11               377 	bge	00112$
   0205                     378 00169$:
                            379 ;../_fsadd.c:190: return (a1);
   0205 C6s00r00            380 	lda	___fsadd_PARM_1
   0208 B7*00               381 	sta	*__ret3
   020A C6s00r01            382 	lda	(___fsadd_PARM_1 + 1)
   020D B7*00               383 	sta	*__ret2
   020F CEs00r02            384 	ldx	(___fsadd_PARM_1 + 2)
   0212 C6s00r03            385 	lda	(___fsadd_PARM_1 + 3)
   0215 81                  386 	rts
   0216                     387 00112$:
                            388 ;../_fsadd.c:191: if (expd < -25)
   0216 C6s00r15            389 	lda	(___fsadd_expd_1_1 + 1)
   0219 A0 E7               390 	sub	#0xE7
   021B C6s00r14            391 	lda	___fsadd_expd_1_1
   021E A2 FF               392 	sbc	#0xFF
   0220 90 11               393 	bge	00114$
   0222                     394 00170$:
                            395 ;../_fsadd.c:192: return (a2);
   0222 C6s00r04            396 	lda	___fsadd_PARM_2
   0225 B7*00               397 	sta	*__ret3
   0227 C6s00r05            398 	lda	(___fsadd_PARM_2 + 1)
   022A B7*00               399 	sta	*__ret2
   022C CEs00r06            400 	ldx	(___fsadd_PARM_2 + 2)
   022F C6s00r07            401 	lda	(___fsadd_PARM_2 + 3)
   0232 81                  402 	rts
   0233                     403 00114$:
                            404 ;../_fsadd.c:194: if (expd < 0)
   0233 C6s00r14            405 	lda	___fsadd_expd_1_1
   0236 A0 00               406 	sub	#0x00
   0238 90 46               407 	bge	00116$
   023A                     408 00171$:
                            409 ;../_fsadd.c:196: expd = -expd;
   023A 4F                  410 	clra
   023B C0s00r15            411 	sub	(___fsadd_expd_1_1 + 1)
   023E C7s00r15            412 	sta	(___fsadd_expd_1_1 + 1)
   0241 4F                  413 	clra
   0242 C2s00r14            414 	sbc	___fsadd_expd_1_1
   0245 C7s00r14            415 	sta	___fsadd_expd_1_1
                            416 ;../_fsadd.c:197: exp1 += expd;
   0248 C6s00r11            417 	lda	(___fsadd_exp1_1_1 + 1)
   024B CBs00r15            418 	add	(___fsadd_expd_1_1 + 1)
   024E C7s00r11            419 	sta	(___fsadd_exp1_1_1 + 1)
   0251 C6s00r10            420 	lda	___fsadd_exp1_1_1
   0254 C9s00r14            421 	adc	___fsadd_expd_1_1
   0257 C7s00r10            422 	sta	___fsadd_exp1_1_1
                            423 ;../_fsadd.c:198: mant1 >>= expd;
   025A CEs00r15            424 	ldx	(___fsadd_expd_1_1 + 1)
   025D 27 1F               425 	beq	00173$
   025F                     426 00172$:
   025F C6s00r08            427 	lda	___fsadd_mant1_1_1
   0262 47                  428 	asra
   0263 C7s00r08            429 	sta	___fsadd_mant1_1_1
   0266 C6s00r09            430 	lda	(___fsadd_mant1_1_1 + 1)
   0269 46                  431 	rora
   026A C7s00r09            432 	sta	(___fsadd_mant1_1_1 + 1)
   026D C6s00r0A            433 	lda	(___fsadd_mant1_1_1 + 2)
   0270 46                  434 	rora
   0271 C7s00r0A            435 	sta	(___fsadd_mant1_1_1 + 2)
   0274 C6s00r0B            436 	lda	(___fsadd_mant1_1_1 + 3)
   0277 46                  437 	rora
   0278 C7s00r0B            438 	sta	(___fsadd_mant1_1_1 + 3)
   027B 5A                  439 	decx
   027C 26 E1               440 	bne	00172$
   027E                     441 00173$:
   027E 20 24               442 	bra	00117$
   0280                     443 00116$:
                            444 ;../_fsadd.c:202: mant2 >>= expd;
   0280 CEs00r15            445 	ldx	(___fsadd_expd_1_1 + 1)
   0283 27 1F               446 	beq	00175$
   0285                     447 00174$:
   0285 C6s00r0C            448 	lda	___fsadd_mant2_1_1
   0288 47                  449 	asra
   0289 C7s00r0C            450 	sta	___fsadd_mant2_1_1
   028C C6s00r0D            451 	lda	(___fsadd_mant2_1_1 + 1)
   028F 46                  452 	rora
   0290 C7s00r0D            453 	sta	(___fsadd_mant2_1_1 + 1)
   0293 C6s00r0E            454 	lda	(___fsadd_mant2_1_1 + 2)
   0296 46                  455 	rora
   0297 C7s00r0E            456 	sta	(___fsadd_mant2_1_1 + 2)
   029A C6s00r0F            457 	lda	(___fsadd_mant2_1_1 + 3)
   029D 46                  458 	rora
   029E C7s00r0F            459 	sta	(___fsadd_mant2_1_1 + 3)
   02A1 5A                  460 	decx
   02A2 26 E1               461 	bne	00174$
   02A4                     462 00175$:
   02A4                     463 00117$:
                            464 ;../_fsadd.c:204: mant1 += mant2;
   02A4 C6s00r0B            465 	lda	(___fsadd_mant1_1_1 + 3)
   02A7 CBs00r0F            466 	add	(___fsadd_mant2_1_1 + 3)
   02AA C7s00r0B            467 	sta	(___fsadd_mant1_1_1 + 3)
   02AD C6s00r0A            468 	lda	(___fsadd_mant1_1_1 + 2)
   02B0 C9s00r0E            469 	adc	(___fsadd_mant2_1_1 + 2)
   02B3 C7s00r0A            470 	sta	(___fsadd_mant1_1_1 + 2)
   02B6 C6s00r09            471 	lda	(___fsadd_mant1_1_1 + 1)
   02B9 C9s00r0D            472 	adc	(___fsadd_mant2_1_1 + 1)
   02BC C7s00r09            473 	sta	(___fsadd_mant1_1_1 + 1)
   02BF C6s00r08            474 	lda	___fsadd_mant1_1_1
   02C2 C9s00r0C            475 	adc	___fsadd_mant2_1_1
   02C5 C7s00r08            476 	sta	___fsadd_mant1_1_1
                            477 ;../_fsadd.c:206: sign = false;
   02C8 4F                  478 	clra
   02C9 C7s00r16            479 	sta	___fsadd_sign_1_1
                            480 ;../_fsadd.c:208: if (mant1 < 0)
   02CC C6s00r08            481 	lda	___fsadd_mant1_1_1
   02CF A0 00               482 	sub	#0x00
   02D1 90 23               483 	bge	00121$
   02D3                     484 00176$:
                            485 ;../_fsadd.c:210: mant1 = -mant1;
   02D3 4F                  486 	clra
   02D4 C0s00r0B            487 	sub	(___fsadd_mant1_1_1 + 3)
   02D7 C7s00r0B            488 	sta	(___fsadd_mant1_1_1 + 3)
   02DA 4F                  489 	clra
   02DB C2s00r0A            490 	sbc	(___fsadd_mant1_1_1 + 2)
   02DE C7s00r0A            491 	sta	(___fsadd_mant1_1_1 + 2)
   02E1 4F                  492 	clra
   02E2 C2s00r09            493 	sbc	(___fsadd_mant1_1_1 + 1)
   02E5 C7s00r09            494 	sta	(___fsadd_mant1_1_1 + 1)
   02E8 4F                  495 	clra
   02E9 C2s00r08            496 	sbc	___fsadd_mant1_1_1
   02EC C7s00r08            497 	sta	___fsadd_mant1_1_1
                            498 ;../_fsadd.c:211: sign = true;
   02EF A6 01               499 	lda	#0x01
   02F1 C7s00r16            500 	sta	___fsadd_sign_1_1
   02F4 20 15               501 	bra	00154$
   02F6                     502 00121$:
                            503 ;../_fsadd.c:213: else if (!mant1)
   02F6 C6s00r0B            504 	lda	(___fsadd_mant1_1_1 + 3)
   02F9 CAs00r0A            505 	ora	(___fsadd_mant1_1_1 + 2)
   02FC CAs00r09            506 	ora	(___fsadd_mant1_1_1 + 1)
   02FF CAs00r08            507 	ora	___fsadd_mant1_1_1
   0302 26 07               508 	bne	00154$
   0304                     509 00177$:
                            510 ;../_fsadd.c:214: return (0);
   0304 3F*00               511 	clr	*__ret3
   0306 3F*00               512 	clr	*__ret2
   0308 5F                  513 	clrx
   0309 4F                  514 	clra
   030A 81                  515 	rts
                            516 ;../_fsadd.c:217: while (mant1 < (HIDDEN<<4)) {
   030B                     517 00154$:
   030B C6s00r10            518 	lda	___fsadd_exp1_1_1
   030E B7*00               519 	sta	*___fsadd_sloc0_1_0
   0310 C6s00r11            520 	lda	(___fsadd_exp1_1_1 + 1)
   0313 B7*01               521 	sta	*(___fsadd_sloc0_1_0 + 1)
   0315                     522 00123$:
   0315 C6s00r08            523 	lda	___fsadd_mant1_1_1
   0318 B7*04               524 	sta	*___fsadd_sloc1_1_0
   031A C6s00r09            525 	lda	(___fsadd_mant1_1_1 + 1)
   031D B7*05               526 	sta	*(___fsadd_sloc1_1_0 + 1)
   031F C6s00r0A            527 	lda	(___fsadd_mant1_1_1 + 2)
   0322 B7*06               528 	sta	*(___fsadd_sloc1_1_0 + 2)
   0324 C6s00r0B            529 	lda	(___fsadd_mant1_1_1 + 3)
   0327 B7*07               530 	sta	*(___fsadd_sloc1_1_0 + 3)
   0329 B6*04               531 	lda	*___fsadd_sloc1_1_0
   032B A0 08               532 	sub	#0x08
   032D 24 2A               533 	bcc	00157$
   032F                     534 00178$:
                            535 ;../_fsadd.c:218: mant1 <<= 1;
   032F C6s00r0B            536 	lda	(___fsadd_mant1_1_1 + 3)
   0332 CEs00r0A            537 	ldx	(___fsadd_mant1_1_1 + 2)
   0335 48                  538 	lsla
   0336 59                  539 	rolx
   0337 C7s00r0B            540 	sta	(___fsadd_mant1_1_1 + 3)
   033A CFs00r0A            541 	stx	(___fsadd_mant1_1_1 + 2)
   033D C6s00r09            542 	lda	(___fsadd_mant1_1_1 + 1)
   0340 CEs00r08            543 	ldx	___fsadd_mant1_1_1
   0343 49                  544 	rola
   0344 59                  545 	rolx
   0345 C7s00r09            546 	sta	(___fsadd_mant1_1_1 + 1)
   0348 CFs00r08            547 	stx	___fsadd_mant1_1_1
                            548 ;../_fsadd.c:219: exp1--;
   034B B6*01               549 	lda	*(___fsadd_sloc0_1_0 + 1)
   034D A0 01               550 	sub	#0x01
   034F B7*01               551 	sta	*(___fsadd_sloc0_1_0 + 1)
   0351 B6*00               552 	lda	*___fsadd_sloc0_1_0
   0353 A2 00               553 	sbc	#0x00
   0355 B7*00               554 	sta	*___fsadd_sloc0_1_0
   0357 20 BC               555 	bra	00123$
                            556 ;../_fsadd.c:223: while (mant1 & 0xf0000000) {
   0359                     557 00157$:
   0359 4E*00*04            558 	mov	*___fsadd_sloc0_1_0,*___fsadd_sloc1_1_0
   035C 4E*01*05            559 	mov	*(___fsadd_sloc0_1_0 + 1),*(___fsadd_sloc1_1_0 + 1)
   035F                     560 00128$:
   035F C6s00r08            561 	lda	___fsadd_mant1_1_1
   0362 A4 F0               562 	and	#0xF0
   0364 27 50               563 	beq	00163$
   0366                     564 00179$:
                            565 ;../_fsadd.c:224: if (mant1&1)
   0366 C6s00r0B            566 	lda	(___fsadd_mant1_1_1 + 3)
   0369 A4 01               567 	and	#0x01
   036B 26 00               568 	bne	00180$
   036D                     569 00180$:
   036D 27 23               570 	beq	00127$
   036F                     571 00181$:
                            572 ;../_fsadd.c:225: mant1 += 2;
   036F C6s00r0B            573 	lda	(___fsadd_mant1_1_1 + 3)
   0372 AB 02               574 	add	#0x02
   0374 C7s00r0B            575 	sta	(___fsadd_mant1_1_1 + 3)
   0377 24 19               576 	bcc	00182$
   0379 C6s00r0A            577 	lda	(___fsadd_mant1_1_1 + 2)
   037C 4C                  578 	inca
   037D C7s00r0A            579 	sta	(___fsadd_mant1_1_1 + 2)
   0380 26 10               580 	bne	00182$
   0382 C6s00r09            581 	lda	(___fsadd_mant1_1_1 + 1)
   0385 4C                  582 	inca
   0386 C7s00r09            583 	sta	(___fsadd_mant1_1_1 + 1)
   0389 26 07               584 	bne	00182$
   038B C6s00r08            585 	lda	___fsadd_mant1_1_1
   038E 4C                  586 	inca
   038F C7s00r08            587 	sta	___fsadd_mant1_1_1
   0392                     588 00182$:
   0392                     589 00127$:
                            590 ;../_fsadd.c:226: mant1 >>= 1;
   0392 C6s00r09            591 	lda	(___fsadd_mant1_1_1 + 1)
   0395 CEs00r08            592 	ldx	___fsadd_mant1_1_1
   0398 57                  593 	asrx
   0399 46                  594 	rora
   039A C7s00r09            595 	sta	(___fsadd_mant1_1_1 + 1)
   039D CFs00r08            596 	stx	___fsadd_mant1_1_1
   03A0 C6s00r0B            597 	lda	(___fsadd_mant1_1_1 + 3)
   03A3 CEs00r0A            598 	ldx	(___fsadd_mant1_1_1 + 2)
   03A6 56                  599 	rorx
   03A7 46                  600 	rora
   03A8 C7s00r0B            601 	sta	(___fsadd_mant1_1_1 + 3)
   03AB CFs00r0A            602 	stx	(___fsadd_mant1_1_1 + 2)
                            603 ;../_fsadd.c:227: exp1++;
   03AE 55*04               604 	ldhx	*___fsadd_sloc1_1_0
   03B0 AF 01               605 	aix	#1
   03B2 35*04               606 	sthx	*___fsadd_sloc1_1_0
   03B4 20 A9               607 	bra	00128$
   03B6                     608 00163$:
   03B6 B6*04               609 	lda	*___fsadd_sloc1_1_0
   03B8 C7s00r10            610 	sta	___fsadd_exp1_1_1
   03BB B6*05               611 	lda	*(___fsadd_sloc1_1_0 + 1)
   03BD C7s00r11            612 	sta	(___fsadd_exp1_1_1 + 1)
                            613 ;../_fsadd.c:231: mant1 &= ~(HIDDEN<<4);
   03C0 C6s00r08            614 	lda	___fsadd_mant1_1_1
   03C3 A4 F7               615 	and	#0xF7
   03C5 C7s00r08            616 	sta	___fsadd_mant1_1_1
                            617 ;../_fsadd.c:234: if (exp1 >= 0x100)
   03C8 55*04               618 	ldhx	*___fsadd_sloc1_1_0
   03CA 65 01 00            619 	cphx	#0x0100
   03CD 91 32               620 	blt	00135$
   03CF                     621 00183$:
                            622 ;../_fsadd.c:235: *pfl1 = (sign ? (SIGNBIT | __INFINITY) : __INFINITY);
   03CF C6s00r16            623 	lda	___fsadd_sign_1_1
   03D2 27 0C               624 	beq	00139$
   03D4                     625 00184$:
   03D4 6E FF*00            626 	mov	#0xFF,*___fsadd_sloc0_1_0
   03D7 6E 80*01            627 	mov	#0x80,*(___fsadd_sloc0_1_0 + 1)
   03DA 3F*02               628 	clr	*(___fsadd_sloc0_1_0 + 2)
   03DC 3F*03               629 	clr	*(___fsadd_sloc0_1_0 + 3)
   03DE 20 0A               630 	bra	00140$
   03E0                     631 00139$:
   03E0 6E 7F*00            632 	mov	#0x7F,*___fsadd_sloc0_1_0
   03E3 6E 80*01            633 	mov	#0x80,*(___fsadd_sloc0_1_0 + 1)
   03E6 3F*02               634 	clr	*(___fsadd_sloc0_1_0 + 2)
   03E8 3F*03               635 	clr	*(___fsadd_sloc0_1_0 + 3)
   03EA                     636 00140$:
   03EA B6*00               637 	lda	*___fsadd_sloc0_1_0
   03EC C7s00r00            638 	sta	___fsadd_PARM_1
   03EF B6*01               639 	lda	*(___fsadd_sloc0_1_0 + 1)
   03F1 C7s00r01            640 	sta	(___fsadd_PARM_1 + 1)
   03F4 B6*02               641 	lda	*(___fsadd_sloc0_1_0 + 2)
   03F6 C7s00r02            642 	sta	(___fsadd_PARM_1 + 2)
   03F9 B6*03               643 	lda	*(___fsadd_sloc0_1_0 + 3)
   03FB C7s00r03            644 	sta	(___fsadd_PARM_1 + 3)
   03FE CCs04rC6            645 	jmp	00136$
   0401                     646 00135$:
                            647 ;../_fsadd.c:236: else if (exp1 < 0)
   0401 55*04               648 	ldhx	*___fsadd_sloc1_1_0
   0403 65 00 00            649 	cphx	#0x0000
   0406 90 10               650 	bge	00132$
   0408                     651 00185$:
                            652 ;../_fsadd.c:237: *pfl1 = 0;
   0408 4F                  653 	clra
   0409 C7s00r00            654 	sta	___fsadd_PARM_1
   040C C7s00r01            655 	sta	(___fsadd_PARM_1 + 1)
   040F C7s00r02            656 	sta	(___fsadd_PARM_1 + 2)
   0412 C7s00r03            657 	sta	(___fsadd_PARM_1 + 3)
   0415 CCs04rC6            658 	jmp	00136$
   0418                     659 00132$:
                            660 ;../_fsadd.c:239: *pfl1 = PACK (sign ? SIGNBIT : 0 , exp1, mant1>>4);
   0418 C6s00r16            661 	lda	___fsadd_sign_1_1
   041B 27 0B               662 	beq	00141$
   041D                     663 00186$:
   041D 6E 80*04            664 	mov	#0x80,*___fsadd_sloc1_1_0
   0420 3F*05               665 	clr	*(___fsadd_sloc1_1_0 + 1)
   0422 3F*06               666 	clr	*(___fsadd_sloc1_1_0 + 2)
   0424 3F*07               667 	clr	*(___fsadd_sloc1_1_0 + 3)
   0426 20 08               668 	bra	00142$
   0428                     669 00141$:
   0428 3F*04               670 	clr	*___fsadd_sloc1_1_0
   042A 3F*05               671 	clr	*(___fsadd_sloc1_1_0 + 1)
   042C 3F*06               672 	clr	*(___fsadd_sloc1_1_0 + 2)
   042E 3F*07               673 	clr	*(___fsadd_sloc1_1_0 + 3)
   0430                     674 00142$:
   0430 C6s00r11            675 	lda	(___fsadd_exp1_1_1 + 1)
   0433 B7*03               676 	sta	*(___fsadd_sloc0_1_0 + 3)
   0435 C6s00r10            677 	lda	___fsadd_exp1_1_1
   0438 B7*02               678 	sta	*(___fsadd_sloc0_1_0 + 2)
   043A C6s00r10            679 	lda	___fsadd_exp1_1_1
   043D 49                  680 	rola	
   043E 4F                  681 	clra	
   043F A2 00               682 	sbc	#0x00
   0441 B7*01               683 	sta	*(___fsadd_sloc0_1_0 + 1)
   0443 B7*00               684 	sta	*___fsadd_sloc0_1_0
   0445 B6*03               685 	lda	*(___fsadd_sloc0_1_0 + 3)
   0447 BE*02               686 	ldx	*(___fsadd_sloc0_1_0 + 2)
   0449 54                  687 	lsrx
   044A 46                  688 	rora
   044B 97                  689 	tax
   044C 4F                  690 	clra
   044D 46                  691 	rora
   044E B7*01               692 	sta	*(___fsadd_sloc0_1_0 + 1)
   0450 BF*00               693 	stx	*___fsadd_sloc0_1_0
   0452 3F*03               694 	clr	*(___fsadd_sloc0_1_0 + 3)
   0454 3F*02               695 	clr	*(___fsadd_sloc0_1_0 + 2)
   0456 B6*07               696 	lda	*(___fsadd_sloc1_1_0 + 3)
   0458 BA*03               697 	ora	*(___fsadd_sloc0_1_0 + 3)
   045A B7*07               698 	sta	*(___fsadd_sloc1_1_0 + 3)
   045C B6*06               699 	lda	*(___fsadd_sloc1_1_0 + 2)
   045E BA*02               700 	ora	*(___fsadd_sloc0_1_0 + 2)
   0460 B7*06               701 	sta	*(___fsadd_sloc1_1_0 + 2)
   0462 B6*05               702 	lda	*(___fsadd_sloc1_1_0 + 1)
   0464 BA*01               703 	ora	*(___fsadd_sloc0_1_0 + 1)
   0466 B7*05               704 	sta	*(___fsadd_sloc1_1_0 + 1)
   0468 B6*04               705 	lda	*___fsadd_sloc1_1_0
   046A BA*00               706 	ora	*___fsadd_sloc0_1_0
   046C B7*04               707 	sta	*___fsadd_sloc1_1_0
   046E C6s00r0B            708 	lda	(___fsadd_mant1_1_1 + 3)
   0471 CEs00r0A            709 	ldx	(___fsadd_mant1_1_1 + 2)
   0474 54                  710 	lsrx
   0475 46                  711 	rora
   0476 54                  712 	lsrx
   0477 46                  713 	rora
   0478 54                  714 	lsrx
   0479 46                  715 	rora
   047A 54                  716 	lsrx
   047B 46                  717 	rora
   047C B7*03               718 	sta	*(___fsadd_sloc0_1_0 + 3)
   047E BF*02               719 	stx	*(___fsadd_sloc0_1_0 + 2)
   0480 C6s00r09            720 	lda	(___fsadd_mant1_1_1 + 1)
   0483 62                  721 	nsa	
   0484 A4 F0               722 	and	#0xf0
   0486 BA*02               723 	ora	*(___fsadd_sloc0_1_0 + 2)
   0488 B7*02               724 	sta	*(___fsadd_sloc0_1_0 + 2)
   048A C6s00r09            725 	lda	(___fsadd_mant1_1_1 + 1)
   048D CEs00r08            726 	ldx	___fsadd_mant1_1_1
   0490 57                  727 	asrx
   0491 46                  728 	rora
   0492 57                  729 	asrx
   0493 46                  730 	rora
   0494 57                  731 	asrx
   0495 46                  732 	rora
   0496 57                  733 	asrx
   0497 46                  734 	rora
   0498 B7*01               735 	sta	*(___fsadd_sloc0_1_0 + 1)
   049A BF*00               736 	stx	*___fsadd_sloc0_1_0
   049C B6*07               737 	lda	*(___fsadd_sloc1_1_0 + 3)
   049E BA*03               738 	ora	*(___fsadd_sloc0_1_0 + 3)
   04A0 B7*07               739 	sta	*(___fsadd_sloc1_1_0 + 3)
   04A2 B6*06               740 	lda	*(___fsadd_sloc1_1_0 + 2)
   04A4 BA*02               741 	ora	*(___fsadd_sloc0_1_0 + 2)
   04A6 B7*06               742 	sta	*(___fsadd_sloc1_1_0 + 2)
   04A8 B6*05               743 	lda	*(___fsadd_sloc1_1_0 + 1)
   04AA BA*01               744 	ora	*(___fsadd_sloc0_1_0 + 1)
   04AC B7*05               745 	sta	*(___fsadd_sloc1_1_0 + 1)
   04AE B6*04               746 	lda	*___fsadd_sloc1_1_0
   04B0 BA*00               747 	ora	*___fsadd_sloc0_1_0
   04B2 B7*04               748 	sta	*___fsadd_sloc1_1_0
   04B4 C7s00r00            749 	sta	___fsadd_PARM_1
   04B7 B6*05               750 	lda	*(___fsadd_sloc1_1_0 + 1)
   04B9 C7s00r01            751 	sta	(___fsadd_PARM_1 + 1)
   04BC B6*06               752 	lda	*(___fsadd_sloc1_1_0 + 2)
   04BE C7s00r02            753 	sta	(___fsadd_PARM_1 + 2)
   04C1 B6*07               754 	lda	*(___fsadd_sloc1_1_0 + 3)
   04C3 C7s00r03            755 	sta	(___fsadd_PARM_1 + 3)
   04C6                     756 00136$:
                            757 ;../_fsadd.c:240: return (a1);
   04C6 C6s00r00            758 	lda	___fsadd_PARM_1
   04C9 B7*00               759 	sta	*__ret3
   04CB C6s00r01            760 	lda	(___fsadd_PARM_1 + 1)
   04CE B7*00               761 	sta	*__ret2
   04D0 CEs00r02            762 	ldx	(___fsadd_PARM_1 + 2)
   04D3 C6s00r03            763 	lda	(___fsadd_PARM_1 + 3)
   04D6                     764 00137$:
   04D6 81                  765 	rts
                            766 	.area CSEG (CODE)
                            767 	.area CONST   (CODE)
                            768 	.area XINIT
                            769 	.area CABS    (ABS,CODE)
