                              1 ;--------------------------------------------------------
                              2 ; File Created by SDCC : free open source ANSI-C Compiler
                              3 ; Version 2.9.4 #5595 (Oct 23 2013) (Mac OS X ppc)
                              4 ; This file was generated Wed Oct 23 12:25:37 2013
                              5 ;--------------------------------------------------------
                              6 	.module _fsmul
                              7 	.optsdcc -mhc08
                              8 	
                              9 	.area HOME (CODE)
                             10 	.area GSINIT0 (CODE)
                             11 	.area GSINIT (CODE)
                             12 	.area GSFINAL (CODE)
                             13 	.area CSEG (CODE)
                             14 	.area XINIT
                             15 	.area CONST   (CODE)
                             16 	.area DSEG
                             17 	.area OSEG    (OVR)
                             18 	.area BSEG
                             19 	.area XSEG
                             20 	.area XISEG
                             21 ;--------------------------------------------------------
                             22 ; Public variables in this module
                             23 ;--------------------------------------------------------
                             24 	.globl ___fsmul_PARM_2
                             25 	.globl ___fsmul_PARM_1
                             26 	.globl ___fsmul
                             27 ;--------------------------------------------------------
                             28 ;  ram data
                             29 ;--------------------------------------------------------
                             30 	.area DSEG
   0000                      31 ___fsmul_sloc0_1_0:
   0000                      32 	.ds 4
   0004                      33 ___fsmul_sloc1_1_0:
   0004                      34 	.ds 4
                             35 ;--------------------------------------------------------
                             36 ; overlayable items in  ram 
                             37 ;--------------------------------------------------------
                             38 	.area OSEG    (OVR)
                             39 ;--------------------------------------------------------
                             40 ; absolute external ram data
                             41 ;--------------------------------------------------------
                             42 	.area XABS    (ABS)
                             43 ;--------------------------------------------------------
                             44 ; external initialized ram data
                             45 ;--------------------------------------------------------
                             46 	.area XISEG
                             47 ;--------------------------------------------------------
                             48 ; extended address mode data
                             49 ;--------------------------------------------------------
                             50 	.area XSEG
   0000                      51 ___fsmul_PARM_1:
   0000                      52 	.ds 4
   0004                      53 ___fsmul_PARM_2:
   0004                      54 	.ds 4
   0008                      55 ___fsmul_fl1_1_1:
   0008                      56 	.ds 4
   000C                      57 ___fsmul_fl2_1_1:
   000C                      58 	.ds 4
   0010                      59 ___fsmul_result_1_1:
   0010                      60 	.ds 4
   0014                      61 ___fsmul_exp_1_1:
   0014                      62 	.ds 2
   0016                      63 ___fsmul_sign_1_1:
   0016                      64 	.ds 1
                             65 ;--------------------------------------------------------
                             66 ; global & static initialisations
                             67 ;--------------------------------------------------------
                             68 	.area HOME (CODE)
                             69 	.area GSINIT (CODE)
                             70 	.area GSFINAL (CODE)
                             71 	.area GSINIT (CODE)
                             72 ;--------------------------------------------------------
                             73 ; Home
                             74 ;--------------------------------------------------------
                             75 	.area HOME (CODE)
                             76 	.area HOME (CODE)
                             77 ;--------------------------------------------------------
                             78 ; code
                             79 ;--------------------------------------------------------
                             80 	.area CSEG (CODE)
                             81 ;------------------------------------------------------------
                             82 ;Allocation info for local variables in function '__fsmul'
                             83 ;------------------------------------------------------------
                             84 ;sloc0                     Allocated with name '___fsmul_sloc0_1_0'
                             85 ;sloc1                     Allocated with name '___fsmul_sloc1_1_0'
                             86 ;a1                        Allocated with name '___fsmul_PARM_1'
                             87 ;a2                        Allocated with name '___fsmul_PARM_2'
                             88 ;fl1                       Allocated with name '___fsmul_fl1_1_1'
                             89 ;fl2                       Allocated with name '___fsmul_fl2_1_1'
                             90 ;result                    Allocated with name '___fsmul_result_1_1'
                             91 ;exp                       Allocated with name '___fsmul_exp_1_1'
                             92 ;sign                      Allocated with name '___fsmul_sign_1_1'
                             93 ;------------------------------------------------------------
                             94 ;../_fsmul.c:231: float __fsmul (float a1, float a2) {
                             95 ;	-----------------------------------------
                             96 ;	 function __fsmul
                             97 ;	-----------------------------------------
   0000                      98 ___fsmul:
                             99 ;../_fsmul.c:237: fl1.f = a1;
   0000 C6s00r00            100 	lda	___fsmul_PARM_1
   0003 C7s00r08            101 	sta	___fsmul_fl1_1_1
   0006 C6s00r01            102 	lda	(___fsmul_PARM_1 + 1)
   0009 C7s00r09            103 	sta	(___fsmul_fl1_1_1 + 1)
   000C C6s00r02            104 	lda	(___fsmul_PARM_1 + 2)
   000F C7s00r0A            105 	sta	(___fsmul_fl1_1_1 + 2)
   0012 C6s00r03            106 	lda	(___fsmul_PARM_1 + 3)
   0015 C7s00r0B            107 	sta	(___fsmul_fl1_1_1 + 3)
                            108 ;../_fsmul.c:238: fl2.f = a2;
   0018 C6s00r04            109 	lda	___fsmul_PARM_2
   001B C7s00r0C            110 	sta	___fsmul_fl2_1_1
   001E C6s00r05            111 	lda	(___fsmul_PARM_2 + 1)
   0021 C7s00r0D            112 	sta	(___fsmul_fl2_1_1 + 1)
   0024 C6s00r06            113 	lda	(___fsmul_PARM_2 + 2)
   0027 C7s00r0E            114 	sta	(___fsmul_fl2_1_1 + 2)
   002A C6s00r07            115 	lda	(___fsmul_PARM_2 + 3)
   002D C7s00r0F            116 	sta	(___fsmul_fl2_1_1 + 3)
                            117 ;../_fsmul.c:240: if (!fl1.l || !fl2.l)
   0030 C6s00r08            118 	lda	___fsmul_fl1_1_1
   0033 B7*00               119 	sta	*___fsmul_sloc0_1_0
   0035 C6s00r09            120 	lda	(___fsmul_fl1_1_1 + 1)
   0038 B7*01               121 	sta	*(___fsmul_sloc0_1_0 + 1)
   003A C6s00r0A            122 	lda	(___fsmul_fl1_1_1 + 2)
   003D B7*02               123 	sta	*(___fsmul_sloc0_1_0 + 2)
   003F C6s00r0B            124 	lda	(___fsmul_fl1_1_1 + 3)
   0042 B7*03               125 	sta	*(___fsmul_sloc0_1_0 + 3)
   0044 BA*02               126 	ora	*(___fsmul_sloc0_1_0 + 2)
   0046 BA*01               127 	ora	*(___fsmul_sloc0_1_0 + 1)
   0048 BA*00               128 	ora	*___fsmul_sloc0_1_0
   004A 27 1C               129 	beq	00101$
   004C                     130 00125$:
   004C C6s00r0C            131 	lda	___fsmul_fl2_1_1
   004F B7*00               132 	sta	*___fsmul_sloc0_1_0
   0051 C6s00r0D            133 	lda	(___fsmul_fl2_1_1 + 1)
   0054 B7*01               134 	sta	*(___fsmul_sloc0_1_0 + 1)
   0056 C6s00r0E            135 	lda	(___fsmul_fl2_1_1 + 2)
   0059 B7*02               136 	sta	*(___fsmul_sloc0_1_0 + 2)
   005B C6s00r0F            137 	lda	(___fsmul_fl2_1_1 + 3)
   005E B7*03               138 	sta	*(___fsmul_sloc0_1_0 + 3)
   0060 BA*02               139 	ora	*(___fsmul_sloc0_1_0 + 2)
   0062 BA*01               140 	ora	*(___fsmul_sloc0_1_0 + 1)
   0064 BA*00               141 	ora	*___fsmul_sloc0_1_0
   0066 26 07               142 	bne	00102$
   0068                     143 00126$:
   0068                     144 00101$:
                            145 ;../_fsmul.c:241: return (0);
   0068 3F*00               146 	clr	*__ret3
   006A 3F*00               147 	clr	*__ret2
   006C 5F                  148 	clrx
   006D 4F                  149 	clra
   006E 81                  150 	rts
   006F                     151 00102$:
                            152 ;../_fsmul.c:244: sign = SIGN (fl1.l) ^ SIGN (fl2.l);
   006F C6s00r08            153 	lda	___fsmul_fl1_1_1
   0072 B7*00               154 	sta	*___fsmul_sloc0_1_0
   0074 C6s00r09            155 	lda	(___fsmul_fl1_1_1 + 1)
   0077 B7*01               156 	sta	*(___fsmul_sloc0_1_0 + 1)
   0079 C6s00r0A            157 	lda	(___fsmul_fl1_1_1 + 2)
   007C B7*02               158 	sta	*(___fsmul_sloc0_1_0 + 2)
   007E C6s00r0B            159 	lda	(___fsmul_fl1_1_1 + 3)
   0081 B7*03               160 	sta	*(___fsmul_sloc0_1_0 + 3)
   0083 B6*00               161 	lda	*___fsmul_sloc0_1_0
   0085 49                  162 	rola
   0086 4F                  163 	clra
   0087 49                  164 	rola
   0088 B7*00               165 	sta	*___fsmul_sloc0_1_0
   008A C6s00r0C            166 	lda	___fsmul_fl2_1_1
   008D B7*04               167 	sta	*___fsmul_sloc1_1_0
   008F C6s00r0D            168 	lda	(___fsmul_fl2_1_1 + 1)
   0092 B7*05               169 	sta	*(___fsmul_sloc1_1_0 + 1)
   0094 C6s00r0E            170 	lda	(___fsmul_fl2_1_1 + 2)
   0097 B7*06               171 	sta	*(___fsmul_sloc1_1_0 + 2)
   0099 C6s00r0F            172 	lda	(___fsmul_fl2_1_1 + 3)
   009C B7*07               173 	sta	*(___fsmul_sloc1_1_0 + 3)
   009E B6*04               174 	lda	*___fsmul_sloc1_1_0
   00A0 49                  175 	rola
   00A1 4F                  176 	clra
   00A2 49                  177 	rola
   00A3 B8*00               178 	eor	*___fsmul_sloc0_1_0
   00A5 C7s00r16            179 	sta	___fsmul_sign_1_1
                            180 ;../_fsmul.c:245: exp = EXP (fl1.l) - EXCESS;
   00A8 C6s00r08            181 	lda	___fsmul_fl1_1_1
   00AB B7*04               182 	sta	*___fsmul_sloc1_1_0
   00AD C6s00r09            183 	lda	(___fsmul_fl1_1_1 + 1)
   00B0 B7*05               184 	sta	*(___fsmul_sloc1_1_0 + 1)
   00B2 C6s00r0A            185 	lda	(___fsmul_fl1_1_1 + 2)
   00B5 B7*06               186 	sta	*(___fsmul_sloc1_1_0 + 2)
   00B7 C6s00r0B            187 	lda	(___fsmul_fl1_1_1 + 3)
   00BA B7*07               188 	sta	*(___fsmul_sloc1_1_0 + 3)
   00BC B6*05               189 	lda	*(___fsmul_sloc1_1_0 + 1)
   00BE BE*04               190 	ldx	*___fsmul_sloc1_1_0
   00C0 48                  191 	lsla
   00C1 9F                  192 	txa
   00C2 49                  193 	rola
   00C3 5F                  194 	clrx
   00C4 59                  195 	rolx
   00C5 B7*07               196 	sta	*(___fsmul_sloc1_1_0 + 3)
   00C7 BF*06               197 	stx	*(___fsmul_sloc1_1_0 + 2)
   00C9 3F*05               198 	clr	*(___fsmul_sloc1_1_0 + 1)
   00CB 3F*04               199 	clr	*___fsmul_sloc1_1_0
   00CD 3F*06               200 	clr	*(___fsmul_sloc1_1_0 + 2)
   00CF 3F*05               201 	clr	*(___fsmul_sloc1_1_0 + 1)
   00D1 3F*04               202 	clr	*___fsmul_sloc1_1_0
   00D3 B6*07               203 	lda	*(___fsmul_sloc1_1_0 + 3)
   00D5 A0 7E               204 	sub	#0x7E
   00D7 B7*07               205 	sta	*(___fsmul_sloc1_1_0 + 3)
   00D9 B6*06               206 	lda	*(___fsmul_sloc1_1_0 + 2)
   00DB A2 00               207 	sbc	#0x00
   00DD B7*06               208 	sta	*(___fsmul_sloc1_1_0 + 2)
   00DF B6*05               209 	lda	*(___fsmul_sloc1_1_0 + 1)
   00E1 A2 00               210 	sbc	#0x00
   00E3 B7*05               211 	sta	*(___fsmul_sloc1_1_0 + 1)
   00E5 B6*04               212 	lda	*___fsmul_sloc1_1_0
   00E7 A2 00               213 	sbc	#0x00
   00E9 B7*04               214 	sta	*___fsmul_sloc1_1_0
   00EB B6*07               215 	lda	*(___fsmul_sloc1_1_0 + 3)
   00ED C7s00r15            216 	sta	(___fsmul_exp_1_1 + 1)
   00F0 B6*06               217 	lda	*(___fsmul_sloc1_1_0 + 2)
   00F2 C7s00r14            218 	sta	___fsmul_exp_1_1
                            219 ;../_fsmul.c:246: exp += EXP (fl2.l);
   00F5 C6s00r0C            220 	lda	___fsmul_fl2_1_1
   00F8 B7*04               221 	sta	*___fsmul_sloc1_1_0
   00FA C6s00r0D            222 	lda	(___fsmul_fl2_1_1 + 1)
   00FD B7*05               223 	sta	*(___fsmul_sloc1_1_0 + 1)
   00FF C6s00r0E            224 	lda	(___fsmul_fl2_1_1 + 2)
   0102 B7*06               225 	sta	*(___fsmul_sloc1_1_0 + 2)
   0104 C6s00r0F            226 	lda	(___fsmul_fl2_1_1 + 3)
   0107 B7*07               227 	sta	*(___fsmul_sloc1_1_0 + 3)
   0109 B6*05               228 	lda	*(___fsmul_sloc1_1_0 + 1)
   010B BE*04               229 	ldx	*___fsmul_sloc1_1_0
   010D 48                  230 	lsla
   010E 9F                  231 	txa
   010F 49                  232 	rola
   0110 5F                  233 	clrx
   0111 59                  234 	rolx
   0112 B7*07               235 	sta	*(___fsmul_sloc1_1_0 + 3)
   0114 BF*06               236 	stx	*(___fsmul_sloc1_1_0 + 2)
   0116 3F*05               237 	clr	*(___fsmul_sloc1_1_0 + 1)
   0118 3F*04               238 	clr	*___fsmul_sloc1_1_0
   011A 3F*06               239 	clr	*(___fsmul_sloc1_1_0 + 2)
   011C 3F*05               240 	clr	*(___fsmul_sloc1_1_0 + 1)
   011E 3F*04               241 	clr	*___fsmul_sloc1_1_0
   0120 C6s00r15            242 	lda	(___fsmul_exp_1_1 + 1)
   0123 B7*03               243 	sta	*(___fsmul_sloc0_1_0 + 3)
   0125 C6s00r14            244 	lda	___fsmul_exp_1_1
   0128 B7*02               245 	sta	*(___fsmul_sloc0_1_0 + 2)
   012A C6s00r14            246 	lda	___fsmul_exp_1_1
   012D 49                  247 	rola	
   012E 4F                  248 	clra	
   012F A2 00               249 	sbc	#0x00
   0131 B7*01               250 	sta	*(___fsmul_sloc0_1_0 + 1)
   0133 B7*00               251 	sta	*___fsmul_sloc0_1_0
   0135 B6*03               252 	lda	*(___fsmul_sloc0_1_0 + 3)
   0137 BB*07               253 	add	*(___fsmul_sloc1_1_0 + 3)
   0139 B7*07               254 	sta	*(___fsmul_sloc1_1_0 + 3)
   013B B6*02               255 	lda	*(___fsmul_sloc0_1_0 + 2)
   013D B9*06               256 	adc	*(___fsmul_sloc1_1_0 + 2)
   013F B7*06               257 	sta	*(___fsmul_sloc1_1_0 + 2)
   0141 B6*01               258 	lda	*(___fsmul_sloc0_1_0 + 1)
   0143 B9*05               259 	adc	*(___fsmul_sloc1_1_0 + 1)
   0145 B7*05               260 	sta	*(___fsmul_sloc1_1_0 + 1)
   0147 B6*00               261 	lda	*___fsmul_sloc0_1_0
   0149 B9*04               262 	adc	*___fsmul_sloc1_1_0
   014B B7*04               263 	sta	*___fsmul_sloc1_1_0
   014D B6*07               264 	lda	*(___fsmul_sloc1_1_0 + 3)
   014F C7s00r15            265 	sta	(___fsmul_exp_1_1 + 1)
   0152 B6*06               266 	lda	*(___fsmul_sloc1_1_0 + 2)
   0154 C7s00r14            267 	sta	___fsmul_exp_1_1
                            268 ;../_fsmul.c:248: fl1.l = MANT (fl1.l);
   0157 C6s00r08            269 	lda	___fsmul_fl1_1_1
   015A B7*04               270 	sta	*___fsmul_sloc1_1_0
   015C C6s00r09            271 	lda	(___fsmul_fl1_1_1 + 1)
   015F B7*05               272 	sta	*(___fsmul_sloc1_1_0 + 1)
   0161 C6s00r0A            273 	lda	(___fsmul_fl1_1_1 + 2)
   0164 B7*06               274 	sta	*(___fsmul_sloc1_1_0 + 2)
   0166 C6s00r0B            275 	lda	(___fsmul_fl1_1_1 + 3)
   0169 B7*07               276 	sta	*(___fsmul_sloc1_1_0 + 3)
   016B B6*05               277 	lda	*(___fsmul_sloc1_1_0 + 1)
   016D A4 7F               278 	and	#0x7F
   016F B7*05               279 	sta	*(___fsmul_sloc1_1_0 + 1)
   0171 3F*04               280 	clr	*___fsmul_sloc1_1_0
   0173 1E*05               281 	bset	#7,*(___fsmul_sloc1_1_0 + 1)
   0175 B6*04               282 	lda	*___fsmul_sloc1_1_0
   0177 C7s00r08            283 	sta	___fsmul_fl1_1_1
   017A B6*05               284 	lda	*(___fsmul_sloc1_1_0 + 1)
   017C C7s00r09            285 	sta	(___fsmul_fl1_1_1 + 1)
   017F B6*06               286 	lda	*(___fsmul_sloc1_1_0 + 2)
   0181 C7s00r0A            287 	sta	(___fsmul_fl1_1_1 + 2)
   0184 B6*07               288 	lda	*(___fsmul_sloc1_1_0 + 3)
   0186 C7s00r0B            289 	sta	(___fsmul_fl1_1_1 + 3)
                            290 ;../_fsmul.c:249: fl2.l = MANT (fl2.l);
   0189 C6s00r0C            291 	lda	___fsmul_fl2_1_1
   018C B7*04               292 	sta	*___fsmul_sloc1_1_0
   018E C6s00r0D            293 	lda	(___fsmul_fl2_1_1 + 1)
   0191 B7*05               294 	sta	*(___fsmul_sloc1_1_0 + 1)
   0193 C6s00r0E            295 	lda	(___fsmul_fl2_1_1 + 2)
   0196 B7*06               296 	sta	*(___fsmul_sloc1_1_0 + 2)
   0198 C6s00r0F            297 	lda	(___fsmul_fl2_1_1 + 3)
   019B B7*07               298 	sta	*(___fsmul_sloc1_1_0 + 3)
   019D B6*05               299 	lda	*(___fsmul_sloc1_1_0 + 1)
   019F A4 7F               300 	and	#0x7F
   01A1 B7*05               301 	sta	*(___fsmul_sloc1_1_0 + 1)
   01A3 3F*04               302 	clr	*___fsmul_sloc1_1_0
   01A5 1E*05               303 	bset	#7,*(___fsmul_sloc1_1_0 + 1)
   01A7 B6*04               304 	lda	*___fsmul_sloc1_1_0
   01A9 C7s00r0C            305 	sta	___fsmul_fl2_1_1
   01AC B6*05               306 	lda	*(___fsmul_sloc1_1_0 + 1)
   01AE C7s00r0D            307 	sta	(___fsmul_fl2_1_1 + 1)
   01B1 B6*06               308 	lda	*(___fsmul_sloc1_1_0 + 2)
   01B3 C7s00r0E            309 	sta	(___fsmul_fl2_1_1 + 2)
   01B6 B6*07               310 	lda	*(___fsmul_sloc1_1_0 + 3)
   01B8 C7s00r0F            311 	sta	(___fsmul_fl2_1_1 + 3)
                            312 ;../_fsmul.c:252: result = (fl1.l >> 8) * (fl2.l >> 8);
   01BB C6s00r08            313 	lda	___fsmul_fl1_1_1
   01BE B7*04               314 	sta	*___fsmul_sloc1_1_0
   01C0 C6s00r09            315 	lda	(___fsmul_fl1_1_1 + 1)
   01C3 B7*05               316 	sta	*(___fsmul_sloc1_1_0 + 1)
   01C5 C6s00r0A            317 	lda	(___fsmul_fl1_1_1 + 2)
   01C8 B7*06               318 	sta	*(___fsmul_sloc1_1_0 + 2)
   01CA C6s00r0B            319 	lda	(___fsmul_fl1_1_1 + 3)
   01CD B7*07               320 	sta	*(___fsmul_sloc1_1_0 + 3)
   01CF B6*06               321 	lda	*(___fsmul_sloc1_1_0 + 2)
   01D1 C7s00r03            322 	sta	(__mullong_PARM_1 + 3)
   01D4 B6*05               323 	lda	*(___fsmul_sloc1_1_0 + 1)
   01D6 C7s00r02            324 	sta	(__mullong_PARM_1 + 2)
   01D9 B6*04               325 	lda	*___fsmul_sloc1_1_0
   01DB C7s00r01            326 	sta	(__mullong_PARM_1 + 1)
   01DE 49                  327 	rola
   01DF 4F                  328 	clra
   01E0 A2 00               329 	sbc	#0
   01E2 C7s00r00            330 	sta	__mullong_PARM_1
   01E5 C6s00r0C            331 	lda	___fsmul_fl2_1_1
   01E8 B7*04               332 	sta	*___fsmul_sloc1_1_0
   01EA C6s00r0D            333 	lda	(___fsmul_fl2_1_1 + 1)
   01ED B7*05               334 	sta	*(___fsmul_sloc1_1_0 + 1)
   01EF C6s00r0E            335 	lda	(___fsmul_fl2_1_1 + 2)
   01F2 B7*06               336 	sta	*(___fsmul_sloc1_1_0 + 2)
   01F4 C6s00r0F            337 	lda	(___fsmul_fl2_1_1 + 3)
   01F7 B7*07               338 	sta	*(___fsmul_sloc1_1_0 + 3)
   01F9 B6*06               339 	lda	*(___fsmul_sloc1_1_0 + 2)
   01FB C7s00r03            340 	sta	(__mullong_PARM_2 + 3)
   01FE B6*05               341 	lda	*(___fsmul_sloc1_1_0 + 1)
   0200 C7s00r02            342 	sta	(__mullong_PARM_2 + 2)
   0203 B6*04               343 	lda	*___fsmul_sloc1_1_0
   0205 C7s00r01            344 	sta	(__mullong_PARM_2 + 1)
   0208 49                  345 	rola
   0209 4F                  346 	clra
   020A A2 00               347 	sbc	#0
   020C C7s00r00            348 	sta	__mullong_PARM_2
   020F CDs00r00            349 	jsr	__mullong
   0212 C7s00r13            350 	sta	(___fsmul_result_1_1 + 3)
   0215 CFs00r12            351 	stx	(___fsmul_result_1_1 + 2)
   0218 B6*00               352 	lda	*__ret2
   021A C7s00r11            353 	sta	(___fsmul_result_1_1 + 1)
   021D B6*00               354 	lda	*__ret3
   021F C7s00r10            355 	sta	___fsmul_result_1_1
                            356 ;../_fsmul.c:253: result += ((fl1.l & (unsigned long) 0xFF) * (fl2.l >> 8)) >> 8;
   0222 C6s00r08            357 	lda	___fsmul_fl1_1_1
   0225 B7*04               358 	sta	*___fsmul_sloc1_1_0
   0227 C6s00r09            359 	lda	(___fsmul_fl1_1_1 + 1)
   022A B7*05               360 	sta	*(___fsmul_sloc1_1_0 + 1)
   022C C6s00r0A            361 	lda	(___fsmul_fl1_1_1 + 2)
   022F B7*06               362 	sta	*(___fsmul_sloc1_1_0 + 2)
   0231 C6s00r0B            363 	lda	(___fsmul_fl1_1_1 + 3)
   0234 B7*07               364 	sta	*(___fsmul_sloc1_1_0 + 3)
   0236 C7s00r03            365 	sta	(__mullong_PARM_1 + 3)
   0239 4F                  366 	clra
   023A C7s00r02            367 	sta	(__mullong_PARM_1 + 2)
   023D C7s00r01            368 	sta	(__mullong_PARM_1 + 1)
   0240 C7s00r00            369 	sta	__mullong_PARM_1
   0243 C6s00r0C            370 	lda	___fsmul_fl2_1_1
   0246 B7*04               371 	sta	*___fsmul_sloc1_1_0
   0248 C6s00r0D            372 	lda	(___fsmul_fl2_1_1 + 1)
   024B B7*05               373 	sta	*(___fsmul_sloc1_1_0 + 1)
   024D C6s00r0E            374 	lda	(___fsmul_fl2_1_1 + 2)
   0250 B7*06               375 	sta	*(___fsmul_sloc1_1_0 + 2)
   0252 C6s00r0F            376 	lda	(___fsmul_fl2_1_1 + 3)
   0255 B7*07               377 	sta	*(___fsmul_sloc1_1_0 + 3)
   0257 B6*06               378 	lda	*(___fsmul_sloc1_1_0 + 2)
   0259 C7s00r03            379 	sta	(__mullong_PARM_2 + 3)
   025C B6*05               380 	lda	*(___fsmul_sloc1_1_0 + 1)
   025E C7s00r02            381 	sta	(__mullong_PARM_2 + 2)
   0261 B6*04               382 	lda	*___fsmul_sloc1_1_0
   0263 C7s00r01            383 	sta	(__mullong_PARM_2 + 1)
   0266 49                  384 	rola
   0267 4F                  385 	clra
   0268 A2 00               386 	sbc	#0
   026A C7s00r00            387 	sta	__mullong_PARM_2
   026D CDs00r00            388 	jsr	__mullong
   0270 B7*07               389 	sta	*(___fsmul_sloc1_1_0 + 3)
   0272 BF*06               390 	stx	*(___fsmul_sloc1_1_0 + 2)
   0274 4E*00*05            391 	mov	*__ret2,*(___fsmul_sloc1_1_0 + 1)
   0277 4E*00*04            392 	mov	*__ret3,*___fsmul_sloc1_1_0
   027A 4E*06*07            393 	mov	*(___fsmul_sloc1_1_0 + 2),*(___fsmul_sloc1_1_0 + 3)
   027D 4E*05*06            394 	mov	*(___fsmul_sloc1_1_0 + 1),*(___fsmul_sloc1_1_0 + 2)
   0280 B6*04               395 	lda	*___fsmul_sloc1_1_0
   0282 B7*05               396 	sta	*(___fsmul_sloc1_1_0 + 1)
   0284 3F*04               397 	clr	*___fsmul_sloc1_1_0
   0286 C6s00r13            398 	lda	(___fsmul_result_1_1 + 3)
   0289 BB*07               399 	add	*(___fsmul_sloc1_1_0 + 3)
   028B C7s00r13            400 	sta	(___fsmul_result_1_1 + 3)
   028E C6s00r12            401 	lda	(___fsmul_result_1_1 + 2)
   0291 B9*06               402 	adc	*(___fsmul_sloc1_1_0 + 2)
   0293 C7s00r12            403 	sta	(___fsmul_result_1_1 + 2)
   0296 C6s00r11            404 	lda	(___fsmul_result_1_1 + 1)
   0299 B9*05               405 	adc	*(___fsmul_sloc1_1_0 + 1)
   029B C7s00r11            406 	sta	(___fsmul_result_1_1 + 1)
   029E C6s00r10            407 	lda	___fsmul_result_1_1
   02A1 B9*04               408 	adc	*___fsmul_sloc1_1_0
   02A3 C7s00r10            409 	sta	___fsmul_result_1_1
                            410 ;../_fsmul.c:254: result += ((fl2.l & (unsigned long) 0xFF) * (fl1.l >> 8)) >> 8;
   02A6 C6s00r0C            411 	lda	___fsmul_fl2_1_1
   02A9 B7*04               412 	sta	*___fsmul_sloc1_1_0
   02AB C6s00r0D            413 	lda	(___fsmul_fl2_1_1 + 1)
   02AE B7*05               414 	sta	*(___fsmul_sloc1_1_0 + 1)
   02B0 C6s00r0E            415 	lda	(___fsmul_fl2_1_1 + 2)
   02B3 B7*06               416 	sta	*(___fsmul_sloc1_1_0 + 2)
   02B5 C6s00r0F            417 	lda	(___fsmul_fl2_1_1 + 3)
   02B8 B7*07               418 	sta	*(___fsmul_sloc1_1_0 + 3)
   02BA C7s00r03            419 	sta	(__mullong_PARM_1 + 3)
   02BD 4F                  420 	clra
   02BE C7s00r02            421 	sta	(__mullong_PARM_1 + 2)
   02C1 C7s00r01            422 	sta	(__mullong_PARM_1 + 1)
   02C4 C7s00r00            423 	sta	__mullong_PARM_1
   02C7 C6s00r08            424 	lda	___fsmul_fl1_1_1
   02CA B7*04               425 	sta	*___fsmul_sloc1_1_0
   02CC C6s00r09            426 	lda	(___fsmul_fl1_1_1 + 1)
   02CF B7*05               427 	sta	*(___fsmul_sloc1_1_0 + 1)
   02D1 C6s00r0A            428 	lda	(___fsmul_fl1_1_1 + 2)
   02D4 B7*06               429 	sta	*(___fsmul_sloc1_1_0 + 2)
   02D6 C6s00r0B            430 	lda	(___fsmul_fl1_1_1 + 3)
   02D9 B7*07               431 	sta	*(___fsmul_sloc1_1_0 + 3)
   02DB B6*06               432 	lda	*(___fsmul_sloc1_1_0 + 2)
   02DD C7s00r03            433 	sta	(__mullong_PARM_2 + 3)
   02E0 B6*05               434 	lda	*(___fsmul_sloc1_1_0 + 1)
   02E2 C7s00r02            435 	sta	(__mullong_PARM_2 + 2)
   02E5 B6*04               436 	lda	*___fsmul_sloc1_1_0
   02E7 C7s00r01            437 	sta	(__mullong_PARM_2 + 1)
   02EA 49                  438 	rola
   02EB 4F                  439 	clra
   02EC A2 00               440 	sbc	#0
   02EE C7s00r00            441 	sta	__mullong_PARM_2
   02F1 CDs00r00            442 	jsr	__mullong
   02F4 B7*07               443 	sta	*(___fsmul_sloc1_1_0 + 3)
   02F6 BF*06               444 	stx	*(___fsmul_sloc1_1_0 + 2)
   02F8 4E*00*05            445 	mov	*__ret2,*(___fsmul_sloc1_1_0 + 1)
   02FB 4E*00*04            446 	mov	*__ret3,*___fsmul_sloc1_1_0
   02FE 4E*06*07            447 	mov	*(___fsmul_sloc1_1_0 + 2),*(___fsmul_sloc1_1_0 + 3)
   0301 4E*05*06            448 	mov	*(___fsmul_sloc1_1_0 + 1),*(___fsmul_sloc1_1_0 + 2)
   0304 B6*04               449 	lda	*___fsmul_sloc1_1_0
   0306 B7*05               450 	sta	*(___fsmul_sloc1_1_0 + 1)
   0308 3F*04               451 	clr	*___fsmul_sloc1_1_0
   030A C6s00r13            452 	lda	(___fsmul_result_1_1 + 3)
   030D BB*07               453 	add	*(___fsmul_sloc1_1_0 + 3)
   030F C7s00r13            454 	sta	(___fsmul_result_1_1 + 3)
   0312 C6s00r12            455 	lda	(___fsmul_result_1_1 + 2)
   0315 B9*06               456 	adc	*(___fsmul_sloc1_1_0 + 2)
   0317 C7s00r12            457 	sta	(___fsmul_result_1_1 + 2)
   031A C6s00r11            458 	lda	(___fsmul_result_1_1 + 1)
   031D B9*05               459 	adc	*(___fsmul_sloc1_1_0 + 1)
   031F C7s00r11            460 	sta	(___fsmul_result_1_1 + 1)
   0322 C6s00r10            461 	lda	___fsmul_result_1_1
   0325 B9*04               462 	adc	*___fsmul_sloc1_1_0
   0327 C7s00r10            463 	sta	___fsmul_result_1_1
                            464 ;../_fsmul.c:257: result += 0x40;
   032A C6s00r13            465 	lda	(___fsmul_result_1_1 + 3)
   032D AB 40               466 	add	#0x40
   032F C7s00r13            467 	sta	(___fsmul_result_1_1 + 3)
   0332 24 19               468 	bcc	00127$
   0334 C6s00r12            469 	lda	(___fsmul_result_1_1 + 2)
   0337 4C                  470 	inca
   0338 C7s00r12            471 	sta	(___fsmul_result_1_1 + 2)
   033B 26 10               472 	bne	00127$
   033D C6s00r11            473 	lda	(___fsmul_result_1_1 + 1)
   0340 4C                  474 	inca
   0341 C7s00r11            475 	sta	(___fsmul_result_1_1 + 1)
   0344 26 07               476 	bne	00127$
   0346 C6s00r10            477 	lda	___fsmul_result_1_1
   0349 4C                  478 	inca
   034A C7s00r10            479 	sta	___fsmul_result_1_1
   034D                     480 00127$:
                            481 ;../_fsmul.c:259: if (result & SIGNBIT)
   034D 4F                  482 	clra
   034E 87                  483 	psha
   034F C6s00r13            484 	lda	(___fsmul_result_1_1 + 3)
   0352 A4 00               485 	and	#0x00
   0354 9E EA 01            486 	ora	1,s
   0357 9E E7 01            487 	sta	1,s
   035A C6s00r12            488 	lda	(___fsmul_result_1_1 + 2)
   035D A4 00               489 	and	#0x00
   035F 9E EA 01            490 	ora	1,s
   0362 9E E7 01            491 	sta	1,s
   0365 C6s00r11            492 	lda	(___fsmul_result_1_1 + 1)
   0368 A4 00               493 	and	#0x00
   036A 9E EA 01            494 	ora	1,s
   036D 9E E7 01            495 	sta	1,s
   0370 C6s00r10            496 	lda	___fsmul_result_1_1
   0373 A4 80               497 	and	#0x80
   0375 9E EA 01            498 	ora	1,s
   0378 9E E7 01            499 	sta	1,s
   037B 86                  500 	pula
   037C 4D                  501 	tsta
   037D 27 3B               502 	beq	00105$
   037F                     503 00128$:
                            504 ;../_fsmul.c:262: result += 0x40;
   037F C6s00r13            505 	lda	(___fsmul_result_1_1 + 3)
   0382 AB 40               506 	add	#0x40
   0384 C7s00r13            507 	sta	(___fsmul_result_1_1 + 3)
   0387 24 19               508 	bcc	00129$
   0389 C6s00r12            509 	lda	(___fsmul_result_1_1 + 2)
   038C 4C                  510 	inca
   038D C7s00r12            511 	sta	(___fsmul_result_1_1 + 2)
   0390 26 10               512 	bne	00129$
   0392 C6s00r11            513 	lda	(___fsmul_result_1_1 + 1)
   0395 4C                  514 	inca
   0396 C7s00r11            515 	sta	(___fsmul_result_1_1 + 1)
   0399 26 07               516 	bne	00129$
   039B C6s00r10            517 	lda	___fsmul_result_1_1
   039E 4C                  518 	inca
   039F C7s00r10            519 	sta	___fsmul_result_1_1
   03A2                     520 00129$:
                            521 ;../_fsmul.c:263: result >>= 8;
   03A2 C6s00r12            522 	lda	(___fsmul_result_1_1 + 2)
   03A5 C7s00r13            523 	sta	(___fsmul_result_1_1 + 3)
   03A8 C6s00r11            524 	lda	(___fsmul_result_1_1 + 1)
   03AB C7s00r12            525 	sta	(___fsmul_result_1_1 + 2)
   03AE C6s00r10            526 	lda	___fsmul_result_1_1
   03B1 C7s00r11            527 	sta	(___fsmul_result_1_1 + 1)
   03B4 4F                  528 	clra
   03B5 C7s00r10            529 	sta	___fsmul_result_1_1
   03B8 20 3C               530 	bra	00106$
   03BA                     531 00105$:
                            532 ;../_fsmul.c:267: result >>= 7;
   03BA C6s00r13            533 	lda	(___fsmul_result_1_1 + 3)
   03BD CEs00r12            534 	ldx	(___fsmul_result_1_1 + 2)
   03C0 48                  535 	lsla
   03C1 9F                  536 	txa
   03C2 49                  537 	rola
   03C3 5F                  538 	clrx
   03C4 59                  539 	rolx
   03C5 C7s00r13            540 	sta	(___fsmul_result_1_1 + 3)
   03C8 CFs00r12            541 	stx	(___fsmul_result_1_1 + 2)
   03CB C6s00r11            542 	lda	(___fsmul_result_1_1 + 1)
   03CE 48                  543 	lsla	
   03CF CAs00r12            544 	ora	(___fsmul_result_1_1 + 2)
   03D2 C7s00r12            545 	sta	(___fsmul_result_1_1 + 2)
   03D5 C6s00r11            546 	lda	(___fsmul_result_1_1 + 1)
   03D8 CEs00r10            547 	ldx	___fsmul_result_1_1
   03DB 48                  548 	lsla
   03DC 9F                  549 	txa
   03DD 49                  550 	rola
   03DE 5F                  551 	clrx
   03DF 59                  552 	rolx
   03E0 C7s00r11            553 	sta	(___fsmul_result_1_1 + 1)
   03E3 CFs00r10            554 	stx	___fsmul_result_1_1
                            555 ;../_fsmul.c:268: exp--;
   03E6 C6s00r15            556 	lda	(___fsmul_exp_1_1 + 1)
   03E9 A0 01               557 	sub	#0x01
   03EB C7s00r15            558 	sta	(___fsmul_exp_1_1 + 1)
   03EE C6s00r14            559 	lda	___fsmul_exp_1_1
   03F1 A2 00               560 	sbc	#0x00
   03F3 C7s00r14            561 	sta	___fsmul_exp_1_1
   03F6                     562 00106$:
                            563 ;../_fsmul.c:271: result &= ~HIDDEN;
   03F6 C6s00r13            564 	lda	(___fsmul_result_1_1 + 3)
   03F9 C7s00r13            565 	sta	(___fsmul_result_1_1 + 3)
   03FC C6s00r12            566 	lda	(___fsmul_result_1_1 + 2)
   03FF C7s00r12            567 	sta	(___fsmul_result_1_1 + 2)
   0402 C6s00r11            568 	lda	(___fsmul_result_1_1 + 1)
   0405 A4 7F               569 	and	#0x7F
   0407 C7s00r11            570 	sta	(___fsmul_result_1_1 + 1)
   040A C6s00r10            571 	lda	___fsmul_result_1_1
   040D C7s00r10            572 	sta	___fsmul_result_1_1
                            573 ;../_fsmul.c:274: if (exp >= 0x100)
   0410 C6s00r15            574 	lda	(___fsmul_exp_1_1 + 1)
   0413 A0 00               575 	sub	#0x00
   0415 C6s00r14            576 	lda	___fsmul_exp_1_1
   0418 A2 01               577 	sbc	#0x01
   041A 91 39               578 	blt	00111$
   041C                     579 00130$:
                            580 ;../_fsmul.c:275: fl1.l = (sign ? SIGNBIT : 0) | __INFINITY;
   041C C6s00r16            581 	lda	___fsmul_sign_1_1
   041F 27 0B               582 	beq	00115$
   0421                     583 00131$:
   0421 6E 80*04            584 	mov	#0x80,*___fsmul_sloc1_1_0
   0424 3F*05               585 	clr	*(___fsmul_sloc1_1_0 + 1)
   0426 3F*06               586 	clr	*(___fsmul_sloc1_1_0 + 2)
   0428 3F*07               587 	clr	*(___fsmul_sloc1_1_0 + 3)
   042A 20 08               588 	bra	00116$
   042C                     589 00115$:
   042C 3F*04               590 	clr	*___fsmul_sloc1_1_0
   042E 3F*05               591 	clr	*(___fsmul_sloc1_1_0 + 1)
   0430 3F*06               592 	clr	*(___fsmul_sloc1_1_0 + 2)
   0432 3F*07               593 	clr	*(___fsmul_sloc1_1_0 + 3)
   0434                     594 00116$:
   0434 B6*05               595 	lda	*(___fsmul_sloc1_1_0 + 1)
   0436 AA 80               596 	ora	#0x80
   0438 B7*05               597 	sta	*(___fsmul_sloc1_1_0 + 1)
   043A B6*04               598 	lda	*___fsmul_sloc1_1_0
   043C AA 7F               599 	ora	#0x7F
   043E B7*04               600 	sta	*___fsmul_sloc1_1_0
   0440 C7s00r08            601 	sta	___fsmul_fl1_1_1
   0443 B6*05               602 	lda	*(___fsmul_sloc1_1_0 + 1)
   0445 C7s00r09            603 	sta	(___fsmul_fl1_1_1 + 1)
   0448 B6*06               604 	lda	*(___fsmul_sloc1_1_0 + 2)
   044A C7s00r0A            605 	sta	(___fsmul_fl1_1_1 + 2)
   044D B6*07               606 	lda	*(___fsmul_sloc1_1_0 + 3)
   044F C7s00r0B            607 	sta	(___fsmul_fl1_1_1 + 3)
   0452 CCs04rF5            608 	jmp	00112$
   0455                     609 00111$:
                            610 ;../_fsmul.c:276: else if (exp < 0)
   0455 C6s00r15            611 	lda	(___fsmul_exp_1_1 + 1)
   0458 A0 00               612 	sub	#0x00
   045A C6s00r14            613 	lda	___fsmul_exp_1_1
   045D A2 00               614 	sbc	#0x00
   045F 90 10               615 	bge	00108$
   0461                     616 00132$:
                            617 ;../_fsmul.c:277: fl1.l = 0;
   0461 4F                  618 	clra
   0462 C7s00r08            619 	sta	___fsmul_fl1_1_1
   0465 C7s00r09            620 	sta	(___fsmul_fl1_1_1 + 1)
   0468 C7s00r0A            621 	sta	(___fsmul_fl1_1_1 + 2)
   046B C7s00r0B            622 	sta	(___fsmul_fl1_1_1 + 3)
   046E CCs04rF5            623 	jmp	00112$
   0471                     624 00108$:
                            625 ;../_fsmul.c:279: fl1.l = PACK (sign ? SIGNBIT : 0 , exp, result);
   0471 C6s00r16            626 	lda	___fsmul_sign_1_1
   0474 27 0B               627 	beq	00117$
   0476                     628 00133$:
   0476 6E 80*04            629 	mov	#0x80,*___fsmul_sloc1_1_0
   0479 3F*05               630 	clr	*(___fsmul_sloc1_1_0 + 1)
   047B 3F*06               631 	clr	*(___fsmul_sloc1_1_0 + 2)
   047D 3F*07               632 	clr	*(___fsmul_sloc1_1_0 + 3)
   047F 20 08               633 	bra	00118$
   0481                     634 00117$:
   0481 3F*04               635 	clr	*___fsmul_sloc1_1_0
   0483 3F*05               636 	clr	*(___fsmul_sloc1_1_0 + 1)
   0485 3F*06               637 	clr	*(___fsmul_sloc1_1_0 + 2)
   0487 3F*07               638 	clr	*(___fsmul_sloc1_1_0 + 3)
   0489                     639 00118$:
   0489 C6s00r15            640 	lda	(___fsmul_exp_1_1 + 1)
   048C B7*03               641 	sta	*(___fsmul_sloc0_1_0 + 3)
   048E C6s00r14            642 	lda	___fsmul_exp_1_1
   0491 B7*02               643 	sta	*(___fsmul_sloc0_1_0 + 2)
   0493 C6s00r14            644 	lda	___fsmul_exp_1_1
   0496 49                  645 	rola	
   0497 4F                  646 	clra	
   0498 A2 00               647 	sbc	#0x00
   049A B7*01               648 	sta	*(___fsmul_sloc0_1_0 + 1)
   049C B7*00               649 	sta	*___fsmul_sloc0_1_0
   049E B6*03               650 	lda	*(___fsmul_sloc0_1_0 + 3)
   04A0 BE*02               651 	ldx	*(___fsmul_sloc0_1_0 + 2)
   04A2 54                  652 	lsrx
   04A3 46                  653 	rora
   04A4 97                  654 	tax
   04A5 4F                  655 	clra
   04A6 46                  656 	rora
   04A7 B7*01               657 	sta	*(___fsmul_sloc0_1_0 + 1)
   04A9 BF*00               658 	stx	*___fsmul_sloc0_1_0
   04AB 3F*03               659 	clr	*(___fsmul_sloc0_1_0 + 3)
   04AD 3F*02               660 	clr	*(___fsmul_sloc0_1_0 + 2)
   04AF B6*07               661 	lda	*(___fsmul_sloc1_1_0 + 3)
   04B1 BA*03               662 	ora	*(___fsmul_sloc0_1_0 + 3)
   04B3 B7*07               663 	sta	*(___fsmul_sloc1_1_0 + 3)
   04B5 B6*06               664 	lda	*(___fsmul_sloc1_1_0 + 2)
   04B7 BA*02               665 	ora	*(___fsmul_sloc0_1_0 + 2)
   04B9 B7*06               666 	sta	*(___fsmul_sloc1_1_0 + 2)
   04BB B6*05               667 	lda	*(___fsmul_sloc1_1_0 + 1)
   04BD BA*01               668 	ora	*(___fsmul_sloc0_1_0 + 1)
   04BF B7*05               669 	sta	*(___fsmul_sloc1_1_0 + 1)
   04C1 B6*04               670 	lda	*___fsmul_sloc1_1_0
   04C3 BA*00               671 	ora	*___fsmul_sloc0_1_0
   04C5 B7*04               672 	sta	*___fsmul_sloc1_1_0
   04C7 B6*07               673 	lda	*(___fsmul_sloc1_1_0 + 3)
   04C9 CAs00r13            674 	ora	(___fsmul_result_1_1 + 3)
   04CC B7*07               675 	sta	*(___fsmul_sloc1_1_0 + 3)
   04CE B6*06               676 	lda	*(___fsmul_sloc1_1_0 + 2)
   04D0 CAs00r12            677 	ora	(___fsmul_result_1_1 + 2)
   04D3 B7*06               678 	sta	*(___fsmul_sloc1_1_0 + 2)
   04D5 B6*05               679 	lda	*(___fsmul_sloc1_1_0 + 1)
   04D7 CAs00r11            680 	ora	(___fsmul_result_1_1 + 1)
   04DA B7*05               681 	sta	*(___fsmul_sloc1_1_0 + 1)
   04DC B6*04               682 	lda	*___fsmul_sloc1_1_0
   04DE CAs00r10            683 	ora	___fsmul_result_1_1
   04E1 B7*04               684 	sta	*___fsmul_sloc1_1_0
   04E3 C7s00r08            685 	sta	___fsmul_fl1_1_1
   04E6 B6*05               686 	lda	*(___fsmul_sloc1_1_0 + 1)
   04E8 C7s00r09            687 	sta	(___fsmul_fl1_1_1 + 1)
   04EB B6*06               688 	lda	*(___fsmul_sloc1_1_0 + 2)
   04ED C7s00r0A            689 	sta	(___fsmul_fl1_1_1 + 2)
   04F0 B6*07               690 	lda	*(___fsmul_sloc1_1_0 + 3)
   04F2 C7s00r0B            691 	sta	(___fsmul_fl1_1_1 + 3)
   04F5                     692 00112$:
                            693 ;../_fsmul.c:280: return (fl1.f);
   04F5 C6s00r08            694 	lda	___fsmul_fl1_1_1
   04F8 B7*04               695 	sta	*___fsmul_sloc1_1_0
   04FA C6s00r09            696 	lda	(___fsmul_fl1_1_1 + 1)
   04FD B7*05               697 	sta	*(___fsmul_sloc1_1_0 + 1)
   04FF C6s00r0A            698 	lda	(___fsmul_fl1_1_1 + 2)
   0502 B7*06               699 	sta	*(___fsmul_sloc1_1_0 + 2)
   0504 C6s00r0B            700 	lda	(___fsmul_fl1_1_1 + 3)
   0507 B7*07               701 	sta	*(___fsmul_sloc1_1_0 + 3)
   0509 4E*04*00            702 	mov	*___fsmul_sloc1_1_0,*__ret3
   050C 4E*05*00            703 	mov	*(___fsmul_sloc1_1_0 + 1),*__ret2
   050F BE*06               704 	ldx	*(___fsmul_sloc1_1_0 + 2)
   0511 B6*07               705 	lda	*(___fsmul_sloc1_1_0 + 3)
   0513                     706 00113$:
   0513 81                  707 	rts
                            708 	.area CSEG (CODE)
                            709 	.area CONST   (CODE)
                            710 	.area XINIT
                            711 	.area CABS    (ABS,CODE)
