                              1 ;--------------------------------------------------------
                              2 ; File Created by SDCC : free open source ANSI-C Compiler
                              3 ; Version 2.9.4 #5595 (Oct 23 2013) (Mac OS X ppc)
                              4 ; This file was generated Wed Oct 23 12:25:38 2013
                              5 ;--------------------------------------------------------
                              6 	.module _iscntrl
                              7 	.optsdcc -mhc08
                              8 	
                              9 	.area HOME (CODE)
                             10 	.area GSINIT0 (CODE)
                             11 	.area GSINIT (CODE)
                             12 	.area GSFINAL (CODE)
                             13 	.area CSEG (CODE)
                             14 	.area XINIT
                             15 	.area CONST   (CODE)
                             16 	.area DSEG
                             17 	.area OSEG    (OVR)
                             18 	.area BSEG
                             19 	.area XSEG
                             20 	.area XISEG
                             21 ;--------------------------------------------------------
                             22 ; Public variables in this module
                             23 ;--------------------------------------------------------
                             24 	.globl _iscntrl
                             25 ;--------------------------------------------------------
                             26 ;  ram data
                             27 ;--------------------------------------------------------
                             28 	.area DSEG
                             29 ;--------------------------------------------------------
                             30 ; overlayable items in  ram 
                             31 ;--------------------------------------------------------
                             32 	.area OSEG    (OVR)
                             33 ;--------------------------------------------------------
                             34 ; absolute external ram data
                             35 ;--------------------------------------------------------
                             36 	.area XABS    (ABS)
                             37 ;--------------------------------------------------------
                             38 ; external initialized ram data
                             39 ;--------------------------------------------------------
                             40 	.area XISEG
                             41 ;--------------------------------------------------------
                             42 ; extended address mode data
                             43 ;--------------------------------------------------------
                             44 	.area XSEG
   0000                      45 _iscntrl_c_1_1:
   0000                      46 	.ds 1
                             47 ;--------------------------------------------------------
                             48 ; global & static initialisations
                             49 ;--------------------------------------------------------
                             50 	.area HOME (CODE)
                             51 	.area GSINIT (CODE)
                             52 	.area GSFINAL (CODE)
                             53 	.area GSINIT (CODE)
                             54 ;--------------------------------------------------------
                             55 ; Home
                             56 ;--------------------------------------------------------
                             57 	.area HOME (CODE)
                             58 	.area HOME (CODE)
                             59 ;--------------------------------------------------------
                             60 ; code
                             61 ;--------------------------------------------------------
                             62 	.area CSEG (CODE)
                             63 ;------------------------------------------------------------
                             64 ;Allocation info for local variables in function 'iscntrl'
                             65 ;------------------------------------------------------------
                             66 ;c                         Allocated with name '_iscntrl_c_1_1'
                             67 ;------------------------------------------------------------
                             68 ;../_iscntrl.c:27: char iscntrl (unsigned char c)
                             69 ;	-----------------------------------------
                             70 ;	 function iscntrl
                             71 ;	-----------------------------------------
   0000                      72 _iscntrl:
                             73 ;../_iscntrl.c:29: if  ( c <= 0x1F || c == 0x7f )
   0000 C7s00r00             74 	sta	_iscntrl_c_1_1
   0003 A1 1F                75 	cmp	#0x1F
   0005 23 07                76 	bls	00101$
   0007                      77 00107$:
   0007 C6s00r00             78 	lda	_iscntrl_c_1_1
   000A A1 7F                79 	cmp	#0x7F
   000C 26 03                80 	bne	00102$
   000E                      81 00108$:
   000E                      82 00101$:
                             83 ;../_iscntrl.c:30: return 1;
   000E A6 01                84 	lda	#0x01
   0010 81                   85 	rts
   0011                      86 00102$:
                             87 ;../_iscntrl.c:31: return 0;
   0011 4F                   88 	clra
   0012                      89 00104$:
   0012 81                   90 	rts
                             91 	.area CSEG (CODE)
                             92 	.area CONST   (CODE)
                             93 	.area XINIT
                             94 	.area CABS    (ABS,CODE)
