                              1 ;--------------------------------------------------------
                              2 ; File Created by SDCC : free open source ANSI-C Compiler
                              3 ; Version 2.9.4 #5595 (Oct 23 2013) (Mac OS X ppc)
                              4 ; This file was generated Wed Oct 23 12:25:38 2013
                              5 ;--------------------------------------------------------
                              6 	.module _isgraph
                              7 	.optsdcc -mhc08
                              8 	
                              9 	.area HOME (CODE)
                             10 	.area GSINIT0 (CODE)
                             11 	.area GSINIT (CODE)
                             12 	.area GSFINAL (CODE)
                             13 	.area CSEG (CODE)
                             14 	.area XINIT
                             15 	.area CONST   (CODE)
                             16 	.area DSEG
                             17 	.area OSEG    (OVR)
                             18 	.area BSEG
                             19 	.area XSEG
                             20 	.area XISEG
                             21 ;--------------------------------------------------------
                             22 ; Public variables in this module
                             23 ;--------------------------------------------------------
                             24 	.globl _isgraph
                             25 ;--------------------------------------------------------
                             26 ;  ram data
                             27 ;--------------------------------------------------------
                             28 	.area DSEG
                             29 ;--------------------------------------------------------
                             30 ; overlayable items in  ram 
                             31 ;--------------------------------------------------------
                             32 	.area OSEG    (OVR)
                             33 ;--------------------------------------------------------
                             34 ; absolute external ram data
                             35 ;--------------------------------------------------------
                             36 	.area XABS    (ABS)
                             37 ;--------------------------------------------------------
                             38 ; external initialized ram data
                             39 ;--------------------------------------------------------
                             40 	.area XISEG
                             41 ;--------------------------------------------------------
                             42 ; extended address mode data
                             43 ;--------------------------------------------------------
                             44 	.area XSEG
   0000                      45 _isgraph_c_1_1:
   0000                      46 	.ds 1
                             47 ;--------------------------------------------------------
                             48 ; global & static initialisations
                             49 ;--------------------------------------------------------
                             50 	.area HOME (CODE)
                             51 	.area GSINIT (CODE)
                             52 	.area GSFINAL (CODE)
                             53 	.area GSINIT (CODE)
                             54 ;--------------------------------------------------------
                             55 ; Home
                             56 ;--------------------------------------------------------
                             57 	.area HOME (CODE)
                             58 	.area HOME (CODE)
                             59 ;--------------------------------------------------------
                             60 ; code
                             61 ;--------------------------------------------------------
                             62 	.area CSEG (CODE)
                             63 ;------------------------------------------------------------
                             64 ;Allocation info for local variables in function 'isgraph'
                             65 ;------------------------------------------------------------
                             66 ;c                         Allocated with name '_isgraph_c_1_1'
                             67 ;------------------------------------------------------------
                             68 ;../_isgraph.c:27: char isgraph (unsigned char c)
                             69 ;	-----------------------------------------
                             70 ;	 function isgraph
                             71 ;	-----------------------------------------
   0000                      72 _isgraph:
                             73 ;../_isgraph.c:29: if ( c >= 0x21 && c <= 0x7e )
   0000 C7s00r00             74 	sta	_isgraph_c_1_1
   0003 A1 21                75 	cmp	#0x21
   0005 25 0A                76 	bcs	00102$
   0007                      77 00108$:
   0007 C6s00r00             78 	lda	_isgraph_c_1_1
   000A A1 7E                79 	cmp	#0x7E
   000C 22 03                80 	bhi	00102$
   000E                      81 00109$:
                             82 ;../_isgraph.c:30: return 1;
   000E A6 01                83 	lda	#0x01
   0010 81                   84 	rts
   0011                      85 00102$:
                             86 ;../_isgraph.c:31: return 0;
   0011 4F                   87 	clra
   0012                      88 00104$:
   0012 81                   89 	rts
                             90 	.area CSEG (CODE)
                             91 	.area CONST   (CODE)
                             92 	.area XINIT
                             93 	.area CABS    (ABS,CODE)
