                              1 ;--------------------------------------------------------
                              2 ; File Created by SDCC : free open source ANSI-C Compiler
                              3 ; Version 2.9.4 #5595 (Oct 23 2013) (Mac OS X ppc)
                              4 ; This file was generated Wed Oct 23 12:25:38 2013
                              5 ;--------------------------------------------------------
                              6 	.module _isspace
                              7 	.optsdcc -mhc08
                              8 	
                              9 	.area HOME (CODE)
                             10 	.area GSINIT0 (CODE)
                             11 	.area GSINIT (CODE)
                             12 	.area GSFINAL (CODE)
                             13 	.area CSEG (CODE)
                             14 	.area XINIT
                             15 	.area CONST   (CODE)
                             16 	.area DSEG
                             17 	.area OSEG    (OVR)
                             18 	.area BSEG
                             19 	.area XSEG
                             20 	.area XISEG
                             21 ;--------------------------------------------------------
                             22 ; Public variables in this module
                             23 ;--------------------------------------------------------
                             24 	.globl _isspace
                             25 ;--------------------------------------------------------
                             26 ;  ram data
                             27 ;--------------------------------------------------------
                             28 	.area DSEG
                             29 ;--------------------------------------------------------
                             30 ; overlayable items in  ram 
                             31 ;--------------------------------------------------------
                             32 	.area OSEG    (OVR)
                             33 ;--------------------------------------------------------
                             34 ; absolute external ram data
                             35 ;--------------------------------------------------------
                             36 	.area XABS    (ABS)
                             37 ;--------------------------------------------------------
                             38 ; external initialized ram data
                             39 ;--------------------------------------------------------
                             40 	.area XISEG
                             41 ;--------------------------------------------------------
                             42 ; extended address mode data
                             43 ;--------------------------------------------------------
                             44 	.area XSEG
   0000                      45 _isspace_c_1_1:
   0000                      46 	.ds 1
                             47 ;--------------------------------------------------------
                             48 ; global & static initialisations
                             49 ;--------------------------------------------------------
                             50 	.area HOME (CODE)
                             51 	.area GSINIT (CODE)
                             52 	.area GSFINAL (CODE)
                             53 	.area GSINIT (CODE)
                             54 ;--------------------------------------------------------
                             55 ; Home
                             56 ;--------------------------------------------------------
                             57 	.area HOME (CODE)
                             58 	.area HOME (CODE)
                             59 ;--------------------------------------------------------
                             60 ; code
                             61 ;--------------------------------------------------------
                             62 	.area CSEG (CODE)
                             63 ;------------------------------------------------------------
                             64 ;Allocation info for local variables in function 'isspace'
                             65 ;------------------------------------------------------------
                             66 ;c                         Allocated with name '_isspace_c_1_1'
                             67 ;------------------------------------------------------------
                             68 ;../_isspace.c:29: char isspace (unsigned char c)
                             69 ;	-----------------------------------------
                             70 ;	 function isspace
                             71 ;	-----------------------------------------
   0000                      72 _isspace:
                             73 ;../_isspace.c:31: if ( c == UC(' ')  ||
   0000 C7s00r00             74 	sta	_isspace_c_1_1
   0003 A1 20                75 	cmp	#0x20
   0005 27 23                76 	beq	00101$
   0007                      77 00115$:
                             78 ;../_isspace.c:32: c == UC('\f') ||
   0007 C6s00r00             79 	lda	_isspace_c_1_1
   000A A1 0C                80 	cmp	#0x0C
   000C 27 1C                81 	beq	00101$
   000E                      82 00116$:
                             83 ;../_isspace.c:33: c == UC('\n') ||
   000E C6s00r00             84 	lda	_isspace_c_1_1
   0011 A1 0A                85 	cmp	#0x0A
   0013 27 15                86 	beq	00101$
   0015                      87 00117$:
                             88 ;../_isspace.c:34: c == UC('\r') ||
   0015 C6s00r00             89 	lda	_isspace_c_1_1
   0018 A1 0D                90 	cmp	#0x0D
   001A 27 0E                91 	beq	00101$
   001C                      92 00118$:
                             93 ;../_isspace.c:35: c == UC('\t') ||
   001C C6s00r00             94 	lda	_isspace_c_1_1
   001F A1 09                95 	cmp	#0x09
   0021 27 07                96 	beq	00101$
   0023                      97 00119$:
                             98 ;../_isspace.c:36: c == UC('\v') )
   0023 C6s00r00             99 	lda	_isspace_c_1_1
   0026 A1 0B               100 	cmp	#0x0B
   0028 26 03               101 	bne	00102$
   002A                     102 00120$:
   002A                     103 00101$:
                            104 ;../_isspace.c:37: return 1;
   002A A6 01               105 	lda	#0x01
   002C 81                  106 	rts
   002D                     107 00102$:
                            108 ;../_isspace.c:38: return 0;
   002D 4F                  109 	clra
   002E                     110 00108$:
   002E 81                  111 	rts
                            112 	.area CSEG (CODE)
                            113 	.area CONST   (CODE)
                            114 	.area XINIT
                            115 	.area CABS    (ABS,CODE)
