                              1 ;--------------------------------------------------------
                              2 ; File Created by SDCC : free open source ANSI-C Compiler
                              3 ; Version 2.9.4 #5595 (Oct 23 2013) (Mac OS X ppc)
                              4 ; This file was generated Wed Oct 23 12:25:38 2013
                              5 ;--------------------------------------------------------
                              6 	.module _isxdigit
                              7 	.optsdcc -mhc08
                              8 	
                              9 	.area HOME (CODE)
                             10 	.area GSINIT0 (CODE)
                             11 	.area GSINIT (CODE)
                             12 	.area GSFINAL (CODE)
                             13 	.area CSEG (CODE)
                             14 	.area XINIT
                             15 	.area CONST   (CODE)
                             16 	.area DSEG
                             17 	.area OSEG    (OVR)
                             18 	.area BSEG
                             19 	.area XSEG
                             20 	.area XISEG
                             21 ;--------------------------------------------------------
                             22 ; Public variables in this module
                             23 ;--------------------------------------------------------
                             24 	.globl _isxdigit
                             25 ;--------------------------------------------------------
                             26 ;  ram data
                             27 ;--------------------------------------------------------
                             28 	.area DSEG
                             29 ;--------------------------------------------------------
                             30 ; overlayable items in  ram 
                             31 ;--------------------------------------------------------
                             32 	.area OSEG    (OVR)
                             33 ;--------------------------------------------------------
                             34 ; absolute external ram data
                             35 ;--------------------------------------------------------
                             36 	.area XABS    (ABS)
                             37 ;--------------------------------------------------------
                             38 ; external initialized ram data
                             39 ;--------------------------------------------------------
                             40 	.area XISEG
                             41 ;--------------------------------------------------------
                             42 ; extended address mode data
                             43 ;--------------------------------------------------------
                             44 	.area XSEG
   0000                      45 _isxdigit_c_1_1:
   0000                      46 	.ds 1
                             47 ;--------------------------------------------------------
                             48 ; global & static initialisations
                             49 ;--------------------------------------------------------
                             50 	.area HOME (CODE)
                             51 	.area GSINIT (CODE)
                             52 	.area GSFINAL (CODE)
                             53 	.area GSINIT (CODE)
                             54 ;--------------------------------------------------------
                             55 ; Home
                             56 ;--------------------------------------------------------
                             57 	.area HOME (CODE)
                             58 	.area HOME (CODE)
                             59 ;--------------------------------------------------------
                             60 ; code
                             61 ;--------------------------------------------------------
                             62 	.area CSEG (CODE)
                             63 ;------------------------------------------------------------
                             64 ;Allocation info for local variables in function 'isxdigit'
                             65 ;------------------------------------------------------------
                             66 ;c                         Allocated with name '_isxdigit_c_1_1'
                             67 ;------------------------------------------------------------
                             68 ;../_isxdigit.c:28: char isxdigit (unsigned char c)
                             69 ;	-----------------------------------------
                             70 ;	 function isxdigit
                             71 ;	-----------------------------------------
   0000                      72 _isxdigit:
                             73 ;../_isxdigit.c:30: if ( ( c >= UC('0') && c <= UC('9')) ||
   0000 C7s00r00             74 	sta	_isxdigit_c_1_1
   0003 A1 30                75 	cmp	#0x30
   0005 25 07                76 	bcs	00105$
   0007                      77 00113$:
   0007 C6s00r00             78 	lda	_isxdigit_c_1_1
   000A A1 39                79 	cmp	#0x39
   000C 23 1C                80 	bls	00101$
   000E                      81 00114$:
   000E                      82 00105$:
                             83 ;../_isxdigit.c:31: ( c >= UC('a') && c <= UC('f')) ||
   000E C6s00r00             84 	lda	_isxdigit_c_1_1
   0011 A1 61                85 	cmp	#0x61
   0013 25 07                86 	bcs	00107$
   0015                      87 00115$:
   0015 C6s00r00             88 	lda	_isxdigit_c_1_1
   0018 A1 66                89 	cmp	#0x66
   001A 23 0E                90 	bls	00101$
   001C                      91 00116$:
   001C                      92 00107$:
                             93 ;../_isxdigit.c:32: ( c >= UC('A') && c <= UC('F')) )
   001C C6s00r00             94 	lda	_isxdigit_c_1_1
   001F A1 41                95 	cmp	#0x41
   0021 25 0A                96 	bcs	00102$
   0023                      97 00117$:
   0023 C6s00r00             98 	lda	_isxdigit_c_1_1
   0026 A1 46                99 	cmp	#0x46
   0028 22 03               100 	bhi	00102$
   002A                     101 00118$:
   002A                     102 00101$:
                            103 ;../_isxdigit.c:33: return 1;
   002A A6 01               104 	lda	#0x01
   002C 81                  105 	rts
   002D                     106 00102$:
                            107 ;../_isxdigit.c:34: return 0;
   002D 4F                  108 	clra
   002E                     109 00108$:
   002E 81                  110 	rts
                            111 	.area CSEG (CODE)
                            112 	.area CONST   (CODE)
                            113 	.area XINIT
                            114 	.area CABS    (ABS,CODE)
