                              1 ;--------------------------------------------------------
                              2 ; File Created by SDCC : free open source ANSI-C Compiler
                              3 ; Version 2.9.4 #5595 (Oct 23 2013) (Mac OS X ppc)
                              4 ; This file was generated Wed Oct 23 12:25:39 2013
                              5 ;--------------------------------------------------------
                              6 	.module _malloc
                              7 	.optsdcc -mhc08
                              8 	
                              9 	.area HOME (CODE)
                             10 	.area GSINIT0 (CODE)
                             11 	.area GSINIT (CODE)
                             12 	.area GSFINAL (CODE)
                             13 	.area CSEG (CODE)
                             14 	.area XINIT
                             15 	.area CONST   (CODE)
                             16 	.area DSEG
                             17 	.area OSEG    (OVR)
                             18 	.area BSEG
                             19 	.area XSEG
                             20 	.area XISEG
                             21 ;--------------------------------------------------------
                             22 ; Public variables in this module
                             23 ;--------------------------------------------------------
                             24 	.globl __sdcc_first_memheader
                             25 	.globl _malloc
                             26 ;--------------------------------------------------------
                             27 ;  ram data
                             28 ;--------------------------------------------------------
                             29 	.area DSEG
   0000                      30 _malloc_sloc0_1_0:
   0000                      31 	.ds 2
   0002                      32 _malloc_sloc1_1_0:
   0002                      33 	.ds 2
                             34 ;--------------------------------------------------------
                             35 ; overlayable items in  ram 
                             36 ;--------------------------------------------------------
                             37 	.area	OSEG    (OVR)
   0000                      38 _init_dynamic_memory_sloc0_1_0::
   0000                      39 	.ds 2
                             40 ;--------------------------------------------------------
                             41 ; absolute external ram data
                             42 ;--------------------------------------------------------
                             43 	.area XABS    (ABS)
                             44 ;--------------------------------------------------------
                             45 ; external initialized ram data
                             46 ;--------------------------------------------------------
                             47 	.area XISEG
   0000                      48 __sdcc_first_memheader::
   0000                      49 	.ds 2
                             50 ;--------------------------------------------------------
                             51 ; extended address mode data
                             52 ;--------------------------------------------------------
                             53 	.area XSEG
   0000                      54 _init_dynamic_memory_heap_1_1:
   0000                      55 	.ds 2
   0002                      56 _init_dynamic_memory_size_1_1:
   0002                      57 	.ds 2
   0004                      58 _malloc_size_1_1:
   0004                      59 	.ds 2
   0006                      60 _malloc_current_header_1_1:
   0006                      61 	.ds 2
   0008                      62 _malloc_new_header_1_1:
   0008                      63 	.ds 2
   000A                      64 _malloc_ret_1_1:
   000A                      65 	.ds 2
                             66 ;--------------------------------------------------------
                             67 ; global & static initialisations
                             68 ;--------------------------------------------------------
                             69 	.area HOME (CODE)
                             70 	.area GSINIT (CODE)
                             71 	.area GSFINAL (CODE)
                             72 	.area GSINIT (CODE)
                             73 ;--------------------------------------------------------
                             74 ; Home
                             75 ;--------------------------------------------------------
                             76 	.area HOME (CODE)
                             77 	.area HOME (CODE)
                             78 ;--------------------------------------------------------
                             79 ; code
                             80 ;--------------------------------------------------------
                             81 	.area CSEG (CODE)
                             82 ;------------------------------------------------------------
                             83 ;Allocation info for local variables in function 'init_dynamic_memory'
                             84 ;------------------------------------------------------------
                             85 ;heap                      Allocated with name '_init_dynamic_memory_heap_1_1'
                             86 ;size                      Allocated with name '_init_dynamic_memory_size_1_1'
                             87 ;sloc0                     Allocated with name '_init_dynamic_memory_sloc0_1_0'
                             88 ;------------------------------------------------------------
                             89 ;../_malloc.c:158: static void init_dynamic_memory(void)
                             90 ;	-----------------------------------------
                             91 ;	 function init_dynamic_memory
                             92 ;	-----------------------------------------
   0000                      93 _init_dynamic_memory:
                             94 ;../_malloc.c:160: char __xdata * heap = (char __xdata *)_sdcc_heap;
   0000 A6r00                95 	lda	#__sdcc_heap
   0002 C7s00r01             96 	sta	(_init_dynamic_memory_heap_1_1 + 1)
   0005 A6s00                97 	lda	#>__sdcc_heap
   0007 C7s00r00             98 	sta	_init_dynamic_memory_heap_1_1
                             99 ;../_malloc.c:161: unsigned int size = _sdcc_heap_size;
   000A C6s00r00            100 	lda	__sdcc_heap_size
   000D C7s00r02            101 	sta	_init_dynamic_memory_size_1_1
   0010 C6s00r01            102 	lda	(__sdcc_heap_size + 1)
   0013 C7s00r03            103 	sta	(_init_dynamic_memory_size_1_1 + 1)
                            104 ;../_malloc.c:163: if ( !heap ) //Reserved memory starts at 0x0000 but that's NULL...
   0016 C6s00r01            105 	lda	(_init_dynamic_memory_heap_1_1 + 1)
   0019 CAs00r00            106 	ora	_init_dynamic_memory_heap_1_1
   001C 26 20               107 	bne	00102$
   001E                     108 00106$:
                            109 ;../_malloc.c:165: heap++;
   001E C6s00r01            110 	lda	(_init_dynamic_memory_heap_1_1 + 1)
   0021 4C                  111 	inca
   0022 C7s00r01            112 	sta	(_init_dynamic_memory_heap_1_1 + 1)
   0025 26 07               113 	bne	00107$
   0027 C6s00r00            114 	lda	_init_dynamic_memory_heap_1_1
   002A 4C                  115 	inca
   002B C7s00r00            116 	sta	_init_dynamic_memory_heap_1_1
   002E                     117 00107$:
                            118 ;../_malloc.c:166: size--;
   002E C6s00r03            119 	lda	(_init_dynamic_memory_size_1_1 + 1)
   0031 A0 01               120 	sub	#0x01
   0033 C7s00r03            121 	sta	(_init_dynamic_memory_size_1_1 + 1)
   0036 C6s00r02            122 	lda	_init_dynamic_memory_size_1_1
   0039 A2 00               123 	sbc	#0x00
   003B C7s00r02            124 	sta	_init_dynamic_memory_size_1_1
   003E                     125 00102$:
                            126 ;../_malloc.c:168: _sdcc_first_memheader = (MEMHEADER __xdata * ) heap;
   003E C6s00r00            127 	lda	_init_dynamic_memory_heap_1_1
   0041 C7s00r00            128 	sta	__sdcc_first_memheader
   0044 C6s00r01            129 	lda	(_init_dynamic_memory_heap_1_1 + 1)
   0047 C7s00r01            130 	sta	(__sdcc_first_memheader + 1)
                            131 ;../_malloc.c:170: _sdcc_first_memheader->next = (MEMHEADER __xdata * )(heap + size - sizeof(MEMHEADER __xdata *));
   004A C6s00r01            132 	lda	(_init_dynamic_memory_heap_1_1 + 1)
   004D CBs00r03            133 	add	(_init_dynamic_memory_size_1_1 + 1)
   0050 B7*01               134 	sta	*(_init_dynamic_memory_sloc0_1_0 + 1)
   0052 C6s00r00            135 	lda	_init_dynamic_memory_heap_1_1
   0055 C9s00r02            136 	adc	_init_dynamic_memory_size_1_1
   0058 B7*00               137 	sta	*_init_dynamic_memory_sloc0_1_0
   005A B6*01               138 	lda	*(_init_dynamic_memory_sloc0_1_0 + 1)
   005C A0 02               139 	sub	#0x02
   005E B7*01               140 	sta	*(_init_dynamic_memory_sloc0_1_0 + 1)
   0060 B6*00               141 	lda	*_init_dynamic_memory_sloc0_1_0
   0062 A2 00               142 	sbc	#0x00
   0064 B7*00               143 	sta	*_init_dynamic_memory_sloc0_1_0
   0066 C6s00r00            144 	lda	_init_dynamic_memory_heap_1_1
   0069 CEs00r01            145 	ldx	(_init_dynamic_memory_heap_1_1 + 1)
   006C 87                  146 	psha
   006D 8A                  147 	pulh
   006E B6*00               148 	lda	*_init_dynamic_memory_sloc0_1_0
   0070 F7                  149 	sta	,x
   0071 AF 01               150 	aix	#1
   0073 B6*01               151 	lda	*(_init_dynamic_memory_sloc0_1_0 + 1)
   0075 F7                  152 	sta	,x
                            153 ;../_malloc.c:171: _sdcc_first_memheader->next->next = (MEMHEADER __xdata * ) NULL; //And mark it as last
   0076 55*00               154 	ldhx	*_init_dynamic_memory_sloc0_1_0
   0078 4F                  155 	clra
   0079 F7                  156 	sta	,x
   007A AF 01               157 	aix	#1
   007C 4F                  158 	clra
   007D F7                  159 	sta	,x
                            160 ;../_malloc.c:172: _sdcc_first_memheader->len        = 0;    //Empty and ready.
   007E C6s00r01            161 	lda	(_init_dynamic_memory_heap_1_1 + 1)
   0081 AB 02               162 	add	#0x02
   0083 B7*01               163 	sta	*(_init_dynamic_memory_sloc0_1_0 + 1)
   0085 C6s00r00            164 	lda	_init_dynamic_memory_heap_1_1
   0088 A9 00               165 	adc	#0x00
   008A B7*00               166 	sta	*_init_dynamic_memory_sloc0_1_0
   008C 55*00               167 	ldhx	*_init_dynamic_memory_sloc0_1_0
   008E 4F                  168 	clra
   008F F7                  169 	sta	,x
   0090 AF 01               170 	aix	#1
   0092 4F                  171 	clra
   0093 F7                  172 	sta	,x
   0094                     173 00103$:
   0094 81                  174 	rts
                            175 ;------------------------------------------------------------
                            176 ;Allocation info for local variables in function 'malloc'
                            177 ;------------------------------------------------------------
                            178 ;sloc0                     Allocated with name '_malloc_sloc0_1_0'
                            179 ;sloc1                     Allocated with name '_malloc_sloc1_1_0'
                            180 ;size                      Allocated with name '_malloc_size_1_1'
                            181 ;current_header            Allocated with name '_malloc_current_header_1_1'
                            182 ;new_header                Allocated with name '_malloc_new_header_1_1'
                            183 ;ret                       Allocated with name '_malloc_ret_1_1'
                            184 ;------------------------------------------------------------
                            185 ;../_malloc.c:175: void __xdata * malloc (unsigned int size)
                            186 ;	-----------------------------------------
                            187 ;	 function malloc
                            188 ;	-----------------------------------------
   0095                     189 _malloc:
   0095 C7s00r05            190 	sta	(_malloc_size_1_1 + 1)
   0098 CFs00r04            191 	stx	_malloc_size_1_1
                            192 ;../_malloc.c:181: if (size>(0xFFFF-HEADER_SIZE))
   009B A6 FB               193 	lda	#0xFB
   009D C0s00r05            194 	sub	(_malloc_size_1_1 + 1)
   00A0 A6 FF               195 	lda	#0xFF
   00A2 C2s00r04            196 	sbc	_malloc_size_1_1
   00A5 24 03               197 	bcc	00102$
   00A7                     198 00126$:
                            199 ;../_malloc.c:182: return (void __xdata *) NULL; //To prevent overflow in next line
   00A7 5F                  200 	clrx
   00A8 4F                  201 	clra
   00A9 81                  202 	rts
   00AA                     203 00102$:
                            204 ;../_malloc.c:183: size += HEADER_SIZE; //We need a memory for header too
   00AA C6s00r05            205 	lda	(_malloc_size_1_1 + 1)
   00AD AB 04               206 	add	#0x04
   00AF C7s00r05            207 	sta	(_malloc_size_1_1 + 1)
   00B2 24 07               208 	bcc	00127$
   00B4 C6s00r04            209 	lda	_malloc_size_1_1
   00B7 4C                  210 	inca
   00B8 C7s00r04            211 	sta	_malloc_size_1_1
   00BB                     212 00127$:
                            213 ;../_malloc.c:185: if (!_sdcc_first_memheader)
   00BB C6s00r01            214 	lda	(__sdcc_first_memheader + 1)
   00BE CAs00r00            215 	ora	__sdcc_first_memheader
   00C1 26 03               216 	bne	00104$
   00C3                     217 00128$:
                            218 ;../_malloc.c:186: init_dynamic_memory();
   00C3 CDs00r00            219 	jsr	_init_dynamic_memory
   00C6                     220 00104$:
                            221 ;../_malloc.c:188: current_header = _sdcc_first_memheader;
   00C6 C6s00r00            222 	lda	__sdcc_first_memheader
   00C9 C7s00r06            223 	sta	_malloc_current_header_1_1
   00CC C6s00r01            224 	lda	(__sdcc_first_memheader + 1)
   00CF C7s00r07            225 	sta	(_malloc_current_header_1_1 + 1)
                            226 ;../_malloc.c:191: while (1)
   00D2                     227 00110$:
                            228 ;../_malloc.c:201: if ((((unsigned int)current_header->next) -
   00D2 C6s00r06            229 	lda	_malloc_current_header_1_1
   00D5 CEs00r07            230 	ldx	(_malloc_current_header_1_1 + 1)
   00D8 87                  231 	psha
   00D9 8A                  232 	pulh
   00DA F6                  233 	lda	,x
   00DB AF 01               234 	aix	#1
   00DD B7*00               235 	sta	*_malloc_sloc0_1_0
   00DF F6                  236 	lda	,x
   00E0 B7*01               237 	sta	*(_malloc_sloc0_1_0 + 1)
                            238 ;../_malloc.c:202: ((unsigned int)current_header) -
   00E2 C6s00r07            239 	lda	(_malloc_current_header_1_1 + 1)
   00E5 B7*03               240 	sta	*(_malloc_sloc1_1_0 + 1)
   00E7 C6s00r06            241 	lda	_malloc_current_header_1_1
   00EA B7*02               242 	sta	*_malloc_sloc1_1_0
   00EC B6*01               243 	lda	*(_malloc_sloc0_1_0 + 1)
   00EE B0*03               244 	sub	*(_malloc_sloc1_1_0 + 1)
   00F0 B7*03               245 	sta	*(_malloc_sloc1_1_0 + 1)
   00F2 B6*00               246 	lda	*_malloc_sloc0_1_0
   00F4 B2*02               247 	sbc	*_malloc_sloc1_1_0
   00F6 B7*02               248 	sta	*_malloc_sloc1_1_0
                            249 ;../_malloc.c:203: current_header->len) >= size)
   00F8 C6s00r07            250 	lda	(_malloc_current_header_1_1 + 1)
   00FB AB 02               251 	add	#0x02
   00FD B7*01               252 	sta	*(_malloc_sloc0_1_0 + 1)
   00FF C6s00r06            253 	lda	_malloc_current_header_1_1
   0102 A9 00               254 	adc	#0x00
   0104 B7*00               255 	sta	*_malloc_sloc0_1_0
   0106 55*00               256 	ldhx	*_malloc_sloc0_1_0
   0108 F6                  257 	lda	,x
   0109 AF 01               258 	aix	#1
   010B B7*00               259 	sta	*_malloc_sloc0_1_0
   010D F6                  260 	lda	,x
   010E B7*01               261 	sta	*(_malloc_sloc0_1_0 + 1)
   0110 B6*03               262 	lda	*(_malloc_sloc1_1_0 + 1)
   0112 B0*01               263 	sub	*(_malloc_sloc0_1_0 + 1)
   0114 B7*03               264 	sta	*(_malloc_sloc1_1_0 + 1)
   0116 B6*02               265 	lda	*_malloc_sloc1_1_0
   0118 B2*00               266 	sbc	*_malloc_sloc0_1_0
   011A B7*02               267 	sta	*_malloc_sloc1_1_0
   011C B6*03               268 	lda	*(_malloc_sloc1_1_0 + 1)
   011E C0s00r05            269 	sub	(_malloc_size_1_1 + 1)
   0121 B6*02               270 	lda	*_malloc_sloc1_1_0
   0123 C2s00r04            271 	sbc	_malloc_size_1_1
   0126 25 12               272 	bcs	00106$
   0128                     273 00129$:
                            274 ;../_malloc.c:205: ret = current_header->mem;
   0128 C6s00r07            275 	lda	(_malloc_current_header_1_1 + 1)
   012B AB 04               276 	add	#0x04
   012D C7s00r0B            277 	sta	(_malloc_ret_1_1 + 1)
   0130 C6s00r06            278 	lda	_malloc_current_header_1_1
   0133 A9 00               279 	adc	#0x00
   0135 C7s00r0A            280 	sta	_malloc_ret_1_1
                            281 ;../_malloc.c:206: break;
   0138 20 30               282 	bra	00111$
   013A                     283 00106$:
                            284 ;../_malloc.c:208: current_header = current_header->next;    //else try next
   013A C6s00r06            285 	lda	_malloc_current_header_1_1
   013D CEs00r07            286 	ldx	(_malloc_current_header_1_1 + 1)
   0140 87                  287 	psha
   0141 8A                  288 	pulh
   0142 F6                  289 	lda	,x
   0143 AF 01               290 	aix	#1
   0145 C7s00r06            291 	sta	_malloc_current_header_1_1
   0148 F6                  292 	lda	,x
   0149 C7s00r07            293 	sta	(_malloc_current_header_1_1 + 1)
                            294 ;../_malloc.c:209: if (!current_header->next)
   014C C6s00r06            295 	lda	_malloc_current_header_1_1
   014F CEs00r07            296 	ldx	(_malloc_current_header_1_1 + 1)
   0152 87                  297 	psha
   0153 8A                  298 	pulh
   0154 F6                  299 	lda	,x
   0155 AF 01               300 	aix	#1
   0157 B7*02               301 	sta	*_malloc_sloc1_1_0
   0159 F6                  302 	lda	,x
   015A B7*03               303 	sta	*(_malloc_sloc1_1_0 + 1)
   015C BA*02               304 	ora	*_malloc_sloc1_1_0
   015E 27 03               305 	beq	00130$
   0160 CCs00rD2            306 	jmp	00110$
   0163                     307 00130$:
                            308 ;../_malloc.c:211: ret = (void __xdata *) NULL;
   0163 4F                  309 	clra
   0164 C7s00r0A            310 	sta	_malloc_ret_1_1
   0167 C7s00r0B            311 	sta	(_malloc_ret_1_1 + 1)
                            312 ;../_malloc.c:212: break;
   016A                     313 00111$:
                            314 ;../_malloc.c:215: if (ret)
   016A C6s00r0B            315 	lda	(_malloc_ret_1_1 + 1)
   016D CAs00r0A            316 	ora	_malloc_ret_1_1
   0170 26 03               317 	bne	00131$
   0172 CCs02r32            318 	jmp	00116$
   0175                     319 00131$:
                            320 ;../_malloc.c:217: if (!current_header->len)
   0175 C6s00r07            321 	lda	(_malloc_current_header_1_1 + 1)
   0178 AB 02               322 	add	#0x02
   017A B7*03               323 	sta	*(_malloc_sloc1_1_0 + 1)
   017C C6s00r06            324 	lda	_malloc_current_header_1_1
   017F A9 00               325 	adc	#0x00
   0181 B7*02               326 	sta	*_malloc_sloc1_1_0
   0183 55*02               327 	ldhx	*_malloc_sloc1_1_0
   0185 F6                  328 	lda	,x
   0186 AF 01               329 	aix	#1
   0188 B7*02               330 	sta	*_malloc_sloc1_1_0
   018A F6                  331 	lda	,x
   018B B7*03               332 	sta	*(_malloc_sloc1_1_0 + 1)
   018D BA*02               333 	ora	*_malloc_sloc1_1_0
   018F 26 1D               334 	bne	00113$
   0191                     335 00132$:
                            336 ;../_malloc.c:219: current_header->len = size; //for first allocation
   0191 C6s00r07            337 	lda	(_malloc_current_header_1_1 + 1)
   0194 AB 02               338 	add	#0x02
   0196 B7*03               339 	sta	*(_malloc_sloc1_1_0 + 1)
   0198 C6s00r06            340 	lda	_malloc_current_header_1_1
   019B A9 00               341 	adc	#0x00
   019D B7*02               342 	sta	*_malloc_sloc1_1_0
   019F 55*02               343 	ldhx	*_malloc_sloc1_1_0
   01A1 C6s00r04            344 	lda	_malloc_size_1_1
   01A4 F7                  345 	sta	,x
   01A5 AF 01               346 	aix	#1
   01A7 C6s00r05            347 	lda	(_malloc_size_1_1 + 1)
   01AA F7                  348 	sta	,x
   01AB CCs02r32            349 	jmp	00116$
   01AE                     350 00113$:
                            351 ;../_malloc.c:223: new_header = (MEMHEADER __xdata * )((char __xdata *)current_header + current_header->len);
   01AE C6s00r07            352 	lda	(_malloc_current_header_1_1 + 1)
   01B1 AB 02               353 	add	#0x02
   01B3 B7*03               354 	sta	*(_malloc_sloc1_1_0 + 1)
   01B5 C6s00r06            355 	lda	_malloc_current_header_1_1
   01B8 A9 00               356 	adc	#0x00
   01BA B7*02               357 	sta	*_malloc_sloc1_1_0
   01BC 55*02               358 	ldhx	*_malloc_sloc1_1_0
   01BE F6                  359 	lda	,x
   01BF AF 01               360 	aix	#1
   01C1 B7*02               361 	sta	*_malloc_sloc1_1_0
   01C3 F6                  362 	lda	,x
   01C4 B7*03               363 	sta	*(_malloc_sloc1_1_0 + 1)
   01C6 C6s00r07            364 	lda	(_malloc_current_header_1_1 + 1)
   01C9 BB*03               365 	add	*(_malloc_sloc1_1_0 + 1)
   01CB C7s00r09            366 	sta	(_malloc_new_header_1_1 + 1)
   01CE C6s00r06            367 	lda	_malloc_current_header_1_1
   01D1 B9*02               368 	adc	*_malloc_sloc1_1_0
   01D3 C7s00r08            369 	sta	_malloc_new_header_1_1
                            370 ;../_malloc.c:224: new_header->next = current_header->next; //and plug it into the chain
   01D6 C6s00r06            371 	lda	_malloc_current_header_1_1
   01D9 CEs00r07            372 	ldx	(_malloc_current_header_1_1 + 1)
   01DC 87                  373 	psha
   01DD 8A                  374 	pulh
   01DE F6                  375 	lda	,x
   01DF AF 01               376 	aix	#1
   01E1 B7*02               377 	sta	*_malloc_sloc1_1_0
   01E3 F6                  378 	lda	,x
   01E4 B7*03               379 	sta	*(_malloc_sloc1_1_0 + 1)
   01E6 C6s00r08            380 	lda	_malloc_new_header_1_1
   01E9 CEs00r09            381 	ldx	(_malloc_new_header_1_1 + 1)
   01EC 87                  382 	psha
   01ED 8A                  383 	pulh
   01EE B6*02               384 	lda	*_malloc_sloc1_1_0
   01F0 F7                  385 	sta	,x
   01F1 AF 01               386 	aix	#1
   01F3 B6*03               387 	lda	*(_malloc_sloc1_1_0 + 1)
   01F5 F7                  388 	sta	,x
                            389 ;../_malloc.c:225: current_header->next  = new_header;
   01F6 C6s00r06            390 	lda	_malloc_current_header_1_1
   01F9 CEs00r07            391 	ldx	(_malloc_current_header_1_1 + 1)
   01FC 87                  392 	psha
   01FD 8A                  393 	pulh
   01FE C6s00r08            394 	lda	_malloc_new_header_1_1
   0201 F7                  395 	sta	,x
   0202 AF 01               396 	aix	#1
   0204 C6s00r09            397 	lda	(_malloc_new_header_1_1 + 1)
   0207 F7                  398 	sta	,x
                            399 ;../_malloc.c:226: new_header->len  = size; //mark as used
   0208 C6s00r09            400 	lda	(_malloc_new_header_1_1 + 1)
   020B AB 02               401 	add	#0x02
   020D B7*03               402 	sta	*(_malloc_sloc1_1_0 + 1)
   020F C6s00r08            403 	lda	_malloc_new_header_1_1
   0212 A9 00               404 	adc	#0x00
   0214 B7*02               405 	sta	*_malloc_sloc1_1_0
   0216 55*02               406 	ldhx	*_malloc_sloc1_1_0
   0218 C6s00r04            407 	lda	_malloc_size_1_1
   021B F7                  408 	sta	,x
   021C AF 01               409 	aix	#1
   021E C6s00r05            410 	lda	(_malloc_size_1_1 + 1)
   0221 F7                  411 	sta	,x
                            412 ;../_malloc.c:227: ret = new_header->mem;
   0222 C6s00r09            413 	lda	(_malloc_new_header_1_1 + 1)
   0225 AB 04               414 	add	#0x04
   0227 C7s00r0B            415 	sta	(_malloc_ret_1_1 + 1)
   022A C6s00r08            416 	lda	_malloc_new_header_1_1
   022D A9 00               417 	adc	#0x00
   022F C7s00r0A            418 	sta	_malloc_ret_1_1
   0232                     419 00116$:
                            420 ;../_malloc.c:231: return ret;
   0232 CEs00r0A            421 	ldx	_malloc_ret_1_1
   0235 C6s00r0B            422 	lda	(_malloc_ret_1_1 + 1)
   0238                     423 00117$:
   0238 81                  424 	rts
                            425 	.area CSEG (CODE)
                            426 	.area CONST   (CODE)
                            427 	.area XINIT
   0000                     428 __xinit___sdcc_first_memheader:
   0000 00 00               429 	.dw #0x0000
                            430 	.area CABS    (ABS,CODE)
