                              1 ;--------------------------------------------------------
                              2 ; File Created by SDCC : free open source ANSI-C Compiler
                              3 ; Version 2.9.4 #5595 (Oct 23 2013) (Mac OS X ppc)
                              4 ; This file was generated Wed Oct 23 12:25:38 2013
                              5 ;--------------------------------------------------------
                              6 	.module abs
                              7 	.optsdcc -mhc08
                              8 	
                              9 	.area HOME (CODE)
                             10 	.area GSINIT0 (CODE)
                             11 	.area GSINIT (CODE)
                             12 	.area GSFINAL (CODE)
                             13 	.area CSEG (CODE)
                             14 	.area XINIT
                             15 	.area CONST   (CODE)
                             16 	.area DSEG
                             17 	.area OSEG    (OVR)
                             18 	.area BSEG
                             19 	.area XSEG
                             20 	.area XISEG
                             21 ;--------------------------------------------------------
                             22 ; Public variables in this module
                             23 ;--------------------------------------------------------
                             24 	.globl _abs
                             25 ;--------------------------------------------------------
                             26 ;  ram data
                             27 ;--------------------------------------------------------
                             28 	.area DSEG
                             29 ;--------------------------------------------------------
                             30 ; overlayable items in  ram 
                             31 ;--------------------------------------------------------
                             32 	.area	OSEG    (OVR)
   0000                      33 _abs_sloc0_1_0::
   0000                      34 	.ds 2
                             35 ;--------------------------------------------------------
                             36 ; absolute external ram data
                             37 ;--------------------------------------------------------
                             38 	.area XABS    (ABS)
                             39 ;--------------------------------------------------------
                             40 ; external initialized ram data
                             41 ;--------------------------------------------------------
                             42 	.area XISEG
                             43 ;--------------------------------------------------------
                             44 ; extended address mode data
                             45 ;--------------------------------------------------------
                             46 	.area XSEG
   0000                      47 _abs_j_1_1:
   0000                      48 	.ds 2
                             49 ;--------------------------------------------------------
                             50 ; global & static initialisations
                             51 ;--------------------------------------------------------
                             52 	.area HOME (CODE)
                             53 	.area GSINIT (CODE)
                             54 	.area GSFINAL (CODE)
                             55 	.area GSINIT (CODE)
                             56 ;--------------------------------------------------------
                             57 ; Home
                             58 ;--------------------------------------------------------
                             59 	.area HOME (CODE)
                             60 	.area HOME (CODE)
                             61 ;--------------------------------------------------------
                             62 ; code
                             63 ;--------------------------------------------------------
                             64 	.area CSEG (CODE)
                             65 ;------------------------------------------------------------
                             66 ;Allocation info for local variables in function 'abs'
                             67 ;------------------------------------------------------------
                             68 ;j                         Allocated with name '_abs_j_1_1'
                             69 ;sloc0                     Allocated with name '_abs_sloc0_1_0'
                             70 ;------------------------------------------------------------
                             71 ;../abs.c:23: int abs(int j)
                             72 ;	-----------------------------------------
                             73 ;	 function abs
                             74 ;	-----------------------------------------
   0000                      75 _abs:
   0000 C7s00r01             76 	sta	(_abs_j_1_1 + 1)
   0003 CFs00r00             77 	stx	_abs_j_1_1
                             78 ;../abs.c:25: return (j >= 0) ? j : -j;
   0006 C6s00r00             79 	lda	_abs_j_1_1
   0009 A0 00                80 	sub	#0x00
   000B 91 03                81 	blt	00106$
   000D 4F                   82 	clra
   000E 20 02                83 	bra	00107$
   0010                      84 00106$:
   0010 A6 01                85 	lda	#0x01
   0012                      86 00107$:
   0012 4D                   87 	tsta
   0013 27 02                88 	beq	00108$
   0015 A6 01                89 	lda	#0x01
   0017                      90 00108$:
   0017 A8 01                91 	eor	#0x01
   0019 4D                   92 	tsta
   001A 27 0C                93 	beq	00103$
   001C                      94 00109$:
   001C C6s00r00             95 	lda	_abs_j_1_1
   001F B7*00                96 	sta	*_abs_sloc0_1_0
   0021 C6s00r01             97 	lda	(_abs_j_1_1 + 1)
   0024 B7*01                98 	sta	*(_abs_sloc0_1_0 + 1)
   0026 20 0C                99 	bra	00104$
   0028                     100 00103$:
   0028 4F                  101 	clra
   0029 C0s00r01            102 	sub	(_abs_j_1_1 + 1)
   002C B7*01               103 	sta	*(_abs_sloc0_1_0 + 1)
   002E 4F                  104 	clra
   002F C2s00r00            105 	sbc	_abs_j_1_1
   0032 B7*00               106 	sta	*_abs_sloc0_1_0
   0034                     107 00104$:
   0034 BE*00               108 	ldx	*_abs_sloc0_1_0
   0036 B6*01               109 	lda	*(_abs_sloc0_1_0 + 1)
   0038                     110 00101$:
   0038 81                  111 	rts
                            112 	.area CSEG (CODE)
                            113 	.area CONST   (CODE)
                            114 	.area XINIT
                            115 	.area CABS    (ABS,CODE)
