                              1 ;--------------------------------------------------------
                              2 ; File Created by SDCC : free open source ANSI-C Compiler
                              3 ; Version 2.9.4 #5595 (Oct 23 2013) (Mac OS X ppc)
                              4 ; This file was generated Wed Oct 23 12:25:38 2013
                              5 ;--------------------------------------------------------
                              6 	.module atan2f
                              7 	.optsdcc -mhc08
                              8 	
                              9 	.area HOME (CODE)
                             10 	.area GSINIT0 (CODE)
                             11 	.area GSINIT (CODE)
                             12 	.area GSFINAL (CODE)
                             13 	.area CSEG (CODE)
                             14 	.area XINIT
                             15 	.area CONST   (CODE)
                             16 	.area DSEG
                             17 	.area OSEG    (OVR)
                             18 	.area BSEG
                             19 	.area XSEG
                             20 	.area XISEG
                             21 ;--------------------------------------------------------
                             22 ; Public variables in this module
                             23 ;--------------------------------------------------------
                             24 	.globl _atan2f_PARM_2
                             25 	.globl _atan2f_PARM_1
                             26 	.globl _atan2f
                             27 ;--------------------------------------------------------
                             28 ;  ram data
                             29 ;--------------------------------------------------------
                             30 	.area DSEG
   0000                      31 _atan2f_sloc0_1_0:
   0000                      32 	.ds 1
   0001                      33 _atan2f_sloc1_1_0:
   0001                      34 	.ds 4
                             35 ;--------------------------------------------------------
                             36 ; overlayable items in  ram 
                             37 ;--------------------------------------------------------
                             38 	.area OSEG    (OVR)
                             39 ;--------------------------------------------------------
                             40 ; absolute external ram data
                             41 ;--------------------------------------------------------
                             42 	.area XABS    (ABS)
                             43 ;--------------------------------------------------------
                             44 ; external initialized ram data
                             45 ;--------------------------------------------------------
                             46 	.area XISEG
                             47 ;--------------------------------------------------------
                             48 ; extended address mode data
                             49 ;--------------------------------------------------------
                             50 	.area XSEG
   0000                      51 _atan2f_PARM_1:
   0000                      52 	.ds 4
   0004                      53 _atan2f_PARM_2:
   0004                      54 	.ds 4
   0008                      55 _atan2f_r_1_1:
   0008                      56 	.ds 4
                             57 ;--------------------------------------------------------
                             58 ; global & static initialisations
                             59 ;--------------------------------------------------------
                             60 	.area HOME (CODE)
                             61 	.area GSINIT (CODE)
                             62 	.area GSFINAL (CODE)
                             63 	.area GSINIT (CODE)
                             64 ;--------------------------------------------------------
                             65 ; Home
                             66 ;--------------------------------------------------------
                             67 	.area HOME (CODE)
                             68 	.area HOME (CODE)
                             69 ;--------------------------------------------------------
                             70 ; code
                             71 ;--------------------------------------------------------
                             72 	.area CSEG (CODE)
                             73 ;------------------------------------------------------------
                             74 ;Allocation info for local variables in function 'atan2f'
                             75 ;------------------------------------------------------------
                             76 ;sloc0                     Allocated with name '_atan2f_sloc0_1_0'
                             77 ;sloc1                     Allocated with name '_atan2f_sloc1_1_0'
                             78 ;x                         Allocated with name '_atan2f_PARM_1'
                             79 ;y                         Allocated with name '_atan2f_PARM_2'
                             80 ;r                         Allocated with name '_atan2f_r_1_1'
                             81 ;------------------------------------------------------------
                             82 ;../atan2f.c:24: float atan2f(const float x, const float y)
                             83 ;	-----------------------------------------
                             84 ;	 function atan2f
                             85 ;	-----------------------------------------
   0000                      86 _atan2f:
                             87 ;../atan2f.c:28: if ((x==0.0) && (y==0.0))
   0000 C6s00r03             88 	lda	(_atan2f_PARM_1 + 3)
   0003 CAs00r02             89 	ora	(_atan2f_PARM_1 + 2)
   0006 CAs00r01             90 	ora	(_atan2f_PARM_1 + 1)
   0009 CAs00r00             91 	ora	_atan2f_PARM_1
   000C 26 1E                92 	bne	00102$
   000E                      93 00121$:
   000E C6s00r07             94 	lda	(_atan2f_PARM_2 + 3)
   0011 CAs00r06             95 	ora	(_atan2f_PARM_2 + 2)
   0014 CAs00r05             96 	ora	(_atan2f_PARM_2 + 1)
   0017 CAs00r04             97 	ora	_atan2f_PARM_2
   001A 26 10                98 	bne	00102$
   001C                      99 00122$:
                            100 ;../atan2f.c:30: errno=EDOM;
   001C 4F                  101 	clra
   001D C7s00r00            102 	sta	_errno
   0020 A6 21               103 	lda	#0x21
   0022 C7s00r01            104 	sta	(_errno + 1)
                            105 ;../atan2f.c:31: return 0.0;
   0025 3F*00               106 	clr	*__ret3
   0027 3F*00               107 	clr	*__ret2
   0029 5F                  108 	clrx
   002A 4F                  109 	clra
   002B 81                  110 	rts
   002C                     111 00102$:
                            112 ;../atan2f.c:34: if(fabsf(y)>=fabsf(x))
   002C C6s00r07            113 	lda	(_atan2f_PARM_2 + 3)
   002F 87                  114 	psha
   0030 C6s00r06            115 	lda	(_atan2f_PARM_2 + 2)
   0033 87                  116 	psha
   0034 C6s00r05            117 	lda	(_atan2f_PARM_2 + 1)
   0037 87                  118 	psha
   0038 C6s00r04            119 	lda	_atan2f_PARM_2
   003B 87                  120 	psha
   003C CDs00r00            121 	jsr	_fabsf
   003F C7s00r03            122 	sta	(___fslt_PARM_1 + 3)
   0042 CFs00r02            123 	stx	(___fslt_PARM_1 + 2)
   0045 B6*00               124 	lda	*__ret2
   0047 C7s00r01            125 	sta	(___fslt_PARM_1 + 1)
   004A B6*00               126 	lda	*__ret3
   004C C7s00r00            127 	sta	___fslt_PARM_1
   004F A7 04               128 	ais	#4
   0051 C6s00r03            129 	lda	(_atan2f_PARM_1 + 3)
   0054 87                  130 	psha
   0055 C6s00r02            131 	lda	(_atan2f_PARM_1 + 2)
   0058 87                  132 	psha
   0059 C6s00r01            133 	lda	(_atan2f_PARM_1 + 1)
   005C 87                  134 	psha
   005D C6s00r00            135 	lda	_atan2f_PARM_1
   0060 87                  136 	psha
   0061 CDs00r00            137 	jsr	_fabsf
   0064 C7s00r03            138 	sta	(___fslt_PARM_2 + 3)
   0067 CFs00r02            139 	stx	(___fslt_PARM_2 + 2)
   006A B6*00               140 	lda	*__ret2
   006C C7s00r01            141 	sta	(___fslt_PARM_2 + 1)
   006F B6*00               142 	lda	*__ret3
   0071 C7s00r00            143 	sta	___fslt_PARM_2
   0074 A7 04               144 	ais	#4
   0076 CDs00r00            145 	jsr	___fslt
   0079 B7*00               146 	sta	*_atan2f_sloc0_1_0
   007B 3D*00               147 	tst	*_atan2f_sloc0_1_0
   007D 27 03               148 	beq	00123$
   007F CCs01r9D            149 	jmp	00107$
   0082                     150 00123$:
                            151 ;../atan2f.c:36: r=atanf(x/y);
   0082 C6s00r00            152 	lda	_atan2f_PARM_1
   0085 C7s00r00            153 	sta	___fsdiv_PARM_1
   0088 C6s00r01            154 	lda	(_atan2f_PARM_1 + 1)
   008B C7s00r01            155 	sta	(___fsdiv_PARM_1 + 1)
   008E C6s00r02            156 	lda	(_atan2f_PARM_1 + 2)
   0091 C7s00r02            157 	sta	(___fsdiv_PARM_1 + 2)
   0094 C6s00r03            158 	lda	(_atan2f_PARM_1 + 3)
   0097 C7s00r03            159 	sta	(___fsdiv_PARM_1 + 3)
   009A C6s00r04            160 	lda	_atan2f_PARM_2
   009D C7s00r00            161 	sta	___fsdiv_PARM_2
   00A0 C6s00r05            162 	lda	(_atan2f_PARM_2 + 1)
   00A3 C7s00r01            163 	sta	(___fsdiv_PARM_2 + 1)
   00A6 C6s00r06            164 	lda	(_atan2f_PARM_2 + 2)
   00A9 C7s00r02            165 	sta	(___fsdiv_PARM_2 + 2)
   00AC C6s00r07            166 	lda	(_atan2f_PARM_2 + 3)
   00AF C7s00r03            167 	sta	(___fsdiv_PARM_2 + 3)
   00B2 CDs00r00            168 	jsr	___fsdiv
   00B5 B7*04               169 	sta	*(_atan2f_sloc1_1_0 + 3)
   00B7 BF*03               170 	stx	*(_atan2f_sloc1_1_0 + 2)
   00B9 4E*00*02            171 	mov	*__ret2,*(_atan2f_sloc1_1_0 + 1)
   00BC 4E*00*01            172 	mov	*__ret3,*_atan2f_sloc1_1_0
   00BF B6*04               173 	lda	*(_atan2f_sloc1_1_0 + 3)
   00C1 87                  174 	psha
   00C2 B6*03               175 	lda	*(_atan2f_sloc1_1_0 + 2)
   00C4 87                  176 	psha
   00C5 B6*02               177 	lda	*(_atan2f_sloc1_1_0 + 1)
   00C7 87                  178 	psha
   00C8 B6*01               179 	lda	*_atan2f_sloc1_1_0
   00CA 87                  180 	psha
   00CB CDs00r00            181 	jsr	_atanf
   00CE C7s00r0B            182 	sta	(_atan2f_r_1_1 + 3)
   00D1 CFs00r0A            183 	stx	(_atan2f_r_1_1 + 2)
   00D4 B6*00               184 	lda	*__ret2
   00D6 C7s00r09            185 	sta	(_atan2f_r_1_1 + 1)
   00D9 B6*00               186 	lda	*__ret3
   00DB C7s00r08            187 	sta	_atan2f_r_1_1
   00DE A7 04               188 	ais	#4
                            189 ;../atan2f.c:37: if(y<0.0) r+=(x>=0?PI:-PI);
   00E0 C6s00r04            190 	lda	_atan2f_PARM_2
   00E3 C7s00r00            191 	sta	___fslt_PARM_1
   00E6 C6s00r05            192 	lda	(_atan2f_PARM_2 + 1)
   00E9 C7s00r01            193 	sta	(___fslt_PARM_1 + 1)
   00EC C6s00r06            194 	lda	(_atan2f_PARM_2 + 2)
   00EF C7s00r02            195 	sta	(___fslt_PARM_1 + 2)
   00F2 C6s00r07            196 	lda	(_atan2f_PARM_2 + 3)
   00F5 C7s00r03            197 	sta	(___fslt_PARM_1 + 3)
   00F8 4F                  198 	clra
   00F9 C7s00r00            199 	sta	___fslt_PARM_2
   00FC C7s00r01            200 	sta	(___fslt_PARM_2 + 1)
   00FF C7s00r02            201 	sta	(___fslt_PARM_2 + 2)
   0102 C7s00r03            202 	sta	(___fslt_PARM_2 + 3)
   0105 CDs00r00            203 	jsr	___fslt
   0108 B7*01               204 	sta	*_atan2f_sloc1_1_0
   010A 3D*01               205 	tst	*_atan2f_sloc1_1_0
   010C 26 03               206 	bne	00124$
   010E CCs02r8F            207 	jmp	00108$
   0111                     208 00124$:
   0111 C6s00r00            209 	lda	_atan2f_PARM_1
   0114 C7s00r00            210 	sta	___fslt_PARM_1
   0117 C6s00r01            211 	lda	(_atan2f_PARM_1 + 1)
   011A C7s00r01            212 	sta	(___fslt_PARM_1 + 1)
   011D C6s00r02            213 	lda	(_atan2f_PARM_1 + 2)
   0120 C7s00r02            214 	sta	(___fslt_PARM_1 + 2)
   0123 C6s00r03            215 	lda	(_atan2f_PARM_1 + 3)
   0126 C7s00r03            216 	sta	(___fslt_PARM_1 + 3)
   0129 4F                  217 	clra
   012A C7s00r00            218 	sta	___fslt_PARM_2
   012D C7s00r01            219 	sta	(___fslt_PARM_2 + 1)
   0130 C7s00r02            220 	sta	(___fslt_PARM_2 + 2)
   0133 C7s00r03            221 	sta	(___fslt_PARM_2 + 3)
   0136 CDs00r00            222 	jsr	___fslt
   0139 B7*01               223 	sta	*_atan2f_sloc1_1_0
   013B 27 02               224 	beq	00125$
   013D A6 01               225 	lda	#0x01
   013F                     226 00125$:
   013F A8 01               227 	eor	#0x01
   0141 4D                  228 	tsta
   0142 27 0B               229 	beq	00111$
   0144                     230 00126$:
   0144 3F*01               231 	clr	*_atan2f_sloc1_1_0
   0146 3F*02               232 	clr	*(_atan2f_sloc1_1_0 + 1)
   0148 3F*03               233 	clr	*(_atan2f_sloc1_1_0 + 2)
   014A 6E DB*04            234 	mov	#0xDB,*(_atan2f_sloc1_1_0 + 3)
   014D 20 0C               235 	bra	00112$
   014F                     236 00111$:
   014F 6E C0*01            237 	mov	#0xC0,*_atan2f_sloc1_1_0
   0152 6E 49*02            238 	mov	#0x49,*(_atan2f_sloc1_1_0 + 1)
   0155 6E 0F*03            239 	mov	#0x0F,*(_atan2f_sloc1_1_0 + 2)
   0158 6E DB*04            240 	mov	#0xDB,*(_atan2f_sloc1_1_0 + 3)
   015B                     241 00112$:
   015B C6s00r08            242 	lda	_atan2f_r_1_1
   015E C7s00r00            243 	sta	___fsadd_PARM_1
   0161 C6s00r09            244 	lda	(_atan2f_r_1_1 + 1)
   0164 C7s00r01            245 	sta	(___fsadd_PARM_1 + 1)
   0167 C6s00r0A            246 	lda	(_atan2f_r_1_1 + 2)
   016A C7s00r02            247 	sta	(___fsadd_PARM_1 + 2)
   016D C6s00r0B            248 	lda	(_atan2f_r_1_1 + 3)
   0170 C7s00r03            249 	sta	(___fsadd_PARM_1 + 3)
   0173 B6*01               250 	lda	*_atan2f_sloc1_1_0
   0175 C7s00r00            251 	sta	___fsadd_PARM_2
   0178 B6*02               252 	lda	*(_atan2f_sloc1_1_0 + 1)
   017A C7s00r01            253 	sta	(___fsadd_PARM_2 + 1)
   017D B6*03               254 	lda	*(_atan2f_sloc1_1_0 + 2)
   017F C7s00r02            255 	sta	(___fsadd_PARM_2 + 2)
   0182 B6*04               256 	lda	*(_atan2f_sloc1_1_0 + 3)
   0184 C7s00r03            257 	sta	(___fsadd_PARM_2 + 3)
   0187 CDs00r00            258 	jsr	___fsadd
   018A C7s00r0B            259 	sta	(_atan2f_r_1_1 + 3)
   018D CFs00r0A            260 	stx	(_atan2f_r_1_1 + 2)
   0190 B6*00               261 	lda	*__ret2
   0192 C7s00r09            262 	sta	(_atan2f_r_1_1 + 1)
   0195 B6*00               263 	lda	*__ret3
   0197 C7s00r08            264 	sta	_atan2f_r_1_1
   019A CCs02r8F            265 	jmp	00108$
   019D                     266 00107$:
                            267 ;../atan2f.c:41: r=-atanf(y/x);
   019D C6s00r04            268 	lda	_atan2f_PARM_2
   01A0 C7s00r00            269 	sta	___fsdiv_PARM_1
   01A3 C6s00r05            270 	lda	(_atan2f_PARM_2 + 1)
   01A6 C7s00r01            271 	sta	(___fsdiv_PARM_1 + 1)
   01A9 C6s00r06            272 	lda	(_atan2f_PARM_2 + 2)
   01AC C7s00r02            273 	sta	(___fsdiv_PARM_1 + 2)
   01AF C6s00r07            274 	lda	(_atan2f_PARM_2 + 3)
   01B2 C7s00r03            275 	sta	(___fsdiv_PARM_1 + 3)
   01B5 C6s00r00            276 	lda	_atan2f_PARM_1
   01B8 C7s00r00            277 	sta	___fsdiv_PARM_2
   01BB C6s00r01            278 	lda	(_atan2f_PARM_1 + 1)
   01BE C7s00r01            279 	sta	(___fsdiv_PARM_2 + 1)
   01C1 C6s00r02            280 	lda	(_atan2f_PARM_1 + 2)
   01C4 C7s00r02            281 	sta	(___fsdiv_PARM_2 + 2)
   01C7 C6s00r03            282 	lda	(_atan2f_PARM_1 + 3)
   01CA C7s00r03            283 	sta	(___fsdiv_PARM_2 + 3)
   01CD CDs00r00            284 	jsr	___fsdiv
   01D0 B7*04               285 	sta	*(_atan2f_sloc1_1_0 + 3)
   01D2 BF*03               286 	stx	*(_atan2f_sloc1_1_0 + 2)
   01D4 4E*00*02            287 	mov	*__ret2,*(_atan2f_sloc1_1_0 + 1)
   01D7 4E*00*01            288 	mov	*__ret3,*_atan2f_sloc1_1_0
   01DA B6*04               289 	lda	*(_atan2f_sloc1_1_0 + 3)
   01DC 87                  290 	psha
   01DD B6*03               291 	lda	*(_atan2f_sloc1_1_0 + 2)
   01DF 87                  292 	psha
   01E0 B6*02               293 	lda	*(_atan2f_sloc1_1_0 + 1)
   01E2 87                  294 	psha
   01E3 B6*01               295 	lda	*_atan2f_sloc1_1_0
   01E5 87                  296 	psha
   01E6 CDs00r00            297 	jsr	_atanf
   01E9 B7*04               298 	sta	*(_atan2f_sloc1_1_0 + 3)
   01EB BF*03               299 	stx	*(_atan2f_sloc1_1_0 + 2)
   01ED 4E*00*02            300 	mov	*__ret2,*(_atan2f_sloc1_1_0 + 1)
   01F0 4E*00*01            301 	mov	*__ret3,*_atan2f_sloc1_1_0
   01F3 A7 04               302 	ais	#4
   01F5 B6*04               303 	lda	*(_atan2f_sloc1_1_0 + 3)
   01F7 C7s00r0B            304 	sta	(_atan2f_r_1_1 + 3)
   01FA B6*03               305 	lda	*(_atan2f_sloc1_1_0 + 2)
   01FC C7s00r0A            306 	sta	(_atan2f_r_1_1 + 2)
   01FF B6*02               307 	lda	*(_atan2f_sloc1_1_0 + 1)
   0201 C7s00r09            308 	sta	(_atan2f_r_1_1 + 1)
   0204 B6*01               309 	lda	*_atan2f_sloc1_1_0
   0206 A8 80               310 	eor	#0x80
   0208 C7s00r08            311 	sta	_atan2f_r_1_1
                            312 ;../atan2f.c:42: r+=(x<0.0?-HALF_PI:HALF_PI);
   020B C6s00r00            313 	lda	_atan2f_PARM_1
   020E C7s00r00            314 	sta	___fslt_PARM_1
   0211 C6s00r01            315 	lda	(_atan2f_PARM_1 + 1)
   0214 C7s00r01            316 	sta	(___fslt_PARM_1 + 1)
   0217 C6s00r02            317 	lda	(_atan2f_PARM_1 + 2)
   021A C7s00r02            318 	sta	(___fslt_PARM_1 + 2)
   021D C6s00r03            319 	lda	(_atan2f_PARM_1 + 3)
   0220 C7s00r03            320 	sta	(___fslt_PARM_1 + 3)
   0223 4F                  321 	clra
   0224 C7s00r00            322 	sta	___fslt_PARM_2
   0227 C7s00r01            323 	sta	(___fslt_PARM_2 + 1)
   022A C7s00r02            324 	sta	(___fslt_PARM_2 + 2)
   022D C7s00r03            325 	sta	(___fslt_PARM_2 + 3)
   0230 CDs00r00            326 	jsr	___fslt
   0233 B7*01               327 	sta	*_atan2f_sloc1_1_0
   0235 3D*01               328 	tst	*_atan2f_sloc1_1_0
   0237 27 0E               329 	beq	00113$
   0239                     330 00127$:
   0239 6E BF*01            331 	mov	#0xBF,*_atan2f_sloc1_1_0
   023C 6E C9*02            332 	mov	#0xC9,*(_atan2f_sloc1_1_0 + 1)
   023F 6E 0F*03            333 	mov	#0x0F,*(_atan2f_sloc1_1_0 + 2)
   0242 6E DB*04            334 	mov	#0xDB,*(_atan2f_sloc1_1_0 + 3)
   0245 20 09               335 	bra	00114$
   0247                     336 00113$:
   0247 3F*01               337 	clr	*_atan2f_sloc1_1_0
   0249 3F*02               338 	clr	*(_atan2f_sloc1_1_0 + 1)
   024B 3F*03               339 	clr	*(_atan2f_sloc1_1_0 + 2)
   024D 6E DB*04            340 	mov	#0xDB,*(_atan2f_sloc1_1_0 + 3)
   0250                     341 00114$:
   0250 C6s00r08            342 	lda	_atan2f_r_1_1
   0253 C7s00r00            343 	sta	___fsadd_PARM_1
   0256 C6s00r09            344 	lda	(_atan2f_r_1_1 + 1)
   0259 C7s00r01            345 	sta	(___fsadd_PARM_1 + 1)
   025C C6s00r0A            346 	lda	(_atan2f_r_1_1 + 2)
   025F C7s00r02            347 	sta	(___fsadd_PARM_1 + 2)
   0262 C6s00r0B            348 	lda	(_atan2f_r_1_1 + 3)
   0265 C7s00r03            349 	sta	(___fsadd_PARM_1 + 3)
   0268 B6*01               350 	lda	*_atan2f_sloc1_1_0
   026A C7s00r00            351 	sta	___fsadd_PARM_2
   026D B6*02               352 	lda	*(_atan2f_sloc1_1_0 + 1)
   026F C7s00r01            353 	sta	(___fsadd_PARM_2 + 1)
   0272 B6*03               354 	lda	*(_atan2f_sloc1_1_0 + 2)
   0274 C7s00r02            355 	sta	(___fsadd_PARM_2 + 2)
   0277 B6*04               356 	lda	*(_atan2f_sloc1_1_0 + 3)
   0279 C7s00r03            357 	sta	(___fsadd_PARM_2 + 3)
   027C CDs00r00            358 	jsr	___fsadd
   027F C7s00r0B            359 	sta	(_atan2f_r_1_1 + 3)
   0282 CFs00r0A            360 	stx	(_atan2f_r_1_1 + 2)
   0285 B6*00               361 	lda	*__ret2
   0287 C7s00r09            362 	sta	(_atan2f_r_1_1 + 1)
   028A B6*00               363 	lda	*__ret3
   028C C7s00r08            364 	sta	_atan2f_r_1_1
   028F                     365 00108$:
                            366 ;../atan2f.c:44: return r;
   028F C6s00r08            367 	lda	_atan2f_r_1_1
   0292 B7*00               368 	sta	*__ret3
   0294 C6s00r09            369 	lda	(_atan2f_r_1_1 + 1)
   0297 B7*00               370 	sta	*__ret2
   0299 CEs00r0A            371 	ldx	(_atan2f_r_1_1 + 2)
   029C C6s00r0B            372 	lda	(_atan2f_r_1_1 + 3)
   029F                     373 00109$:
   029F 81                  374 	rts
                            375 	.area CSEG (CODE)
                            376 	.area CONST   (CODE)
                            377 	.area XINIT
                            378 	.area CABS    (ABS,CODE)
