                              1 ;--------------------------------------------------------
                              2 ; File Created by SDCC : free open source ANSI-C Compiler
                              3 ; Version 2.9.4 #5595 (Oct 23 2013) (Mac OS X ppc)
                              4 ; This file was generated Wed Oct 23 12:25:38 2013
                              5 ;--------------------------------------------------------
                              6 	.module sincoshf
                              7 	.optsdcc -mhc08
                              8 	
                              9 	.area HOME (CODE)
                             10 	.area GSINIT0 (CODE)
                             11 	.area GSINIT (CODE)
                             12 	.area GSFINAL (CODE)
                             13 	.area CSEG (CODE)
                             14 	.area XINIT
                             15 	.area CONST   (CODE)
                             16 	.area DSEG
                             17 	.area OSEG    (OVR)
                             18 	.area BSEG
                             19 	.area XSEG
                             20 	.area XISEG
                             21 ;--------------------------------------------------------
                             22 ; Public variables in this module
                             23 ;--------------------------------------------------------
                             24 	.globl _sincoshf
                             25 	.globl _sincoshf_PARM_2
                             26 	.globl _sincoshf_PARM_1
                             27 ;--------------------------------------------------------
                             28 ;  ram data
                             29 ;--------------------------------------------------------
                             30 	.area DSEG
   0000                      31 _sincoshf_sloc0_1_0:
   0000                      32 	.ds 1
                             33 ;--------------------------------------------------------
                             34 ; overlayable items in  ram 
                             35 ;--------------------------------------------------------
                             36 	.area OSEG    (OVR)
                             37 ;--------------------------------------------------------
                             38 ; absolute external ram data
                             39 ;--------------------------------------------------------
                             40 	.area XABS    (ABS)
                             41 ;--------------------------------------------------------
                             42 ; external initialized ram data
                             43 ;--------------------------------------------------------
                             44 	.area XISEG
                             45 ;--------------------------------------------------------
                             46 ; extended address mode data
                             47 ;--------------------------------------------------------
                             48 	.area XSEG
   0000                      49 _sincoshf_PARM_1:
   0000                      50 	.ds 4
   0004                      51 _sincoshf_PARM_2:
   0004                      52 	.ds 2
   0006                      53 _sincoshf_y_1_1:
   0006                      54 	.ds 4
   000A                      55 _sincoshf_w_1_1:
   000A                      56 	.ds 4
   000E                      57 _sincoshf_z_1_1:
   000E                      58 	.ds 4
   0012                      59 _sincoshf_sign_1_1:
   0012                      60 	.ds 1
                             61 ;--------------------------------------------------------
                             62 ; global & static initialisations
                             63 ;--------------------------------------------------------
                             64 	.area HOME (CODE)
                             65 	.area GSINIT (CODE)
                             66 	.area GSFINAL (CODE)
                             67 	.area GSINIT (CODE)
                             68 ;--------------------------------------------------------
                             69 ; Home
                             70 ;--------------------------------------------------------
                             71 	.area HOME (CODE)
                             72 	.area HOME (CODE)
                             73 ;--------------------------------------------------------
                             74 ; code
                             75 ;--------------------------------------------------------
                             76 	.area CSEG (CODE)
                             77 ;------------------------------------------------------------
                             78 ;Allocation info for local variables in function 'sincoshf'
                             79 ;------------------------------------------------------------
                             80 ;sloc0                     Allocated with name '_sincoshf_sloc0_1_0'
                             81 ;x                         Allocated with name '_sincoshf_PARM_1'
                             82 ;iscosh                    Allocated with name '_sincoshf_PARM_2'
                             83 ;y                         Allocated with name '_sincoshf_y_1_1'
                             84 ;w                         Allocated with name '_sincoshf_w_1_1'
                             85 ;z                         Allocated with name '_sincoshf_z_1_1'
                             86 ;sign                      Allocated with name '_sincoshf_sign_1_1'
                             87 ;------------------------------------------------------------
                             88 ;../sincoshf.c:46: float sincoshf(const float x, const int iscosh)
                             89 ;	-----------------------------------------
                             90 ;	 function sincoshf
                             91 ;	-----------------------------------------
   0000                      92 _sincoshf:
                             93 ;../sincoshf.c:51: if (x<0.0) { y=-x; sign=1; }
   0000 C6s00r00             94 	lda	_sincoshf_PARM_1
   0003 C7s00r00             95 	sta	___fslt_PARM_1
   0006 C6s00r01             96 	lda	(_sincoshf_PARM_1 + 1)
   0009 C7s00r01             97 	sta	(___fslt_PARM_1 + 1)
   000C C6s00r02             98 	lda	(_sincoshf_PARM_1 + 2)
   000F C7s00r02             99 	sta	(___fslt_PARM_1 + 2)
   0012 C6s00r03            100 	lda	(_sincoshf_PARM_1 + 3)
   0015 C7s00r03            101 	sta	(___fslt_PARM_1 + 3)
   0018 4F                  102 	clra
   0019 C7s00r00            103 	sta	___fslt_PARM_2
   001C C7s00r01            104 	sta	(___fslt_PARM_2 + 1)
   001F C7s00r02            105 	sta	(___fslt_PARM_2 + 2)
   0022 C7s00r03            106 	sta	(___fslt_PARM_2 + 3)
   0025 CDs00r00            107 	jsr	___fslt
   0028 B7*00               108 	sta	*_sincoshf_sloc0_1_0
   002A 3D*00               109 	tst	*_sincoshf_sloc0_1_0
   002C 27 21               110 	beq	00102$
   002E                     111 00130$:
   002E C6s00r03            112 	lda	(_sincoshf_PARM_1 + 3)
   0031 C7s00r09            113 	sta	(_sincoshf_y_1_1 + 3)
   0034 C6s00r02            114 	lda	(_sincoshf_PARM_1 + 2)
   0037 C7s00r08            115 	sta	(_sincoshf_y_1_1 + 2)
   003A C6s00r01            116 	lda	(_sincoshf_PARM_1 + 1)
   003D C7s00r07            117 	sta	(_sincoshf_y_1_1 + 1)
   0040 C6s00r00            118 	lda	_sincoshf_PARM_1
   0043 A8 80               119 	eor	#0x80
   0045 C7s00r06            120 	sta	_sincoshf_y_1_1
   0048 A6 01               121 	lda	#0x01
   004A C7s00r12            122 	sta	_sincoshf_sign_1_1
   004D 20 1C               123 	bra	00103$
   004F                     124 00102$:
                            125 ;../sincoshf.c:52: else { y=x;  sign=0; }
   004F C6s00r00            126 	lda	_sincoshf_PARM_1
   0052 C7s00r06            127 	sta	_sincoshf_y_1_1
   0055 C6s00r01            128 	lda	(_sincoshf_PARM_1 + 1)
   0058 C7s00r07            129 	sta	(_sincoshf_y_1_1 + 1)
   005B C6s00r02            130 	lda	(_sincoshf_PARM_1 + 2)
   005E C7s00r08            131 	sta	(_sincoshf_y_1_1 + 2)
   0061 C6s00r03            132 	lda	(_sincoshf_PARM_1 + 3)
   0064 C7s00r09            133 	sta	(_sincoshf_y_1_1 + 3)
   0067 4F                  134 	clra
   0068 C7s00r12            135 	sta	_sincoshf_sign_1_1
   006B                     136 00103$:
                            137 ;../sincoshf.c:54: if ((y>1.0) || iscosh)
   006B C6s00r06            138 	lda	_sincoshf_y_1_1
   006E C7s00r00            139 	sta	___fsgt_PARM_1
   0071 C6s00r07            140 	lda	(_sincoshf_y_1_1 + 1)
   0074 C7s00r01            141 	sta	(___fsgt_PARM_1 + 1)
   0077 C6s00r08            142 	lda	(_sincoshf_y_1_1 + 2)
   007A C7s00r02            143 	sta	(___fsgt_PARM_1 + 2)
   007D C6s00r09            144 	lda	(_sincoshf_y_1_1 + 3)
   0080 C7s00r03            145 	sta	(___fsgt_PARM_1 + 3)
   0083 A6 3F               146 	lda	#0x3F
   0085 C7s00r00            147 	sta	___fsgt_PARM_2
   0088 A6 80               148 	lda	#0x80
   008A C7s00r01            149 	sta	(___fsgt_PARM_2 + 1)
   008D 4F                  150 	clra
   008E C7s00r02            151 	sta	(___fsgt_PARM_2 + 2)
   0091 C7s00r03            152 	sta	(___fsgt_PARM_2 + 3)
   0094 CDs00r00            153 	jsr	___fsgt
   0097 B7*00               154 	sta	*_sincoshf_sloc0_1_0
   0099 3D*00               155 	tst	*_sincoshf_sloc0_1_0
   009B 26 0B               156 	bne	00117$
   009D                     157 00131$:
   009D C6s00r05            158 	lda	(_sincoshf_PARM_2 + 1)
   00A0 CAs00r04            159 	ora	_sincoshf_PARM_2
   00A3 26 03               160 	bne	00132$
   00A5 CCs02rF0            161 	jmp	00118$
   00A8                     162 00132$:
   00A8                     163 00117$:
                            164 ;../sincoshf.c:56: if(y>YBAR)
   00A8 C6s00r06            165 	lda	_sincoshf_y_1_1
   00AB C7s00r00            166 	sta	___fsgt_PARM_1
   00AE C6s00r07            167 	lda	(_sincoshf_y_1_1 + 1)
   00B1 C7s00r01            168 	sta	(___fsgt_PARM_1 + 1)
   00B4 C6s00r08            169 	lda	(_sincoshf_y_1_1 + 2)
   00B7 C7s00r02            170 	sta	(___fsgt_PARM_1 + 2)
   00BA C6s00r09            171 	lda	(_sincoshf_y_1_1 + 3)
   00BD C7s00r03            172 	sta	(___fsgt_PARM_1 + 3)
   00C0 A6 41               173 	lda	#0x41
   00C2 C7s00r00            174 	sta	___fsgt_PARM_2
   00C5 A6 10               175 	lda	#0x10
   00C7 C7s00r01            176 	sta	(___fsgt_PARM_2 + 1)
   00CA 4F                  177 	clra
   00CB C7s00r02            178 	sta	(___fsgt_PARM_2 + 2)
   00CE C7s00r03            179 	sta	(___fsgt_PARM_2 + 3)
   00D1 CDs00r00            180 	jsr	___fsgt
   00D4 B7*00               181 	sta	*_sincoshf_sloc0_1_0
   00D6 3D*00               182 	tst	*_sincoshf_sloc0_1_0
   00D8 26 03               183 	bne	00133$
   00DA CCs02r01            184 	jmp	00110$
   00DD                     185 00133$:
                            186 ;../sincoshf.c:58: w=y-K1;
   00DD C6s00r06            187 	lda	_sincoshf_y_1_1
   00E0 C7s00r00            188 	sta	___fssub_PARM_1
   00E3 C6s00r07            189 	lda	(_sincoshf_y_1_1 + 1)
   00E6 C7s00r01            190 	sta	(___fssub_PARM_1 + 1)
   00E9 C6s00r08            191 	lda	(_sincoshf_y_1_1 + 2)
   00EC C7s00r02            192 	sta	(___fssub_PARM_1 + 2)
   00EF C6s00r09            193 	lda	(_sincoshf_y_1_1 + 3)
   00F2 C7s00r03            194 	sta	(___fssub_PARM_1 + 3)
   00F5 A6 3F               195 	lda	#0x3F
   00F7 C7s00r00            196 	sta	___fssub_PARM_2
   00FA A6 31               197 	lda	#0x31
   00FC C7s00r01            198 	sta	(___fssub_PARM_2 + 1)
   00FF A6 73               199 	lda	#0x73
   0101 C7s00r02            200 	sta	(___fssub_PARM_2 + 2)
   0104 4F                  201 	clra
   0105 C7s00r03            202 	sta	(___fssub_PARM_2 + 3)
   0108 CDs00r00            203 	jsr	___fssub
   010B C7s00r0D            204 	sta	(_sincoshf_w_1_1 + 3)
   010E CFs00r0C            205 	stx	(_sincoshf_w_1_1 + 2)
   0111 B6*00               206 	lda	*__ret2
   0113 C7s00r0B            207 	sta	(_sincoshf_w_1_1 + 1)
   0116 B6*00               208 	lda	*__ret3
                            209 ;../sincoshf.c:59: if (w>WMAX)
   0118 C7s00r0A            210 	sta	_sincoshf_w_1_1
   011B C7s00r00            211 	sta	___fsgt_PARM_1
   011E C6s00r0B            212 	lda	(_sincoshf_w_1_1 + 1)
   0121 C7s00r01            213 	sta	(___fsgt_PARM_1 + 1)
   0124 C6s00r0C            214 	lda	(_sincoshf_w_1_1 + 2)
   0127 C7s00r02            215 	sta	(___fsgt_PARM_1 + 2)
   012A C6s00r0D            216 	lda	(_sincoshf_w_1_1 + 3)
   012D C7s00r03            217 	sta	(___fsgt_PARM_1 + 3)
   0130 A6 42               218 	lda	#0x42
   0132 C7s00r00            219 	sta	___fsgt_PARM_2
   0135 A6 33               220 	lda	#0x33
   0137 C7s00r01            221 	sta	(___fsgt_PARM_2 + 1)
   013A A6 BD               222 	lda	#0xBD
   013C C7s00r02            223 	sta	(___fsgt_PARM_2 + 2)
   013F A6 CF               224 	lda	#0xCF
   0141 C7s00r03            225 	sta	(___fsgt_PARM_2 + 3)
   0144 CDs00r00            226 	jsr	___fsgt
   0147 B7*00               227 	sta	*_sincoshf_sloc0_1_0
   0149 3D*00               228 	tst	*_sincoshf_sloc0_1_0
   014B 27 1C               229 	beq	00105$
   014D                     230 00134$:
                            231 ;../sincoshf.c:61: errno=ERANGE;
   014D 4F                  232 	clra
   014E C7s00r00            233 	sta	_errno
   0151 A6 22               234 	lda	#0x22
   0153 C7s00r01            235 	sta	(_errno + 1)
                            236 ;../sincoshf.c:62: z=HUGE_VALF;
   0156 A6 7F               237 	lda	#0x7F
   0158 C7s00r0E            238 	sta	_sincoshf_z_1_1
   015B C7s00r0F            239 	sta	(_sincoshf_z_1_1 + 1)
   015E A6 FF               240 	lda	#0xFF
   0160 C7s00r10            241 	sta	(_sincoshf_z_1_1 + 2)
   0163 C7s00r11            242 	sta	(_sincoshf_z_1_1 + 3)
   0166 CCs02rDD            243 	jmp	00111$
   0169                     244 00105$:
                            245 ;../sincoshf.c:66: z=expf(w);
   0169 C6s00r0A            246 	lda	_sincoshf_w_1_1
   016C C7s00r00            247 	sta	_expf_PARM_1
   016F C6s00r0B            248 	lda	(_sincoshf_w_1_1 + 1)
   0172 C7s00r01            249 	sta	(_expf_PARM_1 + 1)
   0175 C6s00r0C            250 	lda	(_sincoshf_w_1_1 + 2)
   0178 C7s00r02            251 	sta	(_expf_PARM_1 + 2)
   017B C6s00r0D            252 	lda	(_sincoshf_w_1_1 + 3)
   017E C7s00r03            253 	sta	(_expf_PARM_1 + 3)
   0181 CDs00r00            254 	jsr	_expf
   0184 C7s00r11            255 	sta	(_sincoshf_z_1_1 + 3)
   0187 CFs00r10            256 	stx	(_sincoshf_z_1_1 + 2)
   018A B6*00               257 	lda	*__ret2
   018C C7s00r0F            258 	sta	(_sincoshf_z_1_1 + 1)
   018F B6*00               259 	lda	*__ret3
   0191 C7s00r0E            260 	sta	_sincoshf_z_1_1
                            261 ;../sincoshf.c:67: z+=K3*z;
   0194 A6 37               262 	lda	#0x37
   0196 C7s00r00            263 	sta	___fsmul_PARM_1
   0199 A6 68               264 	lda	#0x68
   019B C7s00r01            265 	sta	(___fsmul_PARM_1 + 1)
   019E A6 08               266 	lda	#0x08
   01A0 C7s00r02            267 	sta	(___fsmul_PARM_1 + 2)
   01A3 A6 97               268 	lda	#0x97
   01A5 C7s00r03            269 	sta	(___fsmul_PARM_1 + 3)
   01A8 C6s00r0E            270 	lda	_sincoshf_z_1_1
   01AB C7s00r00            271 	sta	___fsmul_PARM_2
   01AE C6s00r0F            272 	lda	(_sincoshf_z_1_1 + 1)
   01B1 C7s00r01            273 	sta	(___fsmul_PARM_2 + 1)
   01B4 C6s00r10            274 	lda	(_sincoshf_z_1_1 + 2)
   01B7 C7s00r02            275 	sta	(___fsmul_PARM_2 + 2)
   01BA C6s00r11            276 	lda	(_sincoshf_z_1_1 + 3)
   01BD C7s00r03            277 	sta	(___fsmul_PARM_2 + 3)
   01C0 CDs00r00            278 	jsr	___fsmul
   01C3 C7s00r03            279 	sta	(___fsadd_PARM_2 + 3)
   01C6 CFs00r02            280 	stx	(___fsadd_PARM_2 + 2)
   01C9 B6*00               281 	lda	*__ret2
   01CB C7s00r01            282 	sta	(___fsadd_PARM_2 + 1)
   01CE B6*00               283 	lda	*__ret3
   01D0 C7s00r00            284 	sta	___fsadd_PARM_2
   01D3 C6s00r0E            285 	lda	_sincoshf_z_1_1
   01D6 C7s00r00            286 	sta	___fsadd_PARM_1
   01D9 C6s00r0F            287 	lda	(_sincoshf_z_1_1 + 1)
   01DC C7s00r01            288 	sta	(___fsadd_PARM_1 + 1)
   01DF C6s00r10            289 	lda	(_sincoshf_z_1_1 + 2)
   01E2 C7s00r02            290 	sta	(___fsadd_PARM_1 + 2)
   01E5 C6s00r11            291 	lda	(_sincoshf_z_1_1 + 3)
   01E8 C7s00r03            292 	sta	(___fsadd_PARM_1 + 3)
   01EB CDs00r00            293 	jsr	___fsadd
   01EE C7s00r11            294 	sta	(_sincoshf_z_1_1 + 3)
   01F1 CFs00r10            295 	stx	(_sincoshf_z_1_1 + 2)
   01F4 B6*00               296 	lda	*__ret2
   01F6 C7s00r0F            297 	sta	(_sincoshf_z_1_1 + 1)
   01F9 B6*00               298 	lda	*__ret3
   01FB C7s00r0E            299 	sta	_sincoshf_z_1_1
   01FE CCs02rDD            300 	jmp	00111$
   0201                     301 00110$:
                            302 ;../sincoshf.c:72: z=expf(y);
   0201 C6s00r06            303 	lda	_sincoshf_y_1_1
   0204 C7s00r00            304 	sta	_expf_PARM_1
   0207 C6s00r07            305 	lda	(_sincoshf_y_1_1 + 1)
   020A C7s00r01            306 	sta	(_expf_PARM_1 + 1)
   020D C6s00r08            307 	lda	(_sincoshf_y_1_1 + 2)
   0210 C7s00r02            308 	sta	(_expf_PARM_1 + 2)
   0213 C6s00r09            309 	lda	(_sincoshf_y_1_1 + 3)
   0216 C7s00r03            310 	sta	(_expf_PARM_1 + 3)
   0219 CDs00r00            311 	jsr	_expf
   021C C7s00r11            312 	sta	(_sincoshf_z_1_1 + 3)
   021F CFs00r10            313 	stx	(_sincoshf_z_1_1 + 2)
   0222 B6*00               314 	lda	*__ret2
   0224 C7s00r0F            315 	sta	(_sincoshf_z_1_1 + 1)
   0227 B6*00               316 	lda	*__ret3
   0229 C7s00r0E            317 	sta	_sincoshf_z_1_1
                            318 ;../sincoshf.c:73: w=1.0/z;
   022C A6 3F               319 	lda	#0x3F
   022E C7s00r00            320 	sta	___fsdiv_PARM_1
   0231 A6 80               321 	lda	#0x80
   0233 C7s00r01            322 	sta	(___fsdiv_PARM_1 + 1)
   0236 4F                  323 	clra
   0237 C7s00r02            324 	sta	(___fsdiv_PARM_1 + 2)
   023A C7s00r03            325 	sta	(___fsdiv_PARM_1 + 3)
   023D C6s00r0E            326 	lda	_sincoshf_z_1_1
   0240 C7s00r00            327 	sta	___fsdiv_PARM_2
   0243 C6s00r0F            328 	lda	(_sincoshf_z_1_1 + 1)
   0246 C7s00r01            329 	sta	(___fsdiv_PARM_2 + 1)
   0249 C6s00r10            330 	lda	(_sincoshf_z_1_1 + 2)
   024C C7s00r02            331 	sta	(___fsdiv_PARM_2 + 2)
   024F C6s00r11            332 	lda	(_sincoshf_z_1_1 + 3)
   0252 C7s00r03            333 	sta	(___fsdiv_PARM_2 + 3)
   0255 CDs00r00            334 	jsr	___fsdiv
   0258 C7s00r0D            335 	sta	(_sincoshf_w_1_1 + 3)
   025B CFs00r0C            336 	stx	(_sincoshf_w_1_1 + 2)
   025E B6*00               337 	lda	*__ret2
   0260 C7s00r0B            338 	sta	(_sincoshf_w_1_1 + 1)
   0263 B6*00               339 	lda	*__ret3
   0265 C7s00r0A            340 	sta	_sincoshf_w_1_1
                            341 ;../sincoshf.c:74: if(!iscosh) w=-w;
   0268 C6s00r05            342 	lda	(_sincoshf_PARM_2 + 1)
   026B CAs00r04            343 	ora	_sincoshf_PARM_2
   026E 26 08               344 	bne	00108$
   0270                     345 00135$:
   0270 C6s00r0A            346 	lda	_sincoshf_w_1_1
   0273 A8 80               347 	eor	#0x80
   0275 C7s00r0A            348 	sta	_sincoshf_w_1_1
   0278                     349 00108$:
                            350 ;../sincoshf.c:75: z=(z+w)*0.5;
   0278 C6s00r0E            351 	lda	_sincoshf_z_1_1
   027B C7s00r00            352 	sta	___fsadd_PARM_1
   027E C6s00r0F            353 	lda	(_sincoshf_z_1_1 + 1)
   0281 C7s00r01            354 	sta	(___fsadd_PARM_1 + 1)
   0284 C6s00r10            355 	lda	(_sincoshf_z_1_1 + 2)
   0287 C7s00r02            356 	sta	(___fsadd_PARM_1 + 2)
   028A C6s00r11            357 	lda	(_sincoshf_z_1_1 + 3)
   028D C7s00r03            358 	sta	(___fsadd_PARM_1 + 3)
   0290 C6s00r0A            359 	lda	_sincoshf_w_1_1
   0293 C7s00r00            360 	sta	___fsadd_PARM_2
   0296 C6s00r0B            361 	lda	(_sincoshf_w_1_1 + 1)
   0299 C7s00r01            362 	sta	(___fsadd_PARM_2 + 1)
   029C C6s00r0C            363 	lda	(_sincoshf_w_1_1 + 2)
   029F C7s00r02            364 	sta	(___fsadd_PARM_2 + 2)
   02A2 C6s00r0D            365 	lda	(_sincoshf_w_1_1 + 3)
   02A5 C7s00r03            366 	sta	(___fsadd_PARM_2 + 3)
   02A8 CDs00r00            367 	jsr	___fsadd
   02AB C7s00r03            368 	sta	(___fsmul_PARM_2 + 3)
   02AE CFs00r02            369 	stx	(___fsmul_PARM_2 + 2)
   02B1 B6*00               370 	lda	*__ret2
   02B3 C7s00r01            371 	sta	(___fsmul_PARM_2 + 1)
   02B6 B6*00               372 	lda	*__ret3
   02B8 C7s00r00            373 	sta	___fsmul_PARM_2
   02BB A6 3F               374 	lda	#0x3F
   02BD C7s00r00            375 	sta	___fsmul_PARM_1
   02C0 4F                  376 	clra
   02C1 C7s00r01            377 	sta	(___fsmul_PARM_1 + 1)
   02C4 C7s00r02            378 	sta	(___fsmul_PARM_1 + 2)
   02C7 C7s00r03            379 	sta	(___fsmul_PARM_1 + 3)
   02CA CDs00r00            380 	jsr	___fsmul
   02CD C7s00r11            381 	sta	(_sincoshf_z_1_1 + 3)
   02D0 CFs00r10            382 	stx	(_sincoshf_z_1_1 + 2)
   02D3 B6*00               383 	lda	*__ret2
   02D5 C7s00r0F            384 	sta	(_sincoshf_z_1_1 + 1)
   02D8 B6*00               385 	lda	*__ret3
   02DA C7s00r0E            386 	sta	_sincoshf_z_1_1
   02DD                     387 00111$:
                            388 ;../sincoshf.c:77: if(sign) z=-z;
   02DD C6s00r12            389 	lda	_sincoshf_sign_1_1
   02E0 26 03               390 	bne	00136$
   02E2 CCs04rB9            391 	jmp	00119$
   02E5                     392 00136$:
   02E5 C6s00r0E            393 	lda	_sincoshf_z_1_1
   02E8 A8 80               394 	eor	#0x80
   02EA C7s00r0E            395 	sta	_sincoshf_z_1_1
   02ED CCs04rB9            396 	jmp	00119$
   02F0                     397 00118$:
                            398 ;../sincoshf.c:81: if (y<EPS)
   02F0 C6s00r06            399 	lda	_sincoshf_y_1_1
   02F3 C7s00r00            400 	sta	___fslt_PARM_1
   02F6 C6s00r07            401 	lda	(_sincoshf_y_1_1 + 1)
   02F9 C7s00r01            402 	sta	(___fslt_PARM_1 + 1)
   02FC C6s00r08            403 	lda	(_sincoshf_y_1_1 + 2)
   02FF C7s00r02            404 	sta	(___fslt_PARM_1 + 2)
   0302 C6s00r09            405 	lda	(_sincoshf_y_1_1 + 3)
   0305 C7s00r03            406 	sta	(___fslt_PARM_1 + 3)
   0308 A6 39               407 	lda	#0x39
   030A C7s00r00            408 	sta	___fslt_PARM_2
   030D A6 80               409 	lda	#0x80
   030F C7s00r01            410 	sta	(___fslt_PARM_2 + 1)
   0312 4F                  411 	clra
   0313 C7s00r02            412 	sta	(___fslt_PARM_2 + 2)
   0316 C7s00r03            413 	sta	(___fslt_PARM_2 + 3)
   0319 CDs00r00            414 	jsr	___fslt
   031C B7*00               415 	sta	*_sincoshf_sloc0_1_0
   031E 3D*00               416 	tst	*_sincoshf_sloc0_1_0
   0320 27 1B               417 	beq	00115$
   0322                     418 00137$:
                            419 ;../sincoshf.c:82: z=x;
   0322 C6s00r00            420 	lda	_sincoshf_PARM_1
   0325 C7s00r0E            421 	sta	_sincoshf_z_1_1
   0328 C6s00r01            422 	lda	(_sincoshf_PARM_1 + 1)
   032B C7s00r0F            423 	sta	(_sincoshf_z_1_1 + 1)
   032E C6s00r02            424 	lda	(_sincoshf_PARM_1 + 2)
   0331 C7s00r10            425 	sta	(_sincoshf_z_1_1 + 2)
   0334 C6s00r03            426 	lda	(_sincoshf_PARM_1 + 3)
   0337 C7s00r11            427 	sta	(_sincoshf_z_1_1 + 3)
   033A CCs04rB9            428 	jmp	00119$
   033D                     429 00115$:
                            430 ;../sincoshf.c:85: z=x*x;
   033D C6s00r00            431 	lda	_sincoshf_PARM_1
   0340 C7s00r00            432 	sta	___fsmul_PARM_1
   0343 C6s00r01            433 	lda	(_sincoshf_PARM_1 + 1)
   0346 C7s00r01            434 	sta	(___fsmul_PARM_1 + 1)
   0349 C6s00r02            435 	lda	(_sincoshf_PARM_1 + 2)
   034C C7s00r02            436 	sta	(___fsmul_PARM_1 + 2)
   034F C6s00r03            437 	lda	(_sincoshf_PARM_1 + 3)
   0352 C7s00r03            438 	sta	(___fsmul_PARM_1 + 3)
   0355 C6s00r00            439 	lda	_sincoshf_PARM_1
   0358 C7s00r00            440 	sta	___fsmul_PARM_2
   035B C6s00r01            441 	lda	(_sincoshf_PARM_1 + 1)
   035E C7s00r01            442 	sta	(___fsmul_PARM_2 + 1)
   0361 C6s00r02            443 	lda	(_sincoshf_PARM_1 + 2)
   0364 C7s00r02            444 	sta	(___fsmul_PARM_2 + 2)
   0367 C6s00r03            445 	lda	(_sincoshf_PARM_1 + 3)
   036A C7s00r03            446 	sta	(___fsmul_PARM_2 + 3)
   036D CDs00r00            447 	jsr	___fsmul
   0370 C7s00r11            448 	sta	(_sincoshf_z_1_1 + 3)
   0373 CFs00r10            449 	stx	(_sincoshf_z_1_1 + 2)
   0376 B6*00               450 	lda	*__ret2
   0378 C7s00r0F            451 	sta	(_sincoshf_z_1_1 + 1)
   037B B6*00               452 	lda	*__ret3
   037D C7s00r0E            453 	sta	_sincoshf_z_1_1
                            454 ;../sincoshf.c:86: z=x+x*z*P(z)/Q(z);
   0380 C6s00r00            455 	lda	_sincoshf_PARM_1
   0383 C7s00r00            456 	sta	___fsmul_PARM_1
   0386 C6s00r01            457 	lda	(_sincoshf_PARM_1 + 1)
   0389 C7s00r01            458 	sta	(___fsmul_PARM_1 + 1)
   038C C6s00r02            459 	lda	(_sincoshf_PARM_1 + 2)
   038F C7s00r02            460 	sta	(___fsmul_PARM_1 + 2)
   0392 C6s00r03            461 	lda	(_sincoshf_PARM_1 + 3)
   0395 C7s00r03            462 	sta	(___fsmul_PARM_1 + 3)
   0398 C6s00r0E            463 	lda	_sincoshf_z_1_1
   039B C7s00r00            464 	sta	___fsmul_PARM_2
   039E C6s00r0F            465 	lda	(_sincoshf_z_1_1 + 1)
   03A1 C7s00r01            466 	sta	(___fsmul_PARM_2 + 1)
   03A4 C6s00r10            467 	lda	(_sincoshf_z_1_1 + 2)
   03A7 C7s00r02            468 	sta	(___fsmul_PARM_2 + 2)
   03AA C6s00r11            469 	lda	(_sincoshf_z_1_1 + 3)
   03AD C7s00r03            470 	sta	(___fsmul_PARM_2 + 3)
   03B0 CDs00r00            471 	jsr	___fsmul
   03B3 C7s00r03            472 	sta	(___fsmul_PARM_1 + 3)
   03B6 CFs00r02            473 	stx	(___fsmul_PARM_1 + 2)
   03B9 B6*00               474 	lda	*__ret2
   03BB C7s00r01            475 	sta	(___fsmul_PARM_1 + 1)
   03BE B6*00               476 	lda	*__ret3
   03C0 C7s00r00            477 	sta	___fsmul_PARM_1
   03C3 A6 BE               478 	lda	#0xBE
   03C5 C7s00r00            479 	sta	___fsmul_PARM_1
   03C8 A6 42               480 	lda	#0x42
   03CA C7s00r01            481 	sta	(___fsmul_PARM_1 + 1)
   03CD A6 E6               482 	lda	#0xE6
   03CF C7s00r02            483 	sta	(___fsmul_PARM_1 + 2)
   03D2 A6 EA               484 	lda	#0xEA
   03D4 C7s00r03            485 	sta	(___fsmul_PARM_1 + 3)
   03D7 C6s00r0E            486 	lda	_sincoshf_z_1_1
   03DA C7s00r00            487 	sta	___fsmul_PARM_2
   03DD C6s00r0F            488 	lda	(_sincoshf_z_1_1 + 1)
   03E0 C7s00r01            489 	sta	(___fsmul_PARM_2 + 1)
   03E3 C6s00r10            490 	lda	(_sincoshf_z_1_1 + 2)
   03E6 C7s00r02            491 	sta	(___fsmul_PARM_2 + 2)
   03E9 C6s00r11            492 	lda	(_sincoshf_z_1_1 + 3)
   03EC C7s00r03            493 	sta	(___fsmul_PARM_2 + 3)
   03EF CDs00r00            494 	jsr	___fsmul
   03F2 C7s00r03            495 	sta	(___fsadd_PARM_1 + 3)
   03F5 CFs00r02            496 	stx	(___fsadd_PARM_1 + 2)
   03F8 B6*00               497 	lda	*__ret2
   03FA C7s00r01            498 	sta	(___fsadd_PARM_1 + 1)
   03FD B6*00               499 	lda	*__ret3
   03FF C7s00r00            500 	sta	___fsadd_PARM_1
   0402 A6 C0               501 	lda	#0xC0
   0404 C7s00r00            502 	sta	___fsadd_PARM_2
   0407 A6 E4               503 	lda	#0xE4
   0409 C7s00r01            504 	sta	(___fsadd_PARM_2 + 1)
   040C A6 69               505 	lda	#0x69
   040E C7s00r02            506 	sta	(___fsadd_PARM_2 + 2)
   0411 A6 F0               507 	lda	#0xF0
   0413 C7s00r03            508 	sta	(___fsadd_PARM_2 + 3)
   0416 CDs00r00            509 	jsr	___fsadd
   0419 C7s00r03            510 	sta	(___fsmul_PARM_2 + 3)
   041C CFs00r02            511 	stx	(___fsmul_PARM_2 + 2)
   041F B6*00               512 	lda	*__ret2
   0421 C7s00r01            513 	sta	(___fsmul_PARM_2 + 1)
   0424 B6*00               514 	lda	*__ret3
   0426 C7s00r00            515 	sta	___fsmul_PARM_2
   0429 CDs00r00            516 	jsr	___fsmul
   042C C7s00r03            517 	sta	(___fsdiv_PARM_1 + 3)
   042F CFs00r02            518 	stx	(___fsdiv_PARM_1 + 2)
   0432 B6*00               519 	lda	*__ret2
   0434 C7s00r01            520 	sta	(___fsdiv_PARM_1 + 1)
   0437 B6*00               521 	lda	*__ret3
   0439 C7s00r00            522 	sta	___fsdiv_PARM_1
   043C C6s00r0E            523 	lda	_sincoshf_z_1_1
   043F C7s00r00            524 	sta	___fsadd_PARM_1
   0442 C6s00r0F            525 	lda	(_sincoshf_z_1_1 + 1)
   0445 C7s00r01            526 	sta	(___fsadd_PARM_1 + 1)
   0448 C6s00r10            527 	lda	(_sincoshf_z_1_1 + 2)
   044B C7s00r02            528 	sta	(___fsadd_PARM_1 + 2)
   044E C6s00r11            529 	lda	(_sincoshf_z_1_1 + 3)
   0451 C7s00r03            530 	sta	(___fsadd_PARM_1 + 3)
   0454 A6 C2               531 	lda	#0xC2
   0456 C7s00r00            532 	sta	___fsadd_PARM_2
   0459 A6 2B               533 	lda	#0x2B
   045B C7s00r01            534 	sta	(___fsadd_PARM_2 + 1)
   045E A6 4F               535 	lda	#0x4F
   0460 C7s00r02            536 	sta	(___fsadd_PARM_2 + 2)
   0463 A6 93               537 	lda	#0x93
   0465 C7s00r03            538 	sta	(___fsadd_PARM_2 + 3)
   0468 CDs00r00            539 	jsr	___fsadd
   046B C7s00r03            540 	sta	(___fsdiv_PARM_2 + 3)
   046E CFs00r02            541 	stx	(___fsdiv_PARM_2 + 2)
   0471 B6*00               542 	lda	*__ret2
   0473 C7s00r01            543 	sta	(___fsdiv_PARM_2 + 1)
   0476 B6*00               544 	lda	*__ret3
   0478 C7s00r00            545 	sta	___fsdiv_PARM_2
   047B CDs00r00            546 	jsr	___fsdiv
   047E C7s00r03            547 	sta	(___fsadd_PARM_2 + 3)
   0481 CFs00r02            548 	stx	(___fsadd_PARM_2 + 2)
   0484 B6*00               549 	lda	*__ret2
   0486 C7s00r01            550 	sta	(___fsadd_PARM_2 + 1)
   0489 B6*00               551 	lda	*__ret3
   048B C7s00r00            552 	sta	___fsadd_PARM_2
   048E C6s00r00            553 	lda	_sincoshf_PARM_1
   0491 C7s00r00            554 	sta	___fsadd_PARM_1
   0494 C6s00r01            555 	lda	(_sincoshf_PARM_1 + 1)
   0497 C7s00r01            556 	sta	(___fsadd_PARM_1 + 1)
   049A C6s00r02            557 	lda	(_sincoshf_PARM_1 + 2)
   049D C7s00r02            558 	sta	(___fsadd_PARM_1 + 2)
   04A0 C6s00r03            559 	lda	(_sincoshf_PARM_1 + 3)
   04A3 C7s00r03            560 	sta	(___fsadd_PARM_1 + 3)
   04A6 CDs00r00            561 	jsr	___fsadd
   04A9 C7s00r11            562 	sta	(_sincoshf_z_1_1 + 3)
   04AC CFs00r10            563 	stx	(_sincoshf_z_1_1 + 2)
   04AF B6*00               564 	lda	*__ret2
   04B1 C7s00r0F            565 	sta	(_sincoshf_z_1_1 + 1)
   04B4 B6*00               566 	lda	*__ret3
   04B6 C7s00r0E            567 	sta	_sincoshf_z_1_1
   04B9                     568 00119$:
                            569 ;../sincoshf.c:89: return z;
   04B9 C6s00r0E            570 	lda	_sincoshf_z_1_1
   04BC B7*00               571 	sta	*__ret3
   04BE C6s00r0F            572 	lda	(_sincoshf_z_1_1 + 1)
   04C1 B7*00               573 	sta	*__ret2
   04C3 CEs00r10            574 	ldx	(_sincoshf_z_1_1 + 2)
   04C6 C6s00r11            575 	lda	(_sincoshf_z_1_1 + 3)
   04C9                     576 00121$:
   04C9 81                  577 	rts
                            578 	.area CSEG (CODE)
                            579 	.area CONST   (CODE)
                            580 	.area XINIT
                            581 	.area CABS    (ABS,CODE)
